#
# There is insufficient memory for the Java Runtime Environment to continue.
# Native memory allocation (malloc) failed to allocate 168656 bytes. Error detail: Chunk::new
# Possible reasons:
#   The system is out of physical RAM or swap space
#   This process is running with CompressedOops enabled, and the Java Heap may be blocking the growth of the native heap
# Possible solutions:
#   Reduce memory load on the system
#   Increase physical memory or swap space
#   Check if swap backing store is full
#   Decrease Java heap size (-Xmx/-Xms)
#   Decrease number of Java threads
#   Decrease Java thread stack sizes (-Xss)
#   Set larger code cache with -XX:ReservedCodeCacheSize=
#   JVM is running with Unscaled Compressed Oops mode in which the Java heap is
#     placed in the first 4GB address space. The Java Heap base address is the
#     maximum limit for the native heap growth. Please use -XX:HeapBaseMinAddress
#     to set the Java Heap base and to place the Java Heap above 4GB virtual address.
# This output file may be truncated or incomplete.
#
#  Out of Memory Error (arena.cpp:168), pid=6252, tid=24204
#
# JRE version: OpenJDK Runtime Environment Temurin-21.0.9+10 (21.0.9+10) (build 21.0.9+10-LTS)
# Java VM: OpenJDK 64-Bit Server VM Temurin-21.0.9+10 (21.0.9+10-LTS, mixed mode, sharing, tiered, compressed oops, compressed class ptrs, parallel gc, windows-amd64)
# No core dump will be written. Minidumps are not enabled by default on client versions of Windows
#

---------------  S U M M A R Y ------------

Command Line: --add-modules=ALL-SYSTEM --add-opens=java.base/java.util=ALL-UNNAMED --add-opens=java.base/java.lang=ALL-UNNAMED --add-opens=java.base/sun.nio.fs=ALL-UNNAMED -Declipse.application=org.eclipse.jdt.ls.core.id1 -Dosgi.bundles.defaultStartLevel=4 -Declipse.product=org.eclipse.jdt.ls.core.product -Djava.import.generatesMetadataFilesAtProjectRoot=false -DDetectVMInstallationsJob.disabled=true -Dfile.encoding=utf8 -XX:+UseParallelGC -XX:GCTimeRatio=4 -XX:AdaptiveSizePolicyWeight=90 -Dsun.zip.disableMemoryMapping=true -Xmx2G -Xms100m -Xlog:disable -javaagent:c:\Users\DELL\.trae\extensions\redhat.java-1.49.0-win32-x64\lombok\lombok-1.18.39-4050.jar -XX:+HeapDumpOnOutOfMemoryError -XX:HeapDumpPath=c:\Users\DELL\AppData\Roaming\Trae\User\workspaceStorage\570c4e8613b99fb812056b461999b2ec\redhat.java -Daether.dependencyCollector.impl=bf c:\Users\DELL\.trae\extensions\redhat.java-1.49.0-win32-x64\server\plugins\org.eclipse.equinox.launcher_1.7.100.v20251111-0406.jar -configuration c:\Users\DELL\AppData\Roaming\Trae\User\globalStorage\redhat.java\1.49.0\config_win -data c:\Users\DELL\AppData\Roaming\Trae\User\workspaceStorage\570c4e8613b99fb812056b461999b2ec\redhat.java\jdt_ws --pipe=\\.\pipe\lsp-cb68e6e8a1d8427cc11571a8e03dcab4-sock

Host: 11th Gen Intel(R) Core(TM) i5-11400H @ 2.70GHz, 12 cores, 15G,  Windows 11 , 64 bit Build 26100 (10.0.26100.7019)
Time: Wed Nov 26 19:03:00 2025 Afr. centrale Ouest elapsed time: 37.462627 seconds (0d 0h 0m 37s)

---------------  T H R E A D  ---------------

Current thread (0x000002677f81f150):  JavaThread "C2 CompilerThread1" daemon [_thread_in_native, id=24204, stack(0x000000ef2cd00000,0x000000ef2ce00000) (1024K)]


Current CompileTask:
C2:37462 7967       4       java.util.AbstractMap::hashCode (45 bytes)

Stack: [0x000000ef2cd00000,0x000000ef2ce00000]
Native frames: (J=compiled Java code, j=interpreted, Vv=VM code, C=native code)
V  [jvm.dll+0x6d6e29]
V  [jvm.dll+0x8b4b76]
V  [jvm.dll+0x8b712e]
V  [jvm.dll+0x8b7813]
V  [jvm.dll+0x283d86]
V  [jvm.dll+0xc66ed]
V  [jvm.dll+0xc6c31]
V  [jvm.dll+0x2facee]
V  [jvm.dll+0x5fde44]
V  [jvm.dll+0x255557]
V  [jvm.dll+0x25591d]
V  [jvm.dll+0x24df40]
V  [jvm.dll+0x24b482]
V  [jvm.dll+0x1cb13e]
V  [jvm.dll+0x25b29d]
V  [jvm.dll+0x25982a]
V  [jvm.dll+0x3f7ea6]
V  [jvm.dll+0x85e9ad]
V  [jvm.dll+0x6d565d]
C  [ucrtbase.dll+0x37b0]
C  [KERNEL32.DLL+0x2e8d7]
C  [ntdll.dll+0x8c53c]


---------------  P R O C E S S  ---------------

Threads class SMR info:
_java_thread_list=0x00000267478a6170, length=66, elements={
0x0000026762eb53b0, 0x00000267652fe070, 0x00000267653f0fc0, 0x00000267653f5cc0,
0x00000267653f8da0, 0x00000267653fbcc0, 0x0000026765402460, 0x0000026765408a00,
0x000002676540d4b0, 0x000002677d2bda30, 0x000002677d3be2b0, 0x000002677e98da30,
0x000002677e7b8ef0, 0x000002677e787970, 0x000002677e1209b0, 0x000002677ea45000,
0x000002677ea87710, 0x000002677e9e5620, 0x000002677e17ae80, 0x000002677ea3c6b0,
0x000002677ea3e780, 0x000002677ea3f4a0, 0x000002677ea3da60, 0x000002677ea3d3d0,
0x000002677ea3cd40, 0x000002677ea3ee10, 0x000002677ea3e0f0, 0x0000026747845df0,
0x00000267478450d0, 0x0000026747848be0, 0x0000026747846b10, 0x0000026747845760,
0x0000026747846480, 0x000002674784a620, 0x0000026747849f90, 0x0000026747848550,
0x0000026747849270, 0x0000026747849900, 0x00000267478471a0, 0x0000026747847ec0,
0x000002674784b9d0, 0x000002674784c060, 0x000002674784b340, 0x000002674784c6f0,
0x0000026747912d70, 0x0000026747913400, 0x0000026747912050, 0x0000026747913a90,
0x0000026747914120, 0x00000267479147b0, 0x0000026747915b60, 0x0000026747916f10,
0x00000267479161f0, 0x0000026747847830, 0x0000026747911330, 0x0000026747916880,
0x00000267479175a0, 0x0000026747917c30, 0x0000026748d1dcb0, 0x0000026748d1f6f0,
0x0000026748d1f060, 0x0000026748d1fd80, 0x0000026748d1e9d0, 0x0000026748d1e340,
0x000002677f81f150, 0x000002677f81fef0
}

Java Threads: ( => current thread )
  0x0000026762eb53b0 JavaThread "main"                              [_thread_blocked, id=22048, stack(0x000000ef2d000000,0x000000ef2d100000) (1024K)]
  0x00000267652fe070 JavaThread "Reference Handler"          daemon [_thread_blocked, id=9560, stack(0x000000ef2d400000,0x000000ef2d500000) (1024K)]
  0x00000267653f0fc0 JavaThread "Finalizer"                  daemon [_thread_blocked, id=8404, stack(0x000000ef2d500000,0x000000ef2d600000) (1024K)]
  0x00000267653f5cc0 JavaThread "Signal Dispatcher"          daemon [_thread_blocked, id=18936, stack(0x000000ef2d600000,0x000000ef2d700000) (1024K)]
  0x00000267653f8da0 JavaThread "Attach Listener"            daemon [_thread_blocked, id=8380, stack(0x000000ef2d700000,0x000000ef2d800000) (1024K)]
  0x00000267653fbcc0 JavaThread "Service Thread"             daemon [_thread_blocked, id=13908, stack(0x000000ef2d800000,0x000000ef2d900000) (1024K)]
  0x0000026765402460 JavaThread "Monitor Deflation Thread"   daemon [_thread_blocked, id=10144, stack(0x000000ef2d900000,0x000000ef2da00000) (1024K)]
  0x0000026765408a00 JavaThread "C2 CompilerThread0"         daemon [_thread_blocked, id=12748, stack(0x000000ef2da00000,0x000000ef2db00000) (1024K)]
  0x000002676540d4b0 JavaThread "C1 CompilerThread0"         daemon [_thread_blocked, id=5992, stack(0x000000ef2db00000,0x000000ef2dc00000) (1024K)]
  0x000002677d2bda30 JavaThread "Common-Cleaner"             daemon [_thread_blocked, id=15956, stack(0x000000ef2dc00000,0x000000ef2dd00000) (1024K)]
  0x000002677d3be2b0 JavaThread "Notification Thread"        daemon [_thread_blocked, id=22312, stack(0x000000ef2de00000,0x000000ef2df00000) (1024K)]
  0x000002677e98da30 JavaThread "Active Thread: Equinox Container: f3b6f3ce-22da-4c41-9304-9b6f73242292"        [_thread_blocked, id=23416, stack(0x000000ef2e600000,0x000000ef2e700000) (1024K)]
  0x000002677e7b8ef0 JavaThread "Refresh Thread: Equinox Container: f3b6f3ce-22da-4c41-9304-9b6f73242292" daemon [_thread_blocked, id=22724, stack(0x000000ef2dd00000,0x000000ef2de00000) (1024K)]
  0x000002677e787970 JavaThread "Framework Event Dispatcher: Equinox Container: f3b6f3ce-22da-4c41-9304-9b6f73242292" daemon [_thread_blocked, id=22664, stack(0x000000ef2e700000,0x000000ef2e800000) (1024K)]
  0x000002677e1209b0 JavaThread "Start Level: Equinox Container: f3b6f3ce-22da-4c41-9304-9b6f73242292" daemon [_thread_blocked, id=22660, stack(0x000000ef2e800000,0x000000ef2e900000) (1024K)]
  0x000002677ea45000 JavaThread "Bundle File Closer"         daemon [_thread_blocked, id=23180, stack(0x000000ef2ec00000,0x000000ef2ed00000) (1024K)]
  0x000002677ea87710 JavaThread "SCR Component Actor"        daemon [_thread_blocked, id=23424, stack(0x000000ef2e900000,0x000000ef2ea00000) (1024K)]
  0x000002677e9e5620 JavaThread "Worker-JM"                         [_thread_blocked, id=18244, stack(0x000000ef2ef00000,0x000000ef2f000000) (1024K)]
  0x000002677e17ae80 JavaThread "JNA Cleaner"                daemon [_thread_blocked, id=18924, stack(0x000000ef2f000000,0x000000ef2f100000) (1024K)]
  0x000002677ea3c6b0 JavaThread "Worker-0"                          [_thread_blocked, id=23544, stack(0x000000ef2f100000,0x000000ef2f200000) (1024K)]
  0x000002677ea3e780 JavaThread "Worker-1"                          [_thread_blocked, id=14848, stack(0x000000ef2f200000,0x000000ef2f300000) (1024K)]
  0x000002677ea3f4a0 JavaThread "Java indexing"              daemon [_thread_blocked, id=23500, stack(0x000000ef2f300000,0x000000ef2f400000) (1024K)]
  0x000002677ea3da60 JavaThread "Worker-2"                          [_thread_blocked, id=1440, stack(0x000000ef2f700000,0x000000ef2f800000) (1024K)]
  0x000002677ea3d3d0 JavaThread "Worker-3: Synchronize Gradle projects with workspace"        [_thread_blocked, id=7020, stack(0x000000ef2f800000,0x000000ef2f900000) (1024K)]
  0x000002677ea3cd40 JavaThread "Thread-1"                   daemon [_thread_in_native, id=11564, stack(0x000000ef2f900000,0x000000ef2fa00000) (1024K)]
  0x000002677ea3ee10 JavaThread "Thread-2"                   daemon [_thread_in_native, id=17776, stack(0x000000ef2fa00000,0x000000ef2fb00000) (1024K)]
  0x000002677ea3e0f0 JavaThread "Thread-3"                   daemon [_thread_in_native, id=3584, stack(0x000000ef2fb00000,0x000000ef2fc00000) (1024K)]
  0x0000026747845df0 JavaThread "Thread-4"                   daemon [_thread_in_native, id=5196, stack(0x000000ef2fc00000,0x000000ef2fd00000) (1024K)]
  0x00000267478450d0 JavaThread "Thread-5"                   daemon [_thread_in_native, id=19932, stack(0x000000ef2fd00000,0x000000ef2fe00000) (1024K)]
  0x0000026747848be0 JavaThread "Thread-6"                   daemon [_thread_in_native, id=10676, stack(0x000000ef2fe00000,0x000000ef2ff00000) (1024K)]
  0x0000026747846b10 JavaThread "Thread-7"                   daemon [_thread_in_native, id=22556, stack(0x000000ef2ff00000,0x000000ef30000000) (1024K)]
  0x0000026747845760 JavaThread "Thread-8"                   daemon [_thread_in_native, id=22548, stack(0x000000ef30000000,0x000000ef30100000) (1024K)]
  0x0000026747846480 JavaThread "Thread-9"                   daemon [_thread_in_native, id=16068, stack(0x000000ef30100000,0x000000ef30200000) (1024K)]
  0x000002674784a620 JavaThread "Thread-10"                  daemon [_thread_in_native, id=9844, stack(0x000000ef30200000,0x000000ef30300000) (1024K)]
  0x0000026747849f90 JavaThread "Thread-11"                  daemon [_thread_in_native, id=22544, stack(0x000000ef30300000,0x000000ef30400000) (1024K)]
  0x0000026747848550 JavaThread "Thread-12"                  daemon [_thread_in_native, id=22540, stack(0x000000ef30400000,0x000000ef30500000) (1024K)]
  0x0000026747849270 JavaThread "Thread-13"                  daemon [_thread_in_native, id=12000, stack(0x000000ef30500000,0x000000ef30600000) (1024K)]
  0x0000026747849900 JavaThread "pool-2-thread-1"                   [_thread_blocked, id=19876, stack(0x000000ef30600000,0x000000ef30700000) (1024K)]
  0x00000267478471a0 JavaThread "Timer-0"                           [_thread_blocked, id=9200, stack(0x000000ef30700000,0x000000ef30800000) (1024K)]
  0x0000026747847ec0 JavaThread "Timer-1"                           [_thread_blocked, id=3648, stack(0x000000ef30800000,0x000000ef30900000) (1024K)]
  0x000002674784b9d0 JavaThread "WorkspaceEventsHandler"            [_thread_blocked, id=868, stack(0x000000ef30a00000,0x000000ef30b00000) (1024K)]
  0x000002674784c060 JavaThread "pool-1-thread-1"                   [_thread_blocked, id=18920, stack(0x000000ef30b00000,0x000000ef30c00000) (1024K)]
  0x000002674784b340 JavaThread "Worker-4"                          [_thread_blocked, id=22324, stack(0x000000ef30c00000,0x000000ef30d00000) (1024K)]
  0x000002674784c6f0 JavaThread "Worker-5"                          [_thread_blocked, id=9712, stack(0x000000ef30d00000,0x000000ef30e00000) (1024K)]
  0x0000026747912d70 JavaThread "Timer-2"                           [_thread_blocked, id=6080, stack(0x000000ef30900000,0x000000ef30a00000) (1024K)]
  0x0000026747913400 JavaThread "Timer-3"                           [_thread_blocked, id=23492, stack(0x000000ef30e00000,0x000000ef30f00000) (1024K)]
  0x0000026747912050 JavaThread "Timer-4"                           [_thread_blocked, id=12412, stack(0x000000ef30f00000,0x000000ef31000000) (1024K)]
  0x0000026747913a90 JavaThread "Timer-5"                           [_thread_blocked, id=22656, stack(0x000000ef31000000,0x000000ef31100000) (1024K)]
  0x0000026747914120 JavaThread "Timer-6"                           [_thread_blocked, id=15208, stack(0x000000ef31100000,0x000000ef31200000) (1024K)]
  0x00000267479147b0 JavaThread "Timer-7"                           [_thread_blocked, id=22768, stack(0x000000ef31200000,0x000000ef31300000) (1024K)]
  0x0000026747915b60 JavaThread "Exec process"                      [_thread_blocked, id=10744, stack(0x000000ef31600000,0x000000ef31700000) (1024K)]
  0x0000026747916f10 JavaThread "Exec process Thread 2"             [_thread_blocked, id=21568, stack(0x000000ef31700000,0x000000ef31800000) (1024K)]
  0x00000267479161f0 JavaThread "Exec process Thread 3"             [_thread_blocked, id=19748, stack(0x000000ef31800000,0x000000ef31900000) (1024K)]
  0x0000026747847830 JavaThread "Timer-8"                           [_thread_blocked, id=23636, stack(0x000000ef2ed00000,0x000000ef2ee00000) (1024K)]
  0x0000026747911330 JavaThread "Timer-9"                           [_thread_blocked, id=23648, stack(0x000000ef2ee00000,0x000000ef2ef00000) (1024K)]
  0x0000026747916880 JavaThread "ForkJoinPool.commonPool-worker-1" daemon [_thread_blocked, id=23972, stack(0x000000ef31900000,0x000000ef31a00000) (1024K)]
  0x00000267479175a0 JavaThread "ForkJoinPool.commonPool-worker-2" daemon [_thread_blocked, id=23976, stack(0x000000ef31a00000,0x000000ef31b00000) (1024K)]
  0x0000026747917c30 JavaThread "ForkJoinPool.commonPool-worker-3" daemon [_thread_blocked, id=23988, stack(0x000000ef31b00000,0x000000ef31c00000) (1024K)]
  0x0000026748d1dcb0 JavaThread "ForkJoinPool.commonPool-worker-4" daemon [_thread_blocked, id=23996, stack(0x000000ef31c00000,0x000000ef31d00000) (1024K)]
  0x0000026748d1f6f0 JavaThread "ForkJoinPool.commonPool-worker-5" daemon [_thread_blocked, id=24000, stack(0x000000ef31d00000,0x000000ef31e00000) (1024K)]
  0x0000026748d1f060 JavaThread "Timer-10"                          [_thread_blocked, id=24128, stack(0x000000ef31e00000,0x000000ef31f00000) (1024K)]
  0x0000026748d1fd80 JavaThread "Timer-11"                          [_thread_blocked, id=24136, stack(0x000000ef31f00000,0x000000ef32000000) (1024K)]
  0x0000026748d1e9d0 JavaThread "Connection worker"                 [_thread_in_native, id=24140, stack(0x000000ef32000000,0x000000ef32100000) (1024K)]
  0x0000026748d1e340 JavaThread "pool-5-thread-1"                   [_thread_blocked, id=24144, stack(0x000000ef32100000,0x000000ef32200000) (1024K)]
=>0x000002677f81f150 JavaThread "C2 CompilerThread1"         daemon [_thread_in_native, id=24204, stack(0x000000ef2cd00000,0x000000ef2ce00000) (1024K)]
  0x000002677f81fef0 JavaThread "C2 CompilerThread2"         daemon [_thread_in_native, id=24208, stack(0x000000ef31300000,0x000000ef31400000) (1024K)]
Total: 66

Other Threads:
  0x0000026762f8ec30 VMThread "VM Thread"                           [id=19924, stack(0x000000ef2d300000,0x000000ef2d400000) (1024K)]
  0x00000267651dc950 WatcherThread "VM Periodic Task Thread"        [id=2152, stack(0x000000ef2d200000,0x000000ef2d300000) (1024K)]
  0x0000026765373cc0 WorkerThread "GC Thread#0"                     [id=12928, stack(0x000000ef2d100000,0x000000ef2d200000) (1024K)]
  0x000002677e26eca0 WorkerThread "GC Thread#1"                     [id=22832, stack(0x000000ef2e000000,0x000000ef2e100000) (1024K)]
  0x000002677e3d0a70 WorkerThread "GC Thread#2"                     [id=22848, stack(0x000000ef2e100000,0x000000ef2e200000) (1024K)]
  0x000002677e273880 WorkerThread "GC Thread#3"                     [id=22856, stack(0x000000ef2e200000,0x000000ef2e300000) (1024K)]
  0x000002677e273c20 WorkerThread "GC Thread#4"                     [id=22860, stack(0x000000ef2e300000,0x000000ef2e400000) (1024K)]
  0x000002677e273fc0 WorkerThread "GC Thread#5"                     [id=22868, stack(0x000000ef2e400000,0x000000ef2e500000) (1024K)]
  0x000002677e5fb390 WorkerThread "GC Thread#6"                     [id=22876, stack(0x000000ef2e500000,0x000000ef2e600000) (1024K)]
  0x000002677e7ba420 WorkerThread "GC Thread#7"                     [id=22576, stack(0x000000ef2df00000,0x000000ef2e000000) (1024K)]
  0x000002677d1cb690 WorkerThread "GC Thread#8"                     [id=23140, stack(0x000000ef2ea00000,0x000000ef2eb00000) (1024K)]
  0x000002677d1cb2f0 WorkerThread "GC Thread#9"                     [id=23124, stack(0x000000ef2eb00000,0x000000ef2ec00000) (1024K)]
Total: 12

Threads with active compile tasks:
C2 CompilerThread1  38503 7967       4       java.util.AbstractMap::hashCode (45 bytes)
C2 CompilerThread2  38503 7964       4       org.eclipse.osgi.container.ModuleDatabase$Persistence::writeString (99 bytes)
Total: 2

VM state: not at safepoint (normal execution)

VM Mutex/Monitor currently owned by a thread: None

Heap address: 0x0000000080000000, size: 2048 MB, Compressed Oops mode: 32-bit

CDS archive(s) mapped at: [0x0000026700000000-0x0000026700ba0000-0x0000026700ba0000), size 12189696, SharedBaseAddress: 0x0000026700000000, ArchiveRelocationMode: 1.
Compressed class space mapped at: 0x0000026701000000-0x0000026741000000, reserved size: 1073741824
Narrow klass base: 0x0000026700000000, Narrow klass shift: 0, Narrow klass range: 0x100000000

GC Precious Log:
 CardTable entry size: 512
 CPUs: 12 total, 12 available
 Memory: 16114M
 Large Page Support: Disabled
 NUMA Support: Disabled
 Compressed Oops: Enabled (32-bit)
 Alignments: Space 512K, Generation 512K, Heap 2M
 Heap Min Capacity: 100M
 Heap Initial Capacity: 100M
 Heap Max Capacity: 2G
 Pre-touch: Disabled
 Parallel Workers: 10

Heap:
 PSYoungGen      total 14336K, used 4545K [0x00000000d5580000, 0x00000000d6500000, 0x0000000100000000)
  eden space 13824K, 29% used [0x00000000d5580000,0x00000000d5978478,0x00000000d6300000)
  from space 512K, 93% used [0x00000000d6400000,0x00000000d6478010,0x00000000d6480000)
  to   space 512K, 0% used [0x00000000d6480000,0x00000000d6480000,0x00000000d6500000)
 ParOldGen       total 68608K, used 44320K [0x0000000080000000, 0x0000000084300000, 0x00000000d5580000)
  object space 68608K, 64% used [0x0000000080000000,0x0000000082b48260,0x0000000084300000)
 Metaspace       used 64761K, committed 66240K, reserved 1114112K
  class space    used 8197K, committed 8896K, reserved 1048576K

Card table byte_map: [0x0000026764cf0000,0x0000026765100000] _byte_map_base: 0x00000267648f0000

Marking Bits: (ParMarkBitMap*) 0x00007ffdaefe2460
 Begin Bits: [0x0000026777800000, 0x0000026779800000)
 End Bits:   [0x0000026779800000, 0x000002677b800000)

Polling page: 0x00000267632e0000

Metaspace:

Usage:
  Non-class:     55.24 MB used.
      Class:      8.01 MB used.
       Both:     63.24 MB used.

Virtual space:
  Non-class space:       64.00 MB reserved,      56.00 MB ( 88%) committed,  1 nodes.
      Class space:        1.00 GB reserved,       8.69 MB ( <1%) committed,  1 nodes.
             Both:        1.06 GB reserved,      64.69 MB (  6%) committed. 

Chunk freelists:
   Non-Class:  7.89 MB
       Class:  7.18 MB
        Both:  15.07 MB

MaxMetaspaceSize: unlimited
CompressedClassSpaceSize: 1.00 GB
Initial GC threshold: 21.00 MB
Current GC threshold: 98.12 MB
CDS: on
 - commit_granule_bytes: 65536.
 - commit_granule_words: 8192.
 - virtual_space_node_default_size: 8388608.
 - enlarge_chunks_in_place: 1.
 - use_allocation_guard: 0.


Internal statistics:

num_allocs_failed_limit: 13.
num_arena_births: 1222.
num_arena_deaths: 14.
num_vsnodes_births: 2.
num_vsnodes_deaths: 0.
num_space_committed: 1035.
num_space_uncommitted: 0.
num_chunks_returned_to_freelist: 27.
num_chunks_taken_from_freelist: 4222.
num_chunk_merges: 18.
num_chunk_splits: 2613.
num_chunks_enlarged: 1464.
num_inconsistent_stats: 0.

CodeHeap 'non-profiled nmethods': size=120000Kb used=5183Kb max_used=5183Kb free=114816Kb
 bounds [0x0000026770020000, 0x0000026770530000, 0x0000026777550000]
CodeHeap 'profiled nmethods': size=120000Kb used=13994Kb max_used=13994Kb free=106005Kb
 bounds [0x0000026768550000, 0x0000026769300000, 0x000002676fa80000]
CodeHeap 'non-nmethods': size=5760Kb used=1407Kb max_used=1472Kb free=4352Kb
 bounds [0x000002676fa80000, 0x000002676fcf0000, 0x0000026770020000]
CodeCache: size=245760Kb, used=20584Kb, max_used=20649Kb, free=225173Kb
 total_blobs=7948, nmethods=7251, adapters=603, full_count=0
Compilation: enabled, stopped_count=0, restarted_count=0

Compilation events (20 events):
Event: 31.446 Thread 0x000002676540d4b0 nmethod 7970 0x00000267692e8790 code [0x00000267692e8960, 0x00000267692e8dd0]
Event: 31.446 Thread 0x000002676540d4b0 7971       1       org.eclipse.osgi.container.Module::getLastModified (5 bytes)
Event: 31.446 Thread 0x000002676540d4b0 nmethod 7971 0x0000026770526090 code [0x0000026770526220, 0x00000267705262f0]
Event: 31.446 Thread 0x000002676540d4b0 7972       3       jdk.internal.misc.Unsafe::putLongUnaligned (14 bytes)
Event: 31.446 Thread 0x000002676540d4b0 nmethod 7972 0x00000267692e8e90 code [0x00000267692e9040, 0x00000267692e9248]
Event: 31.446 Thread 0x000002676540d4b0 7973       3       java.util.RegularEnumSet$EnumSetIterator::hasNext (15 bytes)
Event: 31.446 Thread 0x000002676540d4b0 nmethod 7973 0x00000267692e9390 code [0x00000267692e9520, 0x00000267692e9688]
Event: 31.447 Thread 0x000002676540d4b0 7975       3       org.eclipse.osgi.container.ModuleRevision::getModuleRequirements (9 bytes)
Event: 31.447 Thread 0x000002676540d4b0 nmethod 7975 0x00000267692e9710 code [0x00000267692e98e0, 0x00000267692e9cd8]
Event: 31.447 Thread 0x000002676540d4b0 7977       3       org.eclipse.osgi.container.ModuleDatabase$Persistence::writeModule (343 bytes)
Event: 33.456 Thread 0x000002676540d4b0 nmethod 7977 0x00000267692e9e10 code [0x00000267692ea740, 0x00000267692efd98]
Event: 33.456 Thread 0x000002676540d4b0 7983       3       java.util.HashSet::add (20 bytes)
Event: 33.456 Thread 0x000002676540d4b0 nmethod 7983 0x00000267692f1a90 code [0x00000267692f1c40, 0x00000267692f1e78]
Event: 33.456 Thread 0x000002676540d4b0 7986       3       java.util.LinkedHashMap::values (5 bytes)
Event: 33.456 Thread 0x000002676540d4b0 nmethod 7986 0x00000267692f1f10 code [0x00000267692f20c0, 0x00000267692f2280]
Event: 33.457 Thread 0x000002676540d4b0 7982       3       org.eclipse.osgi.container.ModuleWiring::getPersistentWires (99 bytes)
Event: 33.458 Thread 0x000002677f81fef0 nmethod 7961 0x0000026770526390 code [0x0000026770526560, 0x00000267705268a8]
Event: 33.458 Thread 0x000002677f81fef0 7976       4       java.util.HashMap::putVal (300 bytes)
Event: 33.458 Thread 0x000002676540d4b0 nmethod 7982 0x00000267692f2310 code [0x00000267692f2580, 0x00000267692f31d0]
Event: 33.459 Thread 0x000002676540d4b0 7978       3       org.eclipse.osgi.container.ModuleDatabase$Persistence::writeWire (147 bytes)

GC Heap History (20 events):
Event: 18.330 GC heap before
{Heap before GC invocations=53 (full 3):
 PSYoungGen      total 14336K, used 14309K [0x00000000d5580000, 0x00000000d6700000, 0x0000000100000000)
  eden space 13824K, 100% used [0x00000000d5580000,0x00000000d6300000,0x00000000d6300000)
  from space 512K, 94% used [0x00000000d6580000,0x00000000d65f97a0,0x00000000d6600000)
  to   space 1024K, 0% used [0x00000000d6600000,0x00000000d6600000,0x00000000d6700000)
 ParOldGen       total 68608K, used 41679K [0x0000000080000000, 0x0000000084300000, 0x00000000d5580000)
  object space 68608K, 60% used [0x0000000080000000,0x00000000828b3e90,0x0000000084300000)
 Metaspace       used 59123K, committed 60416K, reserved 1114112K
  class space    used 7428K, committed 8000K, reserved 1048576K
}
Event: 18.330 GC heap after
{Heap after GC invocations=53 (full 3):
 PSYoungGen      total 14336K, used 384K [0x00000000d5580000, 0x00000000d6680000, 0x0000000100000000)
  eden space 13824K, 0% used [0x00000000d5580000,0x00000000d5580000,0x00000000d6300000)
  from space 512K, 75% used [0x00000000d6600000,0x00000000d6660000,0x00000000d6680000)
  to   space 1024K, 0% used [0x00000000d6480000,0x00000000d6480000,0x00000000d6580000)
 ParOldGen       total 68608K, used 41751K [0x0000000080000000, 0x0000000084300000, 0x00000000d5580000)
  object space 68608K, 60% used [0x0000000080000000,0x00000000828c5e90,0x0000000084300000)
 Metaspace       used 59123K, committed 60416K, reserved 1114112K
  class space    used 7428K, committed 8000K, reserved 1048576K
}
Event: 18.358 GC heap before
{Heap before GC invocations=54 (full 3):
 PSYoungGen      total 14336K, used 14208K [0x00000000d5580000, 0x00000000d6680000, 0x0000000100000000)
  eden space 13824K, 100% used [0x00000000d5580000,0x00000000d6300000,0x00000000d6300000)
  from space 512K, 75% used [0x00000000d6600000,0x00000000d6660000,0x00000000d6680000)
  to   space 1024K, 0% used [0x00000000d6480000,0x00000000d6480000,0x00000000d6580000)
 ParOldGen       total 68608K, used 41751K [0x0000000080000000, 0x0000000084300000, 0x00000000d5580000)
  object space 68608K, 60% used [0x0000000080000000,0x00000000828c5e90,0x0000000084300000)
 Metaspace       used 59123K, committed 60416K, reserved 1114112K
  class space    used 7428K, committed 8000K, reserved 1048576K
}
Event: 18.358 GC heap after
{Heap after GC invocations=54 (full 3):
 PSYoungGen      total 14848K, used 1012K [0x00000000d5580000, 0x00000000d6680000, 0x0000000100000000)
  eden space 13824K, 0% used [0x00000000d5580000,0x00000000d5580000,0x00000000d6300000)
  from space 1024K, 98% used [0x00000000d6480000,0x00000000d657d158,0x00000000d6580000)
  to   space 1024K, 0% used [0x00000000d6580000,0x00000000d6580000,0x00000000d6680000)
 ParOldGen       total 68608K, used 42003K [0x0000000080000000, 0x0000000084300000, 0x00000000d5580000)
  object space 68608K, 61% used [0x0000000080000000,0x0000000082904f28,0x0000000084300000)
 Metaspace       used 59123K, committed 60416K, reserved 1114112K
  class space    used 7428K, committed 8000K, reserved 1048576K
}
Event: 18.390 GC heap before
{Heap before GC invocations=55 (full 3):
 PSYoungGen      total 14848K, used 14836K [0x00000000d5580000, 0x00000000d6680000, 0x0000000100000000)
  eden space 13824K, 100% used [0x00000000d5580000,0x00000000d6300000,0x00000000d6300000)
  from space 1024K, 98% used [0x00000000d6480000,0x00000000d657d158,0x00000000d6580000)
  to   space 1024K, 0% used [0x00000000d6580000,0x00000000d6580000,0x00000000d6680000)
 ParOldGen       total 68608K, used 42003K [0x0000000080000000, 0x0000000084300000, 0x00000000d5580000)
  object space 68608K, 61% used [0x0000000080000000,0x0000000082904f28,0x0000000084300000)
 Metaspace       used 59123K, committed 60416K, reserved 1114112K
  class space    used 7428K, committed 8000K, reserved 1048576K
}
Event: 18.391 GC heap after
{Heap after GC invocations=55 (full 3):
 PSYoungGen      total 14848K, used 913K [0x00000000d5580000, 0x00000000d6680000, 0x0000000100000000)
  eden space 13824K, 0% used [0x00000000d5580000,0x00000000d5580000,0x00000000d6300000)
  from space 1024K, 89% used [0x00000000d6580000,0x00000000d66645d8,0x00000000d6680000)
  to   space 1024K, 0% used [0x00000000d6480000,0x00000000d6480000,0x00000000d6580000)
 ParOldGen       total 68608K, used 42083K [0x0000000080000000, 0x0000000084300000, 0x00000000d5580000)
  object space 68608K, 61% used [0x0000000080000000,0x0000000082918f38,0x0000000084300000)
 Metaspace       used 59123K, committed 60416K, reserved 1114112K
  class space    used 7428K, committed 8000K, reserved 1048576K
}
Event: 18.419 GC heap before
{Heap before GC invocations=56 (full 3):
 PSYoungGen      total 14848K, used 14737K [0x00000000d5580000, 0x00000000d6680000, 0x0000000100000000)
  eden space 13824K, 100% used [0x00000000d5580000,0x00000000d6300000,0x00000000d6300000)
  from space 1024K, 89% used [0x00000000d6580000,0x00000000d66645d8,0x00000000d6680000)
  to   space 1024K, 0% used [0x00000000d6480000,0x00000000d6480000,0x00000000d6580000)
 ParOldGen       total 68608K, used 42083K [0x0000000080000000, 0x0000000084300000, 0x00000000d5580000)
  object space 68608K, 61% used [0x0000000080000000,0x0000000082918f38,0x0000000084300000)
 Metaspace       used 59126K, committed 60416K, reserved 1114112K
  class space    used 7428K, committed 8000K, reserved 1048576K
}
Event: 18.420 GC heap after
{Heap after GC invocations=56 (full 3):
 PSYoungGen      total 14848K, used 256K [0x00000000d5580000, 0x00000000d6600000, 0x0000000100000000)
  eden space 13824K, 0% used [0x00000000d5580000,0x00000000d5580000,0x00000000d6300000)
  from space 1024K, 25% used [0x00000000d6480000,0x00000000d64c0000,0x00000000d6580000)
  to   space 512K, 0% used [0x00000000d6580000,0x00000000d6580000,0x00000000d6600000)
 ParOldGen       total 68608K, used 42245K [0x0000000080000000, 0x0000000084300000, 0x00000000d5580000)
  object space 68608K, 61% used [0x0000000080000000,0x0000000082941460,0x0000000084300000)
 Metaspace       used 59126K, committed 60416K, reserved 1114112K
  class space    used 7428K, committed 8000K, reserved 1048576K
}
Event: 18.560 GC heap before
{Heap before GC invocations=57 (full 3):
 PSYoungGen      total 14848K, used 14080K [0x00000000d5580000, 0x00000000d6600000, 0x0000000100000000)
  eden space 13824K, 100% used [0x00000000d5580000,0x00000000d6300000,0x00000000d6300000)
  from space 1024K, 25% used [0x00000000d6480000,0x00000000d64c0000,0x00000000d6580000)
  to   space 512K, 0% used [0x00000000d6580000,0x00000000d6580000,0x00000000d6600000)
 ParOldGen       total 68608K, used 42245K [0x0000000080000000, 0x0000000084300000, 0x00000000d5580000)
  object space 68608K, 61% used [0x0000000080000000,0x0000000082941460,0x0000000084300000)
 Metaspace       used 60645K, committed 61952K, reserved 1114112K
  class space    used 7657K, committed 8256K, reserved 1048576K
}
Event: 18.561 GC heap after
{Heap after GC invocations=57 (full 3):
 PSYoungGen      total 14336K, used 512K [0x00000000d5580000, 0x00000000d6600000, 0x0000000100000000)
  eden space 13824K, 0% used [0x00000000d5580000,0x00000000d5580000,0x00000000d6300000)
  from space 512K, 100% used [0x00000000d6580000,0x00000000d6600000,0x00000000d6600000)
  to   space 1024K, 0% used [0x00000000d6400000,0x00000000d6400000,0x00000000d6500000)
 ParOldGen       total 68608K, used 42341K [0x0000000080000000, 0x0000000084300000, 0x00000000d5580000)
  object space 68608K, 61% used [0x0000000080000000,0x0000000082959470,0x0000000084300000)
 Metaspace       used 60645K, committed 61952K, reserved 1114112K
  class space    used 7657K, committed 8256K, reserved 1048576K
}
Event: 18.804 GC heap before
{Heap before GC invocations=58 (full 3):
 PSYoungGen      total 14336K, used 14336K [0x00000000d5580000, 0x00000000d6600000, 0x0000000100000000)
  eden space 13824K, 100% used [0x00000000d5580000,0x00000000d6300000,0x00000000d6300000)
  from space 512K, 100% used [0x00000000d6580000,0x00000000d6600000,0x00000000d6600000)
  to   space 1024K, 0% used [0x00000000d6400000,0x00000000d6400000,0x00000000d6500000)
 ParOldGen       total 68608K, used 42341K [0x0000000080000000, 0x0000000084300000, 0x00000000d5580000)
  object space 68608K, 61% used [0x0000000080000000,0x0000000082959470,0x0000000084300000)
 Metaspace       used 62293K, committed 63680K, reserved 1114112K
  class space    used 7882K, committed 8512K, reserved 1048576K
}
Event: 18.805 GC heap after
{Heap after GC invocations=58 (full 3):
 PSYoungGen      total 14848K, used 704K [0x00000000d5580000, 0x00000000d6600000, 0x0000000100000000)
  eden space 13824K, 0% used [0x00000000d5580000,0x00000000d5580000,0x00000000d6300000)
  from space 1024K, 68% used [0x00000000d6400000,0x00000000d64b0000,0x00000000d6500000)
  to   space 1024K, 0% used [0x00000000d6500000,0x00000000d6500000,0x00000000d6600000)
 ParOldGen       total 68608K, used 42836K [0x0000000080000000, 0x0000000084300000, 0x00000000d5580000)
  object space 68608K, 62% used [0x0000000080000000,0x00000000829d5180,0x0000000084300000)
 Metaspace       used 62293K, committed 63680K, reserved 1114112K
  class space    used 7882K, committed 8512K, reserved 1048576K
}
Event: 20.169 GC heap before
{Heap before GC invocations=59 (full 3):
 PSYoungGen      total 14848K, used 14528K [0x00000000d5580000, 0x00000000d6600000, 0x0000000100000000)
  eden space 13824K, 100% used [0x00000000d5580000,0x00000000d6300000,0x00000000d6300000)
  from space 1024K, 68% used [0x00000000d6400000,0x00000000d64b0000,0x00000000d6500000)
  to   space 1024K, 0% used [0x00000000d6500000,0x00000000d6500000,0x00000000d6600000)
 ParOldGen       total 68608K, used 42836K [0x0000000080000000, 0x0000000084300000, 0x00000000d5580000)
  object space 68608K, 62% used [0x0000000080000000,0x00000000829d5180,0x0000000084300000)
 Metaspace       used 62666K, committed 64064K, reserved 1114112K
  class space    used 7932K, committed 8576K, reserved 1048576K
}
Event: 20.170 GC heap after
{Heap after GC invocations=59 (full 3):
 PSYoungGen      total 14336K, used 448K [0x00000000d5580000, 0x00000000d6580000, 0x0000000100000000)
  eden space 13824K, 0% used [0x00000000d5580000,0x00000000d5580000,0x00000000d6300000)
  from space 512K, 87% used [0x00000000d6500000,0x00000000d6570000,0x00000000d6580000)
  to   space 1024K, 0% used [0x00000000d6380000,0x00000000d6380000,0x00000000d6480000)
 ParOldGen       total 68608K, used 43389K [0x0000000080000000, 0x0000000084300000, 0x00000000d5580000)
  object space 68608K, 63% used [0x0000000080000000,0x0000000082a5f758,0x0000000084300000)
 Metaspace       used 62666K, committed 64064K, reserved 1114112K
  class space    used 7932K, committed 8576K, reserved 1048576K
}
Event: 21.370 GC heap before
{Heap before GC invocations=60 (full 3):
 PSYoungGen      total 14336K, used 14272K [0x00000000d5580000, 0x00000000d6580000, 0x0000000100000000)
  eden space 13824K, 100% used [0x00000000d5580000,0x00000000d6300000,0x00000000d6300000)
  from space 512K, 87% used [0x00000000d6500000,0x00000000d6570000,0x00000000d6580000)
  to   space 1024K, 0% used [0x00000000d6380000,0x00000000d6380000,0x00000000d6480000)
 ParOldGen       total 68608K, used 43389K [0x0000000080000000, 0x0000000084300000, 0x00000000d5580000)
  object space 68608K, 63% used [0x0000000080000000,0x0000000082a5f758,0x0000000084300000)
 Metaspace       used 63494K, committed 64896K, reserved 1114112K
  class space    used 8023K, committed 8640K, reserved 1048576K
}
Event: 21.371 GC heap after
{Heap after GC invocations=60 (full 3):
 PSYoungGen      total 14848K, used 696K [0x00000000d5580000, 0x00000000d6580000, 0x0000000100000000)
  eden space 13824K, 0% used [0x00000000d5580000,0x00000000d5580000,0x00000000d6300000)
  from space 1024K, 68% used [0x00000000d6380000,0x00000000d642e1a8,0x00000000d6480000)
  to   space 1024K, 0% used [0x00000000d6480000,0x00000000d6480000,0x00000000d6580000)
 ParOldGen       total 68608K, used 43591K [0x0000000080000000, 0x0000000084300000, 0x00000000d5580000)
  object space 68608K, 63% used [0x0000000080000000,0x0000000082a91c08,0x0000000084300000)
 Metaspace       used 63494K, committed 64896K, reserved 1114112K
  class space    used 8023K, committed 8640K, reserved 1048576K
}
Event: 21.594 GC heap before
{Heap before GC invocations=61 (full 3):
 PSYoungGen      total 14848K, used 14520K [0x00000000d5580000, 0x00000000d6580000, 0x0000000100000000)
  eden space 13824K, 100% used [0x00000000d5580000,0x00000000d6300000,0x00000000d6300000)
  from space 1024K, 68% used [0x00000000d6380000,0x00000000d642e1a8,0x00000000d6480000)
  to   space 1024K, 0% used [0x00000000d6480000,0x00000000d6480000,0x00000000d6580000)
 ParOldGen       total 68608K, used 43591K [0x0000000080000000, 0x0000000084300000, 0x00000000d5580000)
  object space 68608K, 63% used [0x0000000080000000,0x0000000082a91c08,0x0000000084300000)
 Metaspace       used 63909K, committed 65344K, reserved 1114112K
  class space    used 8087K, committed 8704K, reserved 1048576K
}
Event: 21.595 GC heap after
{Heap after GC invocations=61 (full 3):
 PSYoungGen      total 14336K, used 384K [0x00000000d5580000, 0x00000000d6500000, 0x0000000100000000)
  eden space 13824K, 0% used [0x00000000d5580000,0x00000000d5580000,0x00000000d6300000)
  from space 512K, 75% used [0x00000000d6480000,0x00000000d64e0000,0x00000000d6500000)
  to   space 512K, 0% used [0x00000000d6400000,0x00000000d6400000,0x00000000d6480000)
 ParOldGen       total 68608K, used 44034K [0x0000000080000000, 0x0000000084300000, 0x00000000d5580000)
  object space 68608K, 64% used [0x0000000080000000,0x0000000082b00940,0x0000000084300000)
 Metaspace       used 63909K, committed 65344K, reserved 1114112K
  class space    used 8087K, committed 8704K, reserved 1048576K
}
Event: 23.720 GC heap before
{Heap before GC invocations=62 (full 3):
 PSYoungGen      total 14336K, used 14208K [0x00000000d5580000, 0x00000000d6500000, 0x0000000100000000)
  eden space 13824K, 100% used [0x00000000d5580000,0x00000000d6300000,0x00000000d6300000)
  from space 512K, 75% used [0x00000000d6480000,0x00000000d64e0000,0x00000000d6500000)
  to   space 512K, 0% used [0x00000000d6400000,0x00000000d6400000,0x00000000d6480000)
 ParOldGen       total 68608K, used 44034K [0x0000000080000000, 0x0000000084300000, 0x00000000d5580000)
  object space 68608K, 64% used [0x0000000080000000,0x0000000082b00940,0x0000000084300000)
 Metaspace       used 64541K, committed 66048K, reserved 1114112K
  class space    used 8177K, committed 8832K, reserved 1048576K
}
Event: 23.721 GC heap after
{Heap after GC invocations=62 (full 3):
 PSYoungGen      total 14336K, used 480K [0x00000000d5580000, 0x00000000d6500000, 0x0000000100000000)
  eden space 13824K, 0% used [0x00000000d5580000,0x00000000d5580000,0x00000000d6300000)
  from space 512K, 93% used [0x00000000d6400000,0x00000000d6478010,0x00000000d6480000)
  to   space 512K, 0% used [0x00000000d6480000,0x00000000d6480000,0x00000000d6500000)
 ParOldGen       total 68608K, used 44320K [0x0000000080000000, 0x0000000084300000, 0x00000000d5580000)
  object space 68608K, 64% used [0x0000000080000000,0x0000000082b48260,0x0000000084300000)
 Metaspace       used 64541K, committed 66048K, reserved 1114112K
  class space    used 8177K, committed 8832K, reserved 1048576K
}

Dll operation events (15 events):
Event: 0.007 Loaded shared library c:\Users\DELL\.trae\extensions\redhat.java-1.49.0-win32-x64\jre\21.0.9-win32-x86_64\bin\java.dll
Event: 0.072 Loaded shared library c:\Users\DELL\.trae\extensions\redhat.java-1.49.0-win32-x64\jre\21.0.9-win32-x86_64\bin\zip.dll
Event: 0.092 Loaded shared library C:\Users\DELL\.trae\extensions\redhat.java-1.49.0-win32-x64\jre\21.0.9-win32-x86_64\bin\instrument.dll
Event: 0.097 Loaded shared library C:\Users\DELL\.trae\extensions\redhat.java-1.49.0-win32-x64\jre\21.0.9-win32-x86_64\bin\net.dll
Event: 0.144 Loaded shared library C:\Users\DELL\.trae\extensions\redhat.java-1.49.0-win32-x64\jre\21.0.9-win32-x86_64\bin\nio.dll
Event: 0.149 Loaded shared library C:\Users\DELL\.trae\extensions\redhat.java-1.49.0-win32-x64\jre\21.0.9-win32-x86_64\bin\zip.dll
Event: 0.170 Loaded shared library C:\Users\DELL\.trae\extensions\redhat.java-1.49.0-win32-x64\jre\21.0.9-win32-x86_64\bin\jimage.dll
Event: 0.302 Loaded shared library c:\Users\DELL\.trae\extensions\redhat.java-1.49.0-win32-x64\jre\21.0.9-win32-x86_64\bin\verify.dll
Event: 5.812 Loaded shared library C:\Users\DELL\AppData\Roaming\Trae\User\globalStorage\redhat.java\1.49.0\config_win\org.eclipse.equinox.launcher\org.eclipse.equinox.launcher.win32.win32.x86_64_1.2.1400.v20250801-0854\eclipse_11916.dll
Event: 14.626 Loaded shared library C:\Users\DELL\AppData\Local\Temp\jna-2094529\jna9060501555899227899.dll
Event: 15.964 Loaded shared library C:\Users\DELL\.gradle\native\1def1411415f61bf3af743bc5b6707747c0891f09f0c88961ee8f79bc544acac\windows-amd64\native-platform.dll
Event: 16.713 Loaded shared library C:\Users\DELL\.trae\extensions\redhat.java-1.49.0-win32-x64\jre\21.0.9-win32-x86_64\bin\management.dll
Event: 16.715 Loaded shared library C:\Users\DELL\.trae\extensions\redhat.java-1.49.0-win32-x64\jre\21.0.9-win32-x86_64\bin\management_ext.dll
Event: 18.475 Loaded shared library C:\Users\DELL\.trae\extensions\redhat.java-1.49.0-win32-x64\jre\21.0.9-win32-x86_64\bin\extnet.dll
Event: 23.695 Loaded shared library C:\Users\DELL\.trae\extensions\redhat.java-1.49.0-win32-x64\jre\21.0.9-win32-x86_64\bin\sunmscapi.dll

Deoptimization events (20 events):
Event: 31.429 Thread 0x000002677e98da30 DEOPT PACKING pc=0x0000026770078860 sp=0x000000ef2e6febc0
Event: 31.429 Thread 0x000002677e98da30 DEOPT UNPACKING pc=0x000002676fad6da2 sp=0x000000ef2e6fead0 mode 2
Event: 31.430 Thread 0x000002677e98da30 Uncommon trap: trap_request=0xffffff45 fr.pc=0x00000267704f98a4 relative=0x0000000000000684
Event: 31.430 Thread 0x000002677e98da30 Uncommon trap: reason=unstable_if action=reinterpret pc=0x00000267704f98a4 method=java.util.HashMap.putVal(ILjava/lang/Object;Ljava/lang/Object;ZZ)Ljava/lang/Object; @ 94 c2
Event: 31.430 Thread 0x000002677e98da30 DEOPT PACKING pc=0x00000267704f98a4 sp=0x000000ef2e6feb20
Event: 31.430 Thread 0x000002677e98da30 DEOPT UNPACKING pc=0x000002676fad6da2 sp=0x000000ef2e6feac8 mode 2
Event: 31.436 Thread 0x000002677e98da30 DEOPT PACKING pc=0x000002676929672e sp=0x000000ef2e6feb70
Event: 31.436 Thread 0x000002677e98da30 DEOPT UNPACKING pc=0x000002676fad78e2 sp=0x000000ef2e6fe0c8 mode 0
Event: 31.436 Thread 0x000002677e98da30 DEOPT PACKING pc=0x000002676929672e sp=0x000000ef2e6feb70
Event: 31.436 Thread 0x000002677e98da30 DEOPT UNPACKING pc=0x000002676fad78e2 sp=0x000000ef2e6fe0c8 mode 0
Event: 31.436 Thread 0x000002677e98da30 DEOPT PACKING pc=0x000002676929672e sp=0x000000ef2e6feb70
Event: 31.436 Thread 0x000002677e98da30 DEOPT UNPACKING pc=0x000002676fad78e2 sp=0x000000ef2e6fe0c8 mode 0
Event: 31.437 Thread 0x000002677e98da30 Uncommon trap: trap_request=0xffffff45 fr.pc=0x00000267700c24a8 relative=0x0000000000000148
Event: 31.437 Thread 0x000002677e98da30 Uncommon trap: reason=unstable_if action=reinterpret pc=0x00000267700c24a8 method=java.util.HashMap.getNode(Ljava/lang/Object;)Ljava/util/HashMap$Node; @ 66 c2
Event: 31.437 Thread 0x000002677e98da30 DEOPT PACKING pc=0x00000267700c24a8 sp=0x000000ef2e6fed40
Event: 31.437 Thread 0x000002677e98da30 DEOPT UNPACKING pc=0x000002676fad6da2 sp=0x000000ef2e6fec50 mode 2
Event: 31.437 Thread 0x000002677e98da30 Uncommon trap: trap_request=0xffffff45 fr.pc=0x00000267700c1928 relative=0x0000000000000148
Event: 31.437 Thread 0x000002677e98da30 Uncommon trap: reason=unstable_if action=reinterpret pc=0x00000267700c1928 method=java.util.HashMap.getNode(Ljava/lang/Object;)Ljava/util/HashMap$Node; @ 66 c2
Event: 31.437 Thread 0x000002677e98da30 DEOPT PACKING pc=0x00000267700c1928 sp=0x000000ef2e6fec60
Event: 31.437 Thread 0x000002677e98da30 DEOPT UNPACKING pc=0x000002676fad6da2 sp=0x000000ef2e6febe0 mode 2

Classes loaded (20 events):
Event: 23.716 Loading class java/io/ObjectStreamClass$MemberSignature
Event: 23.716 Loading class java/io/ObjectStreamClass$MemberSignature done
Event: 23.716 Loading class java/io/ObjectStreamClass$3
Event: 23.717 Loading class java/io/ObjectStreamClass$3 done
Event: 23.717 Loading class java/io/ObjectStreamClass$4
Event: 23.717 Loading class java/io/ObjectStreamClass$4 done
Event: 23.717 Loading class java/io/ObjectStreamClass$5
Event: 23.717 Loading class java/io/ObjectStreamClass$5 done
Event: 23.723 Loading class java/nio/channels/spi/AbstractSelector$1
Event: 23.723 Loading class java/nio/channels/spi/AbstractSelector$1 done
Event: 23.774 Loading class java/util/concurrent/Executors$AutoShutdownDelegatedExecutorService
Event: 23.774 Loading class java/util/concurrent/Executors$AutoShutdownDelegatedExecutorService done
Event: 24.277 Loading class java/lang/UnsupportedClassVersionError
Event: 24.277 Loading class java/lang/UnsupportedClassVersionError done
Event: 32.459 Loading class sun/nio/cs/ISO_8859_1$Encoder
Event: 33.455 Loading class sun/nio/cs/ISO_8859_1$Encoder done
Event: 33.455 Loading class sun/nio/cs/Surrogate$Parser
Event: 33.455 Loading class sun/nio/cs/Surrogate$Parser done
Event: 33.455 Loading class sun/nio/cs/Surrogate
Event: 33.455 Loading class sun/nio/cs/Surrogate done

Classes unloaded (7 events):
Event: 14.976 Thread 0x0000026762f8ec30 Unloading class 0x00000267011ab800 'java/lang/invoke/LambdaForm$MH+0x00000267011ab800'
Event: 14.976 Thread 0x0000026762f8ec30 Unloading class 0x00000267011ab400 'java/lang/invoke/LambdaForm$MH+0x00000267011ab400'
Event: 14.976 Thread 0x0000026762f8ec30 Unloading class 0x00000267011ab000 'java/lang/invoke/LambdaForm$MH+0x00000267011ab000'
Event: 14.976 Thread 0x0000026762f8ec30 Unloading class 0x00000267011aac00 'java/lang/invoke/LambdaForm$MH+0x00000267011aac00'
Event: 14.976 Thread 0x0000026762f8ec30 Unloading class 0x00000267011aa800 'java/lang/invoke/LambdaForm$BMH+0x00000267011aa800'
Event: 14.976 Thread 0x0000026762f8ec30 Unloading class 0x00000267011aa400 'java/lang/invoke/LambdaForm$DMH+0x00000267011aa400'
Event: 14.976 Thread 0x0000026762f8ec30 Unloading class 0x00000267011a9000 'java/lang/invoke/LambdaForm$DMH+0x00000267011a9000'

Classes redefined (0 events):
No events

Internal exceptions (20 events):
Event: 21.287 Thread 0x000002674784c060 Exception <a 'sun/nio/fs/WindowsException'{0x00000000d5b25c48}> (0x00000000d5b25c48) 
thrown [s\src\hotspot\share\prims\jni.cpp, line 520]
Event: 21.287 Thread 0x000002674784c060 Exception <a 'sun/nio/fs/WindowsException'{0x00000000d5b2c8b8}> (0x00000000d5b2c8b8) 
thrown [s\src\hotspot\share\prims\jni.cpp, line 520]
Event: 21.353 Thread 0x000002677ea3da60 Exception <a 'java/lang/NoSuchMethodError'{0x00000000d611a098}: 'java.lang.Object java.lang.invoke.DirectMethodHandle$Holder.invokeStatic(java.lang.Object, java.lang.Object, int, java.lang.Object)'> (0x00000000d611a098) 
thrown [s\src\hotspot\share\interpreter\linkResolver.cpp, line 773]
Event: 21.384 Thread 0x000002677ea3da60 Exception <a 'java/io/FileNotFoundException'{0x00000000d5794230}> (0x00000000d5794230) 
thrown [s\src\hotspot\share\prims\jni.cpp, line 520]
Event: 21.385 Thread 0x000002677ea3da60 Exception <a 'java/io/FileNotFoundException'{0x00000000d5795378}> (0x00000000d5795378) 
thrown [s\src\hotspot\share\prims\jni.cpp, line 520]
Event: 21.395 Thread 0x000002674784c060 Exception <a 'java/lang/IncompatibleClassChangeError'{0x00000000d58598f8}: Found class java.lang.Object, but interface was expected> (0x00000000d58598f8) 
thrown [s\src\hotspot\share\interpreter\linkResolver.cpp, line 840]
Event: 23.712 Thread 0x0000026748d1e9d0 Exception <a 'java/lang/NoSuchMethodError'{0x00000000d61b63f0}: 'void java.lang.invoke.DirectMethodHandle$Holder.invokeInterface(java.lang.Object, java.lang.Object, java.lang.Object, java.lang.Object)'> (0x00000000d61b63f0) 
thrown [s\src\hotspot\share\interpreter\linkResolver.cpp, line 773]
Event: 23.717 Thread 0x0000026748d1e9d0 Exception <a 'java/lang/NoSuchMethodError'{0x00000000d6269d48}: static Lorg/gradle/tooling/internal/provider/serialization/ClassLoaderDetails;.<clinit>()V> (0x00000000d6269d48) 
thrown [s\src\hotspot\share\prims\jni.cpp, line 1111]
Event: 23.717 Thread 0x0000026748d1e9d0 Exception <a 'java/lang/NoSuchMethodError'{0x00000000d628e4d8}: static Lorg/gradle/tooling/internal/provider/serialization/WellKnownClassLoaderRegistry$KnownClassLoaderSpec;.<clinit>()V> (0x00000000d628e4d8) 
thrown [s\src\hotspot\share\prims\jni.cpp, line 1111]
Event: 23.718 Thread 0x0000026748d1e9d0 Exception <a 'java/lang/NoSuchMethodError'{0x00000000d628fd80}: static Lorg/gradle/internal/classloader/ClassLoaderSpec;.<clinit>()V> (0x00000000d628fd80) 
thrown [s\src\hotspot\share\prims\jni.cpp, line 1111]
Event: 23.718 Thread 0x0000026748d1e9d0 Exception <a 'java/lang/NoSuchMethodError'{0x00000000d62ad870}: static Lorg/gradle/tooling/internal/provider/serialization/ClientOwnedClassLoaderSpec;.<clinit>()V> (0x00000000d62ad870) 
thrown [s\src\hotspot\share\prims\jni.cpp, line 1111]
Event: 23.720 Thread 0x0000026748d1e9d0 Exception <a 'java/lang/NoSuchMethodError'{0x00000000d62f7548}: static [Ljava/lang/Object;.<clinit>()V> (0x00000000d62f7548) 
thrown [s\src\hotspot\share\prims\jni.cpp, line 1111]
Event: 24.279 Thread 0x0000026748d1e9d0 Exception <a 'java/lang/NoSuchMethodError'{0x00000000d55f41a8}: static Lorg/gradle/internal/build/event/types/AbstractProgressEvent;.<clinit>()V> (0x00000000d55f41a8) 
thrown [s\src\hotspot\share\prims\jni.cpp, line 1111]
Event: 24.279 Thread 0x0000026748d1e9d0 Exception <a 'java/lang/NoSuchMethodError'{0x00000000d5601e30}: static Lorg/gradle/internal/build/event/types/DefaultOperationStartedProgressEvent;.<clinit>()V> (0x00000000d5601e30) 
thrown [s\src\hotspot\share\prims\jni.cpp, line 1111]
Event: 24.280 Thread 0x0000026748d1e9d0 Exception <a 'java/lang/NoSuchMethodError'{0x00000000d56180d0}: static Lorg/gradle/internal/build/event/types/DefaultOperationDescriptor;.<clinit>()V> (0x00000000d56180d0) 
thrown [s\src\hotspot\share\prims\jni.cpp, line 1111]
Event: 24.280 Thread 0x0000026748d1e9d0 Exception <a 'java/lang/NoSuchMethodError'{0x00000000d5626900}: static Lorg/gradle/internal/operations/OperationIdentifier;.<clinit>()V> (0x00000000d5626900) 
thrown [s\src\hotspot\share\prims\jni.cpp, line 1111]
Event: 24.899 Thread 0x0000026748d1e9d0 Exception <a 'java/lang/NoSuchMethodError'{0x00000000d5671ef0}: static Lorg/gradle/internal/build/event/types/DefaultOperationFinishedProgressEvent;.<clinit>()V> (0x00000000d5671ef0) 
thrown [s\src\hotspot\share\prims\jni.cpp, line 1111]
Event: 24.900 Thread 0x0000026748d1e9d0 Exception <a 'java/lang/NoSuchMethodError'{0x00000000d5688a50}: static Lorg/gradle/internal/build/event/types/AbstractResult;.<clinit>()V> (0x00000000d5688a50) 
thrown [s\src\hotspot\share\prims\jni.cpp, line 1111]
Event: 24.900 Thread 0x0000026748d1e9d0 Exception <a 'java/lang/NoSuchMethodError'{0x00000000d56966d8}: static Lorg/gradle/internal/build/event/types/AbstractOperationResult;.<clinit>()V> (0x00000000d56966d8) 
thrown [s\src\hotspot\share\prims\jni.cpp, line 1111]
Event: 24.901 Thread 0x0000026748d1e9d0 Exception <a 'java/lang/NoSuchMethodError'{0x00000000d56a46c8}: static Lorg/gradle/internal/build/event/types/DefaultSuccessResult;.<clinit>()V> (0x00000000d56a46c8) 
thrown [s\src\hotspot\share\prims\jni.cpp, line 1111]

ZGC Phase Switch (0 events):
No events

VM Operations (20 events):
Event: 21.594 Executing VM operation: ParallelGCFailedAllocation (Allocation Failure)
Event: 21.595 Executing VM operation: ParallelGCFailedAllocation (Allocation Failure) done
Event: 22.595 Executing VM operation: Cleanup
Event: 22.595 Executing VM operation: Cleanup done
Event: 23.686 Executing VM operation: HandshakeAllThreads (Deoptimize)
Event: 23.686 Executing VM operation: HandshakeAllThreads (Deoptimize) done
Event: 23.686 Executing VM operation: Cleanup
Event: 23.686 Executing VM operation: Cleanup done
Event: 23.720 Executing VM operation: ParallelGCFailedAllocation (Allocation Failure)
Event: 23.721 Executing VM operation: ParallelGCFailedAllocation (Allocation Failure) done
Event: 24.722 Executing VM operation: Cleanup
Event: 24.722 Executing VM operation: Cleanup done
Event: 25.722 Executing VM operation: Cleanup
Event: 25.722 Executing VM operation: Cleanup done
Event: 31.724 Executing VM operation: Cleanup
Event: 32.457 Executing VM operation: Cleanup done
Event: 33.469 Executing VM operation: Cleanup
Event: 33.469 Executing VM operation: Cleanup done
Event: 34.469 Executing VM operation: Cleanup
Event: 34.469 Executing VM operation: Cleanup done

Memory protections (0 events):
No events

Nmethod flushes (20 events):
Event: 17.977 Thread 0x0000026762f8ec30 flushing  nmethod 0x0000026768d87e10
Event: 17.977 Thread 0x0000026762f8ec30 flushing  nmethod 0x0000026768d92910
Event: 17.977 Thread 0x0000026762f8ec30 flushing  nmethod 0x0000026768d96310
Event: 17.977 Thread 0x0000026762f8ec30 flushing  nmethod 0x0000026768da5490
Event: 17.977 Thread 0x0000026762f8ec30 flushing osr nmethod 0x0000026768dac210
Event: 17.977 Thread 0x0000026762f8ec30 flushing  nmethod 0x0000026768db3c10
Event: 17.977 Thread 0x0000026762f8ec30 flushing  nmethod 0x0000026768db6210
Event: 17.977 Thread 0x0000026762f8ec30 flushing  nmethod 0x0000026768db7390
Event: 17.977 Thread 0x0000026762f8ec30 flushing  nmethod 0x0000026768db8190
Event: 17.977 Thread 0x0000026762f8ec30 flushing  nmethod 0x0000026768dba410
Event: 17.977 Thread 0x0000026762f8ec30 flushing  nmethod 0x0000026768dca490
Event: 17.977 Thread 0x0000026762f8ec30 flushing  nmethod 0x0000026768dcbf90
Event: 17.977 Thread 0x0000026762f8ec30 flushing  nmethod 0x0000026768dcd890
Event: 17.977 Thread 0x0000026762f8ec30 flushing  nmethod 0x0000026768dd7810
Event: 17.977 Thread 0x0000026762f8ec30 flushing  nmethod 0x0000026768dd7f90
Event: 17.977 Thread 0x0000026762f8ec30 flushing  nmethod 0x0000026768dd8310
Event: 17.977 Thread 0x0000026762f8ec30 flushing  nmethod 0x0000026768dd8690
Event: 17.977 Thread 0x0000026762f8ec30 flushing  nmethod 0x0000026768dda890
Event: 17.977 Thread 0x0000026762f8ec30 flushing  nmethod 0x0000026768de2b10
Event: 17.977 Thread 0x0000026762f8ec30 flushing  nmethod 0x0000026768e0b110

Events (20 events):
Event: 21.402 Thread 0x000002674784c060 Thread added: 0x0000026748d1dcb0
Event: 21.404 Thread 0x000002674784c060 Thread added: 0x0000026748d1f6f0
Event: 21.655 Thread 0x000002677ea3d3d0 Thread added: 0x0000026748d1f060
Event: 21.656 Thread 0x000002677ea3d3d0 Thread added: 0x0000026748d1fd80
Event: 21.674 Thread 0x0000026748d1fd80 Thread exited: 0x0000026748d1fd80
Event: 21.674 Thread 0x000002677ea3d3d0 Thread added: 0x0000026748d1fd80
Event: 21.675 Thread 0x000002677ea3d3d0 Thread added: 0x0000026748d1e9d0
Event: 21.694 Thread 0x0000026748d1e9d0 Thread added: 0x0000026748d1e340
Event: 21.823 Thread 0x000002677f81f150 Thread exited: 0x000002677f81f150
Event: 21.823 Thread 0x000002677f8205c0 Thread exited: 0x000002677f8205c0
Event: 21.869 Thread 0x0000026748d1e9d0 Thread added: 0x0000026748d1c900
Event: 21.872 Thread 0x0000026748d1c900 Thread added: 0x0000026748d1d620
Event: 21.872 Thread 0x0000026748d1c900 Thread added: 0x0000026748d1cf90
Event: 21.872 Thread 0x0000026748d1d620 Thread exited: 0x0000026748d1d620
Event: 23.674 Thread 0x0000026748d1c900 Thread exited: 0x0000026748d1c900
Event: 23.674 Thread 0x0000026748d1cf90 Thread exited: 0x0000026748d1cf90
Event: 23.718 Thread 0x000002676540d4b0 Thread added: 0x000002677f8205c0
Event: 24.278 Thread 0x000002677f8205c0 Thread exited: 0x000002677f8205c0
Event: 31.427 Thread 0x000002676540d4b0 Thread added: 0x000002677f81f150
Event: 31.429 Thread 0x000002676540d4b0 Thread added: 0x000002677f81fef0


Dynamic libraries:
0x00007ff7e0530000 - 0x00007ff7e053e000 	c:\Users\DELL\.trae\extensions\redhat.java-1.49.0-win32-x64\jre\21.0.9-win32-x86_64\bin\java.exe
0x00007ffe880c0000 - 0x00007ffe88328000 	C:\WINDOWS\SYSTEM32\ntdll.dll
0x00007ffe86fc0000 - 0x00007ffe87089000 	C:\WINDOWS\System32\KERNEL32.DLL
0x00007ffe859b0000 - 0x00007ffe85da8000 	C:\WINDOWS\System32\KERNELBASE.dll
0x00007ffe85210000 - 0x00007ffe8535b000 	C:\WINDOWS\System32\ucrtbase.dll
0x00007ffe7d320000 - 0x00007ffe7d33e000 	c:\Users\DELL\.trae\extensions\redhat.java-1.49.0-win32-x64\jre\21.0.9-win32-x86_64\bin\VCRUNTIME140.dll
0x00007ffe7c1e0000 - 0x00007ffe7c1f8000 	c:\Users\DELL\.trae\extensions\redhat.java-1.49.0-win32-x64\jre\21.0.9-win32-x86_64\bin\jli.dll
0x00007ffe85ee0000 - 0x00007ffe860a7000 	C:\WINDOWS\System32\USER32.dll
0x00007ffe54f20000 - 0x00007ffe551b4000 	C:\WINDOWS\WinSxS\amd64_microsoft.windows.common-controls_6595b64144ccf1df_6.0.26100.7019_none_3e06ffa0e335b8a8\COMCTL32.dll
0x00007ffe858f0000 - 0x00007ffe85917000 	C:\WINDOWS\System32\win32u.dll
0x00007ffe86120000 - 0x00007ffe861c9000 	C:\WINDOWS\System32\msvcrt.dll
0x00007ffe87310000 - 0x00007ffe8733b000 	C:\WINDOWS\System32\GDI32.dll
0x00007ffe85360000 - 0x00007ffe8548c000 	C:\WINDOWS\System32\gdi32full.dll
0x00007ffe85600000 - 0x00007ffe856a3000 	C:\WINDOWS\System32\msvcp_win.dll
0x00007ffe875f0000 - 0x00007ffe87621000 	C:\WINDOWS\System32\IMM32.DLL
0x00007ffe7f560000 - 0x00007ffe7f56c000 	c:\Users\DELL\.trae\extensions\redhat.java-1.49.0-win32-x64\jre\21.0.9-win32-x86_64\bin\vcruntime140_1.dll
0x00007ffe4edb0000 - 0x00007ffe4ee3d000 	c:\Users\DELL\.trae\extensions\redhat.java-1.49.0-win32-x64\jre\21.0.9-win32-x86_64\bin\msvcp140.dll
0x00007ffdae320000 - 0x00007ffdaf0c0000 	c:\Users\DELL\.trae\extensions\redhat.java-1.49.0-win32-x64\jre\21.0.9-win32-x86_64\bin\server\jvm.dll
0x00007ffe86d20000 - 0x00007ffe86dd4000 	C:\WINDOWS\System32\ADVAPI32.dll
0x00007ffe87120000 - 0x00007ffe871c6000 	C:\WINDOWS\System32\sechost.dll
0x00007ffe87e10000 - 0x00007ffe87f28000 	C:\WINDOWS\System32\RPCRT4.dll
0x00007ffe87d90000 - 0x00007ffe87e04000 	C:\WINDOWS\System32\WS2_32.dll
0x00007ffe83df0000 - 0x00007ffe83e4e000 	C:\WINDOWS\SYSTEM32\POWRPROF.dll
0x00007ffe7ba30000 - 0x00007ffe7ba3b000 	C:\WINDOWS\SYSTEM32\VERSION.dll
0x00007ffe79cd0000 - 0x00007ffe79d05000 	C:\WINDOWS\SYSTEM32\WINMM.dll
0x00007ffe83dd0000 - 0x00007ffe83de4000 	C:\WINDOWS\SYSTEM32\UMPDC.dll
0x00007ffe840b0000 - 0x00007ffe840cb000 	C:\WINDOWS\SYSTEM32\kernel.appcore.dll
0x00007ffe7f350000 - 0x00007ffe7f35a000 	c:\Users\DELL\.trae\extensions\redhat.java-1.49.0-win32-x64\jre\21.0.9-win32-x86_64\bin\jimage.dll
0x00007ffe82910000 - 0x00007ffe82b52000 	C:\WINDOWS\SYSTEM32\DBGHELP.DLL
0x00007ffe864e0000 - 0x00007ffe8686b000 	C:\WINDOWS\System32\combase.dll
0x00007ffe87230000 - 0x00007ffe87307000 	C:\WINDOWS\System32\OLEAUT32.dll
0x00007ffe68410000 - 0x00007ffe6844c000 	C:\WINDOWS\SYSTEM32\dbgcore.DLL
0x00007ffe85db0000 - 0x00007ffe85e55000 	C:\WINDOWS\System32\bcryptPrimitives.dll
0x00007ffe7d350000 - 0x00007ffe7d35f000 	c:\Users\DELL\.trae\extensions\redhat.java-1.49.0-win32-x64\jre\21.0.9-win32-x86_64\bin\instrument.dll
0x00007ffe7b950000 - 0x00007ffe7b970000 	c:\Users\DELL\.trae\extensions\redhat.java-1.49.0-win32-x64\jre\21.0.9-win32-x86_64\bin\java.dll
0x00007ffe87630000 - 0x00007ffe87d7f000 	C:\WINDOWS\System32\SHELL32.dll
0x00007ffe85490000 - 0x00007ffe855fb000 	C:\WINDOWS\System32\wintypes.dll
0x00007ffe82e10000 - 0x00007ffe8366d000 	C:\WINDOWS\SYSTEM32\windows.storage.dll
0x00007ffe87f80000 - 0x00007ffe88072000 	C:\WINDOWS\System32\SHCORE.dll
0x00007ffe860b0000 - 0x00007ffe86117000 	C:\WINDOWS\System32\shlwapi.dll
0x00007ffe85130000 - 0x00007ffe85159000 	C:\WINDOWS\SYSTEM32\profapi.dll
0x00007ffe6d7a0000 - 0x00007ffe6d7b8000 	c:\Users\DELL\.trae\extensions\redhat.java-1.49.0-win32-x64\jre\21.0.9-win32-x86_64\bin\zip.dll
0x00007ffe7c890000 - 0x00007ffe7c8a0000 	C:\Users\DELL\.trae\extensions\redhat.java-1.49.0-win32-x64\jre\21.0.9-win32-x86_64\bin\net.dll
0x00007ffe7ce80000 - 0x00007ffe7cfa8000 	C:\WINDOWS\SYSTEM32\WINHTTP.dll
0x00007ffe84600000 - 0x00007ffe8466b000 	C:\WINDOWS\system32\mswsock.dll
0x00007ffe6c730000 - 0x00007ffe6c746000 	C:\Users\DELL\.trae\extensions\redhat.java-1.49.0-win32-x64\jre\21.0.9-win32-x86_64\bin\nio.dll
0x00007ffe7b940000 - 0x00007ffe7b950000 	c:\Users\DELL\.trae\extensions\redhat.java-1.49.0-win32-x64\jre\21.0.9-win32-x86_64\bin\verify.dll
0x00007ffe4ffa0000 - 0x00007ffe4ffe4000 	C:\Users\DELL\AppData\Roaming\Trae\User\globalStorage\redhat.java\1.49.0\config_win\org.eclipse.equinox.launcher\org.eclipse.equinox.launcher.win32.win32.x86_64_1.2.1400.v20250801-0854\eclipse_11916.dll
0x00007ffe86320000 - 0x00007ffe864b7000 	C:\WINDOWS\System32\ole32.dll
0x00007ffe849f0000 - 0x00007ffe84a0b000 	C:\WINDOWS\SYSTEM32\CRYPTSP.dll
0x00007ffe84010000 - 0x00007ffe8404a000 	C:\WINDOWS\system32\rsaenh.dll
0x00007ffe846b0000 - 0x00007ffe846db000 	C:\WINDOWS\SYSTEM32\USERENV.dll
0x00007ffe85100000 - 0x00007ffe8512a000 	C:\WINDOWS\SYSTEM32\bcrypt.dll
0x00007ffe849d0000 - 0x00007ffe849dc000 	C:\WINDOWS\SYSTEM32\CRYPTBASE.dll
0x00007ffe83ac0000 - 0x00007ffe83af4000 	C:\WINDOWS\SYSTEM32\IPHLPAPI.DLL
0x00007ffe874e0000 - 0x00007ffe874ea000 	C:\WINDOWS\System32\NSI.dll
0x00007ffe6dac0000 - 0x00007ffe6db09000 	C:\Users\DELL\AppData\Local\Temp\jna-2094529\jna9060501555899227899.dll
0x00007ffe86310000 - 0x00007ffe86318000 	C:\WINDOWS\System32\PSAPI.DLL
0x00007ffe7d2e0000 - 0x00007ffe7d2fe000 	C:\WINDOWS\SYSTEM32\dhcpcsvc6.DLL
0x00007ffe7d2b0000 - 0x00007ffe7d2d3000 	C:\WINDOWS\SYSTEM32\dhcpcsvc.DLL
0x00007ffe6d1d0000 - 0x00007ffe6d1f7000 	C:\Users\DELL\.gradle\native\1def1411415f61bf3af743bc5b6707747c0891f09f0c88961ee8f79bc544acac\windows-amd64\native-platform.dll
0x00007ffe6d790000 - 0x00007ffe6d79a000 	C:\Users\DELL\.trae\extensions\redhat.java-1.49.0-win32-x64\jre\21.0.9-win32-x86_64\bin\management.dll
0x00007ffe6c3d0000 - 0x00007ffe6c3dc000 	C:\Users\DELL\.trae\extensions\redhat.java-1.49.0-win32-x64\jre\21.0.9-win32-x86_64\bin\management_ext.dll
0x00007ffe54e20000 - 0x00007ffe54e29000 	C:\Users\DELL\.trae\extensions\redhat.java-1.49.0-win32-x64\jre\21.0.9-win32-x86_64\bin\extnet.dll
0x00007ffe6b560000 - 0x00007ffe6b56e000 	C:\Users\DELL\.trae\extensions\redhat.java-1.49.0-win32-x64\jre\21.0.9-win32-x86_64\bin\sunmscapi.dll
0x00007ffe85770000 - 0x00007ffe858e7000 	C:\WINDOWS\System32\CRYPT32.dll
0x00007ffe84b40000 - 0x00007ffe84b70000 	C:\WINDOWS\SYSTEM32\ncrypt.dll
0x00007ffe84af0000 - 0x00007ffe84b2f000 	C:\WINDOWS\SYSTEM32\NTASN1.dll
0x00007ffdda4a0000 - 0x00007ffdda4a8000 	C:\WINDOWS\system32\wshunix.dll

JVMTI agents:
c:\Users\DELL\.trae\extensions\redhat.java-1.49.0-win32-x64\lombok\lombok-1.18.39-4050.jar path:c:\Users\DELL\.trae\extensions\redhat.java-1.49.0-win32-x64\jre\21.0.9-win32-x86_64\bin\instrument.dll, loaded, initialized, instrumentlib options:none

dbghelp: loaded successfully - version: 4.0.5 - missing functions: none
symbol engine: initialized successfully - sym options: 0x614 - pdb path: .;c:\Users\DELL\.trae\extensions\redhat.java-1.49.0-win32-x64\jre\21.0.9-win32-x86_64\bin;C:\WINDOWS\SYSTEM32;C:\WINDOWS\WinSxS\amd64_microsoft.windows.common-controls_6595b64144ccf1df_6.0.26100.7019_none_3e06ffa0e335b8a8;c:\Users\DELL\.trae\extensions\redhat.java-1.49.0-win32-x64\jre\21.0.9-win32-x86_64\bin\server;C:\Users\DELL\AppData\Roaming\Trae\User\globalStorage\redhat.java\1.49.0\config_win\org.eclipse.equinox.launcher\org.eclipse.equinox.launcher.win32.win32.x86_64_1.2.1400.v20250801-0854;C:\Users\DELL\AppData\Local\Temp\jna-2094529;C:\Users\DELL\.gradle\native\1def1411415f61bf3af743bc5b6707747c0891f09f0c88961ee8f79bc544acac\windows-amd64

VM Arguments:
jvm_args: --add-modules=ALL-SYSTEM --add-opens=java.base/java.util=ALL-UNNAMED --add-opens=java.base/java.lang=ALL-UNNAMED --add-opens=java.base/sun.nio.fs=ALL-UNNAMED -Declipse.application=org.eclipse.jdt.ls.core.id1 -Dosgi.bundles.defaultStartLevel=4 -Declipse.product=org.eclipse.jdt.ls.core.product -Djava.import.generatesMetadataFilesAtProjectRoot=false -DDetectVMInstallationsJob.disabled=true -Dfile.encoding=utf8 -XX:+UseParallelGC -XX:GCTimeRatio=4 -XX:AdaptiveSizePolicyWeight=90 -Dsun.zip.disableMemoryMapping=true -Xmx2G -Xms100m -Xlog:disable -javaagent:c:\Users\DELL\.trae\extensions\redhat.java-1.49.0-win32-x64\lombok\lombok-1.18.39-4050.jar -XX:+HeapDumpOnOutOfMemoryError -XX:HeapDumpPath=c:\Users\DELL\AppData\Roaming\Trae\User\workspaceStorage\570c4e8613b99fb812056b461999b2ec\redhat.java -Daether.dependencyCollector.impl=bf 
java_command: c:\Users\DELL\.trae\extensions\redhat.java-1.49.0-win32-x64\server\plugins\org.eclipse.equinox.launcher_1.7.100.v20251111-0406.jar -configuration c:\Users\DELL\AppData\Roaming\Trae\User\globalStorage\redhat.java\1.49.0\config_win -data c:\Users\DELL\AppData\Roaming\Trae\User\workspaceStorage\570c4e8613b99fb812056b461999b2ec\redhat.java\jdt_ws --pipe=\\.\pipe\lsp-cb68e6e8a1d8427cc11571a8e03dcab4-sock
java_class_path (initial): c:\Users\DELL\.trae\extensions\redhat.java-1.49.0-win32-x64\server\plugins\org.eclipse.equinox.launcher_1.7.100.v20251111-0406.jar
Launcher Type: SUN_STANDARD

[Global flags]
    uintx AdaptiveSizePolicyWeight                 = 90                                        {product} {command line}
     intx CICompilerCount                          = 4                                         {product} {ergonomic}
    uintx GCTimeRatio                              = 4                                         {product} {command line}
     bool HeapDumpOnOutOfMemoryError               = true                                   {manageable} {command line}
    ccstr HeapDumpPath                             = c:\Users\DELL\AppData\Roaming\Trae\User\workspaceStorage\570c4e8613b99fb812056b461999b2ec\redhat.java         {manageable} {command line}
   size_t InitialHeapSize                          = 104857600                                 {product} {command line}
   size_t MaxHeapSize                              = 2147483648                                {product} {command line}
   size_t MaxNewSize                               = 715653120                                 {product} {ergonomic}
   size_t MinHeapDeltaBytes                        = 524288                                    {product} {ergonomic}
   size_t MinHeapSize                              = 104857600                                 {product} {command line}
   size_t NewSize                                  = 34603008                                  {product} {ergonomic}
    uintx NonNMethodCodeHeapSize                   = 5839372                                {pd product} {ergonomic}
    uintx NonProfiledCodeHeapSize                  = 122909434                              {pd product} {ergonomic}
   size_t OldSize                                  = 70254592                                  {product} {ergonomic}
    uintx ProfiledCodeHeapSize                     = 122909434                              {pd product} {ergonomic}
    uintx ReservedCodeCacheSize                    = 251658240                              {pd product} {ergonomic}
     bool SegmentedCodeCache                       = true                                      {product} {ergonomic}
   size_t SoftMaxHeapSize                          = 2147483648                             {manageable} {ergonomic}
     bool UseCompressedOops                        = true                           {product lp64_product} {ergonomic}
     bool UseLargePagesIndividualAllocation        = false                                  {pd product} {ergonomic}
     bool UseParallelGC                            = true                                      {product} {command line}

Logging:
Log output configuration:
 #0: stdout all=off uptime,level,tags foldmultilines=false
 #1: stderr all=off uptime,level,tags foldmultilines=false

Release file:
JAVA_VERSION="21.0.9" 
MODULES="java.base java.compiler java.datatransfer java.xml java.prefs java.desktop java.instrument java.logging java.management java.security.sasl java.naming java.rmi java.management.rmi java.net.http java.scripting java.security.jgss java.transaction.xa java.sql java.sql.rowset java.xml.crypto java.se java.smartcardio jdk.accessibility jdk.internal.jvmstat jdk.attach jdk.charsets jdk.internal.opt jdk.zipfs jdk.compiler jdk.crypto.ec jdk.crypto.cryptoki jdk.crypto.mscapi jdk.dynalink jdk.internal.ed jdk.editpad jdk.hotspot.agent jdk.httpserver jdk.internal.le jdk.internal.vm.ci jdk.internal.vm.compiler jdk.internal.vm.compiler.management jdk.jartool jdk.javadoc jdk.jcmd jdk.management jdk.management.agent jdk.jconsole jdk.jdeps jdk.jdwp.agent jdk.jdi jdk.jfr jdk.jshell jdk.jsobject jdk.jstatd jdk.localedata jdk.management.jfr jdk.naming.dns jdk.naming.rmi jdk.net jdk.nio.mapmode jdk.random jdk.sctp jdk.security.auth jdk.security.jgss jdk.unsupported jdk.unsupported.desktop jdk.xml.dom" 

Environment Variables:
PATH=C:\Program Files (x86)\VMware\VMware Player\bin\;C:\app\DELL\product\23ai\dbhomeFree\bin;C:\Python312\Scripts\;C:\Python312\;C:\Program Files (x86)\Common Files\Oracle\Java\java8path;C:\Program Files (x86)\Common Files\Oracle\Java\javapath;C:\Windows\system32;C:\Windows;C:\Windows\System32\Wbem;C:\Windows\System32\WindowsPowerShell\v1.0\;C:\Windows\System32\OpenSSH\;C:\Program Files\Microsoft VS Code\bin;C:\srcflutter\flutter\bin;C:\ProgramData\chocolatey\bin;C:\Program Files (x86)\Git\cmd;C:\Program Files (x86)\NVIDIA Corporation\PhysX\Common;C:\Program Files\dotnet\;C:\xampp\php;C:\composer;C:\Program Files\NVIDIA Corporation\NVIDIA app\NvDLISR;;C:\WINDOWS\system32;C:\WINDOWS;C:\WINDOWS\System32\Wbem;C:\WINDOWS\System32\WindowsPowerShell\v1.0\;C:\WINDOWS\System32\OpenSSH\;C:\Program Files\nodejs\;C:\Users\DELL\scoop\shims;C:\srcflutter\flutter\bin;C:\tools\dart-sdk\bin;C:\Users\DELL\AppData\Roaming\Pub\Cache\bin;C:\Program Files\JetBrains\IntelliJ IDEA 2025.2.2\bin;C:\Users\DELL\AppData\Roaming\Composer\vendor\bin;C:\Program Files\JetBrains\PyCharm 2024.2.4\bin;;C:\Users\DELL\AppData\Local\Microsoft\WindowsApps;C:\Users\DELL\AppData\Roaming\npm;C:\Users\DELL\AppData\Local\GitHubDesktop\bin;c:\Users\DELL\AppData\Local\Programs\Trae\resources\app\bin\lib
USERNAME=DELL
OS=Windows_NT
PROCESSOR_IDENTIFIER=Intel64 Family 6 Model 141 Stepping 1, GenuineIntel
TMP=C:\Users\DELL\AppData\Local\Temp
TEMP=C:\Users\DELL\AppData\Local\Temp




Periodic native trim disabled

---------------  S Y S T E M  ---------------

OS:
 Windows 11 , 64 bit Build 26100 (10.0.26100.7019)
OS uptime: 0 days 0:27 hours
Hyper-V role detected

CPU: total 12 (initial active 12) (6 cores per cpu, 2 threads per core) family 6 model 141 stepping 1 microcode 0x56, cx8, cmov, fxsr, ht, mmx, 3dnowpref, sse, sse2, sse3, ssse3, sse4.1, sse4.2, popcnt, lzcnt, tsc, tscinvbit, avx, avx2, aes, erms, clmul, bmi1, bmi2, adx, avx512f, avx512dq, avx512cd, avx512bw, avx512vl, sha, fma, vzeroupper, avx512_vpopcntdq, avx512_vpclmulqdq, avx512_vaes, avx512_vnni, clflush, clflushopt, clwb, avx512_vbmi2, avx512_vbmi, hv, rdtscp, rdpid, fsrm, gfni, avx512_bitalg, f16c, cet_ibt, cet_ss, avx512_ifma
Processor Information for the first 12 processors :
  Max Mhz: 2688, Current Mhz: 2688, Mhz Limit: 2688

Memory: 4k page, system-wide physical 16114M (734M free)
TotalPageFile size 24306M (AvailPageFile size 30M)
current process WorkingSet (physical memory assigned to process): 255M, peak: 305M
current process commit charge ("private bytes"): 358M, peak: 410M

vm_info: OpenJDK 64-Bit Server VM (21.0.9+10-LTS) for windows-amd64 JRE (21.0.9+10-LTS), built on 2025-10-21T00:00:00Z by "admin" with unknown MS VC++:1942

END.
