#
# There is insufficient memory for the Java Runtime Environment to continue.
# Native memory allocation (malloc) failed to allocate 1863696 bytes. Error detail: Chunk::new
# Possible reasons:
#   The system is out of physical RAM or swap space
#   This process is running with CompressedOops enabled, and the Java Heap may be blocking the growth of the native heap
# Possible solutions:
#   Reduce memory load on the system
#   Increase physical memory or swap space
#   Check if swap backing store is full
#   Decrease Java heap size (-Xmx/-Xms)
#   Decrease number of Java threads
#   Decrease Java thread stack sizes (-Xss)
#   Set larger code cache with -XX:ReservedCodeCacheSize=
#   JVM is running with Unscaled Compressed Oops mode in which the Java heap is
#     placed in the first 4GB address space. The Java Heap base address is the
#     maximum limit for the native heap growth. Please use -XX:HeapBaseMinAddress
#     to set the Java Heap base and to place the Java Heap above 4GB virtual address.
# This output file may be truncated or incomplete.
#
#  Out of Memory Error (arena.cpp:168), pid=15752, tid=6600
#
# JRE version: OpenJDK Runtime Environment (21.0.8) (build 21.0.8+-14196175-b1038.72)
# Java VM: OpenJDK 64-Bit Server VM (21.0.8+-14196175-b1038.72, mixed mode, tiered, compressed oops, compressed class ptrs, g1 gc, windows-amd64)
# No core dump will be written. Minidumps are not enabled by default on client versions of Windows
#

---------------  S U M M A R Y ------------

Command Line: --add-opens=java.base/java.lang=ALL-UNNAMED --add-opens=java.base/java.lang.invoke=ALL-UNNAMED --add-opens=java.base/java.util=ALL-UNNAMED --add-opens=java.prefs/java.util.prefs=ALL-UNNAMED --add-exports=jdk.compiler/com.sun.tools.javac.api=ALL-UNNAMED --add-exports=jdk.compiler/com.sun.tools.javac.util=ALL-UNNAMED --add-opens=java.base/java.util=ALL-UNNAMED --add-opens=java.prefs/java.util.prefs=ALL-UNNAMED --add-opens=java.base/java.nio.charset=ALL-UNNAMED --add-opens=java.base/java.net=ALL-UNNAMED --add-opens=java.base/java.util.concurrent.atomic=ALL-UNNAMED --add-opens=java.xml/javax.xml.namespace=ALL-UNNAMED -Xmx2048m -Dfile.encoding=UTF-8 -Duser.country=FR -Duser.language=fr -Duser.variant -javaagent:C:\Users\DELL\.gradle\wrapper\dists\gradle-8.13-bin\5xuhj0ry160q40clulazy9h7d\gradle-8.13\lib\agents\gradle-instrumentation-agent-8.13.jar org.gradle.launcher.daemon.bootstrap.GradleDaemon 8.13

Host: 11th Gen Intel(R) Core(TM) i5-11400H @ 2.70GHz, 12 cores, 15G,  Windows 11 , 64 bit Build 26100 (10.0.26100.7309)
Time: Sun Dec  7 20:09:33 2025 Afr. centrale Ouest elapsed time: 6.306846 seconds (0d 0h 0m 6s)

---------------  T H R E A D  ---------------

Current thread (0x0000020df1eed560):  JavaThread "C2 CompilerThread0" daemon [_thread_in_native, id=6600, stack(0x00000084d7400000,0x00000084d7500000) (1024K)]


Current CompileTask:
C2:6306 2901   !   4       java.net.URLClassLoader::findClass (47 bytes)

Stack: [0x00000084d7400000,0x00000084d7500000]
Native frames: (J=compiled Java code, j=interpreted, Vv=VM code, C=native code)
V  [jvm.dll+0x6d68d9]
V  [jvm.dll+0x866693]
V  [jvm.dll+0x868c4e]
V  [jvm.dll+0x869333]
V  [jvm.dll+0x280566]
V  [jvm.dll+0xc07cd]
V  [jvm.dll+0xc0d03]
V  [jvm.dll+0x3b95e1]
V  [jvm.dll+0x385507]
V  [jvm.dll+0x38497a]
V  [jvm.dll+0x249252]
V  [jvm.dll+0x248821]
V  [jvm.dll+0x1c73a4]
V  [jvm.dll+0x257f9e]
V  [jvm.dll+0x2564e6]
V  [jvm.dll+0x3f4696]
V  [jvm.dll+0x80eac8]
V  [jvm.dll+0x6d512d]
C  [ucrtbase.dll+0x37b0]
C  [KERNEL32.DLL+0x2e8d7]
C  [ntdll.dll+0x8c53c]


---------------  P R O C E S S  ---------------

Threads class SMR info:
_java_thread_list=0x0000020df8741830, length=25, elements={
0x0000020dd7df8330, 0x0000020df1eb8b10, 0x0000020df1ebe7b0, 0x0000020df1ebf210,
0x0000020df1edd3e0, 0x0000020df1ee6170, 0x0000020df1ee7740, 0x0000020df1eeb4c0,
0x0000020df1eed560, 0x0000020df1eef9e0, 0x0000020df21ce8a0, 0x0000020df7e84390,
0x0000020df81998e0, 0x0000020df81d64b0, 0x0000020df83a47b0, 0x0000020df83b7aa0,
0x0000020df82ae220, 0x0000020df82aeca0, 0x0000020df82fa720, 0x0000020df82fadb0,
0x0000020df82fb440, 0x0000020df82f9370, 0x0000020df82fbad0, 0x0000020df82f9a00,
0x0000020df895fd00
}

Java Threads: ( => current thread )
  0x0000020dd7df8330 JavaThread "main"                              [_thread_blocked, id=24740, stack(0x00000084d6500000,0x00000084d6600000) (1024K)]
  0x0000020df1eb8b10 JavaThread "Common-Cleaner"             daemon [_thread_blocked, id=5432, stack(0x00000084d6d00000,0x00000084d6e00000) (1024K)]
  0x0000020df1ebe7b0 JavaThread "Reference Handler"          daemon [_thread_blocked, id=25476, stack(0x00000084d6e00000,0x00000084d6f00000) (1024K)]
  0x0000020df1ebf210 JavaThread "Finalizer"                  daemon [_thread_blocked, id=13172, stack(0x00000084d6f00000,0x00000084d7000000) (1024K)]
  0x0000020df1edd3e0 JavaThread "Signal Dispatcher"          daemon [_thread_blocked, id=11776, stack(0x00000084d7000000,0x00000084d7100000) (1024K)]
  0x0000020df1ee6170 JavaThread "Attach Listener"            daemon [_thread_blocked, id=14568, stack(0x00000084d7100000,0x00000084d7200000) (1024K)]
  0x0000020df1ee7740 JavaThread "Service Thread"             daemon [_thread_blocked, id=6544, stack(0x00000084d7200000,0x00000084d7300000) (1024K)]
  0x0000020df1eeb4c0 JavaThread "Monitor Deflation Thread"   daemon [_thread_blocked, id=14404, stack(0x00000084d7300000,0x00000084d7400000) (1024K)]
=>0x0000020df1eed560 JavaThread "C2 CompilerThread0"         daemon [_thread_in_native, id=6600, stack(0x00000084d7400000,0x00000084d7500000) (1024K)]
  0x0000020df1eef9e0 JavaThread "C1 CompilerThread0"         daemon [_thread_blocked, id=10408, stack(0x00000084d7500000,0x00000084d7600000) (1024K)]
  0x0000020df21ce8a0 JavaThread "Notification Thread"        daemon [_thread_blocked, id=22132, stack(0x00000084d7600000,0x00000084d7700000) (1024K)]
  0x0000020df7e84390 JavaThread "Daemon health stats"               [_thread_blocked, id=2992, stack(0x00000084d7f00000,0x00000084d8000000) (1024K)]
  0x0000020df81998e0 JavaThread "Incoming local TCP Connector on port 64650"        [_thread_in_native, id=24888, stack(0x00000084d8000000,0x00000084d8100000) (1024K)]
  0x0000020df81d64b0 JavaThread "Daemon periodic checks"            [_thread_blocked, id=11992, stack(0x00000084d8100000,0x00000084d8200000) (1024K)]
  0x0000020df83a47b0 JavaThread "Daemon"                            [_thread_blocked, id=23580, stack(0x00000084d8200000,0x00000084d8300000) (1024K)]
  0x0000020df83b7aa0 JavaThread "Handler for socket connection from /127.0.0.1:64650 to /127.0.0.1:64651"        [_thread_in_native, id=25824, stack(0x00000084d8300000,0x00000084d8400000) (1024K)]
  0x0000020df82ae220 JavaThread "Cancel handler"                    [_thread_blocked, id=2708, stack(0x00000084d8400000,0x00000084d8500000) (1024K)]
  0x0000020df82aeca0 JavaThread "Daemon worker"                     [_thread_in_vm, id=2588, stack(0x00000084d8500000,0x00000084d8600000) (1024K)]
  0x0000020df82fa720 JavaThread "Asynchronous log dispatcher for DefaultDaemonConnection: socket connection from /127.0.0.1:64650 to /127.0.0.1:64651"        [_thread_blocked, id=22084, stack(0x00000084d8600000,0x00000084d8700000) (1024K)]
  0x0000020df82fadb0 JavaThread "Stdin handler"                     [_thread_blocked, id=11960, stack(0x00000084d8700000,0x00000084d8800000) (1024K)]
  0x0000020df82fb440 JavaThread "Daemon client event forwarder"        [_thread_blocked, id=20400, stack(0x00000084d8800000,0x00000084d8900000) (1024K)]
  0x0000020df82f9370 JavaThread "Cache worker for journal cache (C:\Users\DELL\.gradle\caches\journal-1)"        [_thread_blocked, id=16904, stack(0x00000084d8c00000,0x00000084d8d00000) (1024K)]
  0x0000020df82fbad0 JavaThread "File lock request listener"        [_thread_in_native, id=16204, stack(0x00000084d8d00000,0x00000084d8e00000) (1024K)]
  0x0000020df82f9a00 JavaThread "Cache worker for file hash cache (C:\Users\DELL\.gradle\caches\8.13\fileHashes)"        [_thread_blocked, id=26476, stack(0x00000084d8f00000,0x00000084d9000000) (1024K)]
  0x0000020df895fd00 JavaThread "C2 CompilerThread1"         daemon [_thread_in_native, id=26172, stack(0x00000084d8e00000,0x00000084d8f00000) (1024K)]
Total: 25

Other Threads:
  0x0000020df1d9be50 VMThread "VM Thread"                           [id=16800, stack(0x00000084d6c00000,0x00000084d6d00000) (1024K)]
  0x0000020df1e50da0 WatcherThread "VM Periodic Task Thread"        [id=19624, stack(0x00000084d6b00000,0x00000084d6c00000) (1024K)]
  0x0000020dda2e6bb0 WorkerThread "GC Thread#0"                     [id=23092, stack(0x00000084d6600000,0x00000084d6700000) (1024K)]
  0x0000020df232b020 WorkerThread "GC Thread#1"                     [id=10672, stack(0x00000084d7900000,0x00000084d7a00000) (1024K)]
  0x0000020df232b3c0 WorkerThread "GC Thread#2"                     [id=22412, stack(0x00000084d7a00000,0x00000084d7b00000) (1024K)]
  0x0000020df232b760 WorkerThread "GC Thread#3"                     [id=12188, stack(0x00000084d7b00000,0x00000084d7c00000) (1024K)]
  0x0000020df24e9980 WorkerThread "GC Thread#4"                     [id=18880, stack(0x00000084d7c00000,0x00000084d7d00000) (1024K)]
  0x0000020df24e9d20 WorkerThread "GC Thread#5"                     [id=3624, stack(0x00000084d7d00000,0x00000084d7e00000) (1024K)]
  0x0000020df80ec680 WorkerThread "GC Thread#6"                     [id=23692, stack(0x00000084d7700000,0x00000084d7800000) (1024K)]
  0x0000020df81084d0 WorkerThread "GC Thread#7"                     [id=1072, stack(0x00000084d7800000,0x00000084d7900000) (1024K)]
  0x0000020df8235850 WorkerThread "GC Thread#8"                     [id=17176, stack(0x00000084d7e00000,0x00000084d7f00000) (1024K)]
  0x0000020df80d1e50 WorkerThread "GC Thread#9"                     [id=10372, stack(0x00000084d8900000,0x00000084d8a00000) (1024K)]
  0x0000020dda2f88e0 ConcurrentGCThread "G1 Main Marker"            [id=23868, stack(0x00000084d6700000,0x00000084d6800000) (1024K)]
  0x0000020dda2f92f0 WorkerThread "G1 Conc#0"                       [id=24900, stack(0x00000084d6800000,0x00000084d6900000) (1024K)]
  0x0000020df80d2590 WorkerThread "G1 Conc#1"                       [id=18096, stack(0x00000084d8a00000,0x00000084d8b00000) (1024K)]
  0x0000020df80d2930 WorkerThread "G1 Conc#2"                       [id=24096, stack(0x00000084d8b00000,0x00000084d8c00000) (1024K)]
  0x0000020dda34e860 ConcurrentGCThread "G1 Refine#0"               [id=20240, stack(0x00000084d6900000,0x00000084d6a00000) (1024K)]
  0x0000020df1ca86d0 ConcurrentGCThread "G1 Service"                [id=25300, stack(0x00000084d6a00000,0x00000084d6b00000) (1024K)]
Total: 18

Threads with active compile tasks:
C2 CompilerThread0  6336 2901   !   4       java.net.URLClassLoader::findClass (47 bytes)
C2 CompilerThread1  6337 2902       4       java.net.URLClassLoader$1::run (5 bytes)
Total: 2

VM state: not at safepoint (normal execution)

VM Mutex/Monitor currently owned by a thread: None

Heap address: 0x0000000080000000, size: 2048 MB, Compressed Oops mode: 32-bit

CDS archive(s) not mapped
Compressed class space mapped at: 0x0000000100000000-0x0000000140000000, reserved size: 1073741824
Narrow klass base: 0x0000000000000000, Narrow klass shift: 3, Narrow klass range: 0x140000000

GC Precious Log:
 CardTable entry size: 512
 Card Set container configuration: InlinePtr #cards 5 size 8 Array Of Cards #cards 12 size 40 Howl #buckets 4 coarsen threshold 1843 Howl Bitmap #cards 512 size 80 coarsen threshold 460 Card regions per heap region 1 cards per card region 2048
 CPUs: 12 total, 12 available
 Memory: 16114M
 Large Page Support: Disabled
 NUMA Support: Disabled
 Compressed Oops: Enabled (32-bit)
 Heap Region Size: 1M
 Heap Min Capacity: 8M
 Heap Initial Capacity: 252M
 Heap Max Capacity: 2G
 Pre-touch: Disabled
 Parallel Workers: 10
 Concurrent Workers: 3
 Concurrent Refinement Workers: 10
 Periodic GC: Disabled

Heap:
 garbage-first heap   total 82944K, used 27109K [0x0000000080000000, 0x0000000100000000)
  region size 1024K, 16 young (16384K), 11 survivors (11264K)
 Metaspace       used 29958K, committed 30528K, reserved 1114112K
  class space    used 3978K, committed 4224K, reserved 1048576K

Heap Regions: E=young(eden), S=young(survivor), O=old, HS=humongous(starts), HC=humongous(continues), CS=collection set, F=free, TAMS=top-at-mark-start, PB=parsable bottom
|   0|0x0000000080000000, 0x0000000080100000, 0x0000000080100000|100%|HS|  |TAMS 0x0000000080000000| PB 0x0000000080000000| Complete 
|   1|0x0000000080100000, 0x0000000080200000, 0x0000000080200000|100%|HC|  |TAMS 0x0000000080100000| PB 0x0000000080100000| Complete 
|   2|0x0000000080200000, 0x0000000080300000, 0x0000000080300000|100%|HC|  |TAMS 0x0000000080200000| PB 0x0000000080200000| Complete 
|   3|0x0000000080300000, 0x0000000080400000, 0x0000000080400000|100%| O|  |TAMS 0x0000000080300000| PB 0x0000000080300000| Untracked 
|   4|0x0000000080400000, 0x0000000080500000, 0x0000000080500000|100%| O|  |TAMS 0x0000000080400000| PB 0x0000000080400000| Untracked 
|   5|0x0000000080500000, 0x0000000080600000, 0x0000000080600000|100%| O|  |TAMS 0x0000000080500000| PB 0x0000000080500000| Untracked 
|   6|0x0000000080600000, 0x0000000080700000, 0x0000000080700000|100%|HS|  |TAMS 0x0000000080600000| PB 0x0000000080600000| Complete 
|   7|0x0000000080700000, 0x0000000080700000, 0x0000000080800000|  0%| F|  |TAMS 0x0000000080700000| PB 0x0000000080700000| Untracked 
|   8|0x0000000080800000, 0x0000000080900000, 0x0000000080900000|100%| O|  |TAMS 0x0000000080800000| PB 0x0000000080800000| Untracked 
|   9|0x0000000080900000, 0x0000000080a00000, 0x0000000080a00000|100%| O|  |TAMS 0x0000000080900000| PB 0x0000000080900000| Untracked 
|  10|0x0000000080a00000, 0x0000000080b00000, 0x0000000080b00000|100%| O|  |TAMS 0x0000000080a00000| PB 0x0000000080a00000| Untracked 
|  11|0x0000000080b00000, 0x0000000080c00000, 0x0000000080c00000|100%| O|  |TAMS 0x0000000080b00000| PB 0x0000000080b00000| Untracked 
|  12|0x0000000080c00000, 0x0000000080c81e20, 0x0000000080d00000| 50%| O|Cm|TAMS 0x0000000080c00000| PB 0x0000000080c00000| Complete 
|  13|0x0000000080d00000, 0x0000000080d00000, 0x0000000080e00000|  0%| F|  |TAMS 0x0000000080d00000| PB 0x0000000080d00000| Untracked 
|  14|0x0000000080e00000, 0x0000000080e00000, 0x0000000080f00000|  0%| F|  |TAMS 0x0000000080e00000| PB 0x0000000080e00000| Untracked 
|  15|0x0000000080f00000, 0x0000000080f00000, 0x0000000081000000|  0%| F|  |TAMS 0x0000000080f00000| PB 0x0000000080f00000| Untracked 
|  16|0x0000000081000000, 0x0000000081000000, 0x0000000081100000|  0%| F|  |TAMS 0x0000000081000000| PB 0x0000000081000000| Untracked 
|  17|0x0000000081100000, 0x0000000081100000, 0x0000000081200000|  0%| F|  |TAMS 0x0000000081100000| PB 0x0000000081100000| Untracked 
|  18|0x0000000081200000, 0x0000000081200000, 0x0000000081300000|  0%| F|  |TAMS 0x0000000081200000| PB 0x0000000081200000| Untracked 
|  19|0x0000000081300000, 0x0000000081300000, 0x0000000081400000|  0%| F|  |TAMS 0x0000000081300000| PB 0x0000000081300000| Untracked 
|  20|0x0000000081400000, 0x0000000081400000, 0x0000000081500000|  0%| F|  |TAMS 0x0000000081400000| PB 0x0000000081400000| Untracked 
|  21|0x0000000081500000, 0x0000000081500000, 0x0000000081600000|  0%| F|  |TAMS 0x0000000081500000| PB 0x0000000081500000| Untracked 
|  22|0x0000000081600000, 0x0000000081600000, 0x0000000081700000|  0%| F|  |TAMS 0x0000000081600000| PB 0x0000000081600000| Untracked 
|  23|0x0000000081700000, 0x0000000081700000, 0x0000000081800000|  0%| F|  |TAMS 0x0000000081700000| PB 0x0000000081700000| Untracked 
|  24|0x0000000081800000, 0x0000000081800000, 0x0000000081900000|  0%| F|  |TAMS 0x0000000081800000| PB 0x0000000081800000| Untracked 
|  25|0x0000000081900000, 0x0000000081900000, 0x0000000081a00000|  0%| F|  |TAMS 0x0000000081900000| PB 0x0000000081900000| Untracked 
|  26|0x0000000081a00000, 0x0000000081a00000, 0x0000000081b00000|  0%| F|  |TAMS 0x0000000081a00000| PB 0x0000000081a00000| Untracked 
|  27|0x0000000081b00000, 0x0000000081b00000, 0x0000000081c00000|  0%| F|  |TAMS 0x0000000081b00000| PB 0x0000000081b00000| Untracked 
|  28|0x0000000081c00000, 0x0000000081c00000, 0x0000000081d00000|  0%| F|  |TAMS 0x0000000081c00000| PB 0x0000000081c00000| Untracked 
|  29|0x0000000081d00000, 0x0000000081d00000, 0x0000000081e00000|  0%| F|  |TAMS 0x0000000081d00000| PB 0x0000000081d00000| Untracked 
|  30|0x0000000081e00000, 0x0000000081e00000, 0x0000000081f00000|  0%| F|  |TAMS 0x0000000081e00000| PB 0x0000000081e00000| Untracked 
|  31|0x0000000081f00000, 0x0000000081f00000, 0x0000000082000000|  0%| F|  |TAMS 0x0000000081f00000| PB 0x0000000081f00000| Untracked 
|  32|0x0000000082000000, 0x0000000082000000, 0x0000000082100000|  0%| F|  |TAMS 0x0000000082000000| PB 0x0000000082000000| Untracked 
|  33|0x0000000082100000, 0x0000000082100000, 0x0000000082200000|  0%| F|  |TAMS 0x0000000082100000| PB 0x0000000082100000| Untracked 
|  34|0x0000000082200000, 0x0000000082200000, 0x0000000082300000|  0%| F|  |TAMS 0x0000000082200000| PB 0x0000000082200000| Untracked 
|  35|0x0000000082300000, 0x0000000082300000, 0x0000000082400000|  0%| F|  |TAMS 0x0000000082300000| PB 0x0000000082300000| Untracked 
|  36|0x0000000082400000, 0x0000000082400000, 0x0000000082500000|  0%| F|  |TAMS 0x0000000082400000| PB 0x0000000082400000| Untracked 
|  37|0x0000000082500000, 0x0000000082500000, 0x0000000082600000|  0%| F|  |TAMS 0x0000000082500000| PB 0x0000000082500000| Untracked 
|  38|0x0000000082600000, 0x0000000082600000, 0x0000000082700000|  0%| F|  |TAMS 0x0000000082600000| PB 0x0000000082600000| Untracked 
|  39|0x0000000082700000, 0x0000000082700000, 0x0000000082800000|  0%| F|  |TAMS 0x0000000082700000| PB 0x0000000082700000| Untracked 
|  40|0x0000000082800000, 0x0000000082800000, 0x0000000082900000|  0%| F|  |TAMS 0x0000000082800000| PB 0x0000000082800000| Untracked 
|  41|0x0000000082900000, 0x0000000082900000, 0x0000000082a00000|  0%| F|  |TAMS 0x0000000082900000| PB 0x0000000082900000| Untracked 
|  42|0x0000000082a00000, 0x0000000082a00000, 0x0000000082b00000|  0%| F|  |TAMS 0x0000000082a00000| PB 0x0000000082a00000| Untracked 
|  43|0x0000000082b00000, 0x0000000082b00000, 0x0000000082c00000|  0%| F|  |TAMS 0x0000000082b00000| PB 0x0000000082b00000| Untracked 
|  44|0x0000000082c00000, 0x0000000082c00000, 0x0000000082d00000|  0%| F|  |TAMS 0x0000000082c00000| PB 0x0000000082c00000| Untracked 
|  45|0x0000000082d00000, 0x0000000082d00000, 0x0000000082e00000|  0%| F|  |TAMS 0x0000000082d00000| PB 0x0000000082d00000| Untracked 
|  46|0x0000000082e00000, 0x0000000082e00000, 0x0000000082f00000|  0%| F|  |TAMS 0x0000000082e00000| PB 0x0000000082e00000| Untracked 
|  47|0x0000000082f00000, 0x0000000082f00000, 0x0000000083000000|  0%| F|  |TAMS 0x0000000082f00000| PB 0x0000000082f00000| Untracked 
|  48|0x0000000083000000, 0x0000000083000000, 0x0000000083100000|  0%| F|  |TAMS 0x0000000083000000| PB 0x0000000083000000| Untracked 
|  49|0x0000000083100000, 0x0000000083100000, 0x0000000083200000|  0%| F|  |TAMS 0x0000000083100000| PB 0x0000000083100000| Untracked 
|  50|0x0000000083200000, 0x0000000083200000, 0x0000000083300000|  0%| F|  |TAMS 0x0000000083200000| PB 0x0000000083200000| Untracked 
|  51|0x0000000083300000, 0x0000000083300000, 0x0000000083400000|  0%| F|  |TAMS 0x0000000083300000| PB 0x0000000083300000| Untracked 
|  52|0x0000000083400000, 0x0000000083400000, 0x0000000083500000|  0%| F|  |TAMS 0x0000000083400000| PB 0x0000000083400000| Untracked 
|  53|0x0000000083500000, 0x0000000083500000, 0x0000000083600000|  0%| F|  |TAMS 0x0000000083500000| PB 0x0000000083500000| Untracked 
|  54|0x0000000083600000, 0x0000000083600000, 0x0000000083700000|  0%| F|  |TAMS 0x0000000083600000| PB 0x0000000083600000| Untracked 
|  55|0x0000000083700000, 0x0000000083700000, 0x0000000083800000|  0%| F|  |TAMS 0x0000000083700000| PB 0x0000000083700000| Untracked 
|  56|0x0000000083800000, 0x0000000083800000, 0x0000000083900000|  0%| F|  |TAMS 0x0000000083800000| PB 0x0000000083800000| Untracked 
|  57|0x0000000083900000, 0x0000000083900000, 0x0000000083a00000|  0%| F|  |TAMS 0x0000000083900000| PB 0x0000000083900000| Untracked 
|  58|0x0000000083a00000, 0x0000000083a00000, 0x0000000083b00000|  0%| F|  |TAMS 0x0000000083a00000| PB 0x0000000083a00000| Untracked 
|  59|0x0000000083b00000, 0x0000000083b00000, 0x0000000083c00000|  0%| F|  |TAMS 0x0000000083b00000| PB 0x0000000083b00000| Untracked 
|  60|0x0000000083c00000, 0x0000000083d00000, 0x0000000083d00000|100%| S|CS|TAMS 0x0000000083c00000| PB 0x0000000083c00000| Complete 
|  61|0x0000000083d00000, 0x0000000083e00000, 0x0000000083e00000|100%| S|CS|TAMS 0x0000000083d00000| PB 0x0000000083d00000| Complete 
|  62|0x0000000083e00000, 0x0000000083f00000, 0x0000000083f00000|100%| S|CS|TAMS 0x0000000083e00000| PB 0x0000000083e00000| Complete 
|  63|0x0000000083f00000, 0x0000000084000000, 0x0000000084000000|100%| S|CS|TAMS 0x0000000083f00000| PB 0x0000000083f00000| Complete 
|  64|0x0000000084000000, 0x0000000084100000, 0x0000000084100000|100%| S|CS|TAMS 0x0000000084000000| PB 0x0000000084000000| Complete 
|  65|0x0000000084100000, 0x0000000084200000, 0x0000000084200000|100%| S|CS|TAMS 0x0000000084100000| PB 0x0000000084100000| Complete 
|  66|0x0000000084200000, 0x0000000084300000, 0x0000000084300000|100%| S|CS|TAMS 0x0000000084200000| PB 0x0000000084200000| Complete 
|  67|0x0000000084300000, 0x0000000084400000, 0x0000000084400000|100%| S|CS|TAMS 0x0000000084300000| PB 0x0000000084300000| Complete 
|  68|0x0000000084400000, 0x0000000084500000, 0x0000000084500000|100%| S|CS|TAMS 0x0000000084400000| PB 0x0000000084400000| Complete 
|  69|0x0000000084500000, 0x0000000084600000, 0x0000000084600000|100%| S|CS|TAMS 0x0000000084500000| PB 0x0000000084500000| Complete 
|  70|0x0000000084600000, 0x00000000846f79b0, 0x0000000084700000| 96%| S|CS|TAMS 0x0000000084600000| PB 0x0000000084600000| Complete 
| 220|0x000000008dc00000, 0x000000008dc00000, 0x000000008dd00000|  0%| F|  |TAMS 0x000000008dc00000| PB 0x000000008dc00000| Untracked 
| 221|0x000000008dd00000, 0x000000008dd00000, 0x000000008de00000|  0%| F|  |TAMS 0x000000008dd00000| PB 0x000000008dd00000| Untracked 
| 222|0x000000008de00000, 0x000000008de00000, 0x000000008df00000|  0%| F|  |TAMS 0x000000008de00000| PB 0x000000008de00000| Untracked 
| 223|0x000000008df00000, 0x000000008df00000, 0x000000008e000000|  0%| F|  |TAMS 0x000000008df00000| PB 0x000000008df00000| Untracked 
| 224|0x000000008e000000, 0x000000008e000000, 0x000000008e100000|  0%| F|  |TAMS 0x000000008e000000| PB 0x000000008e000000| Untracked 
| 225|0x000000008e100000, 0x000000008e17cf88, 0x000000008e200000| 48%| E|  |TAMS 0x000000008e100000| PB 0x000000008e100000| Complete 
| 226|0x000000008e200000, 0x000000008e300000, 0x000000008e300000|100%| E|CS|TAMS 0x000000008e200000| PB 0x000000008e200000| Complete 
| 227|0x000000008e300000, 0x000000008e400000, 0x000000008e400000|100%| E|CS|TAMS 0x000000008e300000| PB 0x000000008e300000| Complete 
| 228|0x000000008e400000, 0x000000008e500000, 0x000000008e500000|100%| E|CS|TAMS 0x000000008e400000| PB 0x000000008e400000| Complete 
| 251|0x000000008fb00000, 0x000000008fc00000, 0x000000008fc00000|100%| E|CS|TAMS 0x000000008fb00000| PB 0x000000008fb00000| Complete 

Card table byte_map: [0x0000020decd30000,0x0000020ded130000] _byte_map_base: 0x0000020dec930000

Marking Bits: (CMBitMap*) 0x0000020dda2e71c0
 Bits: [0x0000020ded130000, 0x0000020def130000)

Polling page: 0x0000020dd82a0000

Metaspace:

Usage:
  Non-class:     25.38 MB used.
      Class:      3.89 MB used.
       Both:     29.27 MB used.

Virtual space:
  Non-class space:       64.00 MB reserved,      25.69 MB ( 40%) committed,  1 nodes.
      Class space:        1.00 GB reserved,       4.12 MB ( <1%) committed,  1 nodes.
             Both:        1.06 GB reserved,      29.81 MB (  3%) committed. 

Chunk freelists:
   Non-Class:  6.05 MB
       Class:  11.88 MB
        Both:  17.93 MB

MaxMetaspaceSize: unlimited
CompressedClassSpaceSize: 1.00 GB
Initial GC threshold: 21.00 MB
Current GC threshold: 35.12 MB
CDS: off
 - commit_granule_bytes: 65536.
 - commit_granule_words: 8192.
 - virtual_space_node_default_size: 8388608.
 - enlarge_chunks_in_place: 1.
 - use_allocation_guard: 0.


Internal statistics:

num_allocs_failed_limit: 3.
num_arena_births: 864.
num_arena_deaths: 0.
num_vsnodes_births: 2.
num_vsnodes_deaths: 0.
num_space_committed: 477.
num_space_uncommitted: 0.
num_chunks_returned_to_freelist: 3.
num_chunks_taken_from_freelist: 1692.
num_chunk_merges: 3.
num_chunk_splits: 1084.
num_chunks_enlarged: 690.
num_inconsistent_stats: 0.

CodeHeap 'non-profiled nmethods': size=120000Kb used=1568Kb max_used=1568Kb free=118432Kb
 bounds [0x0000020de4eb0000, 0x0000020de5120000, 0x0000020dec3e0000]
CodeHeap 'profiled nmethods': size=120000Kb used=5886Kb max_used=5886Kb free=114113Kb
 bounds [0x0000020ddd3e0000, 0x0000020ddd9a0000, 0x0000020de4910000]
CodeHeap 'non-nmethods': size=5760Kb used=1639Kb max_used=1674Kb free=4120Kb
 bounds [0x0000020de4910000, 0x0000020de4b80000, 0x0000020de4eb0000]
CodeCache: size=245760Kb, used=9093Kb, max_used=9128Kb, free=236665Kb
 total_blobs=3532, nmethods=2957, adapters=479, full_count=0
Compilation: enabled, stopped_count=0, restarted_count=0

Compilation events (20 events):
Event: 5.187 Thread 0x0000020df1eef9e0 2943       3       java.lang.ref.ReferenceQueue::signal (10 bytes)
Event: 5.187 Thread 0x0000020df1eef9e0 nmethod 2943 0x0000020ddd99a790 code [0x0000020ddd99a980, 0x0000020ddd99ad70]
Event: 5.197 Thread 0x0000020df1eef9e0 2950       3       java.util.concurrent.locks.ReentrantLock$NonfairSync::tryAcquire (27 bytes)
Event: 5.198 Thread 0x0000020df1eef9e0 nmethod 2950 0x0000020ddd99af10 code [0x0000020ddd99b0e0, 0x0000020ddd99b360]
Event: 5.198 Thread 0x0000020df1eef9e0 2951       3       java.util.concurrent.TimeUnit::toNanos (45 bytes)
Event: 5.198 Thread 0x0000020df1eef9e0 nmethod 2951 0x0000020ddd99b410 code [0x0000020ddd99b5c0, 0x0000020ddd99b810]
Event: 5.249 Thread 0x0000020df1eef9e0 2952       3       java.util.concurrent.locks.AbstractQueuedSynchronizer$ConditionObject::canReacquire (38 bytes)
Event: 5.249 Thread 0x0000020df1eef9e0 nmethod 2952 0x0000020ddd99b890 code [0x0000020ddd99ba60, 0x0000020ddd99bda8]
Event: 5.272 Thread 0x0000020df1eef9e0 2953       3       org.gradle.internal.service.RelevantMethods$RelevantMethodsBuilder::add (101 bytes)
Event: 5.274 Thread 0x0000020df1eef9e0 nmethod 2953 0x0000020ddd99bf10 code [0x0000020ddd99c1e0, 0x0000020ddd99cea0]
Event: 5.277 Thread 0x0000020df1eef9e0 2954       3       java.lang.invoke.LambdaForm$MH/0x00000001001a4000::invoke (42 bytes)
Event: 5.278 Thread 0x0000020df1eef9e0 nmethod 2954 0x0000020ddd99d490 code [0x0000020ddd99d720, 0x0000020ddd99e3a0]
Event: 5.297 Thread 0x0000020df1eef9e0 2955       3       org.gradle.internal.service.DefaultServiceRegistry$SingletonService::getAll (38 bytes)
Event: 5.299 Thread 0x0000020df1eef9e0 nmethod 2955 0x0000020ddd99e810 code [0x0000020ddd99ea00, 0x0000020ddd99ee18]
Event: 5.299 Thread 0x0000020df1eef9e0 2956       3       org.gradle.internal.service.DefaultServiceRegistry$CollectingVisitor::visit (25 bytes)
Event: 5.299 Thread 0x0000020df1eef9e0 nmethod 2956 0x0000020ddd99ef90 code [0x0000020ddd99f160, 0x0000020ddd99f430]
Event: 5.464 Thread 0x0000020df1eef9e0 2960       1       jdk.internal.event.ThreadSleepEvent::isEnabled (2 bytes)
Event: 5.464 Thread 0x0000020df1eef9e0 nmethod 2960 0x0000020de5037a10 code [0x0000020de5037ba0, 0x0000020de5037c68]
Event: 5.479 Thread 0x0000020df1eef9e0 2962       1       org.gradle.launcher.daemon.server.exec.DaemonConnectionBackedEventConsumer::access$000 (5 bytes)
Event: 6.304 Thread 0x0000020df1eef9e0 nmethod 2962 0x0000020de5037d10 code [0x0000020de5037ea0, 0x0000020de5037f50]

GC Heap History (10 events):
Event: 0.508 GC heap before
{Heap before GC invocations=0 (full 0):
 garbage-first heap   total 258048K, used 22528K [0x0000000080000000, 0x0000000100000000)
  region size 1024K, 23 young (23552K), 0 survivors (0K)
 Metaspace       used 8088K, committed 8256K, reserved 1114112K
  class space    used 746K, committed 832K, reserved 1048576K
}
Event: 0.512 GC heap after
{Heap after GC invocations=1 (full 0):
 garbage-first heap   total 258048K, used 2429K [0x0000000080000000, 0x0000000100000000)
  region size 1024K, 3 young (3072K), 3 survivors (3072K)
 Metaspace       used 8088K, committed 8256K, reserved 1114112K
  class space    used 746K, committed 832K, reserved 1048576K
}
Event: 1.567 GC heap before
{Heap before GC invocations=1 (full 0):
 garbage-first heap   total 258048K, used 40317K [0x0000000080000000, 0x0000000100000000)
  region size 1024K, 38 young (38912K), 3 survivors (3072K)
 Metaspace       used 12336K, committed 12608K, reserved 1114112K
  class space    used 1348K, committed 1472K, reserved 1048576K
}
Event: 1.573 GC heap after
{Heap after GC invocations=2 (full 0):
 garbage-first heap   total 258048K, used 10783K [0x0000000080000000, 0x0000000100000000)
  region size 1024K, 5 young (5120K), 5 survivors (5120K)
 Metaspace       used 12336K, committed 12608K, reserved 1114112K
  class space    used 1348K, committed 1472K, reserved 1048576K
}
Event: 2.688 GC heap before
{Heap before GC invocations=2 (full 0):
 garbage-first heap   total 258048K, used 63007K [0x0000000080000000, 0x0000000100000000)
  region size 1024K, 54 young (55296K), 5 survivors (5120K)
 Metaspace       used 15536K, committed 15872K, reserved 1114112K
  class space    used 1789K, committed 1920K, reserved 1048576K
}
Event: 2.696 GC heap after
{Heap after GC invocations=3 (full 0):
 garbage-first heap   total 258048K, used 17743K [0x0000000080000000, 0x0000000100000000)
  region size 1024K, 6 young (6144K), 6 survivors (6144K)
 Metaspace       used 15536K, committed 15872K, reserved 1114112K
  class space    used 1789K, committed 1920K, reserved 1048576K
}
Event: 3.519 GC heap before
{Heap before GC invocations=3 (full 0):
 garbage-first heap   total 258048K, used 40271K [0x0000000080000000, 0x0000000100000000)
  region size 1024K, 29 young (29696K), 6 survivors (6144K)
 Metaspace       used 21194K, committed 21504K, reserved 1114112K
  class space    used 2539K, committed 2688K, reserved 1048576K
}
Event: 3.523 GC heap after
{Heap after GC invocations=4 (full 0):
 garbage-first heap   total 258048K, used 20121K [0x0000000080000000, 0x0000000100000000)
  region size 1024K, 9 young (9216K), 9 survivors (9216K)
 Metaspace       used 21194K, committed 21504K, reserved 1114112K
  class space    used 2539K, committed 2688K, reserved 1048576K
}
Event: 5.168 GC heap before
{Heap before GC invocations=5 (full 0):
 garbage-first heap   total 71680K, used 69273K [0x0000000080000000, 0x0000000100000000)
  region size 1024K, 58 young (59392K), 9 survivors (9216K)
 Metaspace       used 29495K, committed 30080K, reserved 1114112K
  class space    used 3900K, committed 4160K, reserved 1048576K
}
Event: 5.179 GC heap after
{Heap after GC invocations=6 (full 0):
 garbage-first heap   total 82944K, used 23013K [0x0000000080000000, 0x0000000100000000)
  region size 1024K, 11 young (11264K), 11 survivors (11264K)
 Metaspace       used 29495K, committed 30080K, reserved 1114112K
  class space    used 3900K, committed 4160K, reserved 1048576K
}

Dll operation events (3 events):
Event: 0.017 Loaded shared library C:\Program Files\Android\Android Studio\jbr\bin\java.dll
Event: 0.024 Loaded shared library C:\Program Files\Android\Android Studio\jbr\bin\zip.dll
Event: 0.594 Loaded shared library C:\Program Files\Android\Android Studio\jbr\bin\verify.dll

Deoptimization events (20 events):
Event: 4.349 Thread 0x0000020df82aeca0 Uncommon trap: trap_request=0xffffff45 fr.pc=0x0000020de4ed6d34 relative=0x0000000000000e34
Event: 4.349 Thread 0x0000020df82aeca0 Uncommon trap: reason=unstable_if action=reinterpret pc=0x0000020de4ed6d34 method=java.io.WinNTFileSystem.resolve(Ljava/lang/String;Ljava/lang/String;)Ljava/lang/String; @ 19 c2
Event: 4.349 Thread 0x0000020df82aeca0 DEOPT PACKING pc=0x0000020de4ed6d34 sp=0x00000084d85faef0
Event: 4.349 Thread 0x0000020df82aeca0 DEOPT UNPACKING pc=0x0000020de4967da2 sp=0x00000084d85fae88 mode 2
Event: 4.359 Thread 0x0000020df82aeca0 Uncommon trap: trap_request=0xffffff45 fr.pc=0x0000020de4f53060 relative=0x0000000000000680
Event: 4.359 Thread 0x0000020df82aeca0 Uncommon trap: reason=unstable_if action=reinterpret pc=0x0000020de4f53060 method=java.io.File.getName()Ljava/lang/String; @ 16 c2
Event: 4.359 Thread 0x0000020df82aeca0 DEOPT PACKING pc=0x0000020de4f53060 sp=0x00000084d85faeb0
Event: 4.359 Thread 0x0000020df82aeca0 DEOPT UNPACKING pc=0x0000020de4967da2 sp=0x00000084d85fae80 mode 2
Event: 4.483 Thread 0x0000020df82aeca0 Uncommon trap: trap_request=0xffffff45 fr.pc=0x0000020de4ede910 relative=0x00000000000000f0
Event: 4.483 Thread 0x0000020df82aeca0 Uncommon trap: reason=unstable_if action=reinterpret pc=0x0000020de4ede910 method=java.util.HashMap.hash(Ljava/lang/Object;)I @ 1 c2
Event: 4.483 Thread 0x0000020df82aeca0 DEOPT PACKING pc=0x0000020de4ede910 sp=0x00000084d85fbfb0
Event: 4.483 Thread 0x0000020df82aeca0 DEOPT UNPACKING pc=0x0000020de4967da2 sp=0x00000084d85fbef0 mode 2
Event: 4.701 Thread 0x0000020df82aeca0 DEOPT PACKING pc=0x0000020ddd849922 sp=0x00000084d85fc390
Event: 4.701 Thread 0x0000020df82aeca0 DEOPT UNPACKING pc=0x0000020de49688e2 sp=0x00000084d85fb8a0 mode 0
Event: 4.820 Thread 0x0000020df82aeca0 DEOPT PACKING pc=0x0000020ddd849901 sp=0x00000084d85f86c0
Event: 4.820 Thread 0x0000020df82aeca0 DEOPT UNPACKING pc=0x0000020de49688e2 sp=0x00000084d85f7bd0 mode 0
Event: 4.858 Thread 0x0000020df82aeca0 DEOPT PACKING pc=0x0000020ddd849901 sp=0x00000084d85f5ee0
Event: 4.858 Thread 0x0000020df82aeca0 DEOPT UNPACKING pc=0x0000020de49688e2 sp=0x00000084d85f53f0 mode 0
Event: 4.874 Thread 0x0000020df82aeca0 DEOPT PACKING pc=0x0000020ddd849922 sp=0x00000084d85fb810
Event: 4.874 Thread 0x0000020df82aeca0 DEOPT UNPACKING pc=0x0000020de49688e2 sp=0x00000084d85fad20 mode 0

Classes loaded (20 events):
Event: 4.726 Loading class java/util/Collections$2
Event: 4.726 Loading class java/util/Collections$2 done
Event: 4.868 Loading class java/util/function/LongFunction
Event: 4.868 Loading class java/util/function/LongFunction done
Event: 4.928 Loading class java/security/InvalidKeyException
Event: 4.928 Loading class java/security/KeyException
Event: 4.929 Loading class java/security/KeyException done
Event: 4.929 Loading class java/security/InvalidKeyException done
Event: 5.045 Loading class java/util/regex/Pattern$Dollar
Event: 5.045 Loading class java/util/regex/Pattern$Dollar done
Event: 5.055 Loading class java/io/ObjectOutputStream
Event: 5.056 Loading class java/io/ObjectOutput
Event: 5.057 Loading class java/io/ObjectOutput done
Event: 5.057 Loading class java/io/ObjectStreamConstants
Event: 5.057 Loading class java/io/ObjectStreamConstants done
Event: 5.057 Loading class java/io/ObjectOutputStream done
Event: 5.059 Loading class java/io/ObjectInputStream
Event: 5.060 Loading class java/io/ObjectInput
Event: 5.060 Loading class java/io/ObjectInput done
Event: 5.060 Loading class java/io/ObjectInputStream done

Classes unloaded (0 events):
No events

Classes redefined (0 events):
No events

Internal exceptions (20 events):
Event: 4.332 Thread 0x0000020df82aeca0 Exception <a 'java/lang/NoSuchMethodError'{0x0000000082422b10}: 'java.lang.Object java.lang.invoke.DirectMethodHandle$Holder.invokeVirtual(java.lang.Object, java.lang.Object, java.lang.Object, java.lang.Object, java.lang.Object, java.lang.Object, java.lang.Object, java.lang.Object, java.lang.Object, java.lang.Object)'> (0x0000000082422b10) 
thrown [s\src\hotspot\share\interpreter\linkResolver.cpp, line 784]
Event: 4.444 Thread 0x0000020df82aeca0 Exception <a 'java/lang/NoSuchMethodError'{0x0000000082204de8}: 'int java.lang.invoke.DirectMethodHandle$Holder.invokeSpecialIFC(java.lang.Object, java.lang.Object, java.lang.Object, java.lang.Object)'> (0x0000000082204de8) 
thrown [s\src\hotspot\share\interpreter\linkResolver.cpp, line 784]
Event: 4.446 Thread 0x0000020df82aeca0 Exception <a 'java/lang/IncompatibleClassChangeError'{0x0000000082212340}: Found class java.lang.Object, but interface was expected> (0x0000000082212340) 
thrown [s\src\hotspot\share\interpreter\linkResolver.cpp, line 851]
Event: 4.483 Thread 0x0000020df82aeca0 Implicit null exception at 0x0000020de4ede866 to 0x0000020de4ede906
Event: 4.617 Thread 0x0000020df82aeca0 Exception <a 'java/lang/NoSuchMethodError'{0x0000000081e88b48}: 'java.lang.Object java.lang.invoke.DelegatingMethodHandle$Holder.reinvoke_L(java.lang.Object, java.lang.Object, java.lang.Object, java.lang.Object, java.lang.Object, java.lang.Object, java.lang.Object, java.lang.Object, java.lang.Object, java.lang.Object, java.lang.Object, java.lang.Object, java.lang.Object, java.lang.Object, java.lang.Object, java.lang.Object, java.lang.Object, java.lang.Object, java.lang.Object, java.lang.Object, java.lang.O
Event: 4.623 Thread 0x0000020df82aeca0 Exception <a 'java/lang/NoSuchMethodError'{0x0000000081ef77b0}: 'java.lang.Object java.lang.invoke.DirectMethodHandle$Holder.invokeStatic(java.lang.Object, java.lang.Object, java.lang.Object, java.lang.Object, java.lang.Object, java.lang.Object, java.lang.Object, java.lang.Object, java.lang.Object, java.lang.Object, java.lang.Object, java.lang.Object, java.lang.Object, java.lang.Object, java.lang.Object, java.lang.Object, java.lang.Object)'> (0x0000000081ef77b0) 
thrown [s\src\hotspot\share\interpreter\lin
Event: 4.630 Thread 0x0000020df82aeca0 Exception <a 'java/lang/NoSuchMethodError'{0x0000000081d20a88}: 'java.lang.Object java.lang.invoke.DirectMethodHandle$Holder.invokeStatic(java.lang.Object, java.lang.Object, java.lang.Object, java.lang.Object, java.lang.Object, java.lang.Object, java.lang.Object, java.lang.Object, java.lang.Object, java.lang.Object, java.lang.Object, java.lang.Object, java.lang.Object, java.lang.Object, java.lang.Object, java.lang.Object, java.lang.Object, java.lang.Object)'> (0x0000000081d20a88) 
thrown [s\src\hotspot\sha
Event: 4.633 Thread 0x0000020df82aeca0 Exception <a 'java/lang/NoSuchMethodError'{0x0000000081d4ad00}: 'java.lang.Object java.lang.invoke.DirectMethodHandle$Holder.invokeStatic(java.lang.Object, java.lang.Object, java.lang.Object, java.lang.Object, java.lang.Object, java.lang.Object, java.lang.Object, java.lang.Object, java.lang.Object, java.lang.Object, java.lang.Object, java.lang.Object, java.lang.Object, java.lang.Object, java.lang.Object, java.lang.Object, java.lang.Object, java.lang.Object, java.lang.Object)'> (0x0000000081d4ad00) 
thrown 
Event: 4.636 Thread 0x0000020df82aeca0 Exception <a 'java/lang/NoSuchMethodError'{0x0000000081d763c0}: 'java.lang.Object java.lang.invoke.DirectMethodHandle$Holder.invokeStatic(java.lang.Object, java.lang.Object, java.lang.Object, java.lang.Object, java.lang.Object, java.lang.Object, java.lang.Object, java.lang.Object, java.lang.Object, java.lang.Object, java.lang.Object, java.lang.Object, java.lang.Object, java.lang.Object, java.lang.Object, java.lang.Object, java.lang.Object, java.lang.Object, java.lang.Object, java.lang.Object)'> (0x00000000
Event: 4.640 Thread 0x0000020df82aeca0 Exception <a 'java/lang/NoSuchMethodError'{0x0000000081da2ef0}: 'java.lang.Object java.lang.invoke.DirectMethodHandle$Holder.invokeStatic(java.lang.Object, java.lang.Object, java.lang.Object, java.lang.Object, java.lang.Object, java.lang.Object, java.lang.Object, java.lang.Object, java.lang.Object, java.lang.Object, java.lang.Object, java.lang.Object, java.lang.Object, java.lang.Object, java.lang.Object, java.lang.Object, java.lang.Object, java.lang.Object, java.lang.Object, java.lang.Object, java.lang.Obj
Event: 4.643 Thread 0x0000020df82aeca0 Exception <a 'java/lang/NoSuchMethodError'{0x0000000081dd0998}: 'java.lang.Object java.lang.invoke.DirectMethodHandle$Holder.invokeStatic(java.lang.Object, java.lang.Object, java.lang.Object, java.lang.Object, java.lang.Object, java.lang.Object, java.lang.Object, java.lang.Object, java.lang.Object, java.lang.Object, java.lang.Object, java.lang.Object, java.lang.Object, java.lang.Object, java.lang.Object, java.lang.Object, java.lang.Object, java.lang.Object, java.lang.Object, java.lang.Object, java.lang.Obj
Event: 4.647 Thread 0x0000020df82aeca0 Exception <a 'java/lang/NoSuchMethodError'{0x0000000081dff718}: 'java.lang.Object java.lang.invoke.DirectMethodHandle$Holder.invokeStatic(java.lang.Object, java.lang.Object, java.lang.Object, java.lang.Object, java.lang.Object, java.lang.Object, java.lang.Object, java.lang.Object, java.lang.Object, java.lang.Object, java.lang.Object, java.lang.Object, java.lang.Object, java.lang.Object, java.lang.Object, java.lang.Object, java.lang.Object, java.lang.Object, java.lang.Object, java.lang.Object, java.lang.Obj
Event: 4.651 Thread 0x0000020df82aeca0 Exception <a 'java/lang/NoSuchMethodError'{0x0000000081c2f020}: 'java.lang.Object java.lang.invoke.DirectMethodHandle$Holder.invokeStatic(java.lang.Object, java.lang.Object, java.lang.Object, java.lang.Object, java.lang.Object, java.lang.Object, java.lang.Object, java.lang.Object, java.lang.Object, java.lang.Object, java.lang.Object, java.lang.Object, java.lang.Object, java.lang.Object, java.lang.Object, java.lang.Object, java.lang.Object, java.lang.Object, java.lang.Object, java.lang.Object, java.lang.Obj
Event: 4.654 Thread 0x0000020df82aeca0 Exception <a 'java/lang/NoSuchMethodError'{0x0000000081c5f7a0}: 'java.lang.Object java.lang.invoke.DirectMethodHandle$Holder.invokeStatic(java.lang.Object, java.lang.Object, java.lang.Object, java.lang.Object, java.lang.Object, java.lang.Object, java.lang.Object, java.lang.Object, java.lang.Object, java.lang.Object, java.lang.Object, java.lang.Object, java.lang.Object, java.lang.Object, java.lang.Object, java.lang.Object, java.lang.Object, java.lang.Object, java.lang.Object, java.lang.Object, java.lang.Obj
Event: 4.656 Thread 0x0000020df82aeca0 Exception <a 'java/lang/NoSuchMethodError'{0x0000000081c908d0}: 'java.lang.Object java.lang.invoke.DirectMethodHandle$Holder.invokeStatic(java.lang.Object, java.lang.Object, java.lang.Object, java.lang.Object, java.lang.Object, java.lang.Object, java.lang.Object, java.lang.Object, java.lang.Object, java.lang.Object, java.lang.Object, java.lang.Object, java.lang.Object, java.lang.Object, java.lang.Object, java.lang.Object, java.lang.Object, java.lang.Object, java.lang.Object, java.lang.Object, java.lang.Obj
Event: 4.659 Thread 0x0000020df82aeca0 Exception <a 'java/lang/NoSuchMethodError'{0x0000000081cc3390}: 'java.lang.Object java.lang.invoke.DirectMethodHandle$Holder.invokeStatic(java.lang.Object, java.lang.Object, java.lang.Object, java.lang.Object, java.lang.Object, java.lang.Object, java.lang.Object, java.lang.Object, java.lang.Object, java.lang.Object, java.lang.Object, java.lang.Object, java.lang.Object, java.lang.Object, java.lang.Object, java.lang.Object, java.lang.Object, java.lang.Object, java.lang.Object, java.lang.Object, java.lang.Obj
Event: 4.703 Thread 0x0000020df82aeca0 Exception <a 'java/lang/IncompatibleClassChangeError'{0x0000000081beddf8}: Found class java.lang.Object, but interface was expected> (0x0000000081beddf8) 
thrown [s\src\hotspot\share\interpreter\linkResolver.cpp, line 851]
Event: 5.033 Thread 0x0000020df82aeca0 Exception <a 'java/lang/IncompatibleClassChangeError'{0x00000000810d5238}: Found class java.lang.Object, but interface was expected> (0x00000000810d5238) 
thrown [s\src\hotspot\share\interpreter\linkResolver.cpp, line 851]
Event: 5.039 Thread 0x0000020df82aeca0 Exception <a 'java/lang/NoSuchMethodError'{0x00000000810ffa40}: 'java.lang.Object java.lang.invoke.DirectMethodHandle$Holder.newInvokeSpecial(java.lang.Object, java.lang.Object, java.lang.Object, java.lang.Object, java.lang.Object, java.lang.Object, java.lang.Object, java.lang.Object, java.lang.Object, java.lang.Object)'> (0x00000000810ffa40) 
thrown [s\src\hotspot\share\interpreter\linkResolver.cpp, line 784]
Event: 5.300 Thread 0x0000020df82aeca0 Exception <a 'java/lang/NoSuchMethodError'{0x000000008e211460}: 'void java.lang.invoke.DirectMethodHandle$Holder.invokeVirtual(java.lang.Object, java.lang.Object, java.lang.Object, java.lang.Object, java.lang.Object)'> (0x000000008e211460) 
thrown [s\src\hotspot\share\interpreter\linkResolver.cpp, line 784]

ZGC Phase Switch (0 events):
No events

VM Operations (20 events):
Event: 3.058 Executing VM operation: HandshakeAllThreads (Deoptimize) done
Event: 3.244 Executing VM operation: HandshakeAllThreads (Deoptimize)
Event: 3.245 Executing VM operation: HandshakeAllThreads (Deoptimize) done
Event: 3.518 Executing VM operation: CollectForMetadataAllocation (Metadata GC Threshold)
Event: 3.523 Executing VM operation: CollectForMetadataAllocation (Metadata GC Threshold) done
Event: 3.529 Executing VM operation: G1PauseRemark
Event: 3.531 Executing VM operation: G1PauseRemark done
Event: 3.532 Executing VM operation: G1PauseCleanup
Event: 3.532 Executing VM operation: G1PauseCleanup done
Event: 4.140 Executing VM operation: HandshakeAllThreads (Deoptimize)
Event: 4.140 Executing VM operation: HandshakeAllThreads (Deoptimize) done
Event: 4.670 Executing VM operation: HandshakeAllThreads (Deoptimize)
Event: 4.671 Executing VM operation: HandshakeAllThreads (Deoptimize) done
Event: 4.671 Executing VM operation: Cleanup
Event: 4.671 Executing VM operation: Cleanup done
Event: 4.672 Executing VM operation: HandshakeAllThreads (Deoptimize)
Event: 4.672 Executing VM operation: HandshakeAllThreads (Deoptimize) done
Event: 5.168 Executing VM operation: G1CollectForAllocation (G1 Evacuation Pause)
Event: 5.179 Executing VM operation: G1CollectForAllocation (G1 Evacuation Pause) done
Event: 6.181 Executing VM operation: Cleanup

Memory protections (0 events):
No events

Nmethod flushes (0 events):
No events

Events (20 events):
Event: 1.720 Thread 0x0000020df25d9280 Thread exited: 0x0000020df25d9280
Event: 2.640 Loaded shared library C:\Program Files\Android\Android Studio\jbr\bin\management.dll
Event: 2.647 Loaded shared library C:\Program Files\Android\Android Studio\jbr\bin\management_ext.dll
Event: 2.717 Thread 0x0000020dd7df8330 Thread added: 0x0000020df7e84390
Event: 2.873 Loaded shared library C:\Program Files\Android\Android Studio\jbr\bin\extnet.dll
Event: 3.091 Thread 0x0000020dd7df8330 Thread added: 0x0000020df81998e0
Event: 3.202 Thread 0x0000020dd7df8330 Thread added: 0x0000020df81d64b0
Event: 3.289 Thread 0x0000020df81998e0 Thread added: 0x0000020df83a47b0
Event: 3.295 Thread 0x0000020df83a47b0 Thread added: 0x0000020df83b7aa0
Event: 3.380 Thread 0x0000020df83a47b0 Thread added: 0x0000020df82ae220
Event: 3.393 Thread 0x0000020df83a47b0 Thread added: 0x0000020df82aeca0
Event: 3.411 Thread 0x0000020df82aeca0 Thread added: 0x0000020df82fa720
Event: 3.419 Thread 0x0000020df82aeca0 Thread added: 0x0000020df82fadb0
Event: 3.422 Thread 0x0000020df82aeca0 Thread added: 0x0000020df82fb440
Event: 4.140 Thread 0x0000020df82aeca0 Thread added: 0x0000020df82f9370
Event: 4.156 Thread 0x0000020df82aeca0 Thread added: 0x0000020df82fbad0
Event: 4.186 Thread 0x0000020df1eef9e0 Thread added: 0x0000020df872c4e0
Event: 4.210 Thread 0x0000020df82aeca0 Thread added: 0x0000020df82f9a00
Event: 4.965 Thread 0x0000020df872c4e0 Thread exited: 0x0000020df872c4e0
Event: 5.080 Thread 0x0000020df1eef9e0 Thread added: 0x0000020df895fd00


Dynamic libraries:
0x00007ff790320000 - 0x00007ff79032a000 	C:\Program Files\Android\Android Studio\jbr\bin\java.exe
0x00007fff7a9a0000 - 0x00007fff7ac07000 	C:\WINDOWS\SYSTEM32\ntdll.dll
0x00007fff79190000 - 0x00007fff79259000 	C:\WINDOWS\System32\KERNEL32.DLL
0x00007fff77c30000 - 0x00007fff7801f000 	C:\WINDOWS\System32\KERNELBASE.dll
0x00007fff78030000 - 0x00007fff7817b000 	C:\WINDOWS\System32\ucrtbase.dll
0x00007fff07190000 - 0x00007fff071ab000 	C:\Program Files\Android\Android Studio\jbr\bin\VCRUNTIME140.dll
0x00007ffef9440000 - 0x00007ffef9458000 	C:\Program Files\Android\Android Studio\jbr\bin\jli.dll
0x00007fff78740000 - 0x00007fff78905000 	C:\WINDOWS\System32\USER32.dll
0x00007fff50d50000 - 0x00007fff50fe3000 	C:\WINDOWS\WinSxS\amd64_microsoft.windows.common-controls_6595b64144ccf1df_6.0.26100.7309_none_3e05feeae336a044\COMCTL32.dll
0x00007fff78180000 - 0x00007fff781a7000 	C:\WINDOWS\System32\win32u.dll
0x00007fff78a60000 - 0x00007fff78b09000 	C:\WINDOWS\System32\msvcrt.dll
0x00007fff7a8b0000 - 0x00007fff7a8db000 	C:\WINDOWS\System32\GDI32.dll
0x00007fff78330000 - 0x00007fff7845c000 	C:\WINDOWS\System32\gdi32full.dll
0x00007fff77b80000 - 0x00007fff77c23000 	C:\WINDOWS\System32\msvcp_win.dll
0x00007fff78b20000 - 0x00007fff78b51000 	C:\WINDOWS\System32\IMM32.DLL
0x00007fff33740000 - 0x00007fff3374c000 	C:\Program Files\Android\Android Studio\jbr\bin\vcruntime140_1.dll
0x00007ffe83da0000 - 0x00007ffe83e2d000 	C:\Program Files\Android\Android Studio\jbr\bin\msvcp140.dll
0x00007ffe84ee0000 - 0x00007ffe85b76000 	C:\Program Files\Android\Android Studio\jbr\bin\server\jvm.dll
0x00007fff79320000 - 0x00007fff793d4000 	C:\WINDOWS\System32\ADVAPI32.dll
0x00007fff79260000 - 0x00007fff79306000 	C:\WINDOWS\System32\sechost.dll
0x00007fff7a790000 - 0x00007fff7a8a8000 	C:\WINDOWS\System32\RPCRT4.dll
0x00007fff7a430000 - 0x00007fff7a4a4000 	C:\WINDOWS\System32\WS2_32.dll
0x00007fff766c0000 - 0x00007fff7671e000 	C:\WINDOWS\SYSTEM32\POWRPROF.dll
0x00007fff69d20000 - 0x00007fff69d55000 	C:\WINDOWS\SYSTEM32\WINMM.dll
0x00007fff6d340000 - 0x00007fff6d34b000 	C:\WINDOWS\SYSTEM32\VERSION.dll
0x00007fff766a0000 - 0x00007fff766b4000 	C:\WINDOWS\SYSTEM32\UMPDC.dll
0x00007fff76980000 - 0x00007fff7699b000 	C:\WINDOWS\SYSTEM32\kernel.appcore.dll
0x00007fff33590000 - 0x00007fff3359a000 	C:\Program Files\Android\Android Studio\jbr\bin\jimage.dll
0x00007fff751f0000 - 0x00007fff75432000 	C:\WINDOWS\SYSTEM32\DBGHELP.DLL
0x00007fff7a090000 - 0x00007fff7a416000 	C:\WINDOWS\System32\combase.dll
0x00007fff79090000 - 0x00007fff79166000 	C:\WINDOWS\System32\OLEAUT32.dll
0x00007fff583f0000 - 0x00007fff5842c000 	C:\WINDOWS\SYSTEM32\dbgcore.DLL
0x00007fff78690000 - 0x00007fff78735000 	C:\WINDOWS\System32\bcryptPrimitives.dll
0x00007ffefe820000 - 0x00007ffefe82e000 	C:\Program Files\Android\Android Studio\jbr\bin\instrument.dll
0x00007fff070f0000 - 0x00007fff07110000 	C:\Program Files\Android\Android Studio\jbr\bin\java.dll
0x00007fff05ab0000 - 0x00007fff05ac8000 	C:\Program Files\Android\Android Studio\jbr\bin\zip.dll
0x00007fff798f0000 - 0x00007fff7a043000 	C:\WINDOWS\System32\SHELL32.dll
0x00007fff78520000 - 0x00007fff7868a000 	C:\WINDOWS\System32\wintypes.dll
0x00007fff756d0000 - 0x00007fff75f2e000 	C:\WINDOWS\SYSTEM32\windows.storage.dll
0x00007fff78d00000 - 0x00007fff78df4000 	C:\WINDOWS\System32\SHCORE.dll
0x00007fff789f0000 - 0x00007fff78a56000 	C:\WINDOWS\System32\shlwapi.dll
0x00007fff77a10000 - 0x00007fff77a39000 	C:\WINDOWS\SYSTEM32\profapi.dll
0x00007fff2dc60000 - 0x00007fff2dc70000 	C:\Program Files\Android\Android Studio\jbr\bin\net.dll
0x00007fff6e780000 - 0x00007fff6e8a8000 	C:\WINDOWS\SYSTEM32\WINHTTP.dll
0x00007fff76ed0000 - 0x00007fff76f3b000 	C:\WINDOWS\system32\mswsock.dll
0x00007fff054d0000 - 0x00007fff054e6000 	C:\Program Files\Android\Android Studio\jbr\bin\nio.dll
0x00007fff22f90000 - 0x00007fff22fa0000 	C:\Program Files\Android\Android Studio\jbr\bin\verify.dll
0x00007fff010d0000 - 0x00007fff010f7000 	C:\Users\DELL\.gradle\native\1def1411415f61bf3af743bc5b6707747c0891f09f0c88961ee8f79bc544acac\windows-amd64\native-platform.dll
0x00007fff5d270000 - 0x00007fff5d2e8000 	C:\Users\DELL\.gradle\native\0.2.7\x86_64-windows-gnu\gradle-fileevents.dll
0x00007fff2c550000 - 0x00007fff2c559000 	C:\Program Files\Android\Android Studio\jbr\bin\management.dll
0x00007fff25de0000 - 0x00007fff25deb000 	C:\Program Files\Android\Android Studio\jbr\bin\management_ext.dll
0x00007fff7a420000 - 0x00007fff7a428000 	C:\WINDOWS\System32\PSAPI.DLL
0x00007fff762e0000 - 0x00007fff76314000 	C:\WINDOWS\SYSTEM32\IPHLPAPI.DLL
0x00007fff79310000 - 0x00007fff7931a000 	C:\WINDOWS\System32\NSI.dll
0x00007fff2cf00000 - 0x00007fff2cf09000 	C:\Program Files\Android\Android Studio\jbr\bin\extnet.dll
0x00007fff772c0000 - 0x00007fff772db000 	C:\WINDOWS\SYSTEM32\CRYPTSP.dll
0x00007fff768e0000 - 0x00007fff7691a000 	C:\WINDOWS\system32\rsaenh.dll
0x00007fff76f80000 - 0x00007fff76fab000 	C:\WINDOWS\SYSTEM32\USERENV.dll
0x00007fff779e0000 - 0x00007fff77a0a000 	C:\WINDOWS\SYSTEM32\bcrypt.dll
0x00007fff772a0000 - 0x00007fff772ac000 	C:\WINDOWS\SYSTEM32\CRYPTBASE.dll
0x00007ffee3040000 - 0x00007ffee3048000 	C:\WINDOWS\system32\wshunix.dll

JVMTI agents:
C:\Users\DELL\.gradle\wrapper\dists\gradle-8.13-bin\5xuhj0ry160q40clulazy9h7d\gradle-8.13\lib\agents\gradle-instrumentation-agent-8.13.jar path:C:\Program Files\Android\Android Studio\jbr\bin\instrument.dll, loaded, initialized, instrumentlib options:none

dbghelp: loaded successfully - version: 4.0.5 - missing functions: none
symbol engine: initialized successfully - sym options: 0x614 - pdb path: .;C:\Program Files\Android\Android Studio\jbr\bin;C:\WINDOWS\SYSTEM32;C:\WINDOWS\WinSxS\amd64_microsoft.windows.common-controls_6595b64144ccf1df_6.0.26100.7309_none_3e05feeae336a044;C:\Program Files\Android\Android Studio\jbr\bin\server;C:\Users\DELL\.gradle\native\1def1411415f61bf3af743bc5b6707747c0891f09f0c88961ee8f79bc544acac\windows-amd64;C:\Users\DELL\.gradle\native\0.2.7\x86_64-windows-gnu

VM Arguments:
jvm_args: --add-opens=java.base/java.lang=ALL-UNNAMED --add-opens=java.base/java.lang.invoke=ALL-UNNAMED --add-opens=java.base/java.util=ALL-UNNAMED --add-opens=java.prefs/java.util.prefs=ALL-UNNAMED --add-exports=jdk.compiler/com.sun.tools.javac.api=ALL-UNNAMED --add-exports=jdk.compiler/com.sun.tools.javac.util=ALL-UNNAMED --add-opens=java.base/java.util=ALL-UNNAMED --add-opens=java.prefs/java.util.prefs=ALL-UNNAMED --add-opens=java.base/java.nio.charset=ALL-UNNAMED --add-opens=java.base/java.net=ALL-UNNAMED --add-opens=java.base/java.util.concurrent.atomic=ALL-UNNAMED --add-opens=java.xml/javax.xml.namespace=ALL-UNNAMED -Xmx2048m -Dfile.encoding=UTF-8 -Duser.country=FR -Duser.language=fr -Duser.variant -javaagent:C:\Users\DELL\.gradle\wrapper\dists\gradle-8.13-bin\5xuhj0ry160q40clulazy9h7d\gradle-8.13\lib\agents\gradle-instrumentation-agent-8.13.jar 
java_command: org.gradle.launcher.daemon.bootstrap.GradleDaemon 8.13
java_class_path (initial): C:\Users\DELL\.gradle\wrapper\dists\gradle-8.13-bin\5xuhj0ry160q40clulazy9h7d\gradle-8.13\lib\gradle-daemon-main-8.13.jar
Launcher Type: SUN_STANDARD

[Global flags]
     intx CICompilerCount                          = 4                                         {product} {ergonomic}
     uint ConcGCThreads                            = 3                                         {product} {ergonomic}
     uint G1ConcRefinementThreads                  = 10                                        {product} {ergonomic}
   size_t G1HeapRegionSize                         = 1048576                                   {product} {ergonomic}
    uintx GCDrainStackTargetSize                   = 64                                        {product} {ergonomic}
   size_t InitialHeapSize                          = 264241152                                 {product} {ergonomic}
   size_t MarkStackSize                            = 4194304                                   {product} {ergonomic}
   size_t MaxHeapSize                              = 2147483648                                {product} {command line}
   size_t MaxNewSize                               = 1287651328                                {product} {ergonomic}
   size_t MinHeapDeltaBytes                        = 1048576                                   {product} {ergonomic}
   size_t MinHeapSize                              = 8388608                                   {product} {ergonomic}
    uintx NonNMethodCodeHeapSize                   = 5839372                                {pd product} {ergonomic}
    uintx NonProfiledCodeHeapSize                  = 122909434                              {pd product} {ergonomic}
    uintx ProfiledCodeHeapSize                     = 122909434                              {pd product} {ergonomic}
    uintx ReservedCodeCacheSize                    = 251658240                              {pd product} {ergonomic}
     bool SegmentedCodeCache                       = true                                      {product} {ergonomic}
   size_t SoftMaxHeapSize                          = 2147483648                             {manageable} {ergonomic}
     bool UseCompressedOops                        = true                           {product lp64_product} {ergonomic}
     bool UseG1GC                                  = true                                      {product} {ergonomic}
     bool UseLargePagesIndividualAllocation        = false                                  {pd product} {ergonomic}

Logging:
Log output configuration:
 #0: stdout all=warning uptime,level,tags foldmultilines=false
 #1: stderr all=off uptime,level,tags foldmultilines=false

Environment Variables:
PATH=C:\Program Files (x86)\VMware\VMware Player\bin\;C:\app\DELL\product\23ai\dbhomeFree\bin;C:\Python312\Scripts\;C:\Python312\;C:\Program Files (x86)\Common Files\Oracle\Java\java8path;C:\Program Files (x86)\Common Files\Oracle\Java\javapath;C:\Windows\system32;C:\Windows;C:\Windows\System32\Wbem;C:\Windows\System32\WindowsPowerShell\v1.0\;C:\Windows\System32\OpenSSH\;C:\Program Files\Microsoft VS Code\bin;C:\srcflutter\flutter\bin;C:\ProgramData\chocolatey\bin;C:\Program Files (x86)\Git\cmd;C:\Program Files (x86)\NVIDIA Corporation\PhysX\Common;C:\Program Files\dotnet\;C:\xampp\php;C:\composer;C:\Program Files\NVIDIA Corporation\NVIDIA app\NvDLISR;;C:\WINDOWS\system32;C:\WINDOWS;C:\WINDOWS\System32\Wbem;C:\WINDOWS\System32\WindowsPowerShell\v1.0\;C:\WINDOWS\System32\OpenSSH\;C:\Program Files\nodejs\;C:\Users\DELL\scoop\shims;C:\srcflutter\flutter\bin;C:\tools\dart-sdk\bin;C:\Users\DELL\AppData\Roaming\Pub\Cache\bin;C:\Program Files\JetBrains\IntelliJ IDEA 2025.2.2\bin;C:\Users\DELL\AppData\Roaming\Composer\vendor\bin;C:\Program Files\JetBrains\PyCharm 2024.2.4\bin;;C:\Users\DELL\AppData\Local\Microsoft\WindowsApps;C:\Users\DELL\AppData\Roaming\npm;C:\Users\DELL\AppData\Local\GitHubDesktop\bin;C:\Users\DELL\AppData\Local\Programs\Antigravity\bin
USERNAME=DELL
OS=Windows_NT
PROCESSOR_IDENTIFIER=Intel64 Family 6 Model 141 Stepping 1, GenuineIntel
TMP=C:\Users\DELL\AppData\Local\Temp
TEMP=C:\Users\DELL\AppData\Local\Temp




Periodic native trim disabled

JNI global refs:
JNI global refs: 23, weak refs: 0

JNI global refs memory usage: 835, weak refs: 201

Process memory usage:
Resident Set Size: 214452K (1% of 16501540K total physical memory with 845340K free physical memory)

OOME stack traces (most recent first):
Classloader memory used:
Loader bootstrap                                                                       : 16559K
Loader org.gradle.internal.classloader.VisitableURLClassLoader                         : 11651K
Loader org.gradle.initialization.MixInLegacyTypesClassLoader                           : 1426K
Loader jdk.internal.loader.ClassLoaders$AppClassLoader                                 : 235K
Loader jdk.internal.loader.ClassLoaders$PlatformClassLoader                            : 154K

Classes loaded by more than one classloader:
Class org.gradle.internal.classloader.FilteringClassLoader                            : loaded 2 times (x 105B)
Class org.gradle.internal.classloader.ClassLoaderHierarchy                            : loaded 2 times (x 70B)
Class org.gradle.api.internal.classpath.ManifestUtil                                  : loaded 2 times (x 71B)
Class org.gradle.internal.classloader.DefaultClassLoaderFactory                       : loaded 2 times (x 82B)
Class org.gradle.internal.classloader.ClassLoaderVisitor                              : loaded 2 times (x 76B)
Class org.gradle.api.internal.classpath.EffectiveClassPath                            : loaded 2 times (x 90B)
Class org.gradle.api.internal.DefaultClassPathProvider                                : loaded 2 times (x 76B)
Class [Lorg.gradle.api.internal.ClassPathProvider;                                    : loaded 2 times (x 69B)
Class org.gradle.api.internal.ClassPathProvider                                       : loaded 2 times (x 70B)
Class org.gradle.internal.service.UnknownServiceException                             : loaded 2 times (x 83B)
Class org.gradle.internal.classpath.TransformedClassPath                              : loaded 2 times (x 96B)
Class org.gradle.internal.classloader.InstrumentingClassLoader                        : loaded 2 times (x 70B)
Class org.gradle.internal.service.ServiceLocator                                      : loaded 2 times (x 70B)
Class org.gradle.internal.InternalTransformer                                         : loaded 2 times (x 70B)
Class org.gradle.internal.classloader.ClasspathUtil$1                                 : loaded 2 times (x 76B)
Class org.gradle.api.internal.classpath.DefaultModuleRegistry$DefaultModule           : loaded 2 times (x 86B)
Class org.gradle.api.internal.classpath.Module                                        : loaded 2 times (x 70B)
Class org.gradle.api.internal.classpath.UnknownModuleException                        : loaded 2 times (x 82B)
Class org.gradle.api.internal.DefaultClassPathRegistry                                : loaded 2 times (x 76B)
Class org.gradle.api.internal.ClassPathRegistry                                       : loaded 2 times (x 70B)
Class org.gradle.internal.classpath.DefaultClassPath$ImmutableUniqueList              : loaded 2 times (x 199B)
Class org.gradle.internal.classpath.ClassPath                                         : loaded 2 times (x 70B)
Class org.gradle.api.UncheckedIOException                                             : loaded 2 times (x 82B)
Class org.gradle.internal.installation.GradleInstallation$1                           : loaded 2 times (x 75B)
Class org.gradle.api.internal.classpath.ModuleRegistry                                : loaded 2 times (x 70B)
Class org.gradle.api.internal.classpath.DefaultModuleRegistry                         : loaded 2 times (x 86B)
Class org.gradle.internal.service.ServiceLookupException                              : loaded 2 times (x 82B)
Class org.gradle.internal.classloader.ClassLoaderFactory                              : loaded 2 times (x 70B)
Class org.gradle.internal.service.CachingServiceLocator                               : loaded 2 times (x 82B)
Class org.gradle.internal.classloader.ClasspathUtil                                   : loaded 2 times (x 71B)
Class org.gradle.api.specs.Spec                                                       : loaded 2 times (x 70B)
Class org.gradle.internal.classloader.VisitableURLClassLoader$InstrumentingVisitableURLClassLoader: loaded 2 times (x 123B)
Class org.gradle.internal.classloader.VisitableURLClassLoader$Spec                    : loaded 2 times (x 74B)
Class org.gradle.internal.classpath.DefaultClassPath                                  : loaded 2 times (x 90B)
Class org.gradle.internal.classloader.ClassLoaderSpec                                 : loaded 2 times (x 71B)
Class org.gradle.internal.classloader.VisitableURLClassLoader                         : loaded 2 times (x 117B)
Class org.gradle.internal.Cast                                                        : loaded 2 times (x 71B)
Class org.gradle.api.Action                                                           : loaded 2 times (x 70B)
Class org.gradle.internal.classpath.DefaultClassPath$ImmutableUniqueList$Builder      : loaded 2 times (x 75B)
Class org.gradle.api.GradleException                                                  : loaded 2 times (x 82B)
Class org.gradle.internal.IoActions                                                   : loaded 2 times (x 71B)
Class org.gradle.internal.classloader.SystemClassLoaderSpec                           : loaded 2 times (x 71B)
Class org.gradle.api.internal.classpath.GlobalCacheRootsProvider                      : loaded 2 times (x 70B)
Class org.gradle.internal.installation.CurrentGradleInstallationLocator               : loaded 2 times (x 71B)
Class org.gradle.internal.service.DefaultServiceLocator                               : loaded 2 times (x 83B)
Class org.gradle.internal.installation.CurrentGradleInstallation                      : loaded 2 times (x 73B)
Class org.gradle.util.internal.GUtil                                                  : loaded 2 times (x 71B)
Class org.gradle.internal.installation.GradleInstallation                             : loaded 2 times (x 75B)

---------------  S Y S T E M  ---------------

OS:
 Windows 11 , 64 bit Build 26100 (10.0.26100.7309)
OS uptime: 1 days 21:12 hours
Hyper-V role detected

CPU: total 12 (initial active 12) (6 cores per cpu, 2 threads per core) family 6 model 141 stepping 1 microcode 0x56, cx8, cmov, fxsr, ht, mmx, 3dnowpref, sse, sse2, sse3, ssse3, sse4.1, sse4.2, popcnt, lzcnt, tsc, tscinvbit, avx, avx2, aes, erms, clmul, bmi1, bmi2, adx, avx512f, avx512dq, avx512cd, avx512bw, avx512vl, sha, fma, vzeroupper, avx512_vpopcntdq, avx512_vpclmulqdq, avx512_vaes, avx512_vnni, clflush, clflushopt, clwb, avx512_vbmi2, avx512_vbmi, hv, rdtscp, rdpid, fsrm, gfni, avx512_bitalg, f16c, cet_ibt, cet_ss, avx512_ifma
Processor Information for the first 12 processors :
  Max Mhz: 2688, Current Mhz: 2688, Mhz Limit: 2688

Memory: 4k page, system-wide physical 16114M (830M free)
TotalPageFile size 24306M (AvailPageFile size 743M)
current process WorkingSet (physical memory assigned to process): 212M, peak: 215M
current process commit charge ("private bytes"): 255M, peak: 382M

vm_info: OpenJDK 64-Bit Server VM (21.0.8+-14196175-b1038.72) for windows-amd64 JRE (21.0.8+-14196175-b1038.72), built on 2025-10-01T10:24:33Z by "builder" with MS VC++ 16.10 / 16.11 (VS2019)

END.
