#
# There is insufficient memory for the Java Runtime Environment to continue.
# Native memory allocation (malloc) failed to allocate 1048576 bytes. Error detail: AllocateHeap
# Possible reasons:
#   The system is out of physical RAM or swap space
#   This process is running with CompressedOops enabled, and the Java Heap may be blocking the growth of the native heap
# Possible solutions:
#   Reduce memory load on the system
#   Increase physical memory or swap space
#   Check if swap backing store is full
#   Decrease Java heap size (-Xmx/-Xms)
#   Decrease number of Java threads
#   Decrease Java thread stack sizes (-Xss)
#   Set larger code cache with -XX:ReservedCodeCacheSize=
#   JVM is running with Unscaled Compressed Oops mode in which the Java heap is
#     placed in the first 4GB address space. The Java Heap base address is the
#     maximum limit for the native heap growth. Please use -XX:HeapBaseMinAddress
#     to set the Java Heap base and to place the Java Heap above 4GB virtual address.
# This output file may be truncated or incomplete.
#
#  Out of Memory Error (allocation.cpp:44), pid=21784, tid=22044
#
# JRE version: OpenJDK Runtime Environment Temurin-21.0.9+10 (21.0.9+10) (build 21.0.9+10-LTS)
# Java VM: OpenJDK 64-Bit Server VM Temurin-21.0.9+10 (21.0.9+10-LTS, mixed mode, sharing, tiered, compressed oops, compressed class ptrs, parallel gc, windows-amd64)
# No core dump will be written. Minidumps are not enabled by default on client versions of Windows
#

---------------  S U M M A R Y ------------

Command Line: --add-modules=ALL-SYSTEM --add-opens=java.base/java.util=ALL-UNNAMED --add-opens=java.base/java.lang=ALL-UNNAMED --add-opens=java.base/sun.nio.fs=ALL-UNNAMED -Declipse.application=org.eclipse.jdt.ls.core.id1 -Dosgi.bundles.defaultStartLevel=4 -Declipse.product=org.eclipse.jdt.ls.core.product -Djava.import.generatesMetadataFilesAtProjectRoot=false -DDetectVMInstallationsJob.disabled=true -Dfile.encoding=utf8 -XX:+UseParallelGC -XX:GCTimeRatio=4 -XX:AdaptiveSizePolicyWeight=90 -Dsun.zip.disableMemoryMapping=true -Xmx2G -Xms100m -Xlog:disable -javaagent:c:\Users\DELL\.trae\extensions\redhat.java-1.49.0-win32-x64\lombok\lombok-1.18.39-4050.jar -XX:+HeapDumpOnOutOfMemoryError -XX:HeapDumpPath=c:\Users\DELL\AppData\Roaming\Trae\User\workspaceStorage\1628c0b08f17099db8c3b2ff1b36f217\redhat.java -Daether.dependencyCollector.impl=bf c:\Users\DELL\.trae\extensions\redhat.java-1.49.0-win32-x64\server\plugins\org.eclipse.equinox.launcher_1.7.100.v20251111-0406.jar -configuration c:\Users\DELL\AppData\Roaming\Trae\User\globalStorage\redhat.java\1.49.0\config_win -data c:\Users\DELL\AppData\Roaming\Trae\User\workspaceStorage\1628c0b08f17099db8c3b2ff1b36f217\redhat.java\jdt_ws --pipe=\\.\pipe\lsp-979ff8d3c22dbddd0e65788d8a7a2248-sock

Host: 11th Gen Intel(R) Core(TM) i5-11400H @ 2.70GHz, 12 cores, 15G,  Windows 11 , 64 bit Build 26100 (10.0.26100.7019)
Time: Fri Nov 28 20:34:44 2025 Afr. centrale Ouest elapsed time: 3894.519695 seconds (0d 1h 4m 54s)

---------------  T H R E A D  ---------------

Current thread (0x00000251e90effc0):  JavaThread "Attach Listener" daemon [_thread_in_vm, id=22044, stack(0x000000d6cbb00000,0x000000d6cbc00000) (1024K)]

Stack: [0x000000d6cbb00000,0x000000d6cbc00000]
Native frames: (J=compiled Java code, j=interpreted, Vv=VM code, C=native code)
V  [jvm.dll+0x6d6e29]
V  [jvm.dll+0x8b4b76]
V  [jvm.dll+0x8b712e]
V  [jvm.dll+0x8b7813]
V  [jvm.dll+0x283d86]
V  [jvm.dll+0xc1277]
V  [jvm.dll+0x6d76d9]
V  [jvm.dll+0x133466]
V  [jvm.dll+0x3f7ea6]
V  [jvm.dll+0x85e9ad]
V  [jvm.dll+0x6d565d]
C  [ucrtbase.dll+0x37b0]
C  [KERNEL32.DLL+0x2e8d7]
C  [ntdll.dll+0x8c53c]


---------------  P R O C E S S  ---------------

Threads class SMR info:
_java_thread_list=0x00000251ca4ed0c0, length=50, elements={
0x00000251e9041050, 0x00000251e90eab60, 0x00000251e90ebc80, 0x00000251e90ef370,
0x00000251e90effc0, 0x00000251e90f3f30, 0x00000251e90f4980, 0x00000251e90fa080,
0x00000251c1e386a0, 0x00000251c202a7f0, 0x00000251c2153970, 0x00000251c76932d0,
0x00000251c79cc1e0, 0x00000251c77ddbc0, 0x00000251c7709ea0, 0x00000251c7506070,
0x00000251c1e841e0, 0x00000251c7483770, 0x00000251c7c14600, 0x00000251c78b4500,
0x00000251ca216260, 0x00000251ca215bd0, 0x00000251ca217610, 0x00000251ca2189c0,
0x00000251ca218330, 0x00000251ca2196e0, 0x00000251ca219d70, 0x00000251ca2168f0,
0x00000251ca217ca0, 0x00000251ca21a400, 0x00000251ca216f80, 0x00000251ca21b7b0,
0x00000251ca21aa90, 0x00000251ca21b120, 0x00000251ca21c4d0, 0x00000251ca21be40,
0x00000251ca21cb60, 0x00000251c9a99c90, 0x00000251c9a9b040, 0x00000251c9a9a320,
0x00000251c9a97bc0, 0x00000251c9a9d110, 0x00000251c9a9eb50, 0x00000251cc4615e0,
0x00000251cc461c70, 0x00000251cc45fba0, 0x00000251cc460230, 0x00000251cc4636b0,
0x00000251cc463d40, 0x00000251cc4608c0
}

Java Threads: ( => current thread )
  0x00000251e9041050 JavaThread "main"                              [_thread_blocked, id=21880, stack(0x000000d6cb400000,0x000000d6cb500000) (1024K)]
  0x00000251e90eab60 JavaThread "Reference Handler"          daemon [_thread_blocked, id=21656, stack(0x000000d6cb800000,0x000000d6cb900000) (1024K)]
  0x00000251e90ebc80 JavaThread "Finalizer"                  daemon [_thread_blocked, id=21852, stack(0x000000d6cb900000,0x000000d6cba00000) (1024K)]
  0x00000251e90ef370 JavaThread "Signal Dispatcher"          daemon [_thread_blocked, id=21720, stack(0x000000d6cba00000,0x000000d6cbb00000) (1024K)]
=>0x00000251e90effc0 JavaThread "Attach Listener"            daemon [_thread_in_vm, id=22044, stack(0x000000d6cbb00000,0x000000d6cbc00000) (1024K)]
  0x00000251e90f3f30 JavaThread "Service Thread"             daemon [_thread_blocked, id=21776, stack(0x000000d6cbc00000,0x000000d6cbd00000) (1024K)]
  0x00000251e90f4980 JavaThread "Monitor Deflation Thread"   daemon [_thread_blocked, id=21792, stack(0x000000d6cbd00000,0x000000d6cbe00000) (1024K)]
  0x00000251e90fa080 JavaThread "C2 CompilerThread0"         daemon [_thread_blocked, id=21572, stack(0x000000d6cbe00000,0x000000d6cbf00000) (1024K)]
  0x00000251c1e386a0 JavaThread "C1 CompilerThread0"         daemon [_thread_blocked, id=21736, stack(0x000000d6cbf00000,0x000000d6cc000000) (1024K)]
  0x00000251c202a7f0 JavaThread "Common-Cleaner"             daemon [_thread_blocked, id=22020, stack(0x000000d6cc000000,0x000000d6cc100000) (1024K)]
  0x00000251c2153970 JavaThread "Notification Thread"        daemon [_thread_blocked, id=22220, stack(0x000000d6cc100000,0x000000d6cc200000) (1024K)]
  0x00000251c76932d0 JavaThread "Active Thread: Equinox Container: 6229613f-6aab-4ade-81ef-afb9edb52f27"        [_thread_blocked, id=4924, stack(0x000000d6cca00000,0x000000d6ccb00000) (1024K)]
  0x00000251c79cc1e0 JavaThread "Refresh Thread: Equinox Container: 6229613f-6aab-4ade-81ef-afb9edb52f27" daemon [_thread_blocked, id=21284, stack(0x000000d6cc200000,0x000000d6cc300000) (1024K)]
  0x00000251c77ddbc0 JavaThread "Framework Event Dispatcher: Equinox Container: 6229613f-6aab-4ade-81ef-afb9edb52f27" daemon [_thread_blocked, id=21864, stack(0x000000d6ccb00000,0x000000d6ccc00000) (1024K)]
  0x00000251c7709ea0 JavaThread "Start Level: Equinox Container: 6229613f-6aab-4ade-81ef-afb9edb52f27" daemon [_thread_blocked, id=6688, stack(0x000000d6ccc00000,0x000000d6ccd00000) (1024K)]
  0x00000251c7506070 JavaThread "Bundle File Closer"         daemon [_thread_blocked, id=21748, stack(0x000000d6cd000000,0x000000d6cd100000) (1024K)]
  0x00000251c1e841e0 JavaThread "SCR Component Actor"        daemon [_thread_blocked, id=6436, stack(0x000000d6ccd00000,0x000000d6cce00000) (1024K)]
  0x00000251c7483770 JavaThread "Worker-JM"                         [_thread_blocked, id=7904, stack(0x000000d6cd300000,0x000000d6cd400000) (1024K)]
  0x00000251c7c14600 JavaThread "JNA Cleaner"                daemon [_thread_blocked, id=6536, stack(0x000000d6cd100000,0x000000d6cd200000) (1024K)]
  0x00000251c78b4500 JavaThread "Java indexing"              daemon [_thread_blocked, id=7768, stack(0x000000d6cd600000,0x000000d6cd700000) (1024K)]
  0x00000251ca216260 JavaThread "Worker-4"                          [_thread_blocked, id=17300, stack(0x000000d6cdd00000,0x000000d6cde00000) (1024K)]
  0x00000251ca215bd0 JavaThread "Worker-5"                          [_thread_blocked, id=20276, stack(0x000000d6cde00000,0x000000d6cdf00000) (1024K)]
  0x00000251ca217610 JavaThread "Thread-1"                   daemon [_thread_in_native, id=22256, stack(0x000000d6cdf00000,0x000000d6ce000000) (1024K)]
  0x00000251ca2189c0 JavaThread "Thread-2"                   daemon [_thread_in_native, id=22236, stack(0x000000d6ce000000,0x000000d6ce100000) (1024K)]
  0x00000251ca218330 JavaThread "Thread-3"                   daemon [_thread_in_native, id=22332, stack(0x000000d6ce100000,0x000000d6ce200000) (1024K)]
  0x00000251ca2196e0 JavaThread "Thread-4"                   daemon [_thread_in_native, id=7544, stack(0x000000d6ce200000,0x000000d6ce300000) (1024K)]
  0x00000251ca219d70 JavaThread "Thread-5"                   daemon [_thread_in_native, id=11424, stack(0x000000d6ce300000,0x000000d6ce400000) (1024K)]
  0x00000251ca2168f0 JavaThread "Thread-6"                   daemon [_thread_in_native, id=5736, stack(0x000000d6ce400000,0x000000d6ce500000) (1024K)]
  0x00000251ca217ca0 JavaThread "Thread-7"                   daemon [_thread_in_native, id=15012, stack(0x000000d6ce500000,0x000000d6ce600000) (1024K)]
  0x00000251ca21a400 JavaThread "Thread-8"                   daemon [_thread_in_native, id=21832, stack(0x000000d6ce600000,0x000000d6ce700000) (1024K)]
  0x00000251ca216f80 JavaThread "Thread-9"                   daemon [_thread_in_native, id=13392, stack(0x000000d6ce700000,0x000000d6ce800000) (1024K)]
  0x00000251ca21b7b0 JavaThread "Thread-10"                  daemon [_thread_in_native, id=18224, stack(0x000000d6ce800000,0x000000d6ce900000) (1024K)]
  0x00000251ca21aa90 JavaThread "Thread-11"                  daemon [_thread_in_native, id=22188, stack(0x000000d6ce900000,0x000000d6cea00000) (1024K)]
  0x00000251ca21b120 JavaThread "Thread-12"                  daemon [_thread_in_native, id=19508, stack(0x000000d6cea00000,0x000000d6ceb00000) (1024K)]
  0x00000251ca21c4d0 JavaThread "Thread-13"                  daemon [_thread_in_native, id=5388, stack(0x000000d6ceb00000,0x000000d6cec00000) (1024K)]
  0x00000251ca21be40 JavaThread "pool-2-thread-1"                   [_thread_blocked, id=6744, stack(0x000000d6cec00000,0x000000d6ced00000) (1024K)]
  0x00000251ca21cb60 JavaThread "Timer-0"                           [_thread_blocked, id=9144, stack(0x000000d6ced00000,0x000000d6cee00000) (1024K)]
  0x00000251c9a99c90 JavaThread "Timer-1"                           [_thread_blocked, id=7304, stack(0x000000d6cee00000,0x000000d6cef00000) (1024K)]
  0x00000251c9a9b040 JavaThread "WorkspaceEventsHandler"            [_thread_blocked, id=5200, stack(0x000000d6cef00000,0x000000d6cf000000) (1024K)]
  0x00000251c9a9a320 JavaThread "pool-1-thread-1"                   [_thread_blocked, id=12180, stack(0x000000d6cf000000,0x000000d6cf100000) (1024K)]
  0x00000251c9a97bc0 JavaThread "Timer-2"                           [_thread_blocked, id=22360, stack(0x000000d6cf100000,0x000000d6cf200000) (1024K)]
  0x00000251c9a9d110 JavaThread "Timer-3"                           [_thread_blocked, id=21868, stack(0x000000d6cf200000,0x000000d6cf300000) (1024K)]
  0x00000251c9a9eb50 JavaThread "Timer-4"                           [_thread_blocked, id=12284, stack(0x000000d6cf300000,0x000000d6cf400000) (1024K)]
  0x00000251cc4615e0 JavaThread "Timer-5"                           [_thread_blocked, id=21520, stack(0x000000d6cf400000,0x000000d6cf500000) (1024K)]
  0x00000251cc461c70 JavaThread "Timer-6"                           [_thread_blocked, id=20484, stack(0x000000d6cf900000,0x000000d6cfa00000) (1024K)]
  0x00000251cc45fba0 JavaThread "Timer-7"                           [_thread_blocked, id=9884, stack(0x000000d6cfa00000,0x000000d6cfb00000) (1024K)]
  0x00000251cc460230 JavaThread "Timer-8"                           [_thread_blocked, id=7776, stack(0x000000d6cfb00000,0x000000d6cfc00000) (1024K)]
  0x00000251cc4636b0 JavaThread "Timer-9"                           [_thread_blocked, id=7348, stack(0x000000d6cfc00000,0x000000d6cfd00000) (1024K)]
  0x00000251cc463d40 JavaThread "Timer-10"                          [_thread_blocked, id=11396, stack(0x000000d6cd700000,0x000000d6cd800000) (1024K)]
  0x00000251cc4608c0 JavaThread "Timer-11"                          [_thread_blocked, id=11388, stack(0x000000d6cfe00000,0x000000d6cff00000) (1024K)]
Total: 50

Other Threads:
  0x00000251c1e010a0 VMThread "VM Thread"                           [id=21940, stack(0x000000d6cb700000,0x000000d6cb800000) (1024K)]
  0x00000251e90b0370 WatcherThread "VM Periodic Task Thread"        [id=21760, stack(0x000000d6cb600000,0x000000d6cb700000) (1024K)]
  0x00000251e905f5d0 WorkerThread "GC Thread#0"                     [id=21848, stack(0x000000d6cb500000,0x000000d6cb600000) (1024K)]
  0x00000251c73f4090 WorkerThread "GC Thread#1"                     [id=21884, stack(0x000000d6cc400000,0x000000d6cc500000) (1024K)]
  0x00000251c77f35b0 WorkerThread "GC Thread#2"                     [id=21680, stack(0x000000d6cc500000,0x000000d6cc600000) (1024K)]
  0x00000251c77f3950 WorkerThread "GC Thread#3"                     [id=21652, stack(0x000000d6cc600000,0x000000d6cc700000) (1024K)]
  0x00000251c765bbe0 WorkerThread "GC Thread#4"                     [id=21660, stack(0x000000d6cc700000,0x000000d6cc800000) (1024K)]
  0x00000251c765bf80 WorkerThread "GC Thread#5"                     [id=21640, stack(0x000000d6cc800000,0x000000d6cc900000) (1024K)]
  0x00000251c765c320 WorkerThread "GC Thread#6"                     [id=21824, stack(0x000000d6cc900000,0x000000d6cca00000) (1024K)]
  0x00000251c788dfa0 WorkerThread "GC Thread#7"                     [id=22116, stack(0x000000d6cc300000,0x000000d6cc400000) (1024K)]
  0x00000251c75059c0 WorkerThread "GC Thread#8"                     [id=22320, stack(0x000000d6cce00000,0x000000d6ccf00000) (1024K)]
  0x00000251c7618cd0 WorkerThread "GC Thread#9"                     [id=12400, stack(0x000000d6ccf00000,0x000000d6cd000000) (1024K)]
Total: 12

Threads with active compile tasks:
Total: 0

VM state: not at safepoint (normal execution)

VM Mutex/Monitor currently owned by a thread: None

Heap address: 0x0000000080000000, size: 2048 MB, Compressed Oops mode: 32-bit

CDS archive(s) mapped at: [0x0000025180000000-0x0000025180ba0000-0x0000025180ba0000), size 12189696, SharedBaseAddress: 0x0000025180000000, ArchiveRelocationMode: 1.
Compressed class space mapped at: 0x0000025181000000-0x00000251c1000000, reserved size: 1073741824
Narrow klass base: 0x0000025180000000, Narrow klass shift: 0, Narrow klass range: 0x100000000

GC Precious Log:
 CardTable entry size: 512
 CPUs: 12 total, 12 available
 Memory: 16114M
 Large Page Support: Disabled
 NUMA Support: Disabled
 Compressed Oops: Enabled (32-bit)
 Alignments: Space 512K, Generation 512K, Heap 2M
 Heap Min Capacity: 100M
 Heap Initial Capacity: 100M
 Heap Max Capacity: 2G
 Pre-touch: Disabled
 Parallel Workers: 10

Heap:
 PSYoungGen      total 15872K, used 15241K [0x00000000d5580000, 0x00000000d6680000, 0x0000000100000000)
  eden space 15360K, 95% used [0x00000000d5580000,0x00000000d63e4538,0x00000000d6480000)
  from space 512K, 98% used [0x00000000d6580000,0x00000000d65fe1a8,0x00000000d6600000)
  to   space 512K, 0% used [0x00000000d6600000,0x00000000d6600000,0x00000000d6680000)
 ParOldGen       total 68608K, used 41441K [0x0000000080000000, 0x0000000084300000, 0x00000000d5580000)
  object space 68608K, 60% used [0x0000000080000000,0x0000000082878738,0x0000000084300000)
 Metaspace       used 65879K, committed 67392K, reserved 1114112K
  class space    used 8321K, committed 8960K, reserved 1048576K

Card table byte_map: [0x00000251e89e0000,0x00000251e8df0000] _byte_map_base: 0x00000251e85e0000

Marking Bits: (ParMarkBitMap*) 0x00007ffb47c72460
 Begin Bits: [0x00000251fb4f0000, 0x00000251fd4f0000)
 End Bits:   [0x00000251fd4f0000, 0x00000251ff4f0000)

Polling page: 0x00000251e6e20000

Metaspace:

Usage:
  Non-class:     56.21 MB used.
      Class:      8.13 MB used.
       Both:     64.34 MB used.

Virtual space:
  Non-class space:       64.00 MB reserved,      57.06 MB ( 89%) committed,  1 nodes.
      Class space:        1.00 GB reserved,       8.75 MB ( <1%) committed,  1 nodes.
             Both:        1.06 GB reserved,      65.81 MB (  6%) committed. 

Chunk freelists:
   Non-Class:  6.66 MB
       Class:  7.26 MB
        Both:  13.91 MB

MaxMetaspaceSize: unlimited
CompressedClassSpaceSize: 1.00 GB
Initial GC threshold: 21.00 MB
Current GC threshold: 98.12 MB
CDS: on
 - commit_granule_bytes: 65536.
 - commit_granule_words: 8192.
 - virtual_space_node_default_size: 8388608.
 - enlarge_chunks_in_place: 1.
 - use_allocation_guard: 0.


Internal statistics:

num_allocs_failed_limit: 15.
num_arena_births: 1312.
num_arena_deaths: 14.
num_vsnodes_births: 2.
num_vsnodes_deaths: 0.
num_space_committed: 1053.
num_space_uncommitted: 0.
num_chunks_returned_to_freelist: 29.
num_chunks_taken_from_freelist: 4441.
num_chunk_merges: 21.
num_chunk_splits: 2715.
num_chunks_enlarged: 1482.
num_inconsistent_stats: 0.

CodeHeap 'non-profiled nmethods': size=120000Kb used=5786Kb max_used=5786Kb free=114213Kb
 bounds [0x00000251f3d10000, 0x00000251f42c0000, 0x00000251fb240000]
CodeHeap 'profiled nmethods': size=120000Kb used=15840Kb max_used=15840Kb free=104159Kb
 bounds [0x00000251ec240000, 0x00000251ed1c0000, 0x00000251f3770000]
CodeHeap 'non-nmethods': size=5760Kb used=1408Kb max_used=1486Kb free=4351Kb
 bounds [0x00000251f3770000, 0x00000251f39e0000, 0x00000251f3d10000]
CodeCache: size=245760Kb, used=23034Kb, max_used=23112Kb, free=222723Kb
 total_blobs=8553, nmethods=7854, adapters=605, full_count=0
Compilation: enabled, stopped_count=0, restarted_count=0

Compilation events (20 events):
Event: 3019.560 Thread 0x00000251c1e386a0 nmethod 8573 0x00000251ed1b0310 code [0x00000251ed1b0500, 0x00000251ed1b0cb8]
Event: 3019.560 Thread 0x00000251c1e386a0 8574       3       org.eclipse.core.internal.jobs.DeadlockDetector::indexOf (43 bytes)
Event: 3019.561 Thread 0x00000251c1e386a0 nmethod 8574 0x00000251ed1b0f90 code [0x00000251ed1b1180, 0x00000251ed1b1938]
Event: 3019.565 Thread 0x00000251e90fa080 nmethod 8571 0x00000251f42b4190 code [0x00000251f42b43e0, 0x00000251f42b4b88]
Event: 3019.565 Thread 0x00000251e90fa080 8572       4       org.eclipse.core.internal.dtree.DataTreeNode::storeStrings (28 bytes)
Event: 3019.569 Thread 0x00000251e90fa080 nmethod 8572 0x00000251f42b5110 code [0x00000251f42b5360, 0x00000251f42b5b08]
Event: 3079.567 Thread 0x00000251c1e386a0 8575       3       org.eclipse.core.internal.jobs.JobQueue::isEmpty (18 bytes)
Event: 3079.568 Thread 0x00000251c1e386a0 nmethod 8575 0x00000251ed1b1c10 code [0x00000251ed1b1dc0, 0x00000251ed1b1f50]
Event: 3093.043 Thread 0x00000251c1e386a0 8576       3       java.lang.ProcessHandleImpl::<init> (15 bytes)
Event: 3093.044 Thread 0x00000251c1e386a0 nmethod 8576 0x00000251ed1b2010 code [0x00000251ed1b21c0, 0x00000251ed1b2330]
Event: 3139.578 Thread 0x00000251c1e386a0 8577   !   3       org.eclipse.core.internal.jobs.JobManager::sleepHint (67 bytes)
Event: 3139.580 Thread 0x00000251c1e386a0 nmethod 8577 0x00000251ed1b2410 code [0x00000251ed1b2680, 0x00000251ed1b3150]
Event: 3199.594 Thread 0x00000251c1e386a0 8579   !   3       org.eclipse.core.internal.jobs.JobManager::nextJob (291 bytes)
Event: 3199.596 Thread 0x00000251c1e386a0 nmethod 8579 0x00000251ed1b3610 code [0x00000251ed1b3aa0, 0x00000251ed1b5bd8]
Event: 3199.596 Thread 0x00000251c1e386a0 8578       3       org.eclipse.core.internal.jobs.JobManager::startJob (89 bytes)
Event: 3199.598 Thread 0x00000251c1e386a0 nmethod 8578 0x00000251ed1b6d10 code [0x00000251ed1b6fc0, 0x00000251ed1b7e20]
Event: 3512.466 Thread 0x00000251c1e386a0 8580       1       org.eclipse.osgi.internal.location.BasicLocation::isReadOnly (5 bytes)
Event: 3512.466 Thread 0x00000251c1e386a0 nmethod 8580 0x00000251f42b6110 code [0x00000251f42b62a0, 0x00000251f42b6370]
Event: 3862.056 Thread 0x00000251c1e386a0 8581       1       com.sun.jna.internal.Cleaner::access$200 (5 bytes)
Event: 3862.056 Thread 0x00000251c1e386a0 nmethod 8581 0x00000251f42b6410 code [0x00000251f42b65a0, 0x00000251f42b6650]

GC Heap History (20 events):
Event: 27.428 GC heap before
{Heap before GC invocations=49 (full 2):
 PSYoungGen      total 15872K, used 15584K [0x00000000d5580000, 0x00000000d6780000, 0x0000000100000000)
  eden space 15360K, 100% used [0x00000000d5580000,0x00000000d6480000,0x00000000d6480000)
  from space 512K, 43% used [0x00000000d6700000,0x00000000d6738000,0x00000000d6780000)
  to   space 1024K, 0% used [0x00000000d6580000,0x00000000d6580000,0x00000000d6680000)
 ParOldGen       total 68608K, used 44149K [0x0000000080000000, 0x0000000084300000, 0x00000000d5580000)
  object space 68608K, 64% used [0x0000000080000000,0x0000000082b1d490,0x0000000084300000)
 Metaspace       used 58292K, committed 59584K, reserved 1114112K
  class space    used 7345K, committed 7936K, reserved 1048576K
}
Event: 27.429 GC heap after
{Heap after GC invocations=49 (full 2):
 PSYoungGen      total 16384K, used 582K [0x00000000d5580000, 0x00000000d6780000, 0x0000000100000000)
  eden space 15360K, 0% used [0x00000000d5580000,0x00000000d5580000,0x00000000d6480000)
  from space 1024K, 56% used [0x00000000d6580000,0x00000000d66119f0,0x00000000d6680000)
  to   space 1024K, 0% used [0x00000000d6680000,0x00000000d6680000,0x00000000d6780000)
 ParOldGen       total 68608K, used 44305K [0x0000000080000000, 0x0000000084300000, 0x00000000d5580000)
  object space 68608K, 64% used [0x0000000080000000,0x0000000082b44648,0x0000000084300000)
 Metaspace       used 58292K, committed 59584K, reserved 1114112K
  class space    used 7345K, committed 7936K, reserved 1048576K
}
Event: 27.575 GC heap before
{Heap before GC invocations=50 (full 2):
 PSYoungGen      total 16384K, used 9864K [0x00000000d5580000, 0x00000000d6780000, 0x0000000100000000)
  eden space 15360K, 60% used [0x00000000d5580000,0x00000000d5e90650,0x00000000d6480000)
  from space 1024K, 56% used [0x00000000d6580000,0x00000000d66119f0,0x00000000d6680000)
  to   space 1024K, 0% used [0x00000000d6680000,0x00000000d6680000,0x00000000d6780000)
 ParOldGen       total 68608K, used 44305K [0x0000000080000000, 0x0000000084300000, 0x00000000d5580000)
  object space 68608K, 64% used [0x0000000080000000,0x0000000082b44648,0x0000000084300000)
 Metaspace       used 59048K, committed 60288K, reserved 1114112K
  class space    used 7450K, committed 8064K, reserved 1048576K
}
Event: 27.576 GC heap after
{Heap after GC invocations=50 (full 2):
 PSYoungGen      total 15872K, used 384K [0x00000000d5580000, 0x00000000d6700000, 0x0000000100000000)
  eden space 15360K, 0% used [0x00000000d5580000,0x00000000d5580000,0x00000000d6480000)
  from space 512K, 75% used [0x00000000d6680000,0x00000000d66e0000,0x00000000d6700000)
  to   space 512K, 0% used [0x00000000d6600000,0x00000000d6600000,0x00000000d6680000)
 ParOldGen       total 68608K, used 44385K [0x0000000080000000, 0x0000000084300000, 0x00000000d5580000)
  object space 68608K, 64% used [0x0000000080000000,0x0000000082b58658,0x0000000084300000)
 Metaspace       used 59048K, committed 60288K, reserved 1114112K
  class space    used 7450K, committed 8064K, reserved 1048576K
}
Event: 27.576 GC heap before
{Heap before GC invocations=51 (full 3):
 PSYoungGen      total 15872K, used 384K [0x00000000d5580000, 0x00000000d6700000, 0x0000000100000000)
  eden space 15360K, 0% used [0x00000000d5580000,0x00000000d5580000,0x00000000d6480000)
  from space 512K, 75% used [0x00000000d6680000,0x00000000d66e0000,0x00000000d6700000)
  to   space 512K, 0% used [0x00000000d6600000,0x00000000d6600000,0x00000000d6680000)
 ParOldGen       total 68608K, used 44385K [0x0000000080000000, 0x0000000084300000, 0x00000000d5580000)
  object space 68608K, 64% used [0x0000000080000000,0x0000000082b58658,0x0000000084300000)
 Metaspace       used 59048K, committed 60288K, reserved 1114112K
  class space    used 7450K, committed 8064K, reserved 1048576K
}
Event: 27.627 GC heap after
{Heap after GC invocations=51 (full 3):
 PSYoungGen      total 15872K, used 0K [0x00000000d5580000, 0x00000000d6700000, 0x0000000100000000)
  eden space 15360K, 0% used [0x00000000d5580000,0x00000000d5580000,0x00000000d6480000)
  from space 512K, 0% used [0x00000000d6680000,0x00000000d6680000,0x00000000d6700000)
  to   space 512K, 0% used [0x00000000d6600000,0x00000000d6600000,0x00000000d6680000)
 ParOldGen       total 68608K, used 38386K [0x0000000080000000, 0x0000000084300000, 0x00000000d5580000)
  object space 68608K, 55% used [0x0000000080000000,0x000000008257ca10,0x0000000084300000)
 Metaspace       used 59048K, committed 60288K, reserved 1114112K
  class space    used 7450K, committed 8064K, reserved 1048576K
}
Event: 27.863 GC heap before
{Heap before GC invocations=52 (full 3):
 PSYoungGen      total 15872K, used 15360K [0x00000000d5580000, 0x00000000d6700000, 0x0000000100000000)
  eden space 15360K, 100% used [0x00000000d5580000,0x00000000d6480000,0x00000000d6480000)
  from space 512K, 0% used [0x00000000d6680000,0x00000000d6680000,0x00000000d6700000)
  to   space 512K, 0% used [0x00000000d6600000,0x00000000d6600000,0x00000000d6680000)
 ParOldGen       total 68608K, used 38386K [0x0000000080000000, 0x0000000084300000, 0x00000000d5580000)
  object space 68608K, 55% used [0x0000000080000000,0x000000008257ca10,0x0000000084300000)
 Metaspace       used 60670K, committed 62080K, reserved 1114112K
  class space    used 7718K, committed 8384K, reserved 1048576K
}
Event: 27.864 GC heap after
{Heap after GC invocations=52 (full 3):
 PSYoungGen      total 15872K, used 512K [0x00000000d5580000, 0x00000000d6700000, 0x0000000100000000)
  eden space 15360K, 0% used [0x00000000d5580000,0x00000000d5580000,0x00000000d6480000)
  from space 512K, 100% used [0x00000000d6600000,0x00000000d6680000,0x00000000d6680000)
  to   space 512K, 0% used [0x00000000d6680000,0x00000000d6680000,0x00000000d6700000)
 ParOldGen       total 68608K, used 38590K [0x0000000080000000, 0x0000000084300000, 0x00000000d5580000)
  object space 68608K, 56% used [0x0000000080000000,0x00000000825afa20,0x0000000084300000)
 Metaspace       used 60670K, committed 62080K, reserved 1114112K
  class space    used 7718K, committed 8384K, reserved 1048576K
}
Event: 31.683 GC heap before
{Heap before GC invocations=53 (full 3):
 PSYoungGen      total 15872K, used 15872K [0x00000000d5580000, 0x00000000d6700000, 0x0000000100000000)
  eden space 15360K, 100% used [0x00000000d5580000,0x00000000d6480000,0x00000000d6480000)
  from space 512K, 100% used [0x00000000d6600000,0x00000000d6680000,0x00000000d6680000)
  to   space 512K, 0% used [0x00000000d6680000,0x00000000d6680000,0x00000000d6700000)
 ParOldGen       total 68608K, used 38590K [0x0000000080000000, 0x0000000084300000, 0x00000000d5580000)
  object space 68608K, 56% used [0x0000000080000000,0x00000000825afa20,0x0000000084300000)
 Metaspace       used 62256K, committed 63552K, reserved 1114112K
  class space    used 7915K, committed 8512K, reserved 1048576K
}
Event: 31.684 GC heap after
{Heap after GC invocations=53 (full 3):
 PSYoungGen      total 15872K, used 480K [0x00000000d5580000, 0x00000000d6780000, 0x0000000100000000)
  eden space 15360K, 0% used [0x00000000d5580000,0x00000000d5580000,0x00000000d6480000)
  from space 512K, 93% used [0x00000000d6680000,0x00000000d66f8020,0x00000000d6700000)
  to   space 1536K, 0% used [0x00000000d6480000,0x00000000d6480000,0x00000000d6600000)
 ParOldGen       total 68608K, used 39423K [0x0000000080000000, 0x0000000084300000, 0x00000000d5580000)
  object space 68608K, 57% used [0x0000000080000000,0x000000008267ff78,0x0000000084300000)
 Metaspace       used 62256K, committed 63552K, reserved 1114112K
  class space    used 7915K, committed 8512K, reserved 1048576K
}
Event: 41.297 GC heap before
{Heap before GC invocations=54 (full 3):
 PSYoungGen      total 15872K, used 15840K [0x00000000d5580000, 0x00000000d6780000, 0x0000000100000000)
  eden space 15360K, 100% used [0x00000000d5580000,0x00000000d6480000,0x00000000d6480000)
  from space 512K, 93% used [0x00000000d6680000,0x00000000d66f8020,0x00000000d6700000)
  to   space 1536K, 0% used [0x00000000d6480000,0x00000000d6480000,0x00000000d6600000)
 ParOldGen       total 68608K, used 39423K [0x0000000080000000, 0x0000000084300000, 0x00000000d5580000)
  object space 68608K, 57% used [0x0000000080000000,0x000000008267ff78,0x0000000084300000)
 Metaspace       used 62903K, committed 64320K, reserved 1114112K
  class space    used 7983K, committed 8640K, reserved 1048576K
}
Event: 41.300 GC heap after
{Heap after GC invocations=54 (full 3):
 PSYoungGen      total 16896K, used 1216K [0x00000000d5580000, 0x00000000d6780000, 0x0000000100000000)
  eden space 15360K, 0% used [0x00000000d5580000,0x00000000d5580000,0x00000000d6480000)
  from space 1536K, 79% used [0x00000000d6480000,0x00000000d65b0020,0x00000000d6600000)
  to   space 1536K, 0% used [0x00000000d6600000,0x00000000d6600000,0x00000000d6780000)
 ParOldGen       total 68608K, used 39859K [0x0000000080000000, 0x0000000084300000, 0x00000000d5580000)
  object space 68608K, 58% used [0x0000000080000000,0x00000000826ecfb8,0x0000000084300000)
 Metaspace       used 62903K, committed 64320K, reserved 1114112K
  class space    used 7983K, committed 8640K, reserved 1048576K
}
Event: 41.623 GC heap before
{Heap before GC invocations=55 (full 3):
 PSYoungGen      total 16896K, used 16574K [0x00000000d5580000, 0x00000000d6780000, 0x0000000100000000)
  eden space 15360K, 99% used [0x00000000d5580000,0x00000000d647faa0,0x00000000d6480000)
  from space 1536K, 79% used [0x00000000d6480000,0x00000000d65b0020,0x00000000d6600000)
  to   space 1536K, 0% used [0x00000000d6600000,0x00000000d6600000,0x00000000d6780000)
 ParOldGen       total 68608K, used 39859K [0x0000000080000000, 0x0000000084300000, 0x00000000d5580000)
  object space 68608K, 58% used [0x0000000080000000,0x00000000826ecfb8,0x0000000084300000)
 Metaspace       used 63836K, committed 65280K, reserved 1114112K
  class space    used 8093K, committed 8768K, reserved 1048576K
}
Event: 41.624 GC heap after
{Heap after GC invocations=55 (full 3):
 PSYoungGen      total 16384K, used 720K [0x00000000d5580000, 0x00000000d6700000, 0x0000000100000000)
  eden space 15360K, 0% used [0x00000000d5580000,0x00000000d5580000,0x00000000d6480000)
  from space 1024K, 70% used [0x00000000d6600000,0x00000000d66b4020,0x00000000d6700000)
  to   space 1024K, 0% used [0x00000000d6500000,0x00000000d6500000,0x00000000d6600000)
 ParOldGen       total 68608K, used 40771K [0x0000000080000000, 0x0000000084300000, 0x00000000d5580000)
  object space 68608K, 59% used [0x0000000080000000,0x00000000827d0fc8,0x0000000084300000)
 Metaspace       used 63836K, committed 65280K, reserved 1114112K
  class space    used 8093K, committed 8768K, reserved 1048576K
}
Event: 41.911 GC heap before
{Heap before GC invocations=56 (full 3):
 PSYoungGen      total 16384K, used 16080K [0x00000000d5580000, 0x00000000d6700000, 0x0000000100000000)
  eden space 15360K, 100% used [0x00000000d5580000,0x00000000d6480000,0x00000000d6480000)
  from space 1024K, 70% used [0x00000000d6600000,0x00000000d66b4020,0x00000000d6700000)
  to   space 1024K, 0% used [0x00000000d6500000,0x00000000d6500000,0x00000000d6600000)
 ParOldGen       total 68608K, used 40771K [0x0000000080000000, 0x0000000084300000, 0x00000000d5580000)
  object space 68608K, 59% used [0x0000000080000000,0x00000000827d0fc8,0x0000000084300000)
 Metaspace       used 63868K, committed 65344K, reserved 1114112K
  class space    used 8095K, committed 8768K, reserved 1048576K
}
Event: 41.912 GC heap after
{Heap after GC invocations=56 (full 3):
 PSYoungGen      total 16384K, used 320K [0x00000000d5580000, 0x00000000d6680000, 0x0000000100000000)
  eden space 15360K, 0% used [0x00000000d5580000,0x00000000d5580000,0x00000000d6480000)
  from space 1024K, 31% used [0x00000000d6500000,0x00000000d6550000,0x00000000d6600000)
  to   space 512K, 0% used [0x00000000d6600000,0x00000000d6600000,0x00000000d6680000)
 ParOldGen       total 68608K, used 41249K [0x0000000080000000, 0x0000000084300000, 0x00000000d5580000)
  object space 68608K, 60% used [0x0000000080000000,0x0000000082848728,0x0000000084300000)
 Metaspace       used 63868K, committed 65344K, reserved 1114112K
  class space    used 8095K, committed 8768K, reserved 1048576K
}
Event: 42.472 GC heap before
{Heap before GC invocations=57 (full 3):
 PSYoungGen      total 16384K, used 15680K [0x00000000d5580000, 0x00000000d6680000, 0x0000000100000000)
  eden space 15360K, 100% used [0x00000000d5580000,0x00000000d6480000,0x00000000d6480000)
  from space 1024K, 31% used [0x00000000d6500000,0x00000000d6550000,0x00000000d6600000)
  to   space 512K, 0% used [0x00000000d6600000,0x00000000d6600000,0x00000000d6680000)
 ParOldGen       total 68608K, used 41249K [0x0000000080000000, 0x0000000084300000, 0x00000000d5580000)
  object space 68608K, 60% used [0x0000000080000000,0x0000000082848728,0x0000000084300000)
 Metaspace       used 63959K, committed 65472K, reserved 1114112K
  class space    used 8096K, committed 8832K, reserved 1048576K
}
Event: 42.473 GC heap after
{Heap after GC invocations=57 (full 3):
 PSYoungGen      total 15872K, used 471K [0x00000000d5580000, 0x00000000d6680000, 0x0000000100000000)
  eden space 15360K, 0% used [0x00000000d5580000,0x00000000d5580000,0x00000000d6480000)
  from space 512K, 92% used [0x00000000d6600000,0x00000000d6675e20,0x00000000d6680000)
  to   space 512K, 0% used [0x00000000d6580000,0x00000000d6580000,0x00000000d6600000)
 ParOldGen       total 68608K, used 41321K [0x0000000080000000, 0x0000000084300000, 0x00000000d5580000)
  object space 68608K, 60% used [0x0000000080000000,0x000000008285a728,0x0000000084300000)
 Metaspace       used 63959K, committed 65472K, reserved 1114112K
  class space    used 8096K, committed 8832K, reserved 1048576K
}
Event: 43.185 GC heap before
{Heap before GC invocations=58 (full 3):
 PSYoungGen      total 15872K, used 15831K [0x00000000d5580000, 0x00000000d6680000, 0x0000000100000000)
  eden space 15360K, 100% used [0x00000000d5580000,0x00000000d6480000,0x00000000d6480000)
  from space 512K, 92% used [0x00000000d6600000,0x00000000d6675e20,0x00000000d6680000)
  to   space 512K, 0% used [0x00000000d6580000,0x00000000d6580000,0x00000000d6600000)
 ParOldGen       total 68608K, used 41321K [0x0000000080000000, 0x0000000084300000, 0x00000000d5580000)
  object space 68608K, 60% used [0x0000000080000000,0x000000008285a728,0x0000000084300000)
 Metaspace       used 64371K, committed 65856K, reserved 1114112K
  class space    used 8141K, committed 8832K, reserved 1048576K
}
Event: 43.186 GC heap after
{Heap after GC invocations=58 (full 3):
 PSYoungGen      total 15872K, used 504K [0x00000000d5580000, 0x00000000d6680000, 0x0000000100000000)
  eden space 15360K, 0% used [0x00000000d5580000,0x00000000d5580000,0x00000000d6480000)
  from space 512K, 98% used [0x00000000d6580000,0x00000000d65fe1a8,0x00000000d6600000)
  to   space 512K, 0% used [0x00000000d6600000,0x00000000d6600000,0x00000000d6680000)
 ParOldGen       total 68608K, used 41441K [0x0000000080000000, 0x0000000084300000, 0x00000000d5580000)
  object space 68608K, 60% used [0x0000000080000000,0x0000000082878738,0x0000000084300000)
 Metaspace       used 64371K, committed 65856K, reserved 1114112K
  class space    used 8141K, committed 8832K, reserved 1048576K
}

Dll operation events (15 events):
Event: 0.021 Loaded shared library c:\Users\DELL\.trae\extensions\redhat.java-1.49.0-win32-x64\jre\21.0.9-win32-x86_64\bin\java.dll
Event: 0.109 Loaded shared library c:\Users\DELL\.trae\extensions\redhat.java-1.49.0-win32-x64\jre\21.0.9-win32-x86_64\bin\zip.dll
Event: 0.133 Loaded shared library C:\Users\DELL\.trae\extensions\redhat.java-1.49.0-win32-x64\jre\21.0.9-win32-x86_64\bin\instrument.dll
Event: 0.140 Loaded shared library C:\Users\DELL\.trae\extensions\redhat.java-1.49.0-win32-x64\jre\21.0.9-win32-x86_64\bin\net.dll
Event: 0.143 Loaded shared library C:\Users\DELL\.trae\extensions\redhat.java-1.49.0-win32-x64\jre\21.0.9-win32-x86_64\bin\nio.dll
Event: 0.149 Loaded shared library C:\Users\DELL\.trae\extensions\redhat.java-1.49.0-win32-x64\jre\21.0.9-win32-x86_64\bin\zip.dll
Event: 0.173 Loaded shared library C:\Users\DELL\.trae\extensions\redhat.java-1.49.0-win32-x64\jre\21.0.9-win32-x86_64\bin\jimage.dll
Event: 0.284 Loaded shared library c:\Users\DELL\.trae\extensions\redhat.java-1.49.0-win32-x64\jre\21.0.9-win32-x86_64\bin\verify.dll
Event: 7.606 Loaded shared library C:\Users\DELL\AppData\Roaming\Trae\User\globalStorage\redhat.java\1.49.0\config_win\org.eclipse.equinox.launcher\org.eclipse.equinox.launcher.win32.win32.x86_64_1.2.1400.v20250801-0854\eclipse_11916.dll
Event: 19.343 Loaded shared library C:\Users\DELL\AppData\Local\Temp\jna-2094529\jna15929135023201807798.dll
Event: 22.095 Loaded shared library C:\Users\DELL\.gradle\native\1def1411415f61bf3af743bc5b6707747c0891f09f0c88961ee8f79bc544acac\windows-amd64\native-platform.dll
Event: 23.647 Loaded shared library C:\Users\DELL\.trae\extensions\redhat.java-1.49.0-win32-x64\jre\21.0.9-win32-x86_64\bin\management.dll
Event: 23.652 Loaded shared library C:\Users\DELL\.trae\extensions\redhat.java-1.49.0-win32-x64\jre\21.0.9-win32-x86_64\bin\management_ext.dll
Event: 27.539 Loaded shared library C:\Users\DELL\.trae\extensions\redhat.java-1.49.0-win32-x64\jre\21.0.9-win32-x86_64\bin\extnet.dll
Event: 31.507 Loaded shared library C:\Users\DELL\.trae\extensions\redhat.java-1.49.0-win32-x64\jre\21.0.9-win32-x86_64\bin\sunmscapi.dll

Deoptimization events (20 events):
Event: 2119.554 Thread 0x00000251ca215bd0 DEOPT PACKING pc=0x00000251f42ae734 sp=0x000000d6cdefeec0
Event: 2119.554 Thread 0x00000251ca215bd0 DEOPT UNPACKING pc=0x00000251f37c6da2 sp=0x000000d6cdefee88 mode 2
Event: 2119.554 Thread 0x00000251ca215bd0 Uncommon trap: trap_request=0xffffffde fr.pc=0x00000251f42af738 relative=0x0000000000000458
Event: 2119.554 Thread 0x00000251ca215bd0 Uncommon trap: reason=class_check action=maybe_recompile pc=0x00000251f42af738 method=org.eclipse.core.internal.dtree.AbstractDataTreeNode.storeStrings(Lorg/eclipse/core/internal/utils/StringPool;)V @ 31 c2
Event: 2119.554 Thread 0x00000251ca215bd0 DEOPT PACKING pc=0x00000251f42af738 sp=0x000000d6cdeff0b0
Event: 2119.554 Thread 0x00000251ca215bd0 DEOPT UNPACKING pc=0x00000251f37c6da2 sp=0x000000d6cdeff008 mode 2
Event: 2325.139 Thread 0x00000251cc4615e0 DEOPT PACKING pc=0x00000251ed199b2b sp=0x000000d6cf4ff500
Event: 2325.139 Thread 0x00000251cc4615e0 DEOPT UNPACKING pc=0x00000251f37c78e2 sp=0x000000d6cf4fe9e8 mode 0
Event: 2496.599 Thread 0x00000251c9a9eb50 DEOPT PACKING pc=0x00000251ed199b2b sp=0x000000d6cf3ff460
Event: 2496.599 Thread 0x00000251c9a9eb50 DEOPT UNPACKING pc=0x00000251f37c78e2 sp=0x000000d6cf3fe948 mode 0
Event: 2864.543 Thread 0x00000251cc4636b0 DEOPT PACKING pc=0x00000251ed199b2b sp=0x000000d6cfcff2a0
Event: 2864.543 Thread 0x00000251cc4636b0 DEOPT UNPACKING pc=0x00000251f37c78e2 sp=0x000000d6cfcfe788 mode 0
Event: 3080.661 Thread 0x00000251cc45fba0 DEOPT PACKING pc=0x00000251ed199b2b sp=0x000000d6cfaff500
Event: 3080.661 Thread 0x00000251cc45fba0 DEOPT UNPACKING pc=0x00000251f37c78e2 sp=0x000000d6cfafe9e8 mode 0
Event: 3308.367 Thread 0x00000251c9a97bc0 DEOPT PACKING pc=0x00000251ed199b2b sp=0x000000d6cf1fefc0
Event: 3308.368 Thread 0x00000251c9a97bc0 DEOPT UNPACKING pc=0x00000251f37c78e2 sp=0x000000d6cf1fe4a8 mode 0
Event: 3535.894 Thread 0x00000251ca21cb60 DEOPT PACKING pc=0x00000251ed199b2b sp=0x000000d6cedff660
Event: 3535.895 Thread 0x00000251ca21cb60 DEOPT UNPACKING pc=0x00000251f37c78e2 sp=0x000000d6cedfeb48 mode 0
Event: 3788.153 Thread 0x00000251cc461c70 DEOPT PACKING pc=0x00000251ed199b2b sp=0x000000d6cf9ff080
Event: 3788.153 Thread 0x00000251cc461c70 DEOPT UNPACKING pc=0x00000251f37c78e2 sp=0x000000d6cf9fe568 mode 0

Classes loaded (20 events):
Event: 43.365 Loading class java/util/concurrent/CompletableFuture$UniExceptionally
Event: 43.365 Loading class java/util/concurrent/CompletableFuture$UniExceptionally done
Event: 308.900 Loading class java/util/stream/DistinctOps
Event: 308.900 Loading class java/util/stream/DistinctOps done
Event: 308.900 Loading class java/util/stream/DistinctOps$1
Event: 308.900 Loading class java/util/stream/DistinctOps$1 done
Event: 308.903 Loading class java/util/stream/DistinctOps$1$2
Event: 308.903 Loading class java/util/stream/DistinctOps$1$2 done
Event: 325.235 Loading class java/util/concurrent/ForkJoinTask$AdaptedCallable
Event: 325.235 Loading class java/util/concurrent/ForkJoinTask$AdaptedCallable done
Event: 325.237 Loading class java/util/stream/Nodes$CollectorTask$OfRef
Event: 325.237 Loading class java/util/stream/Nodes$CollectorTask
Event: 325.238 Loading class java/util/stream/Nodes$CollectorTask done
Event: 325.238 Loading class java/util/stream/Nodes$CollectorTask$OfRef done
Event: 325.238 Loading class java/util/function/LongFunction
Event: 325.238 Loading class java/util/function/LongFunction done
Event: 325.238 Loading class java/util/stream/Nodes$ConcNode
Event: 325.238 Loading class java/util/stream/Nodes$AbstractConcNode
Event: 325.238 Loading class java/util/stream/Nodes$AbstractConcNode done
Event: 325.238 Loading class java/util/stream/Nodes$ConcNode done

Classes unloaded (7 events):
Event: 20.123 Thread 0x00000251c1e010a0 Unloading class 0x00000251811a8c00 'java/lang/invoke/LambdaForm$MH+0x00000251811a8c00'
Event: 20.123 Thread 0x00000251c1e010a0 Unloading class 0x00000251811a8800 'java/lang/invoke/LambdaForm$MH+0x00000251811a8800'
Event: 20.123 Thread 0x00000251c1e010a0 Unloading class 0x00000251811a8400 'java/lang/invoke/LambdaForm$MH+0x00000251811a8400'
Event: 20.123 Thread 0x00000251c1e010a0 Unloading class 0x00000251811a8000 'java/lang/invoke/LambdaForm$MH+0x00000251811a8000'
Event: 20.123 Thread 0x00000251c1e010a0 Unloading class 0x00000251811a7c00 'java/lang/invoke/LambdaForm$BMH+0x00000251811a7c00'
Event: 20.123 Thread 0x00000251c1e010a0 Unloading class 0x00000251811a7800 'java/lang/invoke/LambdaForm$DMH+0x00000251811a7800'
Event: 20.123 Thread 0x00000251c1e010a0 Unloading class 0x00000251811a6400 'java/lang/invoke/LambdaForm$DMH+0x00000251811a6400'

Classes redefined (0 events):
No events

Internal exceptions (20 events):
Event: 43.087 Thread 0x00000251cc464a60 Implicit null exception at 0x00000251f42468af to 0x00000251f42497b4
Event: 43.099 Thread 0x00000251cc464a60 Exception <a 'java/lang/NoSuchMethodError'{0x00000000d60c2f50}: static Lorg/gradle/internal/exceptions/ContextAwareException;.<clinit>()V> (0x00000000d60c2f50) 
thrown [s\src\hotspot\share\prims\jni.cpp, line 1111]
Event: 43.100 Thread 0x00000251cc464a60 Exception <a 'java/lang/NoSuchMethodError'{0x00000000d60c5338}: static Lorg/gradle/internal/exceptions/LocationAwareException;.<clinit>()V> (0x00000000d60c5338) 
thrown [s\src\hotspot\share\prims\jni.cpp, line 1111]
Event: 43.168 Thread 0x00000251c9a9a320 Exception <a 'sun/nio/fs/WindowsException'{0x00000000d634bda8}> (0x00000000d634bda8) 
thrown [s\src\hotspot\share\prims\jni.cpp, line 520]
Event: 43.168 Thread 0x00000251c9a9a320 Exception <a 'sun/nio/fs/WindowsException'{0x00000000d6359b80}> (0x00000000d6359b80) 
thrown [s\src\hotspot\share\prims\jni.cpp, line 520]
Event: 43.169 Thread 0x00000251c9a9a320 Exception <a 'sun/nio/fs/WindowsException'{0x00000000d635d830}> (0x00000000d635d830) 
thrown [s\src\hotspot\share\prims\jni.cpp, line 520]
Event: 43.169 Thread 0x00000251c9a9a320 Exception <a 'sun/nio/fs/WindowsException'{0x00000000d635e0f8}> (0x00000000d635e0f8) 
thrown [s\src\hotspot\share\prims\jni.cpp, line 520]
Event: 43.191 Thread 0x00000251c9a9a320 Exception <a 'sun/nio/fs/WindowsException'{0x00000000d5666128}> (0x00000000d5666128) 
thrown [s\src\hotspot\share\prims\jni.cpp, line 520]
Event: 43.192 Thread 0x00000251c9a9a320 Exception <a 'sun/nio/fs/WindowsException'{0x00000000d5666c18}> (0x00000000d5666c18) 
thrown [s\src\hotspot\share\prims\jni.cpp, line 520]
Event: 43.193 Thread 0x00000251c9a9a320 Exception <a 'sun/nio/fs/WindowsException'{0x00000000d5671188}> (0x00000000d5671188) 
thrown [s\src\hotspot\share\prims\jni.cpp, line 520]
Event: 43.193 Thread 0x00000251c9a9a320 Exception <a 'sun/nio/fs/WindowsException'{0x00000000d5671a68}> (0x00000000d5671a68) 
thrown [s\src\hotspot\share\prims\jni.cpp, line 520]
Event: 43.303 Thread 0x00000251ca216260 Exception <a 'java/lang/NoSuchMethodError'{0x00000000d5a1f4d8}: 'java.lang.Object java.lang.invoke.DirectMethodHandle$Holder.invokeStatic(java.lang.Object, java.lang.Object, int, java.lang.Object)'> (0x00000000d5a1f4d8) 
thrown [s\src\hotspot\share\interpreter\linkResolver.cpp, line 773]
Event: 43.345 Thread 0x00000251ca216260 Exception <a 'java/io/FileNotFoundException'{0x00000000d5c95008}> (0x00000000d5c95008) 
thrown [s\src\hotspot\share\prims\jni.cpp, line 520]
Event: 43.345 Thread 0x00000251ca216260 Exception <a 'java/io/FileNotFoundException'{0x00000000d5c96150}> (0x00000000d5c96150) 
thrown [s\src\hotspot\share\prims\jni.cpp, line 520]
Event: 43.361 Thread 0x00000251c9a9a320 Exception <a 'java/lang/IncompatibleClassChangeError'{0x00000000d5ce40b0}: Found class java.lang.Object, but interface was expected> (0x00000000d5ce40b0) 
thrown [s\src\hotspot\share\interpreter\linkResolver.cpp, line 840]
Event: 71.032 Thread 0x00000251c9a9a320 Exception <a 'java/lang/IncompatibleClassChangeError'{0x00000000d5e73520}: Found class java.lang.Object, but interface was expected> (0x00000000d5e73520) 
thrown [s\src\hotspot\share\interpreter\linkResolver.cpp, line 840]
Event: 284.770 Thread 0x00000251c9a9a320 Exception <a 'java/lang/IncompatibleClassChangeError'{0x00000000d5f2d1a8}: Found class java.lang.Object, but interface was expected> (0x00000000d5f2d1a8) 
thrown [s\src\hotspot\share\interpreter\linkResolver.cpp, line 840]
Event: 308.906 Thread 0x00000251c9a9b040 Implicit null exception at 0x00000251f412dcc4 to 0x00000251f412ed58
Event: 308.908 Thread 0x00000251c9a9b040 Implicit null exception at 0x00000251f410330d to 0x00000251f4103660
Event: 325.255 Thread 0x00000251ca215bd0 Exception <a 'java/lang/NoSuchMethodError'{0x00000000d6166688}: 'java.lang.Object java.lang.invoke.DirectMethodHandle$Holder.newInvokeSpecial(java.lang.Object, java.lang.Object, java.lang.Object, java.lang.Object, java.lang.Object, java.lang.Object, java.lang.Object, java.lang.Object)'> (0x00000000d6166688) 
thrown [s\src\hotspot\share\interpreter\linkResolver.cpp, line 773]

ZGC Phase Switch (0 events):
No events

VM Operations (20 events):
Event: 3547.244 Executing VM operation: HandshakeAllThreads (HandshakeForDeflation)
Event: 3547.244 Executing VM operation: HandshakeAllThreads (HandshakeForDeflation) done
Event: 3547.244 Executing VM operation: RendezvousGCThreads
Event: 3547.244 Executing VM operation: RendezvousGCThreads done
Event: 3607.387 Executing VM operation: HandshakeAllThreads (HandshakeForDeflation)
Event: 3607.387 Executing VM operation: HandshakeAllThreads (HandshakeForDeflation) done
Event: 3607.387 Executing VM operation: RendezvousGCThreads
Event: 3607.387 Executing VM operation: RendezvousGCThreads done
Event: 3727.585 Executing VM operation: HandshakeAllThreads (HandshakeForDeflation)
Event: 3727.585 Executing VM operation: HandshakeAllThreads (HandshakeForDeflation) done
Event: 3727.585 Executing VM operation: RendezvousGCThreads
Event: 3727.585 Executing VM operation: RendezvousGCThreads done
Event: 3787.702 Executing VM operation: HandshakeAllThreads (HandshakeForDeflation)
Event: 3787.702 Executing VM operation: HandshakeAllThreads (HandshakeForDeflation) done
Event: 3787.702 Executing VM operation: RendezvousGCThreads
Event: 3787.702 Executing VM operation: RendezvousGCThreads done
Event: 3847.918 Executing VM operation: HandshakeAllThreads (HandshakeForDeflation)
Event: 3847.918 Executing VM operation: HandshakeAllThreads (HandshakeForDeflation) done
Event: 3847.918 Executing VM operation: RendezvousGCThreads
Event: 3847.918 Executing VM operation: RendezvousGCThreads done

Memory protections (0 events):
No events

Nmethod flushes (20 events):
Event: 27.597 Thread 0x00000251c1e010a0 flushing  nmethod 0x00000251eca85a90
Event: 27.597 Thread 0x00000251c1e010a0 flushing  nmethod 0x00000251eca94610
Event: 27.597 Thread 0x00000251c1e010a0 flushing  nmethod 0x00000251ecaa7910
Event: 27.597 Thread 0x00000251c1e010a0 flushing  nmethod 0x00000251ecaaf790
Event: 27.597 Thread 0x00000251c1e010a0 flushing  nmethod 0x00000251ecac9210
Event: 27.597 Thread 0x00000251c1e010a0 flushing  nmethod 0x00000251ecaca390
Event: 27.597 Thread 0x00000251c1e010a0 flushing  nmethod 0x00000251ecacb510
Event: 27.597 Thread 0x00000251c1e010a0 flushing  nmethod 0x00000251ecacd790
Event: 27.597 Thread 0x00000251c1e010a0 flushing  nmethod 0x00000251ecace590
Event: 27.597 Thread 0x00000251c1e010a0 flushing  nmethod 0x00000251ecaf5f90
Event: 27.597 Thread 0x00000251c1e010a0 flushing  nmethod 0x00000251ecaf7a10
Event: 27.597 Thread 0x00000251c1e010a0 flushing  nmethod 0x00000251ecb06a90
Event: 27.597 Thread 0x00000251c1e010a0 flushing  nmethod 0x00000251ecb0ad10
Event: 27.597 Thread 0x00000251c1e010a0 flushing  nmethod 0x00000251ecb0f990
Event: 27.597 Thread 0x00000251c1e010a0 flushing  nmethod 0x00000251ecb11210
Event: 27.597 Thread 0x00000251c1e010a0 flushing  nmethod 0x00000251ecb11990
Event: 27.597 Thread 0x00000251c1e010a0 flushing  nmethod 0x00000251ecb11d10
Event: 27.597 Thread 0x00000251c1e010a0 flushing  nmethod 0x00000251ecb12090
Event: 27.597 Thread 0x00000251c1e010a0 flushing  nmethod 0x00000251ecb12610
Event: 27.597 Thread 0x00000251c1e010a0 flushing  nmethod 0x00000251ecb18210

Events (20 events):
Event: 88.100 Thread 0x00000251c9a9bd60 Thread exited: 0x00000251c9a9bd60
Event: 103.263 Thread 0x00000251c78b37e0 Thread exited: 0x00000251c78b37e0
Event: 103.263 Thread 0x00000251ca215540 Thread exited: 0x00000251ca215540
Event: 103.263 Thread 0x00000251ca219050 Thread exited: 0x00000251ca219050
Event: 103.293 Thread 0x00000251c78b3e70 Thread exited: 0x00000251c78b3e70
Event: 149.699 Thread 0x00000251cc464a60 Thread exited: 0x00000251cc464a60
Event: 209.699 Thread 0x00000251cc4643d0 Thread exited: 0x00000251cc4643d0
Event: 269.699 Thread 0x00000251cc4650f0 Thread exited: 0x00000251cc4650f0
Event: 325.236 Thread 0x00000251ca215bd0 Thread added: 0x00000251cc4643d0
Event: 325.239 Thread 0x00000251cc4643d0 Thread exited: 0x00000251cc4643d0
Event: 325.246 Thread 0x00000251ca215bd0 Thread added: 0x00000251cc463020
Event: 325.247 Thread 0x00000251cc463020 Thread exited: 0x00000251cc463020
Event: 1166.088 Thread 0x00000251ca215bd0 Thread added: 0x00000251cc462300
Event: 1166.089 Thread 0x00000251cc462300 Thread exited: 0x00000251cc462300
Event: 1166.089 Thread 0x00000251ca215bd0 Thread added: 0x00000251cc462300
Event: 1166.090 Thread 0x00000251cc462300 Thread exited: 0x00000251cc462300
Event: 2126.068 Thread 0x00000251ca215bd0 Thread added: 0x00000251cc4643d0
Event: 2126.069 Thread 0x00000251cc4643d0 Thread exited: 0x00000251cc4643d0
Event: 2126.071 Thread 0x00000251ca215bd0 Thread added: 0x00000251cc463020
Event: 2126.071 Thread 0x00000251cc463020 Thread exited: 0x00000251cc463020


Dynamic libraries:
0x00007ff772ad0000 - 0x00007ff772ade000 	c:\Users\DELL\.trae\extensions\redhat.java-1.49.0-win32-x64\jre\21.0.9-win32-x86_64\bin\java.exe
0x00007ffc2bf00000 - 0x00007ffc2c168000 	C:\WINDOWS\SYSTEM32\ntdll.dll
0x00007ffc2a4e0000 - 0x00007ffc2a5a9000 	C:\WINDOWS\System32\KERNEL32.DLL
0x00007ffc29260000 - 0x00007ffc29658000 	C:\WINDOWS\System32\KERNELBASE.dll
0x00007ffc297b0000 - 0x00007ffc298fb000 	C:\WINDOWS\System32\ucrtbase.dll
0x00007ffbcd9a0000 - 0x00007ffbcd9b8000 	c:\Users\DELL\.trae\extensions\redhat.java-1.49.0-win32-x64\jre\21.0.9-win32-x86_64\bin\jli.dll
0x00007ffc2a660000 - 0x00007ffc2a827000 	C:\WINDOWS\System32\USER32.dll
0x00007ffc29230000 - 0x00007ffc29257000 	C:\WINDOWS\System32\win32u.dll
0x00007ffc2b060000 - 0x00007ffc2b08b000 	C:\WINDOWS\System32\GDI32.dll
0x00007ffc29100000 - 0x00007ffc2922c000 	C:\WINDOWS\System32\gdi32full.dll
0x00007ffc29050000 - 0x00007ffc290f3000 	C:\WINDOWS\System32\msvcp_win.dll
0x00007ffbcf160000 - 0x00007ffbcf17e000 	c:\Users\DELL\.trae\extensions\redhat.java-1.49.0-win32-x64\jre\21.0.9-win32-x86_64\bin\VCRUNTIME140.dll
0x00007ffbf7150000 - 0x00007ffbf73e4000 	C:\WINDOWS\WinSxS\amd64_microsoft.windows.common-controls_6595b64144ccf1df_6.0.26100.7019_none_3e06ffa0e335b8a8\COMCTL32.dll
0x00007ffc2a5b0000 - 0x00007ffc2a659000 	C:\WINDOWS\System32\msvcrt.dll
0x00007ffc2bde0000 - 0x00007ffc2be11000 	C:\WINDOWS\System32\IMM32.DLL
0x00007ffbcef70000 - 0x00007ffbcef7c000 	c:\Users\DELL\.trae\extensions\redhat.java-1.49.0-win32-x64\jre\21.0.9-win32-x86_64\bin\vcruntime140_1.dll
0x00007ffb95b30000 - 0x00007ffb95bbd000 	c:\Users\DELL\.trae\extensions\redhat.java-1.49.0-win32-x64\jre\21.0.9-win32-x86_64\bin\msvcp140.dll
0x00007ffb46fb0000 - 0x00007ffb47d50000 	c:\Users\DELL\.trae\extensions\redhat.java-1.49.0-win32-x64\jre\21.0.9-win32-x86_64\bin\server\jvm.dll
0x00007ffc2b1a0000 - 0x00007ffc2b254000 	C:\WINDOWS\System32\ADVAPI32.dll
0x00007ffc2a8a0000 - 0x00007ffc2a946000 	C:\WINDOWS\System32\sechost.dll
0x00007ffc2a130000 - 0x00007ffc2a248000 	C:\WINDOWS\System32\RPCRT4.dll
0x00007ffc2b270000 - 0x00007ffc2b2e4000 	C:\WINDOWS\System32\WS2_32.dll
0x00007ffc27c30000 - 0x00007ffc27c8e000 	C:\WINDOWS\SYSTEM32\POWRPROF.dll
0x00007ffc1d410000 - 0x00007ffc1d445000 	C:\WINDOWS\SYSTEM32\WINMM.dll
0x00007ffc1fa90000 - 0x00007ffc1fa9b000 	C:\WINDOWS\SYSTEM32\VERSION.dll
0x00007ffc27c10000 - 0x00007ffc27c24000 	C:\WINDOWS\SYSTEM32\UMPDC.dll
0x00007ffc27ef0000 - 0x00007ffc27f0b000 	C:\WINDOWS\SYSTEM32\kernel.appcore.dll
0x00007ffbcd990000 - 0x00007ffbcd99a000 	c:\Users\DELL\.trae\extensions\redhat.java-1.49.0-win32-x64\jre\21.0.9-win32-x86_64\bin\jimage.dll
0x00007ffc26750000 - 0x00007ffc26992000 	C:\WINDOWS\SYSTEM32\DBGHELP.DLL
0x00007ffc2aa50000 - 0x00007ffc2addb000 	C:\WINDOWS\System32\combase.dll
0x00007ffc2ade0000 - 0x00007ffc2aeb7000 	C:\WINDOWS\System32\OLEAUT32.dll
0x00007ffc0c2e0000 - 0x00007ffc0c31c000 	C:\WINDOWS\SYSTEM32\dbgcore.DLL
0x00007ffc29900000 - 0x00007ffc299a5000 	C:\WINDOWS\System32\bcryptPrimitives.dll
0x00007ffbcd980000 - 0x00007ffbcd98f000 	c:\Users\DELL\.trae\extensions\redhat.java-1.49.0-win32-x64\jre\21.0.9-win32-x86_64\bin\instrument.dll
0x00007ffbcb080000 - 0x00007ffbcb0a0000 	c:\Users\DELL\.trae\extensions\redhat.java-1.49.0-win32-x64\jre\21.0.9-win32-x86_64\bin\java.dll
0x00007ffc2b4b0000 - 0x00007ffc2bbff000 	C:\WINDOWS\System32\SHELL32.dll
0x00007ffc299b0000 - 0x00007ffc29b1b000 	C:\WINDOWS\System32\wintypes.dll
0x00007ffc26c50000 - 0x00007ffc274ad000 	C:\WINDOWS\SYSTEM32\windows.storage.dll
0x00007ffc2a950000 - 0x00007ffc2aa42000 	C:\WINDOWS\System32\SHCORE.dll
0x00007ffc2a830000 - 0x00007ffc2a897000 	C:\WINDOWS\System32\shlwapi.dll
0x00007ffc28f70000 - 0x00007ffc28f99000 	C:\WINDOWS\SYSTEM32\profapi.dll
0x00007ffbb8c60000 - 0x00007ffbb8c78000 	c:\Users\DELL\.trae\extensions\redhat.java-1.49.0-win32-x64\jre\21.0.9-win32-x86_64\bin\zip.dll
0x00007ffbcbe40000 - 0x00007ffbcbe50000 	C:\Users\DELL\.trae\extensions\redhat.java-1.49.0-win32-x64\jre\21.0.9-win32-x86_64\bin\net.dll
0x00007ffc20ec0000 - 0x00007ffc20fe8000 	C:\WINDOWS\SYSTEM32\WINHTTP.dll
0x00007ffc28440000 - 0x00007ffc284ab000 	C:\WINDOWS\system32\mswsock.dll
0x00007ffbb83b0000 - 0x00007ffbb83c6000 	C:\Users\DELL\.trae\extensions\redhat.java-1.49.0-win32-x64\jre\21.0.9-win32-x86_64\bin\nio.dll
0x00007ffbcb070000 - 0x00007ffbcb080000 	c:\Users\DELL\.trae\extensions\redhat.java-1.49.0-win32-x64\jre\21.0.9-win32-x86_64\bin\verify.dll
0x00007ffbaf4b0000 - 0x00007ffbaf4f4000 	C:\Users\DELL\AppData\Roaming\Trae\User\globalStorage\redhat.java\1.49.0\config_win\org.eclipse.equinox.launcher\org.eclipse.equinox.launcher.win32.win32.x86_64_1.2.1400.v20250801-0854\eclipse_11916.dll
0x00007ffc2aec0000 - 0x00007ffc2b057000 	C:\WINDOWS\System32\ole32.dll
0x00007ffc28830000 - 0x00007ffc2884b000 	C:\WINDOWS\SYSTEM32\CRYPTSP.dll
0x00007ffc27e50000 - 0x00007ffc27e8a000 	C:\WINDOWS\system32\rsaenh.dll
0x00007ffc284f0000 - 0x00007ffc2851b000 	C:\WINDOWS\SYSTEM32\USERENV.dll
0x00007ffc28f40000 - 0x00007ffc28f6a000 	C:\WINDOWS\SYSTEM32\bcrypt.dll
0x00007ffc28810000 - 0x00007ffc2881c000 	C:\WINDOWS\SYSTEM32\CRYPTBASE.dll
0x00007ffc27900000 - 0x00007ffc27934000 	C:\WINDOWS\SYSTEM32\IPHLPAPI.DLL
0x00007ffc2beb0000 - 0x00007ffc2beba000 	C:\WINDOWS\System32\NSI.dll
0x00007ffb94320000 - 0x00007ffb94369000 	C:\Users\DELL\AppData\Local\Temp\jna-2094529\jna15929135023201807798.dll
0x00007ffc2b090000 - 0x00007ffc2b098000 	C:\WINDOWS\System32\PSAPI.DLL
0x00007ffc213a0000 - 0x00007ffc213be000 	C:\WINDOWS\SYSTEM32\dhcpcsvc6.DLL
0x00007ffc21370000 - 0x00007ffc21393000 	C:\WINDOWS\SYSTEM32\dhcpcsvc.DLL
0x00007ffb71fd0000 - 0x00007ffb71ff7000 	C:\Users\DELL\.gradle\native\1def1411415f61bf3af743bc5b6707747c0891f09f0c88961ee8f79bc544acac\windows-amd64\native-platform.dll
0x00007ffbcae90000 - 0x00007ffbcae9a000 	C:\Users\DELL\.trae\extensions\redhat.java-1.49.0-win32-x64\jre\21.0.9-win32-x86_64\bin\management.dll
0x00007ffbb1820000 - 0x00007ffbb182c000 	C:\Users\DELL\.trae\extensions\redhat.java-1.49.0-win32-x64\jre\21.0.9-win32-x86_64\bin\management_ext.dll
0x00007ffbb07f0000 - 0x00007ffbb07f9000 	C:\Users\DELL\.trae\extensions\redhat.java-1.49.0-win32-x64\jre\21.0.9-win32-x86_64\bin\extnet.dll
0x00007ffbb0800000 - 0x00007ffbb080e000 	C:\Users\DELL\.trae\extensions\redhat.java-1.49.0-win32-x64\jre\21.0.9-win32-x86_64\bin\sunmscapi.dll
0x00007ffc29b20000 - 0x00007ffc29c97000 	C:\WINDOWS\System32\CRYPT32.dll
0x00007ffc28980000 - 0x00007ffc289b0000 	C:\WINDOWS\SYSTEM32\ncrypt.dll
0x00007ffc28930000 - 0x00007ffc2896f000 	C:\WINDOWS\SYSTEM32\NTASN1.dll
0x00007ffb849b0000 - 0x00007ffb849b8000 	C:\WINDOWS\system32\wshunix.dll

JVMTI agents:
c:\Users\DELL\.trae\extensions\redhat.java-1.49.0-win32-x64\lombok\lombok-1.18.39-4050.jar path:c:\Users\DELL\.trae\extensions\redhat.java-1.49.0-win32-x64\jre\21.0.9-win32-x86_64\bin\instrument.dll, loaded, initialized, instrumentlib options:none

dbghelp: loaded successfully - version: 4.0.5 - missing functions: none
symbol engine: initialized successfully - sym options: 0x614 - pdb path: .;c:\Users\DELL\.trae\extensions\redhat.java-1.49.0-win32-x64\jre\21.0.9-win32-x86_64\bin;C:\WINDOWS\SYSTEM32;C:\WINDOWS\WinSxS\amd64_microsoft.windows.common-controls_6595b64144ccf1df_6.0.26100.7019_none_3e06ffa0e335b8a8;c:\Users\DELL\.trae\extensions\redhat.java-1.49.0-win32-x64\jre\21.0.9-win32-x86_64\bin\server;C:\Users\DELL\AppData\Roaming\Trae\User\globalStorage\redhat.java\1.49.0\config_win\org.eclipse.equinox.launcher\org.eclipse.equinox.launcher.win32.win32.x86_64_1.2.1400.v20250801-0854;C:\Users\DELL\AppData\Local\Temp\jna-2094529;C:\Users\DELL\.gradle\native\1def1411415f61bf3af743bc5b6707747c0891f09f0c88961ee8f79bc544acac\windows-amd64

VM Arguments:
jvm_args: --add-modules=ALL-SYSTEM --add-opens=java.base/java.util=ALL-UNNAMED --add-opens=java.base/java.lang=ALL-UNNAMED --add-opens=java.base/sun.nio.fs=ALL-UNNAMED -Declipse.application=org.eclipse.jdt.ls.core.id1 -Dosgi.bundles.defaultStartLevel=4 -Declipse.product=org.eclipse.jdt.ls.core.product -Djava.import.generatesMetadataFilesAtProjectRoot=false -DDetectVMInstallationsJob.disabled=true -Dfile.encoding=utf8 -XX:+UseParallelGC -XX:GCTimeRatio=4 -XX:AdaptiveSizePolicyWeight=90 -Dsun.zip.disableMemoryMapping=true -Xmx2G -Xms100m -Xlog:disable -javaagent:c:\Users\DELL\.trae\extensions\redhat.java-1.49.0-win32-x64\lombok\lombok-1.18.39-4050.jar -XX:+HeapDumpOnOutOfMemoryError -XX:HeapDumpPath=c:\Users\DELL\AppData\Roaming\Trae\User\workspaceStorage\1628c0b08f17099db8c3b2ff1b36f217\redhat.java -Daether.dependencyCollector.impl=bf 
java_command: c:\Users\DELL\.trae\extensions\redhat.java-1.49.0-win32-x64\server\plugins\org.eclipse.equinox.launcher_1.7.100.v20251111-0406.jar -configuration c:\Users\DELL\AppData\Roaming\Trae\User\globalStorage\redhat.java\1.49.0\config_win -data c:\Users\DELL\AppData\Roaming\Trae\User\workspaceStorage\1628c0b08f17099db8c3b2ff1b36f217\redhat.java\jdt_ws --pipe=\\.\pipe\lsp-979ff8d3c22dbddd0e65788d8a7a2248-sock
java_class_path (initial): c:\Users\DELL\.trae\extensions\redhat.java-1.49.0-win32-x64\server\plugins\org.eclipse.equinox.launcher_1.7.100.v20251111-0406.jar
Launcher Type: SUN_STANDARD

[Global flags]
    uintx AdaptiveSizePolicyWeight                 = 90                                        {product} {command line}
     intx CICompilerCount                          = 4                                         {product} {ergonomic}
    uintx GCTimeRatio                              = 4                                         {product} {command line}
     bool HeapDumpOnOutOfMemoryError               = true                                   {manageable} {command line}
    ccstr HeapDumpPath                             = c:\Users\DELL\AppData\Roaming\Trae\User\workspaceStorage\1628c0b08f17099db8c3b2ff1b36f217\redhat.java         {manageable} {command line}
   size_t InitialHeapSize                          = 104857600                                 {product} {command line}
   size_t MaxHeapSize                              = 2147483648                                {product} {command line}
   size_t MaxNewSize                               = 715653120                                 {product} {ergonomic}
   size_t MinHeapDeltaBytes                        = 524288                                    {product} {ergonomic}
   size_t MinHeapSize                              = 104857600                                 {product} {command line}
   size_t NewSize                                  = 34603008                                  {product} {ergonomic}
    uintx NonNMethodCodeHeapSize                   = 5839372                                {pd product} {ergonomic}
    uintx NonProfiledCodeHeapSize                  = 122909434                              {pd product} {ergonomic}
   size_t OldSize                                  = 70254592                                  {product} {ergonomic}
    uintx ProfiledCodeHeapSize                     = 122909434                              {pd product} {ergonomic}
    uintx ReservedCodeCacheSize                    = 251658240                              {pd product} {ergonomic}
     bool SegmentedCodeCache                       = true                                      {product} {ergonomic}
   size_t SoftMaxHeapSize                          = 2147483648                             {manageable} {ergonomic}
     bool UseCompressedOops                        = true                           {product lp64_product} {ergonomic}
     bool UseLargePagesIndividualAllocation        = false                                  {pd product} {ergonomic}
     bool UseParallelGC                            = true                                      {product} {command line}

Logging:
Log output configuration:
 #0: stdout all=off uptime,level,tags foldmultilines=false
 #1: stderr all=off uptime,level,tags foldmultilines=false

Release file:
JAVA_VERSION="21.0.9" 
MODULES="java.base java.compiler java.datatransfer java.xml java.prefs java.desktop java.instrument java.logging java.management java.security.sasl java.naming java.rmi java.management.rmi java.net.http java.scripting java.security.jgss java.transaction.xa java.sql java.sql.rowset java.xml.crypto java.se java.smartcardio jdk.accessibility jdk.internal.jvmstat jdk.attach jdk.charsets jdk.internal.opt jdk.zipfs jdk.compiler jdk.crypto.ec jdk.crypto.cryptoki jdk.crypto.mscapi jdk.dynalink jdk.internal.ed jdk.editpad jdk.hotspot.agent jdk.httpserver jdk.internal.le jdk.internal.vm.ci jdk.internal.vm.compiler jdk.internal.vm.compiler.management jdk.jartool jdk.javadoc jdk.jcmd jdk.management jdk.management.agent jdk.jconsole jdk.jdeps jdk.jdwp.agent jdk.jdi jdk.jfr jdk.jshell jdk.jsobject jdk.jstatd jdk.localedata jdk.management.jfr jdk.naming.dns jdk.naming.rmi jdk.net jdk.nio.mapmode jdk.random jdk.sctp jdk.security.auth jdk.security.jgss jdk.unsupported jdk.unsupported.desktop jdk.xml.dom" 

Environment Variables:
PATH=C:\Program Files (x86)\VMware\VMware Player\bin\;C:\app\DELL\product\23ai\dbhomeFree\bin;C:\Python312\Scripts\;C:\Python312\;C:\Program Files (x86)\Common Files\Oracle\Java\java8path;C:\Program Files (x86)\Common Files\Oracle\Java\javapath;C:\Windows\system32;C:\Windows;C:\Windows\System32\Wbem;C:\Windows\System32\WindowsPowerShell\v1.0\;C:\Windows\System32\OpenSSH\;C:\Program Files\Microsoft VS Code\bin;C:\srcflutter\flutter\bin;C:\ProgramData\chocolatey\bin;C:\Program Files (x86)\Git\cmd;C:\Program Files (x86)\NVIDIA Corporation\PhysX\Common;C:\Program Files\dotnet\;C:\xampp\php;C:\composer;C:\Program Files\NVIDIA Corporation\NVIDIA app\NvDLISR;;C:\WINDOWS\system32;C:\WINDOWS;C:\WINDOWS\System32\Wbem;C:\WINDOWS\System32\WindowsPowerShell\v1.0\;C:\WINDOWS\System32\OpenSSH\;C:\Program Files\nodejs\;C:\Users\DELL\scoop\shims;C:\srcflutter\flutter\bin;C:\tools\dart-sdk\bin;C:\Users\DELL\AppData\Roaming\Pub\Cache\bin;C:\Program Files\JetBrains\IntelliJ IDEA 2025.2.2\bin;C:\Users\DELL\AppData\Roaming\Composer\vendor\bin;C:\Program Files\JetBrains\PyCharm 2024.2.4\bin;;C:\Users\DELL\AppData\Local\Microsoft\WindowsApps;C:\Users\DELL\AppData\Roaming\npm;C:\Users\DELL\AppData\Local\GitHubDesktop\bin;c:\Users\DELL\AppData\Local\Programs\Trae\resources\app\bin\lib
USERNAME=DELL
OS=Windows_NT
PROCESSOR_IDENTIFIER=Intel64 Family 6 Model 141 Stepping 1, GenuineIntel
TMP=C:\Users\DELL\AppData\Local\Temp
TEMP=C:\Users\DELL\AppData\Local\Temp




Periodic native trim disabled

---------------  S Y S T E M  ---------------

OS:
 Windows 11 , 64 bit Build 26100 (10.0.26100.7019)
OS uptime: 0 days 1:11 hours
Hyper-V role detected

CPU: total 12 (initial active 12) (6 cores per cpu, 2 threads per core) family 6 model 141 stepping 1 microcode 0x56, cx8, cmov, fxsr, ht, mmx, 3dnowpref, sse, sse2, sse3, ssse3, sse4.1, sse4.2, popcnt, lzcnt, tsc, tscinvbit, avx, avx2, aes, erms, clmul, bmi1, bmi2, adx, avx512f, avx512dq, avx512cd, avx512bw, avx512vl, sha, fma, vzeroupper, avx512_vpopcntdq, avx512_vpclmulqdq, avx512_vaes, avx512_vnni, clflush, clflushopt, clwb, avx512_vbmi2, avx512_vbmi, hv, rdtscp, rdpid, fsrm, gfni, avx512_bitalg, f16c, cet_ibt, cet_ss, avx512_ifma
Processor Information for the first 12 processors :
  Max Mhz: 2688, Current Mhz: 2688, Mhz Limit: 2688

Memory: 4k page, system-wide physical 16114M (1180M free)
TotalPageFile size 24306M (AvailPageFile size 28M)
current process WorkingSet (physical memory assigned to process): 43M, peak: 291M
current process commit charge ("private bytes"): 366M, peak: 397M

vm_info: OpenJDK 64-Bit Server VM (21.0.9+10-LTS) for windows-amd64 JRE (21.0.9+10-LTS), built on 2025-10-21T00:00:00Z by "admin" with unknown MS VC++:1942

END.
