#
# There is insufficient memory for the Java Runtime Environment to continue.
# Native memory allocation (malloc) failed to allocate 1732736 bytes. Error detail: Chunk::new
# Possible reasons:
#   The system is out of physical RAM or swap space
#   This process is running with CompressedOops enabled, and the Java Heap may be blocking the growth of the native heap
# Possible solutions:
#   Reduce memory load on the system
#   Increase physical memory or swap space
#   Check if swap backing store is full
#   Decrease Java heap size (-Xmx/-Xms)
#   Decrease number of Java threads
#   Decrease Java thread stack sizes (-Xss)
#   Set larger code cache with -XX:ReservedCodeCacheSize=
#   JVM is running with Unscaled Compressed Oops mode in which the Java heap is
#     placed in the first 4GB address space. The Java Heap base address is the
#     maximum limit for the native heap growth. Please use -XX:HeapBaseMinAddress
#     to set the Java Heap base and to place the Java Heap above 4GB virtual address.
# This output file may be truncated or incomplete.
#
#  Out of Memory Error (arena.cpp:168), pid=10232, tid=12184
#
# JRE version: OpenJDK Runtime Environment Temurin-21.0.9+10 (21.0.9+10) (build 21.0.9+10-LTS)
# Java VM: OpenJDK 64-Bit Server VM Temurin-21.0.9+10 (21.0.9+10-LTS, mixed mode, sharing, tiered, compressed oops, compressed class ptrs, parallel gc, windows-amd64)
# No core dump will be written. Minidumps are not enabled by default on client versions of Windows
#

---------------  S U M M A R Y ------------

Command Line: --add-modules=ALL-SYSTEM --add-opens=java.base/java.util=ALL-UNNAMED --add-opens=java.base/java.lang=ALL-UNNAMED --add-opens=java.base/sun.nio.fs=ALL-UNNAMED -Declipse.application=org.eclipse.jdt.ls.core.id1 -Dosgi.bundles.defaultStartLevel=4 -Declipse.product=org.eclipse.jdt.ls.core.product -Djava.import.generatesMetadataFilesAtProjectRoot=false -DDetectVMInstallationsJob.disabled=true -Dfile.encoding=utf8 -XX:+UseParallelGC -XX:GCTimeRatio=4 -XX:AdaptiveSizePolicyWeight=90 -Dsun.zip.disableMemoryMapping=true -Xmx2G -Xms100m -Xlog:disable -javaagent:c:\Users\DELL\.trae\extensions\redhat.java-1.49.0-win32-x64\lombok\lombok-1.18.39-4050.jar -XX:+HeapDumpOnOutOfMemoryError -XX:HeapDumpPath=c:\Users\DELL\AppData\Roaming\Trae\User\workspaceStorage\570c4e8613b99fb812056b461999b2ec\redhat.java -Daether.dependencyCollector.impl=bf c:\Users\DELL\.trae\extensions\redhat.java-1.49.0-win32-x64\server\plugins\org.eclipse.equinox.launcher_1.7.100.v20251111-0406.jar -configuration c:\Users\DELL\AppData\Roaming\Trae\User\globalStorage\redhat.java\1.49.0\config_win -data c:\Users\DELL\AppData\Roaming\Trae\User\workspaceStorage\570c4e8613b99fb812056b461999b2ec\redhat.java\jdt_ws --pipe=\\.\pipe\lsp-cb01643dcb786a0c3029c6acd946312b-sock

Host: 11th Gen Intel(R) Core(TM) i5-11400H @ 2.70GHz, 12 cores, 15G,  Windows 11 , 64 bit Build 26100 (10.0.26100.7019)
Time: Fri Nov 28 16:14:57 2025 Afr. centrale Ouest elapsed time: 4.844376 seconds (0d 0h 0m 4s)

---------------  T H R E A D  ---------------

Current thread (0x0000024468d1c340):  JavaThread "C2 CompilerThread0" daemon [_thread_in_native, id=12184, stack(0x0000005ae4f00000,0x0000005ae5000000) (1024K)]


Current CompileTask:
C2:4844 4987   !   4       org.eclipse.osgi.internal.loader.classpath.ClasspathManager::findClassImpl (328 bytes)

Stack: [0x0000005ae4f00000,0x0000005ae5000000]
Native frames: (J=compiled Java code, j=interpreted, Vv=VM code, C=native code)
V  [jvm.dll+0x6d6e29]
V  [jvm.dll+0x8b4b76]
V  [jvm.dll+0x8b712e]
V  [jvm.dll+0x8b7813]
V  [jvm.dll+0x283d86]
V  [jvm.dll+0xc66ed]
V  [jvm.dll+0xc6c31]
V  [jvm.dll+0x3be53b]
V  [jvm.dll+0x1e3d59]
V  [jvm.dll+0x24c0f3]
V  [jvm.dll+0x24b580]
V  [jvm.dll+0x1cb13e]
V  [jvm.dll+0x25b29d]
V  [jvm.dll+0x25982a]
V  [jvm.dll+0x3f7ea6]
V  [jvm.dll+0x85e9ad]
V  [jvm.dll+0x6d565d]
C  [ucrtbase.dll+0x37b0]
C  [KERNEL32.DLL+0x2e8d7]
C  [ntdll.dll+0x8c53c]


---------------  P R O C E S S  ---------------

Threads class SMR info:
_java_thread_list=0x000002446b623c70, length=46, elements={
0x000002444ffa6030, 0x0000024468d0b200, 0x0000024468d0e4e0, 0x0000024468d143b0,
0x0000024468d15000, 0x000002446a17a730, 0x0000024468d1a140, 0x0000024468d1c340,
0x0000024468d1e2b0, 0x000002446a38d090, 0x000002446a49c5d0, 0x000002446a4a6d10,
0x000002446a49cca0, 0x0000024470088d60, 0x000002446b511ec0, 0x0000024470035700,
0x000002446b83bba0, 0x00000244706e2690, 0x0000024470a23010, 0x0000024470ae0b50,
0x0000024470b0ed40, 0x00000244706f5cd0, 0x0000024470992cb0, 0x00000244709946f0,
0x00000244709939d0, 0x0000024470992620, 0x0000024470993340, 0x0000024470994060,
0x0000024470991f90, 0x0000024470995410, 0x000002447293ac20, 0x000002447293ccf0,
0x000002447293d380, 0x000002447293b2b0, 0x000002447293b940, 0x0000024472939f00,
0x000002447293bfd0, 0x000002447293c660, 0x000002447293da10, 0x000002447293a590,
0x0000024472940e90, 0x000002447293f450, 0x000002447293e730, 0x0000024472940170,
0x000002447293edc0, 0x000002447293fae0
}

Java Threads: ( => current thread )
  0x000002444ffa6030 JavaThread "main"                              [_thread_blocked, id=20308, stack(0x0000005ae4500000,0x0000005ae4600000) (1024K)]
  0x0000024468d0b200 JavaThread "Reference Handler"          daemon [_thread_blocked, id=18644, stack(0x0000005ae4900000,0x0000005ae4a00000) (1024K)]
  0x0000024468d0e4e0 JavaThread "Finalizer"                  daemon [_thread_blocked, id=12148, stack(0x0000005ae4a00000,0x0000005ae4b00000) (1024K)]
  0x0000024468d143b0 JavaThread "Signal Dispatcher"          daemon [_thread_blocked, id=2604, stack(0x0000005ae4b00000,0x0000005ae4c00000) (1024K)]
  0x0000024468d15000 JavaThread "Attach Listener"            daemon [_thread_blocked, id=13752, stack(0x0000005ae4c00000,0x0000005ae4d00000) (1024K)]
  0x000002446a17a730 JavaThread "Service Thread"             daemon [_thread_blocked, id=18628, stack(0x0000005ae4d00000,0x0000005ae4e00000) (1024K)]
  0x0000024468d1a140 JavaThread "Monitor Deflation Thread"   daemon [_thread_blocked, id=18172, stack(0x0000005ae4e00000,0x0000005ae4f00000) (1024K)]
=>0x0000024468d1c340 JavaThread "C2 CompilerThread0"         daemon [_thread_in_native, id=12184, stack(0x0000005ae4f00000,0x0000005ae5000000) (1024K)]
  0x0000024468d1e2b0 JavaThread "C1 CompilerThread0"         daemon [_thread_in_native, id=18748, stack(0x0000005ae5000000,0x0000005ae5100000) (1024K)]
  0x000002446a38d090 JavaThread "Common-Cleaner"             daemon [_thread_blocked, id=9696, stack(0x0000005ae5100000,0x0000005ae5200000) (1024K)]
  0x000002446a49c5d0 JavaThread "C2 CompilerThread1"         daemon [_thread_in_native, id=20324, stack(0x0000005ae5200000,0x0000005ae5300000) (1024K)]
  0x000002446a4a6d10 JavaThread "Notification Thread"        daemon [_thread_blocked, id=24548, stack(0x0000005ae5300000,0x0000005ae5400000) (1024K)]
  0x000002446a49cca0 JavaThread "C2 CompilerThread2"         daemon [_thread_in_native, id=1900, stack(0x0000005ae5400000,0x0000005ae5500000) (1024K)]
  0x0000024470088d60 JavaThread "Active Thread: Equinox Container: 7298265b-6017-4f84-a886-3943cd6d25e5"        [_thread_blocked, id=920, stack(0x0000005ae5b00000,0x0000005ae5c00000) (1024K)]
  0x000002446b511ec0 JavaThread "Refresh Thread: Equinox Container: 7298265b-6017-4f84-a886-3943cd6d25e5" daemon [_thread_blocked, id=19052, stack(0x0000005ae5c00000,0x0000005ae5d00000) (1024K)]
  0x0000024470035700 JavaThread "Framework Event Dispatcher: Equinox Container: 7298265b-6017-4f84-a886-3943cd6d25e5" daemon [_thread_blocked, id=15308, stack(0x0000005ae5e00000,0x0000005ae5f00000) (1024K)]
  0x000002446b83bba0 JavaThread "Start Level: Equinox Container: 7298265b-6017-4f84-a886-3943cd6d25e5" daemon [_thread_blocked, id=24524, stack(0x0000005ae5f00000,0x0000005ae6000000) (1024K)]
  0x00000244706e2690 JavaThread "Bundle File Closer"         daemon [_thread_blocked, id=15004, stack(0x0000005ae6200000,0x0000005ae6300000) (1024K)]
  0x0000024470a23010 JavaThread "SCR Component Actor"        daemon [_thread_blocked, id=10408, stack(0x0000005ae6300000,0x0000005ae6400000) (1024K)]
  0x0000024470ae0b50 JavaThread "Worker-JM"                         [_thread_blocked, id=11856, stack(0x0000005ae6400000,0x0000005ae6500000) (1024K)]
  0x0000024470b0ed40 JavaThread "JNA Cleaner"                daemon [_thread_blocked, id=23292, stack(0x0000005ae6500000,0x0000005ae6600000) (1024K)]
  0x00000244706f5cd0 JavaThread "Worker-0: Updating Maven Dependencies"        [_thread_in_Java, id=12888, stack(0x0000005ae6600000,0x0000005ae6700000) (1024K)]
  0x0000024470992cb0 JavaThread "Worker-1"                          [_thread_blocked, id=10520, stack(0x0000005ae6700000,0x0000005ae6800000) (1024K)]
  0x00000244709946f0 JavaThread "Worker-2: Initialize After Load"        [_thread_blocked, id=9944, stack(0x0000005ae6800000,0x0000005ae6900000) (1024K)]
  0x00000244709939d0 JavaThread "Java indexing"              daemon [_thread_blocked, id=5700, stack(0x0000005ae6900000,0x0000005ae6a00000) (1024K)]
  0x0000024470992620 JavaThread "Worker-3: Synchronize Gradle projects with workspace"        [_thread_blocked, id=14256, stack(0x0000005ae6d00000,0x0000005ae6e00000) (1024K)]
  0x0000024470993340 JavaThread "Thread-1"                   daemon [_thread_in_native, id=14372, stack(0x0000005ae6e00000,0x0000005ae6f00000) (1024K)]
  0x0000024470994060 JavaThread "Thread-2"                   daemon [_thread_in_native, id=19336, stack(0x0000005ae6f00000,0x0000005ae7000000) (1024K)]
  0x0000024470991f90 JavaThread "Thread-3"                   daemon [_thread_in_native, id=16324, stack(0x0000005ae7000000,0x0000005ae7100000) (1024K)]
  0x0000024470995410 JavaThread "Thread-4"                   daemon [_thread_in_native, id=14712, stack(0x0000005ae7100000,0x0000005ae7200000) (1024K)]
  0x000002447293ac20 JavaThread "Thread-5"                   daemon [_thread_in_native, id=23064, stack(0x0000005ae7200000,0x0000005ae7300000) (1024K)]
  0x000002447293ccf0 JavaThread "Thread-6"                   daemon [_thread_in_native, id=3760, stack(0x0000005ae7300000,0x0000005ae7400000) (1024K)]
  0x000002447293d380 JavaThread "Thread-7"                   daemon [_thread_in_native, id=8752, stack(0x0000005ae7400000,0x0000005ae7500000) (1024K)]
  0x000002447293b2b0 JavaThread "Thread-8"                   daemon [_thread_in_native, id=17780, stack(0x0000005ae7500000,0x0000005ae7600000) (1024K)]
  0x000002447293b940 JavaThread "Thread-9"                   daemon [_thread_in_native, id=10096, stack(0x0000005ae7600000,0x0000005ae7700000) (1024K)]
  0x0000024472939f00 JavaThread "Thread-10"                  daemon [_thread_in_native, id=24000, stack(0x0000005ae7700000,0x0000005ae7800000) (1024K)]
  0x000002447293bfd0 JavaThread "Thread-11"                  daemon [_thread_in_native, id=12192, stack(0x0000005ae7800000,0x0000005ae7900000) (1024K)]
  0x000002447293c660 JavaThread "Thread-12"                  daemon [_thread_in_native, id=11740, stack(0x0000005ae7900000,0x0000005ae7a00000) (1024K)]
  0x000002447293da10 JavaThread "Thread-13"                  daemon [_thread_in_native, id=20284, stack(0x0000005ae7a00000,0x0000005ae7b00000) (1024K)]
  0x000002447293a590 JavaThread "pool-2-thread-1"                   [_thread_blocked, id=14096, stack(0x0000005ae7b00000,0x0000005ae7c00000) (1024K)]
  0x0000024472940e90 JavaThread "Timer-0"                           [_thread_blocked, id=21016, stack(0x0000005ae7c00000,0x0000005ae7d00000) (1024K)]
  0x000002447293f450 JavaThread "Worker-4: Repository registry initialization"        [_thread_blocked, id=2960, stack(0x0000005ae7d00000,0x0000005ae7e00000) (1024K)]
  0x000002447293e730 JavaThread "Timer-1"                           [_thread_blocked, id=21652, stack(0x0000005ae7e00000,0x0000005ae7f00000) (1024K)]
  0x0000024472940170 JavaThread "WorkspaceEventsHandler"            [_thread_blocked, id=11144, stack(0x0000005ae7f00000,0x0000005ae8000000) (1024K)]
  0x000002447293edc0 JavaThread "pool-1-thread-1"                   [_thread_blocked, id=21428, stack(0x0000005ae8000000,0x0000005ae8100000) (1024K)]
  0x000002447293fae0 JavaThread "Connection worker"                 [_thread_in_native, id=20844, stack(0x0000005ae8100000,0x0000005ae8200000) (1024K)]
Total: 46

Other Threads:
  0x0000024468d04780 VMThread "VM Thread"                           [id=13844, stack(0x0000005ae4800000,0x0000005ae4900000) (1024K)]
  0x00000244505d54f0 WatcherThread "VM Periodic Task Thread"        [id=13960, stack(0x0000005ae4700000,0x0000005ae4800000) (1024K)]
  0x0000024450588440 WorkerThread "GC Thread#0"                     [id=23416, stack(0x0000005ae4600000,0x0000005ae4700000) (1024K)]
  0x000002446b83ef40 WorkerThread "GC Thread#1"                     [id=23180, stack(0x0000005ae5500000,0x0000005ae5600000) (1024K)]
  0x000002446b429300 WorkerThread "GC Thread#2"                     [id=18776, stack(0x0000005ae5600000,0x0000005ae5700000) (1024K)]
  0x000002446b645220 WorkerThread "GC Thread#3"                     [id=24048, stack(0x0000005ae5700000,0x0000005ae5800000) (1024K)]
  0x000002446b6455c0 WorkerThread "GC Thread#4"                     [id=14436, stack(0x0000005ae5800000,0x0000005ae5900000) (1024K)]
  0x000002447008d0e0 WorkerThread "GC Thread#5"                     [id=10596, stack(0x0000005ae5900000,0x0000005ae5a00000) (1024K)]
  0x000002447008d480 WorkerThread "GC Thread#6"                     [id=21160, stack(0x0000005ae5a00000,0x0000005ae5b00000) (1024K)]
  0x000002446b7fce80 WorkerThread "GC Thread#7"                     [id=15232, stack(0x0000005ae5d00000,0x0000005ae5e00000) (1024K)]
  0x00000244700e1400 WorkerThread "GC Thread#8"                     [id=23956, stack(0x0000005ae6000000,0x0000005ae6100000) (1024K)]
  0x00000244703ee4f0 WorkerThread "GC Thread#9"                     [id=9600, stack(0x0000005ae6100000,0x0000005ae6200000) (1024K)]
Total: 12

Threads with active compile tasks:
C2 CompilerThread0  4865 4987   !   4       org.eclipse.osgi.internal.loader.classpath.ClasspathManager::findClassImpl (328 bytes)
C1 CompilerThread0  4865 5726       3       com.google.inject.internal.MoreTypes::canonicalize (143 bytes)
C2 CompilerThread1  4865 5478   !   4       org.eclipse.osgi.internal.loader.BundleLoader::findClass0 (490 bytes)
C2 CompilerThread2  4865 5712       4       java.util.Properties$LineReader::readLine (584 bytes)
Total: 4

VM state: not at safepoint (normal execution)

VM Mutex/Monitor currently owned by a thread: None

Heap address: 0x0000000080000000, size: 2048 MB, Compressed Oops mode: 32-bit

CDS archive(s) mapped at: [0x0000024400000000-0x0000024400ba0000-0x0000024400ba0000), size 12189696, SharedBaseAddress: 0x0000024400000000, ArchiveRelocationMode: 1.
Compressed class space mapped at: 0x0000024401000000-0x0000024441000000, reserved size: 1073741824
Narrow klass base: 0x0000024400000000, Narrow klass shift: 0, Narrow klass range: 0x100000000

GC Precious Log:
 CardTable entry size: 512
 CPUs: 12 total, 12 available
 Memory: 16114M
 Large Page Support: Disabled
 NUMA Support: Disabled
 Compressed Oops: Enabled (32-bit)
 Alignments: Space 512K, Generation 512K, Heap 2M
 Heap Min Capacity: 100M
 Heap Initial Capacity: 100M
 Heap Max Capacity: 2G
 Pre-touch: Disabled
 Parallel Workers: 10

Heap:
 PSYoungGen      total 25600K, used 15306K [0x00000000d5580000, 0x00000000d7380000, 0x0000000100000000)
  eden space 22016K, 65% used [0x00000000d5580000,0x00000000d637ab30,0x00000000d6b00000)
  from space 3584K, 27% used [0x00000000d6d00000,0x00000000d6df8000,0x00000000d7080000)
  to   space 1536K, 0% used [0x00000000d7200000,0x00000000d7200000,0x00000000d7380000)
 ParOldGen       total 68608K, used 29529K [0x0000000080000000, 0x0000000084300000, 0x00000000d5580000)
  object space 68608K, 43% used [0x0000000080000000,0x0000000081cd67c0,0x0000000084300000)
 Metaspace       used 44494K, committed 45696K, reserved 1114112K
  class space    used 5026K, committed 5568K, reserved 1048576K

Card table byte_map: [0x0000024464060000,0x0000024464470000] _byte_map_base: 0x0000024463c60000

Marking Bits: (ParMarkBitMap*) 0x00007ffa077f2460
 Begin Bits: [0x0000024464720000, 0x0000024466720000)
 End Bits:   [0x0000024466720000, 0x0000024468720000)

Polling page: 0x0000024450270000

Metaspace:

Usage:
  Non-class:     38.54 MB used.
      Class:      4.91 MB used.
       Both:     43.45 MB used.

Virtual space:
  Non-class space:       64.00 MB reserved,      39.19 MB ( 61%) committed,  1 nodes.
      Class space:        1.00 GB reserved,       5.44 MB ( <1%) committed,  1 nodes.
             Both:        1.06 GB reserved,      44.62 MB (  4%) committed. 

Chunk freelists:
   Non-Class:  8.83 MB
       Class:  10.47 MB
        Both:  19.30 MB

MaxMetaspaceSize: unlimited
CompressedClassSpaceSize: 1.00 GB
Initial GC threshold: 21.00 MB
Current GC threshold: 58.38 MB
CDS: on
 - commit_granule_bytes: 65536.
 - commit_granule_words: 8192.
 - virtual_space_node_default_size: 8388608.
 - enlarge_chunks_in_place: 1.
 - use_allocation_guard: 0.


Internal statistics:

num_allocs_failed_limit: 8.
num_arena_births: 800.
num_arena_deaths: 14.
num_vsnodes_births: 2.
num_vsnodes_deaths: 0.
num_space_committed: 714.
num_space_uncommitted: 0.
num_chunks_returned_to_freelist: 22.
num_chunks_taken_from_freelist: 2886.
num_chunk_merges: 14.
num_chunk_splits: 1738.
num_chunks_enlarged: 926.
num_inconsistent_stats: 0.

CodeHeap 'non-profiled nmethods': size=120000Kb used=2606Kb max_used=2606Kb free=117393Kb
 bounds [0x000002445c950000, 0x000002445cbe0000, 0x0000024463e80000]
CodeHeap 'profiled nmethods': size=120000Kb used=10653Kb max_used=10653Kb free=109346Kb
 bounds [0x0000024454e80000, 0x00000244558f0000, 0x000002445c3b0000]
CodeHeap 'non-nmethods': size=5760Kb used=1375Kb max_used=1424Kb free=4384Kb
 bounds [0x000002445c3b0000, 0x000002445c620000, 0x000002445c950000]
CodeCache: size=245760Kb, used=14634Kb, max_used=14683Kb, free=231123Kb
 total_blobs=5806, nmethods=5143, adapters=569, full_count=0
Compilation: enabled, stopped_count=0, restarted_count=0

Compilation events (20 events):
Event: 3.818 Thread 0x0000024468d1e2b0 5697       3       java.lang.reflect.AccessibleObject::getAnnotations (5 bytes)
Event: 3.819 Thread 0x0000024468d1e2b0 nmethod 5697 0x00000244558db710 code [0x00000244558db8c0, 0x00000244558dba88]
Event: 3.822 Thread 0x0000024468d1e2b0 5699       3       org.objectweb.asm.ByteVector::putShort (52 bytes)
Event: 3.822 Thread 0x0000024468d1e2b0 nmethod 5699 0x00000244558dbb10 code [0x00000244558dbcc0, 0x00000244558dbec0]
Event: 3.822 Thread 0x0000024468d1e2b0 5700       3       java.lang.reflect.Constructor::acquireConstructorAccessor (75 bytes)
Event: 3.822 Thread 0x0000024468d1e2b0 nmethod 5700 0x00000244558dc010 code [0x00000244558dc220, 0x00000244558dc7e0]
Event: 3.822 Thread 0x0000024468d1e2b0 5701       3       java.util.LinkedHashMap::valuesToArray (80 bytes)
Event: 3.822 Thread 0x0000024468d1e2b0 nmethod 5701 0x00000244558dca10 code [0x00000244558dcbe0, 0x00000244558dd178]
Event: 3.829 Thread 0x0000024468d1e2b0 5703       3       java.util.stream.Nodes$SpinedNodeBuilder::accept (29 bytes)
Event: 3.829 Thread 0x0000024468d1e2b0 nmethod 5703 0x00000244558dd390 code [0x00000244558dd540, 0x00000244558dd690]
Event: 3.829 Thread 0x0000024468d1e2b0 5705       3       java.lang.Package::getName (5 bytes)
Event: 3.829 Thread 0x0000024468d1e2b0 nmethod 5705 0x00000244558dd710 code [0x00000244558dd8a0, 0x00000244558dda48]
Event: 3.829 Thread 0x0000024468d1e2b0 5704       3       java.util.stream.StreamSpliterators$WrappingSpliterator$$Lambda/0x00000244010cfb00::accept (11 bytes)
Event: 3.830 Thread 0x0000024468d1e2b0 nmethod 5704 0x00000244558ddb10 code [0x00000244558ddcc0, 0x00000244558dde98]
Event: 3.830 Thread 0x0000024468d1e2b0 5706       3       java.util.ComparableTimSort::sort (219 bytes)
Event: 3.832 Thread 0x0000024468d1e2b0 nmethod 5706 0x00000244558ddf90 code [0x00000244558de1e0, 0x00000244558de880]
Event: 3.832 Thread 0x0000024468d1e2b0 5707       3       org.gradle.internal.util.Trie$Builder::addTransition (89 bytes)
Event: 3.833 Thread 0x0000024468d1e2b0 nmethod 5707 0x00000244558dec10 code [0x00000244558dee60, 0x00000244558df848]
Event: 3.833 Thread 0x0000024468d1e2b0 5708       3       org.gradle.internal.util.Trie$Builder::<init> (21 bytes)
Event: 3.833 Thread 0x0000024468d1e2b0 nmethod 5708 0x00000244558dfb90 code [0x00000244558dfd60, 0x00000244558e00d8]

GC Heap History (20 events):
Event: 2.878 GC heap before
{Heap before GC invocations=12 (full 1):
 PSYoungGen      total 24064K, used 24035K [0x00000000d5580000, 0x00000000d7380000, 0x0000000100000000)
  eden space 23040K, 100% used [0x00000000d5580000,0x00000000d6c00000,0x00000000d6c00000)
  from space 1024K, 97% used [0x00000000d7280000,0x00000000d7378f90,0x00000000d7380000)
  to   space 1536K, 0% used [0x00000000d7080000,0x00000000d7080000,0x00000000d7200000)
 ParOldGen       total 68608K, used 15368K [0x0000000080000000, 0x0000000084300000, 0x00000000d5580000)
  object space 68608K, 22% used [0x0000000080000000,0x0000000080f020f8,0x0000000084300000)
 Metaspace       used 28943K, committed 29824K, reserved 1114112K
  class space    used 2802K, committed 3200K, reserved 1048576K
}
Event: 2.879 GC heap after
{Heap after GC invocations=12 (full 1):
 PSYoungGen      total 24064K, used 1224K [0x00000000d5580000, 0x00000000d7300000, 0x0000000100000000)
  eden space 22528K, 0% used [0x00000000d5580000,0x00000000d5580000,0x00000000d6b80000)
  from space 1536K, 79% used [0x00000000d7080000,0x00000000d71b21d8,0x00000000d7200000)
  to   space 1024K, 0% used [0x00000000d7200000,0x00000000d7200000,0x00000000d7300000)
 ParOldGen       total 68608K, used 15778K [0x0000000080000000, 0x0000000084300000, 0x00000000d5580000)
  object space 68608K, 22% used [0x0000000080000000,0x0000000080f68a00,0x0000000084300000)
 Metaspace       used 28943K, committed 29824K, reserved 1114112K
  class space    used 2802K, committed 3200K, reserved 1048576K
}
Event: 3.010 GC heap before
{Heap before GC invocations=13 (full 1):
 PSYoungGen      total 24064K, used 23731K [0x00000000d5580000, 0x00000000d7300000, 0x0000000100000000)
  eden space 22528K, 99% used [0x00000000d5580000,0x00000000d6b7ae18,0x00000000d6b80000)
  from space 1536K, 79% used [0x00000000d7080000,0x00000000d71b21d8,0x00000000d7200000)
  to   space 1024K, 0% used [0x00000000d7200000,0x00000000d7200000,0x00000000d7300000)
 ParOldGen       total 68608K, used 15778K [0x0000000080000000, 0x0000000084300000, 0x00000000d5580000)
  object space 68608K, 22% used [0x0000000080000000,0x0000000080f68a00,0x0000000084300000)
 Metaspace       used 30536K, committed 31552K, reserved 1114112K
  class space    used 2998K, committed 3456K, reserved 1048576K
}
Event: 3.011 GC heap after
{Heap after GC invocations=13 (full 1):
 PSYoungGen      total 23040K, used 1004K [0x00000000d5580000, 0x00000000d7300000, 0x0000000100000000)
  eden space 22016K, 0% used [0x00000000d5580000,0x00000000d5580000,0x00000000d6b00000)
  from space 1024K, 98% used [0x00000000d7200000,0x00000000d72fb368,0x00000000d7300000)
  to   space 2560K, 0% used [0x00000000d6e00000,0x00000000d6e00000,0x00000000d7080000)
 ParOldGen       total 68608K, used 16993K [0x0000000080000000, 0x0000000084300000, 0x00000000d5580000)
  object space 68608K, 24% used [0x0000000080000000,0x00000000810986e8,0x0000000084300000)
 Metaspace       used 30536K, committed 31552K, reserved 1114112K
  class space    used 2998K, committed 3456K, reserved 1048576K
}
Event: 3.104 GC heap before
{Heap before GC invocations=14 (full 1):
 PSYoungGen      total 23040K, used 23020K [0x00000000d5580000, 0x00000000d7300000, 0x0000000100000000)
  eden space 22016K, 100% used [0x00000000d5580000,0x00000000d6b00000,0x00000000d6b00000)
  from space 1024K, 98% used [0x00000000d7200000,0x00000000d72fb368,0x00000000d7300000)
  to   space 2560K, 0% used [0x00000000d6e00000,0x00000000d6e00000,0x00000000d7080000)
 ParOldGen       total 68608K, used 16993K [0x0000000080000000, 0x0000000084300000, 0x00000000d5580000)
  object space 68608K, 24% used [0x0000000080000000,0x00000000810986e8,0x0000000084300000)
 Metaspace       used 32991K, committed 34048K, reserved 1114112K
  class space    used 3319K, committed 3776K, reserved 1048576K
}
Event: 3.105 GC heap after
{Heap after GC invocations=14 (full 1):
 PSYoungGen      total 24576K, used 1475K [0x00000000d5580000, 0x00000000d7280000, 0x0000000100000000)
  eden space 22016K, 0% used [0x00000000d5580000,0x00000000d5580000,0x00000000d6b00000)
  from space 2560K, 57% used [0x00000000d6e00000,0x00000000d6f70db0,0x00000000d7080000)
  to   space 2048K, 0% used [0x00000000d7080000,0x00000000d7080000,0x00000000d7280000)
 ParOldGen       total 68608K, used 17899K [0x0000000080000000, 0x0000000084300000, 0x00000000d5580000)
  object space 68608K, 26% used [0x0000000080000000,0x000000008117afa0,0x0000000084300000)
 Metaspace       used 32991K, committed 34048K, reserved 1114112K
  class space    used 3319K, committed 3776K, reserved 1048576K
}
Event: 3.182 GC heap before
{Heap before GC invocations=15 (full 1):
 PSYoungGen      total 24576K, used 16536K [0x00000000d5580000, 0x00000000d7280000, 0x0000000100000000)
  eden space 22016K, 68% used [0x00000000d5580000,0x00000000d64355e0,0x00000000d6b00000)
  from space 2560K, 57% used [0x00000000d6e00000,0x00000000d6f70db0,0x00000000d7080000)
  to   space 2048K, 0% used [0x00000000d7080000,0x00000000d7080000,0x00000000d7280000)
 ParOldGen       total 68608K, used 17899K [0x0000000080000000, 0x0000000084300000, 0x00000000d5580000)
  object space 68608K, 26% used [0x0000000080000000,0x000000008117afa0,0x0000000084300000)
 Metaspace       used 34781K, committed 35840K, reserved 1114112K
  class space    used 3562K, committed 4032K, reserved 1048576K
}
Event: 3.183 GC heap after
{Heap after GC invocations=15 (full 1):
 PSYoungGen      total 23552K, used 1376K [0x00000000d5580000, 0x00000000d7200000, 0x0000000100000000)
  eden space 22016K, 0% used [0x00000000d5580000,0x00000000d5580000,0x00000000d6b00000)
  from space 1536K, 89% used [0x00000000d7080000,0x00000000d71d8000,0x00000000d7200000)
  to   space 1536K, 0% used [0x00000000d6f00000,0x00000000d6f00000,0x00000000d7080000)
 ParOldGen       total 68608K, used 18699K [0x0000000080000000, 0x0000000084300000, 0x00000000d5580000)
  object space 68608K, 27% used [0x0000000080000000,0x0000000081242fa0,0x0000000084300000)
 Metaspace       used 34781K, committed 35840K, reserved 1114112K
  class space    used 3562K, committed 4032K, reserved 1048576K
}
Event: 3.183 GC heap before
{Heap before GC invocations=16 (full 2):
 PSYoungGen      total 23552K, used 1376K [0x00000000d5580000, 0x00000000d7200000, 0x0000000100000000)
  eden space 22016K, 0% used [0x00000000d5580000,0x00000000d5580000,0x00000000d6b00000)
  from space 1536K, 89% used [0x00000000d7080000,0x00000000d71d8000,0x00000000d7200000)
  to   space 1536K, 0% used [0x00000000d6f00000,0x00000000d6f00000,0x00000000d7080000)
 ParOldGen       total 68608K, used 18699K [0x0000000080000000, 0x0000000084300000, 0x00000000d5580000)
  object space 68608K, 27% used [0x0000000080000000,0x0000000081242fa0,0x0000000084300000)
 Metaspace       used 34781K, committed 35840K, reserved 1114112K
  class space    used 3562K, committed 4032K, reserved 1048576K
}
Event: 3.206 GC heap after
{Heap after GC invocations=16 (full 2):
 PSYoungGen      total 23552K, used 0K [0x00000000d5580000, 0x00000000d7200000, 0x0000000100000000)
  eden space 22016K, 0% used [0x00000000d5580000,0x00000000d5580000,0x00000000d6b00000)
  from space 1536K, 0% used [0x00000000d7080000,0x00000000d7080000,0x00000000d7200000)
  to   space 1536K, 0% used [0x00000000d6f00000,0x00000000d6f00000,0x00000000d7080000)
 ParOldGen       total 68608K, used 18956K [0x0000000080000000, 0x0000000084300000, 0x00000000d5580000)
  object space 68608K, 27% used [0x0000000080000000,0x0000000081283320,0x0000000084300000)
 Metaspace       used 34781K, committed 35840K, reserved 1114112K
  class space    used 3562K, committed 4032K, reserved 1048576K
}
Event: 3.304 GC heap before
{Heap before GC invocations=17 (full 2):
 PSYoungGen      total 23552K, used 22016K [0x00000000d5580000, 0x00000000d7200000, 0x0000000100000000)
  eden space 22016K, 100% used [0x00000000d5580000,0x00000000d6b00000,0x00000000d6b00000)
  from space 1536K, 0% used [0x00000000d7080000,0x00000000d7080000,0x00000000d7200000)
  to   space 1536K, 0% used [0x00000000d6f00000,0x00000000d6f00000,0x00000000d7080000)
 ParOldGen       total 68608K, used 18956K [0x0000000080000000, 0x0000000084300000, 0x00000000d5580000)
  object space 68608K, 27% used [0x0000000080000000,0x0000000081283320,0x0000000084300000)
 Metaspace       used 37077K, committed 38208K, reserved 1114112K
  class space    used 3918K, committed 4416K, reserved 1048576K
}
Event: 3.305 GC heap after
{Heap after GC invocations=17 (full 2):
 PSYoungGen      total 23552K, used 1261K [0x00000000d5580000, 0x00000000d7100000, 0x0000000100000000)
  eden space 22016K, 0% used [0x00000000d5580000,0x00000000d5580000,0x00000000d6b00000)
  from space 1536K, 82% used [0x00000000d6f00000,0x00000000d703b568,0x00000000d7080000)
  to   space 512K, 0% used [0x00000000d7080000,0x00000000d7080000,0x00000000d7100000)
 ParOldGen       total 68608K, used 18964K [0x0000000080000000, 0x0000000084300000, 0x00000000d5580000)
  object space 68608K, 27% used [0x0000000080000000,0x0000000081285320,0x0000000084300000)
 Metaspace       used 37077K, committed 38208K, reserved 1114112K
  class space    used 3918K, committed 4416K, reserved 1048576K
}
Event: 3.433 GC heap before
{Heap before GC invocations=18 (full 2):
 PSYoungGen      total 23552K, used 23277K [0x00000000d5580000, 0x00000000d7100000, 0x0000000100000000)
  eden space 22016K, 100% used [0x00000000d5580000,0x00000000d6b00000,0x00000000d6b00000)
  from space 1536K, 82% used [0x00000000d6f00000,0x00000000d703b568,0x00000000d7080000)
  to   space 512K, 0% used [0x00000000d7080000,0x00000000d7080000,0x00000000d7100000)
 ParOldGen       total 68608K, used 18964K [0x0000000080000000, 0x0000000084300000, 0x00000000d5580000)
  object space 68608K, 27% used [0x0000000080000000,0x0000000081285320,0x0000000084300000)
 Metaspace       used 38943K, committed 40064K, reserved 1114112K
  class space    used 4188K, committed 4672K, reserved 1048576K
}
Event: 3.434 GC heap after
{Heap after GC invocations=18 (full 2):
 PSYoungGen      total 22528K, used 493K [0x00000000d5580000, 0x00000000d7300000, 0x0000000100000000)
  eden space 22016K, 0% used [0x00000000d5580000,0x00000000d5580000,0x00000000d6b00000)
  from space 512K, 96% used [0x00000000d7080000,0x00000000d70fb638,0x00000000d7100000)
  to   space 4096K, 0% used [0x00000000d6b00000,0x00000000d6b00000,0x00000000d6f00000)
 ParOldGen       total 68608K, used 21729K [0x0000000080000000, 0x0000000084300000, 0x00000000d5580000)
  object space 68608K, 31% used [0x0000000080000000,0x0000000081538610,0x0000000084300000)
 Metaspace       used 38943K, committed 40064K, reserved 1114112K
  class space    used 4188K, committed 4672K, reserved 1048576K
}
Event: 3.547 GC heap before
{Heap before GC invocations=19 (full 2):
 PSYoungGen      total 22528K, used 22509K [0x00000000d5580000, 0x00000000d7300000, 0x0000000100000000)
  eden space 22016K, 100% used [0x00000000d5580000,0x00000000d6b00000,0x00000000d6b00000)
  from space 512K, 96% used [0x00000000d7080000,0x00000000d70fb638,0x00000000d7100000)
  to   space 4096K, 0% used [0x00000000d6b00000,0x00000000d6b00000,0x00000000d6f00000)
 ParOldGen       total 68608K, used 21729K [0x0000000080000000, 0x0000000084300000, 0x00000000d5580000)
  object space 68608K, 31% used [0x0000000080000000,0x0000000081538610,0x0000000084300000)
 Metaspace       used 39690K, committed 40832K, reserved 1114112K
  class space    used 4299K, committed 4800K, reserved 1048576K
}
Event: 3.548 GC heap after
{Heap after GC invocations=19 (full 2):
 PSYoungGen      total 26112K, used 4092K [0x00000000d5580000, 0x00000000d7b00000, 0x0000000100000000)
  eden space 22016K, 0% used [0x00000000d5580000,0x00000000d5580000,0x00000000d6b00000)
  from space 4096K, 99% used [0x00000000d6b00000,0x00000000d6eff160,0x00000000d6f00000)
  to   space 8192K, 0% used [0x00000000d7300000,0x00000000d7300000,0x00000000d7b00000)
 ParOldGen       total 68608K, used 25011K [0x0000000080000000, 0x0000000084300000, 0x00000000d5580000)
  object space 68608K, 36% used [0x0000000080000000,0x000000008186cdf8,0x0000000084300000)
 Metaspace       used 39690K, committed 40832K, reserved 1114112K
  class space    used 4299K, committed 4800K, reserved 1048576K
}
Event: 3.656 GC heap before
{Heap before GC invocations=20 (full 2):
 PSYoungGen      total 26112K, used 26108K [0x00000000d5580000, 0x00000000d7b00000, 0x0000000100000000)
  eden space 22016K, 100% used [0x00000000d5580000,0x00000000d6b00000,0x00000000d6b00000)
  from space 4096K, 99% used [0x00000000d6b00000,0x00000000d6eff160,0x00000000d6f00000)
  to   space 8192K, 0% used [0x00000000d7300000,0x00000000d7300000,0x00000000d7b00000)
 ParOldGen       total 68608K, used 25011K [0x0000000080000000, 0x0000000084300000, 0x00000000d5580000)
  object space 68608K, 36% used [0x0000000080000000,0x000000008186cdf8,0x0000000084300000)
 Metaspace       used 41428K, committed 42560K, reserved 1114112K
  class space    used 4566K, committed 5056K, reserved 1048576K
}
Event: 3.657 GC heap after
{Heap after GC invocations=20 (full 2):
 PSYoungGen      total 23040K, used 672K [0x00000000d5580000, 0x00000000d7400000, 0x0000000100000000)
  eden space 22016K, 0% used [0x00000000d5580000,0x00000000d5580000,0x00000000d6b00000)
  from space 1024K, 65% used [0x00000000d7300000,0x00000000d73a8000,0x00000000d7400000)
  to   space 3584K, 0% used [0x00000000d6d00000,0x00000000d6d00000,0x00000000d7080000)
 ParOldGen       total 68608K, used 29077K [0x0000000080000000, 0x0000000084300000, 0x00000000d5580000)
  object space 68608K, 42% used [0x0000000080000000,0x0000000081c65468,0x0000000084300000)
 Metaspace       used 41428K, committed 42560K, reserved 1114112K
  class space    used 4566K, committed 5056K, reserved 1048576K
}
Event: 3.769 GC heap before
{Heap before GC invocations=21 (full 2):
 PSYoungGen      total 23040K, used 22688K [0x00000000d5580000, 0x00000000d7400000, 0x0000000100000000)
  eden space 22016K, 100% used [0x00000000d5580000,0x00000000d6b00000,0x00000000d6b00000)
  from space 1024K, 65% used [0x00000000d7300000,0x00000000d73a8000,0x00000000d7400000)
  to   space 3584K, 0% used [0x00000000d6d00000,0x00000000d6d00000,0x00000000d7080000)
 ParOldGen       total 68608K, used 29077K [0x0000000080000000, 0x0000000084300000, 0x00000000d5580000)
  object space 68608K, 42% used [0x0000000080000000,0x0000000081c65468,0x0000000084300000)
 Metaspace       used 43359K, committed 44544K, reserved 1114112K
  class space    used 4866K, committed 5376K, reserved 1048576K
}
Event: 3.770 GC heap after
{Heap after GC invocations=21 (full 2):
 PSYoungGen      total 25600K, used 992K [0x00000000d5580000, 0x00000000d7380000, 0x0000000100000000)
  eden space 22016K, 0% used [0x00000000d5580000,0x00000000d5580000,0x00000000d6b00000)
  from space 3584K, 27% used [0x00000000d6d00000,0x00000000d6df8000,0x00000000d7080000)
  to   space 1536K, 0% used [0x00000000d7200000,0x00000000d7200000,0x00000000d7380000)
 ParOldGen       total 68608K, used 29529K [0x0000000080000000, 0x0000000084300000, 0x00000000d5580000)
  object space 68608K, 43% used [0x0000000080000000,0x0000000081cd67c0,0x0000000084300000)
 Metaspace       used 43359K, committed 44544K, reserved 1114112K
  class space    used 4866K, committed 5376K, reserved 1048576K
}

Dll operation events (11 events):
Event: 0.009 Loaded shared library c:\Users\DELL\.trae\extensions\redhat.java-1.49.0-win32-x64\jre\21.0.9-win32-x86_64\bin\java.dll
Event: 0.056 Loaded shared library c:\Users\DELL\.trae\extensions\redhat.java-1.49.0-win32-x64\jre\21.0.9-win32-x86_64\bin\zip.dll
Event: 0.070 Loaded shared library C:\Users\DELL\.trae\extensions\redhat.java-1.49.0-win32-x64\jre\21.0.9-win32-x86_64\bin\instrument.dll
Event: 0.073 Loaded shared library C:\Users\DELL\.trae\extensions\redhat.java-1.49.0-win32-x64\jre\21.0.9-win32-x86_64\bin\net.dll
Event: 0.074 Loaded shared library C:\Users\DELL\.trae\extensions\redhat.java-1.49.0-win32-x64\jre\21.0.9-win32-x86_64\bin\nio.dll
Event: 0.076 Loaded shared library C:\Users\DELL\.trae\extensions\redhat.java-1.49.0-win32-x64\jre\21.0.9-win32-x86_64\bin\zip.dll
Event: 0.086 Loaded shared library C:\Users\DELL\.trae\extensions\redhat.java-1.49.0-win32-x64\jre\21.0.9-win32-x86_64\bin\jimage.dll
Event: 0.129 Loaded shared library c:\Users\DELL\.trae\extensions\redhat.java-1.49.0-win32-x64\jre\21.0.9-win32-x86_64\bin\verify.dll
Event: 0.852 Loaded shared library C:\Users\DELL\AppData\Roaming\Trae\User\globalStorage\redhat.java\1.49.0\config_win\org.eclipse.equinox.launcher\org.eclipse.equinox.launcher.win32.win32.x86_64_1.2.1400.v20250801-0854\eclipse_11916.dll
Event: 1.895 Loaded shared library C:\Users\DELL\AppData\Local\Temp\jna-2094529\jna11201063091137006565.dll
Event: 3.654 Loaded shared library C:\Users\DELL\.gradle\native\1def1411415f61bf3af743bc5b6707747c0891f09f0c88961ee8f79bc544acac\windows-amd64\native-platform.dll

Deoptimization events (20 events):
Event: 3.754 Thread 0x000002447293fae0 DEOPT PACKING pc=0x000002445584c61f sp=0x0000005ae81fcf20
Event: 3.754 Thread 0x000002447293fae0 DEOPT UNPACKING pc=0x000002445c4078e2 sp=0x0000005ae81fc408 mode 0
Event: 3.756 Thread 0x000002447293fae0 DEOPT PACKING pc=0x0000024455293ec6 sp=0x0000005ae81fc710
Event: 3.756 Thread 0x000002447293fae0 DEOPT UNPACKING pc=0x000002445c4078e2 sp=0x0000005ae81fbc90 mode 0
Event: 3.762 Thread 0x000002447293fae0 DEOPT PACKING pc=0x000002445584c61f sp=0x0000005ae81fcc10
Event: 3.762 Thread 0x000002447293fae0 DEOPT UNPACKING pc=0x000002445c4078e2 sp=0x0000005ae81fc0e8 mode 0
Event: 3.764 Thread 0x000002447293fae0 DEOPT PACKING pc=0x0000024455293ec6 sp=0x0000005ae81fc710
Event: 3.764 Thread 0x000002447293fae0 DEOPT UNPACKING pc=0x000002445c4078e2 sp=0x0000005ae81fbc90 mode 0
Event: 3.768 Thread 0x000002447293fae0 DEOPT PACKING pc=0x000002445584c61f sp=0x0000005ae81fcc10
Event: 3.768 Thread 0x000002447293fae0 DEOPT UNPACKING pc=0x000002445c4078e2 sp=0x0000005ae81fc0e8 mode 0
Event: 3.771 Thread 0x000002447293fae0 Uncommon trap: trap_request=0xffffff45 fr.pc=0x000002445ca55708 relative=0x00000000000017c8
Event: 3.771 Thread 0x000002447293fae0 Uncommon trap: reason=unstable_if action=reinterpret pc=0x000002445ca55708 method=java.lang.String.<init>(Ljava/nio/charset/Charset;[BII)V @ 113 c2
Event: 3.771 Thread 0x000002447293fae0 DEOPT PACKING pc=0x000002445ca55708 sp=0x0000005ae81fcae0
Event: 3.771 Thread 0x000002447293fae0 DEOPT UNPACKING pc=0x000002445c406da2 sp=0x0000005ae81fcab0 mode 2
Event: 3.772 Thread 0x000002447293fae0 DEOPT PACKING pc=0x0000024455293ec6 sp=0x0000005ae81fc710
Event: 3.772 Thread 0x000002447293fae0 DEOPT UNPACKING pc=0x000002445c4078e2 sp=0x0000005ae81fbc90 mode 0
Event: 3.797 Thread 0x000002447293fae0 Uncommon trap: trap_request=0xffffff6e fr.pc=0x000002445cb0f090 relative=0x0000000000000650
Event: 3.797 Thread 0x000002447293fae0 Uncommon trap: reason=loop_limit_check action=maybe_recompile pc=0x000002445cb0f090 method=java.util.regex.Pattern$Start.match(Ljava/util/regex/Matcher;ILjava/lang/CharSequence;)Z @ 34 c2
Event: 3.797 Thread 0x000002447293fae0 DEOPT PACKING pc=0x000002445cb0f090 sp=0x0000005ae81fd350
Event: 3.797 Thread 0x000002447293fae0 DEOPT UNPACKING pc=0x000002445c406da2 sp=0x0000005ae81fd2c0 mode 2

Classes loaded (20 events):
Event: 3.360 Loading class jdk/internal/loader/BootLoader$PackageHelper
Event: 3.360 Loading class jdk/internal/loader/BootLoader$PackageHelper done
Event: 3.370 Loading class java/lang/annotation/ElementType
Event: 3.370 Loading class java/lang/annotation/ElementType done
Event: 3.417 Loading class java/lang/annotation/IncompleteAnnotationException
Event: 3.417 Loading class java/lang/annotation/IncompleteAnnotationException done
Event: 3.448 Loading class java/lang/foreign/MemorySegment
Event: 3.449 Loading class java/lang/foreign/MemorySegment done
Event: 3.653 Loading class sun/reflect/annotation/AnnotatedTypeFactory$AnnotatedParameterizedTypeImpl
Event: 3.654 Loading class java/lang/reflect/AnnotatedParameterizedType
Event: 3.654 Loading class java/lang/reflect/AnnotatedParameterizedType done
Event: 3.654 Loading class sun/reflect/annotation/AnnotatedTypeFactory$AnnotatedParameterizedTypeImpl done
Event: 3.686 Loading class java/lang/Class$EnclosingMethodInfo
Event: 3.686 Loading class java/lang/Class$EnclosingMethodInfo done
Event: 3.783 Loading class sun/reflect/generics/scope/ConstructorScope
Event: 3.783 Loading class sun/reflect/generics/scope/ConstructorScope done
Event: 3.783 Loading class sun/reflect/generics/tree/VoidDescriptor
Event: 3.783 Loading class sun/reflect/generics/tree/VoidDescriptor done
Event: 3.830 Loading class java/util/concurrent/CompletionService
Event: 3.830 Loading class java/util/concurrent/CompletionService done

Classes unloaded (7 events):
Event: 2.279 Thread 0x0000024468d04780 Unloading class 0x00000244011aac00 'java/lang/invoke/LambdaForm$MH+0x00000244011aac00'
Event: 2.279 Thread 0x0000024468d04780 Unloading class 0x00000244011aa800 'java/lang/invoke/LambdaForm$MH+0x00000244011aa800'
Event: 2.279 Thread 0x0000024468d04780 Unloading class 0x00000244011aa400 'java/lang/invoke/LambdaForm$MH+0x00000244011aa400'
Event: 2.279 Thread 0x0000024468d04780 Unloading class 0x00000244011aa000 'java/lang/invoke/LambdaForm$MH+0x00000244011aa000'
Event: 2.279 Thread 0x0000024468d04780 Unloading class 0x00000244011a9c00 'java/lang/invoke/LambdaForm$BMH+0x00000244011a9c00'
Event: 2.279 Thread 0x0000024468d04780 Unloading class 0x00000244011a9800 'java/lang/invoke/LambdaForm$DMH+0x00000244011a9800'
Event: 2.279 Thread 0x0000024468d04780 Unloading class 0x00000244011a8400 'java/lang/invoke/LambdaForm$DMH+0x00000244011a8400'

Classes redefined (0 events):
No events

Internal exceptions (20 events):
Event: 3.145 Thread 0x00000244706f5cd0 Exception <a 'java/lang/NoSuchMethodError'{0x00000000d5cf6d90}: 'int java.lang.invoke.DirectMethodHandle$Holder.invokeVirtual(java.lang.Object, java.lang.Object, java.lang.Object)'> (0x00000000d5cf6d90) 
thrown [s\src\hotspot\share\interpreter\linkResolver.cpp, line 773]
Event: 3.145 Thread 0x00000244706f5cd0 Exception <a 'java/lang/NoSuchMethodError'{0x00000000d5cfad08}: 'int java.lang.invoke.DirectMethodHandle$Holder.invokeStaticInit(java.lang.Object, int, int)'> (0x00000000d5cfad08) 
thrown [s\src\hotspot\share\interpreter\linkResolver.cpp, line 773]
Event: 3.145 Thread 0x00000244706f5cd0 Exception <a 'java/lang/NoSuchMethodError'{0x00000000d5d2e938}: 'int java.lang.invoke.DirectMethodHandle$Holder.invokeStaticInit(java.lang.Object, long, long)'> (0x00000000d5d2e938) 
thrown [s\src\hotspot\share\interpreter\linkResolver.cpp, line 773]
Event: 3.146 Thread 0x00000244706f5cd0 Exception <a 'java/lang/NoSuchMethodError'{0x00000000d5d352d0}: 'int java.lang.invoke.DirectMethodHandle$Holder.invokeStaticInit(java.lang.Object, float, float)'> (0x00000000d5d352d0) 
thrown [s\src\hotspot\share\interpreter\linkResolver.cpp, line 773]
Event: 3.146 Thread 0x00000244706f5cd0 Exception <a 'java/lang/NoSuchMethodError'{0x00000000d5d5ca68}: 'int java.lang.invoke.DirectMethodHandle$Holder.invokeStaticInit(java.lang.Object, double, double)'> (0x00000000d5d5ca68) 
thrown [s\src\hotspot\share\interpreter\linkResolver.cpp, line 773]
Event: 3.146 Thread 0x00000244706f5cd0 Exception <a 'java/lang/NoSuchMethodError'{0x00000000d5d62d20}: 'int java.lang.invoke.DirectMethodHandle$Holder.invokeStatic(java.lang.Object, long)'> (0x00000000d5d62d20) 
thrown [s\src\hotspot\share\interpreter\linkResolver.cpp, line 773]
Event: 3.149 Thread 0x00000244706f5cd0 Exception <a 'java/lang/NoSuchMethodError'{0x00000000d5e261a0}: 'int java.lang.invoke.Invokers$Holder.linkToTargetMethod(java.lang.Object, java.lang.Object)'> (0x00000000d5e261a0) 
thrown [s\src\hotspot\share\interpreter\linkResolver.cpp, line 773]
Event: 3.180 Thread 0x00000244706f5cd0 Exception <a 'java/lang/NoSuchMethodError'{0x00000000d6397468}: 'java.lang.Object java.lang.invoke.DirectMethodHandle$Holder.invokeSpecialIFC(java.lang.Object, java.lang.Object, java.lang.Object, java.lang.Object)'> (0x00000000d6397468) 
thrown [s\src\hotspot\share\interpreter\linkResolver.cpp, line 773]
Event: 3.213 Thread 0x0000024470992620 Exception <a 'java/lang/NoSuchMethodError'{0x00000000d56da458}: 'java.lang.Object java.lang.invoke.DirectMethodHandle$Holder.invokeVirtual(java.lang.Object, java.lang.Object, java.lang.Object, java.lang.Object)'> (0x00000000d56da458) 
thrown [s\src\hotspot\share\interpreter\linkResolver.cpp, line 773]
Event: 3.216 Thread 0x0000024470992620 Exception <a 'java/lang/NoSuchMethodError'{0x00000000d5771450}: 'java.lang.Object java.lang.invoke.DirectMethodHandle$Holder.invokeVirtual(java.lang.Object, java.lang.Object, java.lang.Object, java.lang.Object, java.lang.Object)'> (0x00000000d5771450) 
thrown [s\src\hotspot\share\interpreter\linkResolver.cpp, line 773]
Event: 3.243 Thread 0x000002444ffa6030 Exception <a 'java/lang/NoSuchMethodError'{0x00000000d5c7f400}: 'void java.lang.invoke.DirectMethodHandle$Holder.invokeSpecial(java.lang.Object, java.lang.Object, java.lang.Object, java.lang.Object, java.lang.Object, java.lang.Object)'> (0x00000000d5c7f400) 
thrown [s\src\hotspot\share\interpreter\linkResolver.cpp, line 773]
Event: 3.244 Thread 0x000002444ffa6030 Exception <a 'java/lang/IncompatibleClassChangeError'{0x00000000d5cb9650}: Found class java.lang.Object, but interface was expected> (0x00000000d5cb9650) 
thrown [s\src\hotspot\share\interpreter\linkResolver.cpp, line 840]
Event: 3.245 Thread 0x000002444ffa6030 Exception <a 'java/lang/IncompatibleClassChangeError'{0x00000000d5cbb400}: Found class java.lang.Object, but interface was expected> (0x00000000d5cbb400) 
thrown [s\src\hotspot\share\interpreter\linkResolver.cpp, line 840]
Event: 3.272 Thread 0x000002447293f450 Exception <a 'java/lang/NoSuchMethodError'{0x00000000d63272a0}: 'int java.lang.invoke.DirectMethodHandle$Holder.invokeSpecial(java.lang.Object, java.lang.Object, java.lang.Object, java.lang.Object)'> (0x00000000d63272a0) 
thrown [s\src\hotspot\share\interpreter\linkResolver.cpp, line 773]
Event: 3.274 Thread 0x000002447293f450 Exception <a 'java/lang/NoSuchMethodError'{0x00000000d639fa70}: 'java.lang.Object java.lang.invoke.DirectMethodHandle$Holder.invokeStatic(java.lang.Object, int, java.lang.Object, java.lang.Object)'> (0x00000000d639fa70) 
thrown [s\src\hotspot\share\interpreter\linkResolver.cpp, line 773]
Event: 3.274 Thread 0x000002447293f450 Exception <a 'java/lang/NoSuchMethodError'{0x00000000d63bb4a8}: 'java.lang.Object java.lang.invoke.DelegatingMethodHandle$Holder.delegate(java.lang.Object, int, java.lang.Object, java.lang.Object)'> (0x00000000d63bb4a8) 
thrown [s\src\hotspot\share\interpreter\linkResolver.cpp, line 773]
Event: 3.276 Thread 0x000002447293f450 Exception <a 'java/lang/NoSuchMethodError'{0x00000000d6458730}: 'int java.lang.invoke.Invokers$Holder.linkToTargetMethod(java.lang.Object, java.lang.Object, java.lang.Object)'> (0x00000000d6458730) 
thrown [s\src\hotspot\share\interpreter\linkResolver.cpp, line 773]
Event: 3.332 Thread 0x000002447293fae0 Implicit null exception at 0x000002445ca1a81b to 0x000002445ca1aa68
Event: 3.418 Thread 0x00000244706f5cd0 Exception <a 'java/lang/NoClassDefFoundError'{0x00000000d6936cc0}: javax/enterprise/inject/Typed> (0x00000000d6936cc0) 
thrown [s\src\hotspot\share\classfile\systemDictionary.cpp, line 301]
Event: 3.484 Thread 0x000002447293fae0 Implicit null exception at 0x000002445cb7d661 to 0x000002445cb7e26c

ZGC Phase Switch (0 events):
No events

VM Operations (20 events):
Event: 3.303 Executing VM operation: ParallelGCFailedAllocation (Allocation Failure)
Event: 3.305 Executing VM operation: ParallelGCFailedAllocation (Allocation Failure) done
Event: 3.355 Executing VM operation: HandshakeAllThreads (Deoptimize)
Event: 3.356 Executing VM operation: HandshakeAllThreads (Deoptimize) done
Event: 3.411 Executing VM operation: HandshakeAllThreads (Deoptimize)
Event: 3.411 Executing VM operation: HandshakeAllThreads (Deoptimize) done
Event: 3.433 Executing VM operation: ParallelGCFailedAllocation (Allocation Failure)
Event: 3.435 Executing VM operation: ParallelGCFailedAllocation (Allocation Failure) done
Event: 3.547 Executing VM operation: ParallelGCFailedAllocation (Allocation Failure)
Event: 3.548 Executing VM operation: ParallelGCFailedAllocation (Allocation Failure) done
Event: 3.656 Executing VM operation: ParallelGCFailedAllocation (Allocation Failure)
Event: 3.657 Executing VM operation: ParallelGCFailedAllocation (Allocation Failure) done
Event: 3.699 Executing VM operation: HandshakeAllThreads (Deoptimize)
Event: 3.700 Executing VM operation: HandshakeAllThreads (Deoptimize) done
Event: 3.769 Executing VM operation: ParallelGCFailedAllocation (Allocation Failure)
Event: 3.770 Executing VM operation: ParallelGCFailedAllocation (Allocation Failure) done
Event: 3.797 Executing VM operation: HandshakeAllThreads (Deoptimize)
Event: 3.797 Executing VM operation: HandshakeAllThreads (Deoptimize) done
Event: 4.812 Executing VM operation: Cleanup
Event: 4.812 Executing VM operation: Cleanup done

Memory protections (0 events):
No events

Nmethod flushes (20 events):
Event: 3.196 Thread 0x0000024468d04780 flushing  nmethod 0x00000244554c0a90
Event: 3.196 Thread 0x0000024468d04780 flushing  nmethod 0x00000244554c1c90
Event: 3.196 Thread 0x0000024468d04780 flushing  nmethod 0x00000244554c2b10
Event: 3.196 Thread 0x0000024468d04780 flushing  nmethod 0x00000244554c3290
Event: 3.196 Thread 0x0000024468d04780 flushing  nmethod 0x00000244554c4810
Event: 3.196 Thread 0x0000024468d04780 flushing  nmethod 0x00000244554c5110
Event: 3.196 Thread 0x0000024468d04780 flushing  nmethod 0x00000244554c5c90
Event: 3.196 Thread 0x0000024468d04780 flushing  nmethod 0x00000244554c6110
Event: 3.196 Thread 0x0000024468d04780 flushing  nmethod 0x00000244554c8610
Event: 3.196 Thread 0x0000024468d04780 flushing  nmethod 0x00000244554c8910
Event: 3.196 Thread 0x0000024468d04780 flushing  nmethod 0x00000244554d1910
Event: 3.196 Thread 0x0000024468d04780 flushing  nmethod 0x00000244554d1e10
Event: 3.196 Thread 0x0000024468d04780 flushing  nmethod 0x00000244554d2f10
Event: 3.196 Thread 0x0000024468d04780 flushing  nmethod 0x00000244554ec510
Event: 3.196 Thread 0x0000024468d04780 flushing  nmethod 0x00000244554f4b10
Event: 3.196 Thread 0x0000024468d04780 flushing  nmethod 0x0000024455502490
Event: 3.196 Thread 0x0000024468d04780 flushing  nmethod 0x0000024455505f90
Event: 3.196 Thread 0x0000024468d04780 flushing  nmethod 0x0000024455509810
Event: 3.196 Thread 0x0000024468d04780 flushing  nmethod 0x0000024455510290
Event: 3.196 Thread 0x0000024468d04780 flushing  nmethod 0x000002445553a290

Events (20 events):
Event: 3.056 Thread 0x000002444ffa6030 Thread added: 0x0000024470993340
Event: 3.056 Thread 0x000002444ffa6030 Thread added: 0x0000024470994060
Event: 3.057 Thread 0x000002444ffa6030 Thread added: 0x0000024470991f90
Event: 3.057 Thread 0x000002444ffa6030 Thread added: 0x0000024470995410
Event: 3.057 Thread 0x000002444ffa6030 Thread added: 0x000002447293ac20
Event: 3.057 Thread 0x000002444ffa6030 Thread added: 0x000002447293ccf0
Event: 3.057 Thread 0x000002444ffa6030 Thread added: 0x000002447293d380
Event: 3.057 Thread 0x000002444ffa6030 Thread added: 0x000002447293b2b0
Event: 3.058 Thread 0x000002444ffa6030 Thread added: 0x000002447293b940
Event: 3.058 Thread 0x000002444ffa6030 Thread added: 0x0000024472939f00
Event: 3.058 Thread 0x000002444ffa6030 Thread added: 0x000002447293bfd0
Event: 3.058 Thread 0x000002444ffa6030 Thread added: 0x000002447293c660
Event: 3.058 Thread 0x000002444ffa6030 Thread added: 0x000002447293da10
Event: 3.080 Thread 0x000002444ffa6030 Thread added: 0x000002447293a590
Event: 3.124 Thread 0x0000024470992620 Thread added: 0x0000024472940e90
Event: 3.127 Thread 0x00000244706f5cd0 Thread added: 0x000002447293f450
Event: 3.142 Thread 0x0000024470992620 Thread added: 0x000002447293e730
Event: 3.264 Thread 0x000002444ffa6030 Thread added: 0x0000024472940170
Event: 3.265 Thread 0x000002444ffa6030 Thread added: 0x000002447293edc0
Event: 3.280 Thread 0x0000024470992620 Thread added: 0x000002447293fae0


Dynamic libraries:
0x00007ff678010000 - 0x00007ff67801e000 	c:\Users\DELL\.trae\extensions\redhat.java-1.49.0-win32-x64\jre\21.0.9-win32-x86_64\bin\java.exe
0x00007ffab5060000 - 0x00007ffab52c8000 	C:\WINDOWS\SYSTEM32\ntdll.dll
0x00007ffab3d40000 - 0x00007ffab3e09000 	C:\WINDOWS\System32\KERNEL32.DLL
0x00007ffab23c0000 - 0x00007ffab27b8000 	C:\WINDOWS\System32\KERNELBASE.dll
0x00007ffaac430000 - 0x00007ffaac4cf000 	C:\WINDOWS\SYSTEM32\apphelp.dll
0x00007ffab2270000 - 0x00007ffab23bb000 	C:\WINDOWS\System32\ucrtbase.dll
0x00007ffa9eb10000 - 0x00007ffa9eb28000 	c:\Users\DELL\.trae\extensions\redhat.java-1.49.0-win32-x64\jre\21.0.9-win32-x86_64\bin\jli.dll
0x00007ffa979e0000 - 0x00007ffa979fe000 	c:\Users\DELL\.trae\extensions\redhat.java-1.49.0-win32-x64\jre\21.0.9-win32-x86_64\bin\VCRUNTIME140.dll
0x00007ffab4110000 - 0x00007ffab42d7000 	C:\WINDOWS\System32\USER32.dll
0x00007ffa81940000 - 0x00007ffa81bd4000 	C:\WINDOWS\WinSxS\amd64_microsoft.windows.common-controls_6595b64144ccf1df_6.0.26100.7019_none_3e06ffa0e335b8a8\COMCTL32.dll
0x00007ffab2870000 - 0x00007ffab2897000 	C:\WINDOWS\System32\win32u.dll
0x00007ffab2e00000 - 0x00007ffab2ea9000 	C:\WINDOWS\System32\msvcrt.dll
0x00007ffab3b30000 - 0x00007ffab3b5b000 	C:\WINDOWS\System32\GDI32.dll
0x00007ffab2ab0000 - 0x00007ffab2bdc000 	C:\WINDOWS\System32\gdi32full.dll
0x00007ffab2be0000 - 0x00007ffab2c83000 	C:\WINDOWS\System32\msvcp_win.dll
0x00007ffab3d00000 - 0x00007ffab3d31000 	C:\WINDOWS\System32\IMM32.DLL
0x00007ffa979d0000 - 0x00007ffa979dc000 	c:\Users\DELL\.trae\extensions\redhat.java-1.49.0-win32-x64\jre\21.0.9-win32-x86_64\bin\vcruntime140_1.dll
0x00007ffa21630000 - 0x00007ffa216bd000 	c:\Users\DELL\.trae\extensions\redhat.java-1.49.0-win32-x64\jre\21.0.9-win32-x86_64\bin\msvcp140.dll
0x00007ffa06b30000 - 0x00007ffa078d0000 	c:\Users\DELL\.trae\extensions\redhat.java-1.49.0-win32-x64\jre\21.0.9-win32-x86_64\bin\server\jvm.dll
0x00007ffab42e0000 - 0x00007ffab4394000 	C:\WINDOWS\System32\ADVAPI32.dll
0x00007ffab4750000 - 0x00007ffab47f6000 	C:\WINDOWS\System32\sechost.dll
0x00007ffab4630000 - 0x00007ffab4748000 	C:\WINDOWS\System32\RPCRT4.dll
0x00007ffab2eb0000 - 0x00007ffab2f24000 	C:\WINDOWS\System32\WS2_32.dll
0x00007ffab0d90000 - 0x00007ffab0dee000 	C:\WINDOWS\SYSTEM32\POWRPROF.dll
0x00007ffaa68c0000 - 0x00007ffaa68f5000 	C:\WINDOWS\SYSTEM32\WINMM.dll
0x00007ffaa8090000 - 0x00007ffaa809b000 	C:\WINDOWS\SYSTEM32\VERSION.dll
0x00007ffab0d70000 - 0x00007ffab0d84000 	C:\WINDOWS\SYSTEM32\UMPDC.dll
0x00007ffab1050000 - 0x00007ffab106b000 	C:\WINDOWS\SYSTEM32\kernel.appcore.dll
0x00007ffa84310000 - 0x00007ffa8431a000 	c:\Users\DELL\.trae\extensions\redhat.java-1.49.0-win32-x64\jre\21.0.9-win32-x86_64\bin\jimage.dll
0x00007ffaaf8b0000 - 0x00007ffaafaf2000 	C:\WINDOWS\SYSTEM32\DBGHELP.DLL
0x00007ffab30e0000 - 0x00007ffab346b000 	C:\WINDOWS\System32\combase.dll
0x00007ffab4540000 - 0x00007ffab4617000 	C:\WINDOWS\System32\OLEAUT32.dll
0x00007ffa95f10000 - 0x00007ffa95f4c000 	C:\WINDOWS\SYSTEM32\dbgcore.DLL
0x00007ffab27c0000 - 0x00007ffab2865000 	C:\WINDOWS\System32\bcryptPrimitives.dll
0x00007ffa9e9b0000 - 0x00007ffa9e9bf000 	c:\Users\DELL\.trae\extensions\redhat.java-1.49.0-win32-x64\jre\21.0.9-win32-x86_64\bin\instrument.dll
0x00007ffa7a670000 - 0x00007ffa7a690000 	c:\Users\DELL\.trae\extensions\redhat.java-1.49.0-win32-x64\jre\21.0.9-win32-x86_64\bin\java.dll
0x00007ffab4800000 - 0x00007ffab4f4f000 	C:\WINDOWS\System32\SHELL32.dll
0x00007ffab2c90000 - 0x00007ffab2dfb000 	C:\WINDOWS\System32\wintypes.dll
0x00007ffaafdb0000 - 0x00007ffab060d000 	C:\WINDOWS\SYSTEM32\windows.storage.dll
0x00007ffab4000000 - 0x00007ffab40f2000 	C:\WINDOWS\System32\SHCORE.dll
0x00007ffab2f30000 - 0x00007ffab2f97000 	C:\WINDOWS\System32\shlwapi.dll
0x00007ffab20d0000 - 0x00007ffab20f9000 	C:\WINDOWS\SYSTEM32\profapi.dll
0x00007ffa74db0000 - 0x00007ffa74dc8000 	c:\Users\DELL\.trae\extensions\redhat.java-1.49.0-win32-x64\jre\21.0.9-win32-x86_64\bin\zip.dll
0x00007ffa82620000 - 0x00007ffa82630000 	C:\Users\DELL\.trae\extensions\redhat.java-1.49.0-win32-x64\jre\21.0.9-win32-x86_64\bin\net.dll
0x00007ffaaa040000 - 0x00007ffaaa168000 	C:\WINDOWS\SYSTEM32\WINHTTP.dll
0x00007ffab15a0000 - 0x00007ffab160b000 	C:\WINDOWS\system32\mswsock.dll
0x00007ffa69a10000 - 0x00007ffa69a26000 	C:\Users\DELL\.trae\extensions\redhat.java-1.49.0-win32-x64\jre\21.0.9-win32-x86_64\bin\nio.dll
0x00007ffa7d300000 - 0x00007ffa7d310000 	c:\Users\DELL\.trae\extensions\redhat.java-1.49.0-win32-x64\jre\21.0.9-win32-x86_64\bin\verify.dll
0x00007ffa5e550000 - 0x00007ffa5e594000 	C:\Users\DELL\AppData\Roaming\Trae\User\globalStorage\redhat.java\1.49.0\config_win\org.eclipse.equinox.launcher\org.eclipse.equinox.launcher.win32.win32.x86_64_1.2.1400.v20250801-0854\eclipse_11916.dll
0x00007ffab43a0000 - 0x00007ffab4537000 	C:\WINDOWS\System32\ole32.dll
0x00007ffab1990000 - 0x00007ffab19ab000 	C:\WINDOWS\SYSTEM32\CRYPTSP.dll
0x00007ffab0fb0000 - 0x00007ffab0fea000 	C:\WINDOWS\system32\rsaenh.dll
0x00007ffab1650000 - 0x00007ffab167b000 	C:\WINDOWS\SYSTEM32\USERENV.dll
0x00007ffab20a0000 - 0x00007ffab20ca000 	C:\WINDOWS\SYSTEM32\bcrypt.dll
0x00007ffab1970000 - 0x00007ffab197c000 	C:\WINDOWS\SYSTEM32\CRYPTBASE.dll
0x00007ffab0a60000 - 0x00007ffab0a94000 	C:\WINDOWS\SYSTEM32\IPHLPAPI.DLL
0x00007ffab4100000 - 0x00007ffab410a000 	C:\WINDOWS\System32\NSI.dll
0x00007ffa59320000 - 0x00007ffa59369000 	C:\Users\DELL\AppData\Local\Temp\jna-2094529\jna11201063091137006565.dll
0x00007ffab4fe0000 - 0x00007ffab4fe8000 	C:\WINDOWS\System32\PSAPI.DLL
0x00007ffaaa580000 - 0x00007ffaaa59e000 	C:\WINDOWS\SYSTEM32\dhcpcsvc6.DLL
0x00007ffaaa550000 - 0x00007ffaaa573000 	C:\WINDOWS\SYSTEM32\dhcpcsvc.DLL
0x00007ffa524d0000 - 0x00007ffa524f7000 	C:\Users\DELL\.gradle\native\1def1411415f61bf3af743bc5b6707747c0891f09f0c88961ee8f79bc544acac\windows-amd64\native-platform.dll

JVMTI agents:
c:\Users\DELL\.trae\extensions\redhat.java-1.49.0-win32-x64\lombok\lombok-1.18.39-4050.jar path:c:\Users\DELL\.trae\extensions\redhat.java-1.49.0-win32-x64\jre\21.0.9-win32-x86_64\bin\instrument.dll, loaded, initialized, instrumentlib options:none

dbghelp: loaded successfully - version: 4.0.5 - missing functions: none
symbol engine: initialized successfully - sym options: 0x614 - pdb path: .;c:\Users\DELL\.trae\extensions\redhat.java-1.49.0-win32-x64\jre\21.0.9-win32-x86_64\bin;C:\WINDOWS\SYSTEM32;C:\WINDOWS\WinSxS\amd64_microsoft.windows.common-controls_6595b64144ccf1df_6.0.26100.7019_none_3e06ffa0e335b8a8;c:\Users\DELL\.trae\extensions\redhat.java-1.49.0-win32-x64\jre\21.0.9-win32-x86_64\bin\server;C:\Users\DELL\AppData\Roaming\Trae\User\globalStorage\redhat.java\1.49.0\config_win\org.eclipse.equinox.launcher\org.eclipse.equinox.launcher.win32.win32.x86_64_1.2.1400.v20250801-0854;C:\Users\DELL\AppData\Local\Temp\jna-2094529;C:\Users\DELL\.gradle\native\1def1411415f61bf3af743bc5b6707747c0891f09f0c88961ee8f79bc544acac\windows-amd64

VM Arguments:
jvm_args: --add-modules=ALL-SYSTEM --add-opens=java.base/java.util=ALL-UNNAMED --add-opens=java.base/java.lang=ALL-UNNAMED --add-opens=java.base/sun.nio.fs=ALL-UNNAMED -Declipse.application=org.eclipse.jdt.ls.core.id1 -Dosgi.bundles.defaultStartLevel=4 -Declipse.product=org.eclipse.jdt.ls.core.product -Djava.import.generatesMetadataFilesAtProjectRoot=false -DDetectVMInstallationsJob.disabled=true -Dfile.encoding=utf8 -XX:+UseParallelGC -XX:GCTimeRatio=4 -XX:AdaptiveSizePolicyWeight=90 -Dsun.zip.disableMemoryMapping=true -Xmx2G -Xms100m -Xlog:disable -javaagent:c:\Users\DELL\.trae\extensions\redhat.java-1.49.0-win32-x64\lombok\lombok-1.18.39-4050.jar -XX:+HeapDumpOnOutOfMemoryError -XX:HeapDumpPath=c:\Users\DELL\AppData\Roaming\Trae\User\workspaceStorage\570c4e8613b99fb812056b461999b2ec\redhat.java -Daether.dependencyCollector.impl=bf 
java_command: c:\Users\DELL\.trae\extensions\redhat.java-1.49.0-win32-x64\server\plugins\org.eclipse.equinox.launcher_1.7.100.v20251111-0406.jar -configuration c:\Users\DELL\AppData\Roaming\Trae\User\globalStorage\redhat.java\1.49.0\config_win -data c:\Users\DELL\AppData\Roaming\Trae\User\workspaceStorage\570c4e8613b99fb812056b461999b2ec\redhat.java\jdt_ws --pipe=\\.\pipe\lsp-cb01643dcb786a0c3029c6acd946312b-sock
java_class_path (initial): c:\Users\DELL\.trae\extensions\redhat.java-1.49.0-win32-x64\server\plugins\org.eclipse.equinox.launcher_1.7.100.v20251111-0406.jar
Launcher Type: SUN_STANDARD

[Global flags]
    uintx AdaptiveSizePolicyWeight                 = 90                                        {product} {command line}
     intx CICompilerCount                          = 4                                         {product} {ergonomic}
    uintx GCTimeRatio                              = 4                                         {product} {command line}
     bool HeapDumpOnOutOfMemoryError               = true                                   {manageable} {command line}
    ccstr HeapDumpPath                             = c:\Users\DELL\AppData\Roaming\Trae\User\workspaceStorage\570c4e8613b99fb812056b461999b2ec\redhat.java         {manageable} {command line}
   size_t InitialHeapSize                          = 104857600                                 {product} {command line}
   size_t MaxHeapSize                              = 2147483648                                {product} {command line}
   size_t MaxNewSize                               = 715653120                                 {product} {ergonomic}
   size_t MinHeapDeltaBytes                        = 524288                                    {product} {ergonomic}
   size_t MinHeapSize                              = 104857600                                 {product} {command line}
   size_t NewSize                                  = 34603008                                  {product} {ergonomic}
    uintx NonNMethodCodeHeapSize                   = 5839372                                {pd product} {ergonomic}
    uintx NonProfiledCodeHeapSize                  = 122909434                              {pd product} {ergonomic}
   size_t OldSize                                  = 70254592                                  {product} {ergonomic}
    uintx ProfiledCodeHeapSize                     = 122909434                              {pd product} {ergonomic}
    uintx ReservedCodeCacheSize                    = 251658240                              {pd product} {ergonomic}
     bool SegmentedCodeCache                       = true                                      {product} {ergonomic}
   size_t SoftMaxHeapSize                          = 2147483648                             {manageable} {ergonomic}
     bool UseCompressedOops                        = true                           {product lp64_product} {ergonomic}
     bool UseLargePagesIndividualAllocation        = false                                  {pd product} {ergonomic}
     bool UseParallelGC                            = true                                      {product} {command line}

Logging:
Log output configuration:
 #0: stdout all=off uptime,level,tags foldmultilines=false
 #1: stderr all=off uptime,level,tags foldmultilines=false

Release file:
JAVA_VERSION="21.0.9" 
MODULES="java.base java.compiler java.datatransfer java.xml java.prefs java.desktop java.instrument java.logging java.management java.security.sasl java.naming java.rmi java.management.rmi java.net.http java.scripting java.security.jgss java.transaction.xa java.sql java.sql.rowset java.xml.crypto java.se java.smartcardio jdk.accessibility jdk.internal.jvmstat jdk.attach jdk.charsets jdk.internal.opt jdk.zipfs jdk.compiler jdk.crypto.ec jdk.crypto.cryptoki jdk.crypto.mscapi jdk.dynalink jdk.internal.ed jdk.editpad jdk.hotspot.agent jdk.httpserver jdk.internal.le jdk.internal.vm.ci jdk.internal.vm.compiler jdk.internal.vm.compiler.management jdk.jartool jdk.javadoc jdk.jcmd jdk.management jdk.management.agent jdk.jconsole jdk.jdeps jdk.jdwp.agent jdk.jdi jdk.jfr jdk.jshell jdk.jsobject jdk.jstatd jdk.localedata jdk.management.jfr jdk.naming.dns jdk.naming.rmi jdk.net jdk.nio.mapmode jdk.random jdk.sctp jdk.security.auth jdk.security.jgss jdk.unsupported jdk.unsupported.desktop jdk.xml.dom" 

Environment Variables:
PATH=C:\Program Files (x86)\VMware\VMware Player\bin\;C:\app\DELL\product\23ai\dbhomeFree\bin;C:\Python312\Scripts\;C:\Python312\;C:\Program Files (x86)\Common Files\Oracle\Java\java8path;C:\Program Files (x86)\Common Files\Oracle\Java\javapath;C:\Windows\system32;C:\Windows;C:\Windows\System32\Wbem;C:\Windows\System32\WindowsPowerShell\v1.0\;C:\Windows\System32\OpenSSH\;C:\Program Files\Microsoft VS Code\bin;C:\srcflutter\flutter\bin;C:\ProgramData\chocolatey\bin;C:\Program Files (x86)\Git\cmd;C:\Program Files (x86)\NVIDIA Corporation\PhysX\Common;C:\Program Files\dotnet\;C:\xampp\php;C:\composer;C:\Program Files\NVIDIA Corporation\NVIDIA app\NvDLISR;;C:\WINDOWS\system32;C:\WINDOWS;C:\WINDOWS\System32\Wbem;C:\WINDOWS\System32\WindowsPowerShell\v1.0\;C:\WINDOWS\System32\OpenSSH\;C:\Program Files\nodejs\;C:\Users\DELL\scoop\shims;C:\srcflutter\flutter\bin;C:\tools\dart-sdk\bin;C:\Users\DELL\AppData\Roaming\Pub\Cache\bin;C:\Program Files\JetBrains\IntelliJ IDEA 2025.2.2\bin;C:\Users\DELL\AppData\Roaming\Composer\vendor\bin;C:\Program Files\JetBrains\PyCharm 2024.2.4\bin;;C:\Users\DELL\AppData\Local\Microsoft\WindowsApps;C:\Users\DELL\AppData\Roaming\npm;C:\Users\DELL\AppData\Local\GitHubDesktop\bin;c:\Users\DELL\AppData\Local\Programs\Trae\resources\app\bin\lib
USERNAME=DELL
OS=Windows_NT
PROCESSOR_IDENTIFIER=Intel64 Family 6 Model 141 Stepping 1, GenuineIntel
TMP=C:\Users\DELL\AppData\Local\Temp
TEMP=C:\Users\DELL\AppData\Local\Temp




Periodic native trim disabled

---------------  S Y S T E M  ---------------

OS:
 Windows 11 , 64 bit Build 26100 (10.0.26100.7019)
OS uptime: 0 days 18:39 hours
Hyper-V role detected

CPU: total 12 (initial active 12) (6 cores per cpu, 2 threads per core) family 6 model 141 stepping 1 microcode 0x56, cx8, cmov, fxsr, ht, mmx, 3dnowpref, sse, sse2, sse3, ssse3, sse4.1, sse4.2, popcnt, lzcnt, tsc, tscinvbit, avx, avx2, aes, erms, clmul, bmi1, bmi2, adx, avx512f, avx512dq, avx512cd, avx512bw, avx512vl, sha, fma, vzeroupper, avx512_vpopcntdq, avx512_vpclmulqdq, avx512_vaes, avx512_vnni, clflush, clflushopt, clwb, avx512_vbmi2, avx512_vbmi, hv, rdtscp, rdpid, fsrm, gfni, avx512_bitalg, f16c, cet_ibt, cet_ss, avx512_ifma
Processor Information for the first 12 processors :
  Max Mhz: 2688, Current Mhz: 2688, Mhz Limit: 2688

Memory: 4k page, system-wide physical 16114M (1103M free)
TotalPageFile size 24306M (AvailPageFile size 9M)
current process WorkingSet (physical memory assigned to process): 251M, peak: 252M
current process commit charge ("private bytes"): 370M, peak: 370M

vm_info: OpenJDK 64-Bit Server VM (21.0.9+10-LTS) for windows-amd64 JRE (21.0.9+10-LTS), built on 2025-10-21T00:00:00Z by "admin" with unknown MS VC++:1942

END.
