#
# There is insufficient memory for the Java Runtime Environment to continue.
# Native memory allocation (malloc) failed to allocate 1414352 bytes. Error detail: Chunk::new
# Possible reasons:
#   The system is out of physical RAM or swap space
#   This process is running with CompressedOops enabled, and the Java Heap may be blocking the growth of the native heap
# Possible solutions:
#   Reduce memory load on the system
#   Increase physical memory or swap space
#   Check if swap backing store is full
#   Decrease Java heap size (-Xmx/-Xms)
#   Decrease number of Java threads
#   Decrease Java thread stack sizes (-Xss)
#   Set larger code cache with -XX:ReservedCodeCacheSize=
#   JVM is running with Zero Based Compressed Oops mode in which the Java heap is
#     placed in the first 32GB address space. The Java Heap base address is the
#     maximum limit for the native heap growth. Please use -XX:HeapBaseMinAddress
#     to set the Java Heap base and to place the Java Heap above 32GB virtual address.
# This output file may be truncated or incomplete.
#
#  Out of Memory Error (arena.cpp:168), pid=22988, tid=21760
#
# JRE version: OpenJDK Runtime Environment (21.0.8) (build 21.0.8+-14196175-b1038.72)
# Java VM: OpenJDK 64-Bit Server VM (21.0.8+-14196175-b1038.72, mixed mode, tiered, compressed oops, compressed class ptrs, g1 gc, windows-amd64)
# No core dump will be written. Minidumps are not enabled by default on client versions of Windows
#

---------------  S U M M A R Y ------------

Command Line: org.jetbrains.kotlin.cli.jvm.K2JVMCompiler @C:\dev.mobile\tests-before-commits-save-points--main\app\build\20251127_8421586426685855703.compiler.options

Host: 11th Gen Intel(R) Core(TM) i5-11400H @ 2.70GHz, 12 cores, 15G,  Windows 11 , 64 bit Build 26100 (10.0.26100.7019)
Time: Thu Nov 27 21:20:51 2025 Afr. centrale Ouest elapsed time: 25.290829 seconds (0d 0h 0m 25s)

---------------  T H R E A D  ---------------

Current thread (0x0000025d674064d0):  JavaThread "C2 CompilerThread1" daemon [_thread_in_native, id=21760, stack(0x0000007b00100000,0x0000007b00200000) (1024K)]


Current CompileTask:
C2:25290 18896       4       androidx.compose.compiler.plugins.kotlin.lower.DeepCopyIrTreeWithRemappedComposableTypes::visitCall (1288 bytes)

Stack: [0x0000007b00100000,0x0000007b00200000]
Native frames: (J=compiled Java code, j=interpreted, Vv=VM code, C=native code)
V  [jvm.dll+0x6d68d9]
V  [jvm.dll+0x866693]
V  [jvm.dll+0x868c4e]
V  [jvm.dll+0x869333]
V  [jvm.dll+0x280566]
V  [jvm.dll+0xc07cd]
V  [jvm.dll+0xc0d03]
V  [jvm.dll+0x3b961b]
V  [jvm.dll+0x1dfd12]
V  [jvm.dll+0x2493a4]
V  [jvm.dll+0x248821]
V  [jvm.dll+0x1c73a4]
V  [jvm.dll+0x257f9e]
V  [jvm.dll+0x2564e6]
V  [jvm.dll+0x3f4696]
V  [jvm.dll+0x80eac8]
V  [jvm.dll+0x6d512d]
C  [ucrtbase.dll+0x37b0]
C  [KERNEL32.DLL+0x2e8d7]
C  [ntdll.dll+0x8c53c]


---------------  P R O C E S S  ---------------

Threads class SMR info:
_java_thread_list=0x0000025d6abf70a0, length=13, elements={
0x0000025d45ef4690, 0x0000025d6265a3e0, 0x0000025d6265b920, 0x0000025d626856c0,
0x0000025d6269fce0, 0x0000025d626a0740, 0x0000025d62689530, 0x0000025d626a8dc0,
0x0000025d62689f90, 0x0000025d6268df30, 0x0000025d628310c0, 0x0000025d674064d0,
0x0000025d67404990
}

Java Threads: ( => current thread )
  0x0000025d45ef4690 JavaThread "main"                              [_thread_blocked, id=11828, stack(0x0000007b7e300000,0x0000007b7e400000) (1024K)]
  0x0000025d6265a3e0 JavaThread "Common-Cleaner"             daemon [_thread_blocked, id=2764, stack(0x0000007b7eb00000,0x0000007b7ec00000) (1024K)]
  0x0000025d6265b920 JavaThread "Reference Handler"          daemon [_thread_blocked, id=20588, stack(0x0000007b7ec00000,0x0000007b7ed00000) (1024K)]
  0x0000025d626856c0 JavaThread "Finalizer"                  daemon [_thread_blocked, id=21412, stack(0x0000007b7ed00000,0x0000007b7ee00000) (1024K)]
  0x0000025d6269fce0 JavaThread "Signal Dispatcher"          daemon [_thread_blocked, id=21712, stack(0x0000007b7ee00000,0x0000007b7ef00000) (1024K)]
  0x0000025d626a0740 JavaThread "Attach Listener"            daemon [_thread_blocked, id=24560, stack(0x0000007b7ef00000,0x0000007b7f000000) (1024K)]
  0x0000025d62689530 JavaThread "Service Thread"             daemon [_thread_blocked, id=5996, stack(0x0000007b7f000000,0x0000007b7f100000) (1024K)]
  0x0000025d626a8dc0 JavaThread "Monitor Deflation Thread"   daemon [_thread_blocked, id=21456, stack(0x0000007b7f100000,0x0000007b7f200000) (1024K)]
  0x0000025d62689f90 JavaThread "C2 CompilerThread0"         daemon [_thread_in_native, id=2204, stack(0x0000007b7f200000,0x0000007b7f300000) (1024K)]
  0x0000025d6268df30 JavaThread "C1 CompilerThread0"         daemon [_thread_blocked, id=22840, stack(0x0000007b7f300000,0x0000007b7f400000) (1024K)]
  0x0000025d628310c0 JavaThread "Notification Thread"        daemon [_thread_blocked, id=4672, stack(0x0000007b7f400000,0x0000007b7f500000) (1024K)]
=>0x0000025d674064d0 JavaThread "C2 CompilerThread1"         daemon [_thread_in_native, id=21760, stack(0x0000007b00100000,0x0000007b00200000) (1024K)]
  0x0000025d67404990 JavaThread "C2 CompilerThread2"         daemon [_thread_blocked, id=3128, stack(0x0000007b00200000,0x0000007b00300000) (1024K)]
Total: 13

Other Threads:
  0x0000025d61e2e200 VMThread "VM Thread"                           [id=21648, stack(0x0000007b7ea00000,0x0000007b7eb00000) (1024K)]
  0x0000025d61de2130 WatcherThread "VM Periodic Task Thread"        [id=5008, stack(0x0000007b7e900000,0x0000007b7ea00000) (1024K)]
  0x0000025d482f0740 WorkerThread "GC Thread#0"                     [id=14764, stack(0x0000007b7e400000,0x0000007b7e500000) (1024K)]
  0x0000025d6757e9b0 WorkerThread "GC Thread#1"                     [id=12768, stack(0x0000007b7f500000,0x0000007b7f600000) (1024K)]
  0x0000025d67576e10 WorkerThread "GC Thread#2"                     [id=14288, stack(0x0000007b7f600000,0x0000007b7f700000) (1024K)]
  0x0000025d675771b0 WorkerThread "GC Thread#3"                     [id=22312, stack(0x0000007b7f700000,0x0000007b7f800000) (1024K)]
  0x0000025d67595850 WorkerThread "GC Thread#4"                     [id=23464, stack(0x0000007b7f800000,0x0000007b7f900000) (1024K)]
  0x0000025d67593ef0 WorkerThread "GC Thread#5"                     [id=22848, stack(0x0000007b7f900000,0x0000007b7fa00000) (1024K)]
  0x0000025d675954b0 WorkerThread "GC Thread#6"                     [id=21336, stack(0x0000007b7fa00000,0x0000007b7fb00000) (1024K)]
  0x0000025d67594d70 WorkerThread "GC Thread#7"                     [id=4776, stack(0x0000007b7fb00000,0x0000007b7fc00000) (1024K)]
  0x0000025d67b05a50 WorkerThread "GC Thread#8"                     [id=21320, stack(0x0000007b7ff00000,0x0000007b80000000) (1024K)]
  0x0000025d67b039b0 WorkerThread "GC Thread#9"                     [id=2696, stack(0x0000007b00000000,0x0000007b00100000) (1024K)]
  0x0000025d48302940 ConcurrentGCThread "G1 Main Marker"            [id=21728, stack(0x0000007b7e500000,0x0000007b7e600000) (1024K)]
  0x0000025d48303440 WorkerThread "G1 Conc#0"                       [id=20408, stack(0x0000007b7e600000,0x0000007b7e700000) (1024K)]
  0x0000025d67595110 WorkerThread "G1 Conc#1"                       [id=23828, stack(0x0000007b7fc00000,0x0000007b7fd00000) (1024K)]
  0x0000025d67b05310 WorkerThread "G1 Conc#2"                       [id=24148, stack(0x0000007b7fd00000,0x0000007b7fe00000) (1024K)]
  0x0000025d4834eb60 ConcurrentGCThread "G1 Refine#0"               [id=23396, stack(0x0000007b7e700000,0x0000007b7e800000) (1024K)]
  0x0000025d61cb3790 ConcurrentGCThread "G1 Service"                [id=19812, stack(0x0000007b7e800000,0x0000007b7e900000) (1024K)]
Total: 18

Threads with active compile tasks:
C2 CompilerThread0  25303 18777       4       androidx.compose.compiler.plugins.kotlin.lower.ComposerTypeRemapper::remapType (729 bytes)
C2 CompilerThread1  25303 18896       4       androidx.compose.compiler.plugins.kotlin.lower.DeepCopyIrTreeWithRemappedComposableTypes::visitCall (1288 bytes)
C2 CompilerThread2  25303 19247       4       androidx.compose.compiler.plugins.kotlin.lower.ComposableTargetAnnotationsTransformerKt::samOwnerOrNull (171 bytes)
Total: 3

VM state: at safepoint (normal execution)

VM Mutex/Monitor currently owned by a thread:  ([mutex/lock_event])
[0x00007fffc66f85b8] Threads_lock - owner thread: 0x0000025d61e2e200
[0x00007fffc66f86b8] Heap_lock - owner thread: 0x0000025d48302940

Heap address: 0x0000000704200000, size: 4030 MB, Compressed Oops mode: Zero based, Oop shift amount: 3

CDS archive(s) not mapped
Compressed class space mapped at: 0x0000000800000000-0x0000000840000000, reserved size: 1073741824
Narrow klass base: 0x0000000800000000, Narrow klass shift: 0, Narrow klass range: 0x40000000

GC Precious Log:
 CardTable entry size: 512
 Card Set container configuration: InlinePtr #cards 4 size 8 Array Of Cards #cards 16 size 48 Howl #buckets 8 coarsen threshold 3686 Howl Bitmap #cards 512 size 80 coarsen threshold 460 Card regions per heap region 1 cards per card region 4096
 CPUs: 12 total, 12 available
 Memory: 16114M
 Large Page Support: Disabled
 NUMA Support: Disabled
 Compressed Oops: Enabled (Zero based)
 Heap Region Size: 2M
 Heap Min Capacity: 8M
 Heap Initial Capacity: 252M
 Heap Max Capacity: 4030M
 Pre-touch: Disabled
 Parallel Workers: 10
 Concurrent Workers: 3
 Concurrent Refinement Workers: 10
 Periodic GC: Disabled

Heap:
 garbage-first heap   total 409600K, used 316881K [0x0000000704200000, 0x0000000800000000)
  region size 2048K, 18 young (36864K), 7 survivors (14336K)
 Metaspace       used 84264K, committed 84608K, reserved 1179648K
  class space    used 8870K, committed 9024K, reserved 1048576K

Heap Regions: E=young(eden), S=young(survivor), O=old, HS=humongous(starts), HC=humongous(continues), CS=collection set, F=free, TAMS=top-at-mark-start, PB=parsable bottom
|   0|0x0000000704200000, 0x0000000704400000, 0x0000000704400000|100%|HS|  |TAMS 0x0000000704400000| PB 0x0000000704200000| Complete 
|   1|0x0000000704400000, 0x0000000704600000, 0x0000000704600000|100%|HC|  |TAMS 0x0000000704600000| PB 0x0000000704400000| Complete 
|   2|0x0000000704600000, 0x0000000704800000, 0x0000000704800000|100%| O|  |TAMS 0x0000000704800000| PB 0x0000000704800000| Untracked 
|   3|0x0000000704800000, 0x0000000704a00000, 0x0000000704a00000|100%| O|  |TAMS 0x0000000704a00000| PB 0x0000000704a00000| Untracked 
|   4|0x0000000704a00000, 0x0000000704c00000, 0x0000000704c00000|100%| O|  |TAMS 0x0000000704c00000| PB 0x0000000704c00000| Untracked 
|   5|0x0000000704c00000, 0x0000000704e00000, 0x0000000704e00000|100%| O|  |TAMS 0x0000000704e00000| PB 0x0000000704e00000| Untracked 
|   6|0x0000000704e00000, 0x0000000705000000, 0x0000000705000000|100%| O|  |TAMS 0x0000000705000000| PB 0x0000000705000000| Untracked 
|   7|0x0000000705000000, 0x0000000705200000, 0x0000000705200000|100%| O|  |TAMS 0x0000000705200000| PB 0x0000000705200000| Updating 
|   8|0x0000000705200000, 0x0000000705400000, 0x0000000705400000|100%| O|  |TAMS 0x0000000705400000| PB 0x0000000705400000| Untracked 
|   9|0x0000000705400000, 0x0000000705600000, 0x0000000705600000|100%| O|  |TAMS 0x0000000705600000| PB 0x0000000705600000| Untracked 
|  10|0x0000000705600000, 0x0000000705800000, 0x0000000705800000|100%| O|  |TAMS 0x0000000705800000| PB 0x0000000705800000| Untracked 
|  11|0x0000000705800000, 0x0000000705a00000, 0x0000000705a00000|100%| O|  |TAMS 0x0000000705a00000| PB 0x0000000705a00000| Untracked 
|  12|0x0000000705a00000, 0x0000000705c00000, 0x0000000705c00000|100%| O|  |TAMS 0x0000000705c00000| PB 0x0000000705c00000| Untracked 
|  13|0x0000000705c00000, 0x0000000705e00000, 0x0000000705e00000|100%| O|  |TAMS 0x0000000705e00000| PB 0x0000000705e00000| Untracked 
|  14|0x0000000705e00000, 0x0000000706000000, 0x0000000706000000|100%| O|  |TAMS 0x0000000706000000| PB 0x0000000706000000| Untracked 
|  15|0x0000000706000000, 0x0000000706200000, 0x0000000706200000|100%| O|  |TAMS 0x0000000706200000| PB 0x0000000706200000| Updating 
|  16|0x0000000706200000, 0x0000000706400000, 0x0000000706400000|100%| O|  |TAMS 0x0000000706400000| PB 0x0000000706400000| Untracked 
|  17|0x0000000706400000, 0x0000000706600000, 0x0000000706600000|100%| O|  |TAMS 0x0000000706600000| PB 0x0000000706600000| Untracked 
|  18|0x0000000706600000, 0x0000000706800000, 0x0000000706800000|100%| O|  |TAMS 0x0000000706800000| PB 0x0000000706800000| Untracked 
|  19|0x0000000706800000, 0x0000000706a00000, 0x0000000706a00000|100%| O|  |TAMS 0x0000000706a00000| PB 0x0000000706a00000| Untracked 
|  20|0x0000000706a00000, 0x0000000706c00000, 0x0000000706c00000|100%| O|  |TAMS 0x0000000706c00000| PB 0x0000000706c00000| Untracked 
|  21|0x0000000706c00000, 0x0000000706e00000, 0x0000000706e00000|100%| O|  |TAMS 0x0000000706e00000| PB 0x0000000706e00000| Untracked 
|  22|0x0000000706e00000, 0x0000000707000000, 0x0000000707000000|100%| O|  |TAMS 0x0000000707000000| PB 0x0000000707000000| Updating 
|  23|0x0000000707000000, 0x0000000707200000, 0x0000000707200000|100%| O|  |TAMS 0x0000000707200000| PB 0x0000000707200000| Updating 
|  24|0x0000000707200000, 0x0000000707400000, 0x0000000707400000|100%| O|  |TAMS 0x0000000707400000| PB 0x0000000707400000| Untracked 
|  25|0x0000000707400000, 0x0000000707600000, 0x0000000707600000|100%| O|  |TAMS 0x0000000707600000| PB 0x0000000707600000| Untracked 
|  26|0x0000000707600000, 0x0000000707800000, 0x0000000707800000|100%| O|  |TAMS 0x0000000707800000| PB 0x0000000707800000| Untracked 
|  27|0x0000000707800000, 0x0000000707a00000, 0x0000000707a00000|100%| O|  |TAMS 0x0000000707a00000| PB 0x0000000707a00000| Untracked 
|  28|0x0000000707a00000, 0x0000000707c00000, 0x0000000707c00000|100%| O|  |TAMS 0x0000000707c00000| PB 0x0000000707c00000| Untracked 
|  29|0x0000000707c00000, 0x0000000707e00000, 0x0000000707e00000|100%| O|  |TAMS 0x0000000707e00000| PB 0x0000000707e00000| Untracked 
|  30|0x0000000707e00000, 0x0000000708000000, 0x0000000708000000|100%| O|  |TAMS 0x0000000708000000| PB 0x0000000708000000| Untracked 
|  31|0x0000000708000000, 0x0000000708200000, 0x0000000708200000|100%| O|  |TAMS 0x0000000708200000| PB 0x0000000708200000| Untracked 
|  32|0x0000000708200000, 0x0000000708400000, 0x0000000708400000|100%| O|  |TAMS 0x0000000708400000| PB 0x0000000708400000| Untracked 
|  33|0x0000000708400000, 0x0000000708600000, 0x0000000708600000|100%| O|  |TAMS 0x0000000708600000| PB 0x0000000708600000| Untracked 
|  34|0x0000000708600000, 0x0000000708800000, 0x0000000708800000|100%| O|  |TAMS 0x0000000708800000| PB 0x0000000708800000| Untracked 
|  35|0x0000000708800000, 0x0000000708a00000, 0x0000000708a00000|100%| O|  |TAMS 0x0000000708a00000| PB 0x0000000708a00000| Untracked 
|  36|0x0000000708a00000, 0x0000000708c00000, 0x0000000708c00000|100%| O|  |TAMS 0x0000000708c00000| PB 0x0000000708c00000| Untracked 
|  37|0x0000000708c00000, 0x0000000708e00000, 0x0000000708e00000|100%| O|  |TAMS 0x0000000708e00000| PB 0x0000000708e00000| Untracked 
|  38|0x0000000708e00000, 0x0000000709000000, 0x0000000709000000|100%| O|  |TAMS 0x0000000709000000| PB 0x0000000709000000| Updating 
|  39|0x0000000709000000, 0x0000000709200000, 0x0000000709200000|100%| O|  |TAMS 0x0000000709200000| PB 0x0000000709200000| Untracked 
|  40|0x0000000709200000, 0x0000000709400000, 0x0000000709400000|100%| O|  |TAMS 0x0000000709400000| PB 0x0000000709400000| Untracked 
|  41|0x0000000709400000, 0x0000000709600000, 0x0000000709600000|100%| O|  |TAMS 0x0000000709600000| PB 0x0000000709600000| Untracked 
|  42|0x0000000709600000, 0x0000000709800000, 0x0000000709800000|100%| O|  |TAMS 0x0000000709800000| PB 0x0000000709800000| Updating 
|  43|0x0000000709800000, 0x0000000709a00000, 0x0000000709a00000|100%| O|  |TAMS 0x0000000709a00000| PB 0x0000000709a00000| Untracked 
|  44|0x0000000709a00000, 0x0000000709c00000, 0x0000000709c00000|100%| O|  |TAMS 0x0000000709c00000| PB 0x0000000709c00000| Untracked 
|  45|0x0000000709c00000, 0x0000000709e00000, 0x0000000709e00000|100%| O|  |TAMS 0x0000000709e00000| PB 0x0000000709e00000| Untracked 
|  46|0x0000000709e00000, 0x000000070a000000, 0x000000070a000000|100%| O|  |TAMS 0x000000070a000000| PB 0x000000070a000000| Untracked 
|  47|0x000000070a000000, 0x000000070a200000, 0x000000070a200000|100%| O|  |TAMS 0x000000070a200000| PB 0x000000070a200000| Updating 
|  48|0x000000070a200000, 0x000000070a400000, 0x000000070a400000|100%| O|  |TAMS 0x000000070a400000| PB 0x000000070a400000| Untracked 
|  49|0x000000070a400000, 0x000000070a600000, 0x000000070a600000|100%| O|  |TAMS 0x000000070a600000| PB 0x000000070a600000| Untracked 
|  50|0x000000070a600000, 0x000000070a800000, 0x000000070a800000|100%| O|  |TAMS 0x000000070a800000| PB 0x000000070a800000| Updating 
|  51|0x000000070a800000, 0x000000070aa00000, 0x000000070aa00000|100%| O|  |TAMS 0x000000070aa00000| PB 0x000000070aa00000| Untracked 
|  52|0x000000070aa00000, 0x000000070ac00000, 0x000000070ac00000|100%| O|  |TAMS 0x000000070ac00000| PB 0x000000070ac00000| Untracked 
|  53|0x000000070ac00000, 0x000000070ae00000, 0x000000070ae00000|100%| O|  |TAMS 0x000000070ae00000| PB 0x000000070ae00000| Updating 
|  54|0x000000070ae00000, 0x000000070b000000, 0x000000070b000000|100%| O|  |TAMS 0x000000070b000000| PB 0x000000070b000000| Untracked 
|  55|0x000000070b000000, 0x000000070b200000, 0x000000070b200000|100%| O|  |TAMS 0x000000070b200000| PB 0x000000070b200000| Untracked 
|  56|0x000000070b200000, 0x000000070b400000, 0x000000070b400000|100%| O|  |TAMS 0x000000070b400000| PB 0x000000070b400000| Untracked 
|  57|0x000000070b400000, 0x000000070b600000, 0x000000070b600000|100%| O|  |TAMS 0x000000070b600000| PB 0x000000070b600000| Untracked 
|  58|0x000000070b600000, 0x000000070b800000, 0x000000070b800000|100%| O|  |TAMS 0x000000070b800000| PB 0x000000070b800000| Untracked 
|  59|0x000000070b800000, 0x000000070ba00000, 0x000000070ba00000|100%| O|  |TAMS 0x000000070ba00000| PB 0x000000070ba00000| Untracked 
|  60|0x000000070ba00000, 0x000000070bc00000, 0x000000070bc00000|100%| O|  |TAMS 0x000000070bc00000| PB 0x000000070bc00000| Untracked 
|  61|0x000000070bc00000, 0x000000070be00000, 0x000000070be00000|100%| O|  |TAMS 0x000000070be00000| PB 0x000000070be00000| Untracked 
|  62|0x000000070be00000, 0x000000070c000000, 0x000000070c000000|100%| O|  |TAMS 0x000000070c000000| PB 0x000000070c000000| Untracked 
|  63|0x000000070c000000, 0x000000070c200000, 0x000000070c200000|100%| O|  |TAMS 0x000000070c200000| PB 0x000000070c200000| Untracked 
|  64|0x000000070c200000, 0x000000070c400000, 0x000000070c400000|100%| O|  |TAMS 0x000000070c400000| PB 0x000000070c400000| Untracked 
|  65|0x000000070c400000, 0x000000070c600000, 0x000000070c600000|100%| O|  |TAMS 0x000000070c600000| PB 0x000000070c600000| Untracked 
|  66|0x000000070c600000, 0x000000070c800000, 0x000000070c800000|100%| O|  |TAMS 0x000000070c800000| PB 0x000000070c800000| Untracked 
|  67|0x000000070c800000, 0x000000070ca00000, 0x000000070ca00000|100%| O|  |TAMS 0x000000070ca00000| PB 0x000000070ca00000| Untracked 
|  68|0x000000070ca00000, 0x000000070cc00000, 0x000000070cc00000|100%| O|  |TAMS 0x000000070cc00000| PB 0x000000070cc00000| Untracked 
|  69|0x000000070cc00000, 0x000000070ce00000, 0x000000070ce00000|100%| O|  |TAMS 0x000000070ce00000| PB 0x000000070ce00000| Untracked 
|  70|0x000000070ce00000, 0x000000070d000000, 0x000000070d000000|100%| O|  |TAMS 0x000000070d000000| PB 0x000000070d000000| Untracked 
|  71|0x000000070d000000, 0x000000070d200000, 0x000000070d200000|100%| O|  |TAMS 0x000000070d200000| PB 0x000000070d200000| Untracked 
|  72|0x000000070d200000, 0x000000070d400000, 0x000000070d400000|100%| O|  |TAMS 0x000000070d400000| PB 0x000000070d400000| Untracked 
|  73|0x000000070d400000, 0x000000070d600000, 0x000000070d600000|100%| O|  |TAMS 0x000000070d600000| PB 0x000000070d600000| Updating 
|  74|0x000000070d600000, 0x000000070d800000, 0x000000070d800000|100%| O|  |TAMS 0x000000070d800000| PB 0x000000070d800000| Untracked 
|  75|0x000000070d800000, 0x000000070da00000, 0x000000070da00000|100%| O|  |TAMS 0x000000070da00000| PB 0x000000070da00000| Updating 
|  76|0x000000070da00000, 0x000000070dc00000, 0x000000070dc00000|100%| O|  |TAMS 0x000000070dc00000| PB 0x000000070dc00000| Untracked 
|  77|0x000000070dc00000, 0x000000070de00000, 0x000000070de00000|100%| O|  |TAMS 0x000000070de00000| PB 0x000000070de00000| Untracked 
|  78|0x000000070de00000, 0x000000070e000000, 0x000000070e000000|100%| O|  |TAMS 0x000000070e000000| PB 0x000000070e000000| Updating 
|  79|0x000000070e000000, 0x000000070e200000, 0x000000070e200000|100%| O|  |TAMS 0x000000070e200000| PB 0x000000070e200000| Untracked 
|  80|0x000000070e200000, 0x000000070e400000, 0x000000070e400000|100%| O|  |TAMS 0x000000070e400000| PB 0x000000070e400000| Updating 
|  81|0x000000070e400000, 0x000000070e600000, 0x000000070e600000|100%| O|  |TAMS 0x000000070e600000| PB 0x000000070e600000| Untracked 
|  82|0x000000070e600000, 0x000000070e800000, 0x000000070e800000|100%| O|  |TAMS 0x000000070e800000| PB 0x000000070e800000| Untracked 
|  83|0x000000070e800000, 0x000000070ea00000, 0x000000070ea00000|100%| O|  |TAMS 0x000000070ea00000| PB 0x000000070ea00000| Untracked 
|  84|0x000000070ea00000, 0x000000070ec00000, 0x000000070ec00000|100%| O|  |TAMS 0x000000070ec00000| PB 0x000000070ec00000| Untracked 
|  85|0x000000070ec00000, 0x000000070ee00000, 0x000000070ee00000|100%| O|  |TAMS 0x000000070ee00000| PB 0x000000070ee00000| Untracked 
|  86|0x000000070ee00000, 0x000000070f000000, 0x000000070f000000|100%| O|  |TAMS 0x000000070f000000| PB 0x000000070f000000| Untracked 
|  87|0x000000070f000000, 0x000000070f200000, 0x000000070f200000|100%| O|  |TAMS 0x000000070f200000| PB 0x000000070f200000| Untracked 
|  88|0x000000070f200000, 0x000000070f400000, 0x000000070f400000|100%| O|  |TAMS 0x000000070f400000| PB 0x000000070f400000| Updating 
|  89|0x000000070f400000, 0x000000070f600000, 0x000000070f600000|100%| O|  |TAMS 0x000000070f600000| PB 0x000000070f600000| Untracked 
|  90|0x000000070f600000, 0x000000070f800000, 0x000000070f800000|100%| O|  |TAMS 0x000000070f800000| PB 0x000000070f800000| Untracked 
|  91|0x000000070f800000, 0x000000070fa00000, 0x000000070fa00000|100%| O|  |TAMS 0x000000070fa00000| PB 0x000000070fa00000| Untracked 
|  92|0x000000070fa00000, 0x000000070fc00000, 0x000000070fc00000|100%| O|  |TAMS 0x000000070fc00000| PB 0x000000070fc00000| Untracked 
|  93|0x000000070fc00000, 0x000000070fe00000, 0x000000070fe00000|100%| O|  |TAMS 0x000000070fe00000| PB 0x000000070fe00000| Untracked 
|  94|0x000000070fe00000, 0x0000000710000000, 0x0000000710000000|100%| O|  |TAMS 0x0000000710000000| PB 0x0000000710000000| Untracked 
|  95|0x0000000710000000, 0x0000000710200000, 0x0000000710200000|100%| O|  |TAMS 0x0000000710200000| PB 0x0000000710200000| Untracked 
|  96|0x0000000710200000, 0x0000000710400000, 0x0000000710400000|100%| O|  |TAMS 0x0000000710400000| PB 0x0000000710400000| Untracked 
|  97|0x0000000710400000, 0x0000000710600000, 0x0000000710600000|100%| O|  |TAMS 0x0000000710600000| PB 0x0000000710600000| Untracked 
|  98|0x0000000710600000, 0x0000000710800000, 0x0000000710800000|100%| O|  |TAMS 0x0000000710800000| PB 0x0000000710800000| Untracked 
|  99|0x0000000710800000, 0x0000000710a00000, 0x0000000710a00000|100%| O|  |TAMS 0x0000000710a00000| PB 0x0000000710a00000| Updating 
| 100|0x0000000710a00000, 0x0000000710c00000, 0x0000000710c00000|100%| O|  |TAMS 0x0000000710a00000| PB 0x0000000710a00000| Untracked 
| 101|0x0000000710c00000, 0x0000000710e00000, 0x0000000710e00000|100%| O|  |TAMS 0x0000000710e00000| PB 0x0000000710e00000| Updating 
| 102|0x0000000710e00000, 0x0000000711000000, 0x0000000711000000|100%| O|  |TAMS 0x0000000710e00000| PB 0x0000000710e00000| Untracked 
| 103|0x0000000711000000, 0x0000000711200000, 0x0000000711200000|100%| O|  |TAMS 0x0000000711200000| PB 0x0000000711200000| Untracked 
| 104|0x0000000711200000, 0x0000000711400000, 0x0000000711400000|100%| O|  |TAMS 0x0000000711400000| PB 0x0000000711400000| Updating 
| 105|0x0000000711400000, 0x0000000711600000, 0x0000000711600000|100%| O|  |TAMS 0x0000000711600000| PB 0x0000000711600000| Updating 
| 106|0x0000000711600000, 0x0000000711800000, 0x0000000711800000|100%| O|  |TAMS 0x0000000711800000| PB 0x0000000711800000| Untracked 
| 107|0x0000000711800000, 0x0000000711a00000, 0x0000000711a00000|100%| O|  |TAMS 0x0000000711a00000| PB 0x0000000711a00000| Updating 
| 108|0x0000000711a00000, 0x0000000711c00000, 0x0000000711c00000|100%| O|  |TAMS 0x0000000711c00000| PB 0x0000000711c00000| Updating 
| 109|0x0000000711c00000, 0x0000000711e00000, 0x0000000711e00000|100%| O|  |TAMS 0x0000000711e00000| PB 0x0000000711e00000| Untracked 
| 110|0x0000000711e00000, 0x0000000712000000, 0x0000000712000000|100%| O|  |TAMS 0x0000000711e00000| PB 0x0000000711e00000| Untracked 
| 111|0x0000000712000000, 0x0000000712200000, 0x0000000712200000|100%| O|  |TAMS 0x0000000712200000| PB 0x0000000712200000| Untracked 
| 112|0x0000000712200000, 0x0000000712400000, 0x0000000712400000|100%| O|  |TAMS 0x0000000712400000| PB 0x0000000712400000| Untracked 
| 113|0x0000000712400000, 0x0000000712600000, 0x0000000712600000|100%| O|  |TAMS 0x0000000712600000| PB 0x0000000712600000| Untracked 
| 114|0x0000000712600000, 0x0000000712800000, 0x0000000712800000|100%| O|  |TAMS 0x0000000712800000| PB 0x0000000712800000| Untracked 
| 115|0x0000000712800000, 0x0000000712a00000, 0x0000000712a00000|100%| O|  |TAMS 0x0000000712a00000| PB 0x0000000712a00000| Untracked 
| 116|0x0000000712a00000, 0x0000000712c00000, 0x0000000712c00000|100%| O|  |TAMS 0x0000000712c00000| PB 0x0000000712c00000| Updating 
| 117|0x0000000712c00000, 0x0000000712e00000, 0x0000000712e00000|100%| O|  |TAMS 0x0000000712e00000| PB 0x0000000712e00000| Updating 
| 118|0x0000000712e00000, 0x0000000713000000, 0x0000000713000000|100%| O|  |TAMS 0x0000000713000000| PB 0x0000000713000000| Untracked 
| 119|0x0000000713000000, 0x0000000713200000, 0x0000000713200000|100%| O|  |TAMS 0x0000000713200000| PB 0x0000000713200000| Untracked 
| 120|0x0000000713200000, 0x0000000713400000, 0x0000000713400000|100%| O|  |TAMS 0x0000000713400000| PB 0x0000000713400000| Untracked 
| 121|0x0000000713400000, 0x0000000713600000, 0x0000000713600000|100%| O|  |TAMS 0x0000000713600000| PB 0x0000000713600000| Untracked 
| 122|0x0000000713600000, 0x0000000713800000, 0x0000000713800000|100%| O|  |TAMS 0x0000000713800000| PB 0x0000000713800000| Untracked 
| 123|0x0000000713800000, 0x0000000713a00000, 0x0000000713a00000|100%| O|  |TAMS 0x0000000713a00000| PB 0x0000000713a00000| Untracked 
| 124|0x0000000713a00000, 0x0000000713c00000, 0x0000000713c00000|100%| O|  |TAMS 0x0000000713c00000| PB 0x0000000713c00000| Updating 
| 125|0x0000000713c00000, 0x0000000713e00000, 0x0000000713e00000|100%| O|  |TAMS 0x0000000713c46948| PB 0x0000000713c46948| Untracked 
| 126|0x0000000713e00000, 0x0000000714000000, 0x0000000714000000|100%| O|  |TAMS 0x0000000713e00000| PB 0x0000000713e00000| Untracked 
| 127|0x0000000714000000, 0x0000000714000000, 0x0000000714200000|  0%| F|  |TAMS 0x0000000714000000| PB 0x0000000714000000| Untracked 
| 128|0x0000000714200000, 0x0000000714200000, 0x0000000714400000|  0%| F|  |TAMS 0x0000000714200000| PB 0x0000000714200000| Untracked 
| 129|0x0000000714400000, 0x0000000714400000, 0x0000000714600000|  0%| F|  |TAMS 0x0000000714400000| PB 0x0000000714400000| Untracked 
| 130|0x0000000714600000, 0x0000000714600000, 0x0000000714800000|  0%| F|  |TAMS 0x0000000714600000| PB 0x0000000714600000| Untracked 
| 131|0x0000000714800000, 0x0000000714800000, 0x0000000714a00000|  0%| F|  |TAMS 0x0000000714800000| PB 0x0000000714800000| Untracked 
| 132|0x0000000714a00000, 0x0000000714a00000, 0x0000000714c00000|  0%| F|  |TAMS 0x0000000714a00000| PB 0x0000000714a00000| Untracked 
| 133|0x0000000714c00000, 0x0000000714c00000, 0x0000000714e00000|  0%| F|  |TAMS 0x0000000714c00000| PB 0x0000000714c00000| Untracked 
| 134|0x0000000714e00000, 0x0000000714e00000, 0x0000000715000000|  0%| F|  |TAMS 0x0000000714e00000| PB 0x0000000714e00000| Untracked 
| 135|0x0000000715000000, 0x0000000715200000, 0x0000000715200000|100%| O|  |TAMS 0x0000000715000000| PB 0x0000000715000000| Untracked 
| 136|0x0000000715200000, 0x0000000715400000, 0x0000000715400000|100%| O|  |TAMS 0x0000000715200000| PB 0x0000000715200000| Untracked 
| 137|0x0000000715400000, 0x0000000715600000, 0x0000000715600000|100%| O|  |TAMS 0x0000000715400000| PB 0x0000000715400000| Untracked 
| 138|0x0000000715600000, 0x0000000715800000, 0x0000000715800000|100%| O|  |TAMS 0x0000000715600000| PB 0x0000000715600000| Untracked 
| 139|0x0000000715800000, 0x0000000715a00000, 0x0000000715a00000|100%| O|  |TAMS 0x0000000715800000| PB 0x0000000715800000| Untracked 
| 140|0x0000000715a00000, 0x0000000715c00000, 0x0000000715c00000|100%| O|  |TAMS 0x0000000715a00000| PB 0x0000000715a00000| Untracked 
| 141|0x0000000715c00000, 0x0000000715e00000, 0x0000000715e00000|100%| O|  |TAMS 0x0000000715c00000| PB 0x0000000715c00000| Untracked 
| 142|0x0000000715e00000, 0x0000000716000000, 0x0000000716000000|100%| O|  |TAMS 0x0000000715e00000| PB 0x0000000715e00000| Untracked 
| 143|0x0000000716000000, 0x0000000716200000, 0x0000000716200000|100%| S|CS|TAMS 0x0000000716000000| PB 0x0000000716000000| Complete 
| 144|0x0000000716200000, 0x0000000716400000, 0x0000000716400000|100%| S|CS|TAMS 0x0000000716200000| PB 0x0000000716200000| Complete 
| 145|0x0000000716400000, 0x0000000716600000, 0x0000000716600000|100%| S|CS|TAMS 0x0000000716400000| PB 0x0000000716400000| Complete 
| 146|0x0000000716600000, 0x0000000716800000, 0x0000000716800000|100%| S|CS|TAMS 0x0000000716600000| PB 0x0000000716600000| Complete 
| 147|0x0000000716800000, 0x0000000716a00000, 0x0000000716a00000|100%| S|CS|TAMS 0x0000000716800000| PB 0x0000000716800000| Complete 
| 148|0x0000000716a00000, 0x0000000716c00000, 0x0000000716c00000|100%| S|CS|TAMS 0x0000000716a00000| PB 0x0000000716a00000| Complete 
| 149|0x0000000716c00000, 0x0000000716e00000, 0x0000000716e00000|100%| S|CS|TAMS 0x0000000716c00000| PB 0x0000000716c00000| Complete 
| 150|0x0000000716e00000, 0x0000000716e00000, 0x0000000717000000|  0%| F|  |TAMS 0x0000000716e00000| PB 0x0000000716e00000| Untracked 
| 151|0x0000000717000000, 0x0000000717000000, 0x0000000717200000|  0%| F|  |TAMS 0x0000000717000000| PB 0x0000000717000000| Untracked 
| 152|0x0000000717200000, 0x0000000717200000, 0x0000000717400000|  0%| F|  |TAMS 0x0000000717200000| PB 0x0000000717200000| Untracked 
| 153|0x0000000717400000, 0x0000000717400000, 0x0000000717600000|  0%| F|  |TAMS 0x0000000717400000| PB 0x0000000717400000| Untracked 
| 154|0x0000000717600000, 0x0000000717600000, 0x0000000717800000|  0%| F|  |TAMS 0x0000000717600000| PB 0x0000000717600000| Untracked 
| 155|0x0000000717800000, 0x0000000717800000, 0x0000000717a00000|  0%| F|  |TAMS 0x0000000717800000| PB 0x0000000717800000| Untracked 
| 156|0x0000000717a00000, 0x0000000717a00000, 0x0000000717c00000|  0%| F|  |TAMS 0x0000000717a00000| PB 0x0000000717a00000| Untracked 
| 157|0x0000000717c00000, 0x0000000717c00000, 0x0000000717e00000|  0%| F|  |TAMS 0x0000000717c00000| PB 0x0000000717c00000| Untracked 
| 158|0x0000000717e00000, 0x0000000717e00000, 0x0000000718000000|  0%| F|  |TAMS 0x0000000717e00000| PB 0x0000000717e00000| Untracked 
| 159|0x0000000718000000, 0x0000000718000000, 0x0000000718200000|  0%| F|  |TAMS 0x0000000718000000| PB 0x0000000718000000| Untracked 
| 160|0x0000000718200000, 0x0000000718200000, 0x0000000718400000|  0%| F|  |TAMS 0x0000000718200000| PB 0x0000000718200000| Untracked 
| 161|0x0000000718400000, 0x0000000718400000, 0x0000000718600000|  0%| F|  |TAMS 0x0000000718400000| PB 0x0000000718400000| Untracked 
| 162|0x0000000718600000, 0x0000000718600000, 0x0000000718800000|  0%| F|  |TAMS 0x0000000718600000| PB 0x0000000718600000| Untracked 
| 163|0x0000000718800000, 0x0000000718800000, 0x0000000718a00000|  0%| F|  |TAMS 0x0000000718800000| PB 0x0000000718800000| Untracked 
| 164|0x0000000718a00000, 0x0000000718a00000, 0x0000000718c00000|  0%| F|  |TAMS 0x0000000718a00000| PB 0x0000000718a00000| Untracked 
| 165|0x0000000718c00000, 0x0000000718c00000, 0x0000000718e00000|  0%| F|  |TAMS 0x0000000718c00000| PB 0x0000000718c00000| Untracked 
| 166|0x0000000718e00000, 0x0000000718e00000, 0x0000000719000000|  0%| F|  |TAMS 0x0000000718e00000| PB 0x0000000718e00000| Untracked 
| 167|0x0000000719000000, 0x0000000719000000, 0x0000000719200000|  0%| F|  |TAMS 0x0000000719000000| PB 0x0000000719000000| Untracked 
| 168|0x0000000719200000, 0x0000000719200000, 0x0000000719400000|  0%| F|  |TAMS 0x0000000719200000| PB 0x0000000719200000| Untracked 
| 169|0x0000000719400000, 0x0000000719400000, 0x0000000719600000|  0%| F|  |TAMS 0x0000000719400000| PB 0x0000000719400000| Untracked 
| 170|0x0000000719600000, 0x0000000719600000, 0x0000000719800000|  0%| F|  |TAMS 0x0000000719600000| PB 0x0000000719600000| Untracked 
| 171|0x0000000719800000, 0x0000000719800000, 0x0000000719a00000|  0%| F|  |TAMS 0x0000000719800000| PB 0x0000000719800000| Untracked 
| 172|0x0000000719a00000, 0x0000000719a00000, 0x0000000719c00000|  0%| F|  |TAMS 0x0000000719a00000| PB 0x0000000719a00000| Untracked 
| 173|0x0000000719c00000, 0x0000000719c00000, 0x0000000719e00000|  0%| F|  |TAMS 0x0000000719c00000| PB 0x0000000719c00000| Untracked 
| 174|0x0000000719e00000, 0x0000000719e00000, 0x000000071a000000|  0%| F|  |TAMS 0x0000000719e00000| PB 0x0000000719e00000| Untracked 
| 175|0x000000071a000000, 0x000000071a000000, 0x000000071a200000|  0%| F|  |TAMS 0x000000071a000000| PB 0x000000071a000000| Untracked 
| 176|0x000000071a200000, 0x000000071a200000, 0x000000071a400000|  0%| F|  |TAMS 0x000000071a200000| PB 0x000000071a200000| Untracked 
| 177|0x000000071a400000, 0x000000071a400000, 0x000000071a600000|  0%| F|  |TAMS 0x000000071a400000| PB 0x000000071a400000| Untracked 
| 178|0x000000071a600000, 0x000000071a600000, 0x000000071a800000|  0%| F|  |TAMS 0x000000071a600000| PB 0x000000071a600000| Untracked 
| 179|0x000000071a800000, 0x000000071a800000, 0x000000071aa00000|  0%| F|  |TAMS 0x000000071a800000| PB 0x000000071a800000| Untracked 
| 180|0x000000071aa00000, 0x000000071aa00000, 0x000000071ac00000|  0%| F|  |TAMS 0x000000071aa00000| PB 0x000000071aa00000| Untracked 
| 181|0x000000071ac00000, 0x000000071ac00000, 0x000000071ae00000|  0%| F|  |TAMS 0x000000071ac00000| PB 0x000000071ac00000| Untracked 
| 182|0x000000071ae00000, 0x000000071ae00000, 0x000000071b000000|  0%| F|  |TAMS 0x000000071ae00000| PB 0x000000071ae00000| Untracked 
| 183|0x000000071b000000, 0x000000071b000000, 0x000000071b200000|  0%| F|  |TAMS 0x000000071b000000| PB 0x000000071b000000| Untracked 
| 184|0x000000071b200000, 0x000000071b200000, 0x000000071b400000|  0%| F|  |TAMS 0x000000071b200000| PB 0x000000071b200000| Untracked 
| 185|0x000000071b400000, 0x000000071b400000, 0x000000071b600000|  0%| F|  |TAMS 0x000000071b400000| PB 0x000000071b400000| Untracked 
| 186|0x000000071b600000, 0x000000071b800000, 0x000000071b800000|100%| E|  |TAMS 0x000000071b600000| PB 0x000000071b600000| Complete 
| 187|0x000000071b800000, 0x000000071ba00000, 0x000000071ba00000|100%| E|CS|TAMS 0x000000071b800000| PB 0x000000071b800000| Complete 
| 188|0x000000071ba00000, 0x000000071bc00000, 0x000000071bc00000|100%| E|CS|TAMS 0x000000071ba00000| PB 0x000000071ba00000| Complete 
| 189|0x000000071bc00000, 0x000000071be00000, 0x000000071be00000|100%| E|CS|TAMS 0x000000071bc00000| PB 0x000000071bc00000| Complete 
| 190|0x000000071be00000, 0x000000071c000000, 0x000000071c000000|100%| E|CS|TAMS 0x000000071be00000| PB 0x000000071be00000| Complete 
| 191|0x000000071c000000, 0x000000071c200000, 0x000000071c200000|100%| E|CS|TAMS 0x000000071c000000| PB 0x000000071c000000| Complete 
| 192|0x000000071c200000, 0x000000071c400000, 0x000000071c400000|100%| E|CS|TAMS 0x000000071c200000| PB 0x000000071c200000| Complete 
| 193|0x000000071c400000, 0x000000071c600000, 0x000000071c600000|100%| E|CS|TAMS 0x000000071c400000| PB 0x000000071c400000| Complete 
| 194|0x000000071c600000, 0x000000071c800000, 0x000000071c800000|100%| E|CS|TAMS 0x000000071c600000| PB 0x000000071c600000| Complete 
| 195|0x000000071c800000, 0x000000071ca00000, 0x000000071ca00000|100%| E|CS|TAMS 0x000000071c800000| PB 0x000000071c800000| Complete 
| 196|0x000000071ca00000, 0x000000071cc00000, 0x000000071cc00000|100%| E|CS|TAMS 0x000000071ca00000| PB 0x000000071ca00000| Complete 
|2012|0x00000007ffa00000, 0x00000007ffb74458, 0x00000007ffc00000| 72%| O|  |TAMS 0x00000007ffa00000| PB 0x00000007ffa00000| Updating 
|2013|0x00000007ffc00000, 0x00000007ffe00000, 0x00000007ffe00000|100%| O|  |TAMS 0x00000007ffe00000| PB 0x00000007ffe00000| Untracked 
|2014|0x00000007ffe00000, 0x0000000800000000, 0x0000000800000000|100%| O|  |TAMS 0x0000000800000000| PB 0x0000000800000000| Updating 

Card table byte_map: [0x0000025d5b110000,0x0000025d5b8f0000] _byte_map_base: 0x0000025d578ef000

Marking Bits: (CMBitMap*) 0x0000025d482f0e40
 Bits: [0x0000025d5b8f0000, 0x0000025d5f7e8000)

Polling page: 0x0000025d45ea0000

Metaspace:

Usage:
  Non-class:     73.63 MB used.
      Class:      8.66 MB used.
       Both:     82.29 MB used.

Virtual space:
  Non-class space:      128.00 MB reserved,      73.81 MB ( 58%) committed,  2 nodes.
      Class space:        1.00 GB reserved,       8.81 MB ( <1%) committed,  1 nodes.
             Both:        1.12 GB reserved,      82.62 MB (  7%) committed. 

Chunk freelists:
   Non-Class:  5.48 MB
       Class:  7.23 MB
        Both:  12.72 MB

MaxMetaspaceSize: unlimited
CompressedClassSpaceSize: 1.00 GB
Initial GC threshold: 21.00 MB
Current GC threshold: 116.06 MB
CDS: off
 - commit_granule_bytes: 65536.
 - commit_granule_words: 8192.
 - virtual_space_node_default_size: 8388608.
 - enlarge_chunks_in_place: 1.
 - use_allocation_guard: 0.


Internal statistics:

num_allocs_failed_limit: 9.
num_arena_births: 350.
num_arena_deaths: 0.
num_vsnodes_births: 3.
num_vsnodes_deaths: 0.
num_space_committed: 1320.
num_space_uncommitted: 0.
num_chunks_returned_to_freelist: 9.
num_chunks_taken_from_freelist: 2976.
num_chunk_merges: 9.
num_chunk_splits: 2497.
num_chunks_enlarged: 2267.
num_inconsistent_stats: 0.

CodeHeap 'non-profiled nmethods': size=120000Kb used=13433Kb max_used=16497Kb free=106566Kb
 bounds [0x0000025d52eb0000, 0x0000025d53ed0000, 0x0000025d5a3e0000]
CodeHeap 'profiled nmethods': size=120000Kb used=53034Kb max_used=63488Kb free=66965Kb
 bounds [0x0000025d4b3e0000, 0x0000025d4f1f0000, 0x0000025d52910000]
CodeHeap 'non-nmethods': size=5760Kb used=2039Kb max_used=2116Kb free=3720Kb
 bounds [0x0000025d52910000, 0x0000025d52b80000, 0x0000025d52eb0000]
CodeCache: size=245760Kb, used=68506Kb, max_used=82101Kb, free=177251Kb
 total_blobs=15417, nmethods=14613, adapters=704, full_count=0
Compilation: enabled, stopped_count=0, restarted_count=0

Compilation events (20 events):
Event: 24.253 Thread 0x0000025d6268df30 19408       2       androidx.compose.compiler.plugins.kotlin.inference.Scheme::alphaRename$rename (400 bytes)
Event: 24.253 Thread 0x0000025d67404990 nmethod 19399 0x0000025d53ecae10 code [0x0000025d53ecb080, 0x0000025d53ecbb78]
Event: 24.253 Thread 0x0000025d67404990 19247       4       androidx.compose.compiler.plugins.kotlin.lower.ComposableTargetAnnotationsTransformerKt::samOwnerOrNull (171 bytes)
Event: 24.254 Thread 0x0000025d6268df30 nmethod 19408 0x0000025d4f1d2690 code [0x0000025d4f1d2a60, 0x0000025d4f1d3dc0]
Event: 24.254 Thread 0x0000025d6268df30 19409       2       org.jetbrains.kotlin.ir.util.AdditionalIrUtilsKt::getKotlinFqName (138 bytes)
Event: 24.256 Thread 0x0000025d6268df30 nmethod 19409 0x0000025d4f1d4a10 code [0x0000025d4f1d4ee0, 0x0000025d4f1d6510]
Event: 24.256 Thread 0x0000025d6268df30 19410       2       androidx.compose.compiler.plugins.kotlin.lower.ComposerIntrinsicTransformer::visitCall (159 bytes)
Event: 24.257 Thread 0x0000025d6268df30 nmethod 19410 0x0000025d4f1d7110 code [0x0000025d4f1d7480, 0x0000025d4f1d7f98]
Event: 24.257 Thread 0x0000025d6268df30 19411       2       org.jetbrains.kotlin.ir.expressions.IrTry::transformChildren (51 bytes)
Event: 24.258 Thread 0x0000025d6268df30 nmethod 19411 0x0000025d4f1d8790 code [0x0000025d4f1d8b80, 0x0000025d4f1d9bf8]
Event: 24.258 Thread 0x0000025d6268df30 19413       3       org.jetbrains.kotlin.ir.util.AdditionalIrUtilsKt::getKotlinFqName (138 bytes)
Event: 24.260 Thread 0x0000025d6268df30 nmethod 19413 0x0000025d4f1da690 code [0x0000025d4f1dada0, 0x0000025d4f1de778]
Event: 24.260 Thread 0x0000025d6268df30 19416       3       androidx.compose.compiler.plugins.kotlin.lower.ComposerIntrinsicTransformer::visitCall (159 bytes)
Event: 24.261 Thread 0x0000025d6268df30 nmethod 19416 0x0000025d4f1df910 code [0x0000025d4f1dfde0, 0x0000025d4f1e1f40]
Event: 24.261 Thread 0x0000025d6268df30 19412       2       org.jetbrains.kotlin.ir.expressions.impl.IrCatchImpl::setCatchParameter (12 bytes)
Event: 24.261 Thread 0x0000025d6268df30 nmethod 19412 0x0000025d4f1e2a90 code [0x0000025d4f1e2c80, 0x0000025d4f1e2fb8]
Event: 24.261 Thread 0x0000025d6268df30 19414       2       org.jetbrains.kotlin.ir.visitors.IrElementTransformerVoid::visitFile (26 bytes)
Event: 24.262 Thread 0x0000025d6268df30 nmethod 19414 0x0000025d4f1e3190 code [0x0000025d4f1e33c0, 0x0000025d4f1e3880]
Event: 24.262 Thread 0x0000025d6268df30 19415       2       org.jetbrains.kotlin.ir.visitors.IrElementTransformerVoid::visitPackageFragment (18 bytes)
Event: 24.262 Thread 0x0000025d6268df30 nmethod 19415 0x0000025d4f1e3b90 code [0x0000025d4f1e3d80, 0x0000025d4f1e40a0]

GC Heap History (20 events):
Event: 14.251 GC heap before
{Heap before GC invocations=25 (full 0):
 garbage-first heap   total 317440K, used 276027K [0x0000000704200000, 0x0000000800000000)
  region size 2048K, 50 young (102400K), 3 survivors (6144K)
 Metaspace       used 65330K, committed 65664K, reserved 1114112K
  class space    used 7354K, committed 7488K, reserved 1048576K
}
Event: 14.258 GC heap after
{Heap after GC invocations=26 (full 0):
 garbage-first heap   total 317440K, used 186797K [0x0000000704200000, 0x0000000800000000)
  region size 2048K, 7 young (14336K), 7 survivors (14336K)
 Metaspace       used 65330K, committed 65664K, reserved 1114112K
  class space    used 7354K, committed 7488K, reserved 1048576K
}
Event: 14.751 GC heap before
{Heap before GC invocations=26 (full 0):
 garbage-first heap   total 317440K, used 278957K [0x0000000704200000, 0x0000000800000000)
  region size 2048K, 52 young (106496K), 7 survivors (14336K)
 Metaspace       used 65402K, committed 65728K, reserved 1114112K
  class space    used 7355K, committed 7488K, reserved 1048576K
}
Event: 14.762 GC heap after
{Heap after GC invocations=27 (full 0):
 garbage-first heap   total 317440K, used 195134K [0x0000000704200000, 0x0000000800000000)
  region size 2048K, 7 young (14336K), 7 survivors (14336K)
 Metaspace       used 65402K, committed 65728K, reserved 1114112K
  class space    used 7355K, committed 7488K, reserved 1048576K
}
Event: 14.954 GC heap before
{Heap before GC invocations=27 (full 0):
 garbage-first heap   total 317440K, used 283198K [0x0000000704200000, 0x0000000800000000)
  region size 2048K, 50 young (102400K), 7 survivors (14336K)
 Metaspace       used 65423K, committed 65728K, reserved 1114112K
  class space    used 7355K, committed 7488K, reserved 1048576K
}
Event: 14.967 GC heap after
{Heap after GC invocations=28 (full 0):
 garbage-first heap   total 317440K, used 215040K [0x0000000704200000, 0x0000000800000000)
  region size 2048K, 7 young (14336K), 7 survivors (14336K)
 Metaspace       used 65423K, committed 65728K, reserved 1114112K
  class space    used 7355K, committed 7488K, reserved 1048576K
}
Event: 15.718 GC heap before
{Heap before GC invocations=29 (full 0):
 garbage-first heap   total 358400K, used 282624K [0x0000000704200000, 0x0000000800000000)
  region size 2048K, 40 young (81920K), 7 survivors (14336K)
 Metaspace       used 65552K, committed 65856K, reserved 1114112K
  class space    used 7359K, committed 7488K, reserved 1048576K
}
Event: 15.724 GC heap after
{Heap after GC invocations=30 (full 0):
 garbage-first heap   total 358400K, used 222233K [0x0000000704200000, 0x0000000800000000)
  region size 2048K, 3 young (6144K), 3 survivors (6144K)
 Metaspace       used 65552K, committed 65856K, reserved 1114112K
  class space    used 7359K, committed 7488K, reserved 1048576K
}
Event: 16.763 GC heap before
{Heap before GC invocations=30 (full 0):
 garbage-first heap   total 358400K, used 320537K [0x0000000704200000, 0x0000000800000000)
  region size 2048K, 51 young (104448K), 3 survivors (6144K)
 Metaspace       used 65768K, committed 66112K, reserved 1114112K
  class space    used 7382K, committed 7552K, reserved 1048576K
}
Event: 16.768 GC heap after
{Heap after GC invocations=31 (full 0):
 garbage-first heap   total 358400K, used 227560K [0x0000000704200000, 0x0000000800000000)
  region size 2048K, 5 young (10240K), 5 survivors (10240K)
 Metaspace       used 65768K, committed 66112K, reserved 1114112K
  class space    used 7382K, committed 7552K, reserved 1048576K
}
Event: 18.768 GC heap before
{Heap before GC invocations=31 (full 0):
 garbage-first heap   total 358400K, used 325864K [0x0000000704200000, 0x0000000800000000)
  region size 2048K, 53 young (108544K), 5 survivors (10240K)
 Metaspace       used 70168K, committed 70528K, reserved 1114112K
  class space    used 7722K, committed 7872K, reserved 1048576K
}
Event: 18.778 GC heap after
{Heap after GC invocations=32 (full 0):
 garbage-first heap   total 358400K, used 233682K [0x0000000704200000, 0x0000000800000000)
  region size 2048K, 7 young (14336K), 7 survivors (14336K)
 Metaspace       used 70168K, committed 70528K, reserved 1114112K
  class space    used 7722K, committed 7872K, reserved 1048576K
}
Event: 19.894 GC heap before
{Heap before GC invocations=32 (full 0):
 garbage-first heap   total 358400K, used 321746K [0x0000000704200000, 0x0000000800000000)
  region size 2048K, 50 young (102400K), 7 survivors (14336K)
 Metaspace       used 70951K, committed 71296K, reserved 1114112K
  class space    used 7755K, committed 7872K, reserved 1048576K
}
Event: 19.909 GC heap after
{Heap after GC invocations=33 (full 0):
 garbage-first heap   total 358400K, used 243697K [0x0000000704200000, 0x0000000800000000)
  region size 2048K, 7 young (14336K), 7 survivors (14336K)
 Metaspace       used 70951K, committed 71296K, reserved 1114112K
  class space    used 7755K, committed 7872K, reserved 1048576K
}
Event: 21.458 GC heap before
{Heap before GC invocations=34 (full 0):
 garbage-first heap   total 407552K, used 321521K [0x0000000704200000, 0x0000000800000000)
  region size 2048K, 45 young (92160K), 7 survivors (14336K)
 Metaspace       used 78005K, committed 78336K, reserved 1179648K
  class space    used 8398K, committed 8512K, reserved 1048576K
}
Event: 21.473 GC heap after
{Heap after GC invocations=35 (full 0):
 garbage-first heap   total 407552K, used 257714K [0x0000000704200000, 0x0000000800000000)
  region size 2048K, 6 young (12288K), 6 survivors (12288K)
 Metaspace       used 78005K, committed 78336K, reserved 1179648K
  class space    used 8398K, committed 8512K, reserved 1048576K
}
Event: 23.118 GC heap before
{Heap before GC invocations=35 (full 0):
 garbage-first heap   total 407552K, used 372402K [0x0000000704200000, 0x0000000800000000)
  region size 2048K, 62 young (126976K), 6 survivors (12288K)
 Metaspace       used 83326K, committed 83648K, reserved 1179648K
  class space    used 8800K, committed 8960K, reserved 1048576K
}
Event: 23.131 GC heap after
{Heap after GC invocations=36 (full 0):
 garbage-first heap   total 407552K, used 270205K [0x0000000704200000, 0x0000000800000000)
  region size 2048K, 8 young (16384K), 8 survivors (16384K)
 Metaspace       used 83326K, committed 83648K, reserved 1179648K
  class space    used 8800K, committed 8960K, reserved 1048576K
}
Event: 24.105 GC heap before
{Heap before GC invocations=36 (full 0):
 garbage-first heap   total 407552K, used 366461K [0x0000000704200000, 0x0000000800000000)
  region size 2048K, 55 young (112640K), 8 survivors (16384K)
 Metaspace       used 84234K, committed 84544K, reserved 1179648K
  class space    used 8865K, committed 9024K, reserved 1048576K
}
Event: 24.127 GC heap after
{Heap after GC invocations=37 (full 0):
 garbage-first heap   total 409600K, used 296401K [0x0000000704200000, 0x0000000800000000)
  region size 2048K, 7 young (14336K), 7 survivors (14336K)
 Metaspace       used 84234K, committed 84544K, reserved 1179648K
  class space    used 8865K, committed 9024K, reserved 1048576K
}

Dll operation events (3 events):
Event: 0.029 Loaded shared library C:\Program Files\Android\Android Studio\jbr\bin\java.dll
Event: 0.037 Loaded shared library C:\Program Files\Android\Android Studio\jbr\bin\zip.dll
Event: 2.156 Loaded shared library C:\Program Files\Android\Android Studio\jbr\bin\verify.dll

Deoptimization events (20 events):
Event: 24.000 Thread 0x0000025d45ef4690 DEOPT PACKING pc=0x0000025d53d1e12c sp=0x0000007b7e3fd240
Event: 24.000 Thread 0x0000025d45ef4690 DEOPT UNPACKING pc=0x0000025d52967da2 sp=0x0000007b7e3fd1d0 mode 2
Event: 24.080 Thread 0x0000025d45ef4690 Uncommon trap: trap_request=0xffffff45 fr.pc=0x0000025d53aeefa0 relative=0x0000000000000380
Event: 24.080 Thread 0x0000025d45ef4690 Uncommon trap: reason=unstable_if action=reinterpret pc=0x0000025d53aeefa0 method=org.jetbrains.kotlin.fir.types.TypeUtilsKt.canBeNull(Lorg/jetbrains/kotlin/fir/types/ConeKotlinType;Lorg/jetbrains/kotlin/fir/FirSession;)Z @ 52 c2
Event: 24.080 Thread 0x0000025d45ef4690 DEOPT PACKING pc=0x0000025d53aeefa0 sp=0x0000007b7e3fb770
Event: 24.080 Thread 0x0000025d45ef4690 DEOPT UNPACKING pc=0x0000025d52967da2 sp=0x0000007b7e3fb6d0 mode 2
Event: 24.104 Thread 0x0000025d45ef4690 DEOPT PACKING pc=0x0000025d4f0cae9e sp=0x0000007b7e3fa570
Event: 24.104 Thread 0x0000025d45ef4690 DEOPT UNPACKING pc=0x0000025d529688e2 sp=0x0000007b7e3f9ab8 mode 0
Event: 24.164 Thread 0x0000025d45ef4690 Uncommon trap: trap_request=0xffffffde fr.pc=0x0000025d53b4ac24 relative=0x00000000000000e4
Event: 24.164 Thread 0x0000025d45ef4690 Uncommon trap: reason=class_check action=maybe_recompile pc=0x0000025d53b4ac24 method=org.jetbrains.kotlin.fir.scopes.FirTypeScopeKt$processOverriddenFunctions$1.invoke(Ljava/lang/Object;Ljava/lang/Object;Ljava/lang/Object;)Ljava/lang/Object; @ 6 c2
Event: 24.164 Thread 0x0000025d45ef4690 DEOPT PACKING pc=0x0000025d53b4ac24 sp=0x0000007b7e3fc0c0
Event: 24.164 Thread 0x0000025d45ef4690 DEOPT UNPACKING pc=0x0000025d52967da2 sp=0x0000007b7e3fc040 mode 2
Event: 24.210 Thread 0x0000025d45ef4690 Uncommon trap: trap_request=0xffffffde fr.pc=0x0000025d53d1e12c relative=0x000000000000064c
Event: 24.210 Thread 0x0000025d45ef4690 Uncommon trap: reason=class_check action=maybe_recompile pc=0x0000025d53d1e12c method=org.jetbrains.kotlin.ir.types.IrTypePredicatesKt.isClassType(Lorg/jetbrains/kotlin/ir/types/IrType;Lorg/jetbrains/kotlin/ir/util/IdSignature$CommonSignature;Ljava/lang/B
Event: 24.210 Thread 0x0000025d45ef4690 DEOPT PACKING pc=0x0000025d53d1e12c sp=0x0000007b7e3fad20
Event: 24.210 Thread 0x0000025d45ef4690 DEOPT UNPACKING pc=0x0000025d52967da2 sp=0x0000007b7e3facb0 mode 2
Event: 24.210 Thread 0x0000025d45ef4690 Uncommon trap: trap_request=0xffffffde fr.pc=0x0000025d53d1e12c relative=0x000000000000064c
Event: 24.210 Thread 0x0000025d45ef4690 Uncommon trap: reason=class_check action=maybe_recompile pc=0x0000025d53d1e12c method=org.jetbrains.kotlin.ir.types.IrTypePredicatesKt.isClassType(Lorg/jetbrains/kotlin/ir/types/IrType;Lorg/jetbrains/kotlin/ir/util/IdSignature$CommonSignature;Ljava/lang/B
Event: 24.210 Thread 0x0000025d45ef4690 DEOPT PACKING pc=0x0000025d53d1e12c sp=0x0000007b7e3fad20
Event: 24.210 Thread 0x0000025d45ef4690 DEOPT UNPACKING pc=0x0000025d52967da2 sp=0x0000007b7e3facb0 mode 2

Classes loaded (20 events):
Event: 20.085 Loading class java/util/ServiceLoader$Provider done
Event: 20.085 Loading class java/util/ServiceLoader$ProviderImpl done
Event: 20.337 Loading class java/security/CodeSigner
Event: 20.337 Loading class java/security/CodeSigner done
Event: 21.720 Loading class java/lang/Short$ShortCache
Event: 21.720 Loading class java/lang/Short$ShortCache done
Event: 22.763 Loading class java/util/Formatter
Event: 22.764 Loading class java/util/Formatter done
Event: 22.764 Loading class java/util/Formatter$FixedString
Event: 22.764 Loading class java/util/Formatter$FormatString
Event: 22.764 Loading class java/util/Formatter$FormatString done
Event: 22.764 Loading class java/util/Formatter$FixedString done
Event: 22.764 Loading class java/util/Formatter$Conversion
Event: 22.764 Loading class java/util/Formatter$Conversion done
Event: 22.764 Loading class java/util/Formatter$FormatSpecifier
Event: 22.765 Loading class java/util/Formatter$FormatSpecifier done
Event: 22.765 Loading class java/util/Formattable
Event: 22.765 Loading class java/util/Formattable done
Event: 22.765 Loading class java/util/Formatter$Flags
Event: 22.765 Loading class java/util/Formatter$Flags done

Classes unloaded (0 events):
No events

Classes redefined (0 events):
No events

Internal exceptions (20 events):
Event: 20.141 Thread 0x0000025d45ef4690 Implicit null exception at 0x0000025d53067322 to 0x0000025d530677c4
Event: 20.523 Thread 0x0000025d45ef4690 Exception <a 'java/lang/NoSuchMethodError'{0x000000071b506898}: 'java.lang.Object java.lang.invoke.DirectMethodHandle$Holder.newInvokeSpecial(java.lang.Object, java.lang.Object, java.lang.Object, java.lang.Object, java.lang.Object, java.lang.Object, java.lang.Object, java.lang.Object, int)'> (0x000000071b506898) 
thrown [s\src\hotspot\share\interpreter\linkResolver.cpp, line 784]
Event: 20.523 Thread 0x0000025d45ef4690 Exception <a 'java/lang/NoSuchMethodError'{0x000000071b50b5d0}: 'java.lang.Object java.lang.invoke.DirectMethodHandle$Holder.invokeSpecial(java.lang.Object, java.lang.Object, java.lang.Object, java.lang.Object, java.lang.Object, java.lang.Object, java.lang.Object, java.lang.Object, java.lang.Object, int)'> (0x000000071b50b5d0) 
thrown [s\src\hotspot\share\interpreter\linkResolver.cpp, line 784]
Event: 20.548 Thread 0x0000025d45ef4690 Exception <a 'java/lang/NoSuchMethodError'{0x000000071b20c670}: 'java.lang.Object java.lang.invoke.DirectMethodHandle$Holder.newInvokeSpecial(java.lang.Object, java.lang.Object, java.lang.Object, java.lang.Object, java.lang.Object, java.lang.Object, java.lang.Object, int)'> (0x000000071b20c670) 
thrown [s\src\hotspot\share\interpreter\linkResolver.cpp, line 784]
Event: 20.548 Thread 0x0000025d45ef4690 Exception <a 'java/lang/NoSuchMethodError'{0x000000071b210f70}: 'java.lang.Object java.lang.invoke.DirectMethodHandle$Holder.invokeSpecial(java.lang.Object, java.lang.Object, java.lang.Object, java.lang.Object, java.lang.Object, java.lang.Object, java.lang.Object, java.lang.Object, int)'> (0x000000071b210f70) 
thrown [s\src\hotspot\share\interpreter\linkResolver.cpp, line 784]
Event: 20.548 Thread 0x0000025d45ef4690 Exception <a 'java/lang/NoSuchMethodError'{0x000000071b215148}: 'java.lang.Object java.lang.invoke.Invokers$Holder.linkToTargetMethod(java.lang.Object, java.lang.Object, java.lang.Object, java.lang.Object, java.lang.Object, java.lang.Object, int, java.lang.Object)'> (0x000000071b215148) 
thrown [s\src\hotspot\share\interpreter\linkResolver.cpp, line 784]
Event: 20.576 Thread 0x0000025d45ef4690 Exception <a 'java/lang/NoSuchMethodError'{0x000000071b331ec0}: 'java.lang.Object java.lang.invoke.DirectMethodHandle$Holder.invokeStatic(java.lang.Object, java.lang.Object, int, int)'> (0x000000071b331ec0) 
thrown [s\src\hotspot\share\interpreter\linkResolver.cpp, line 784]
Event: 20.577 Thread 0x0000025d45ef4690 Exception <a 'java/lang/NoSuchMethodError'{0x000000071b339208}: 'java.lang.Object java.lang.invoke.DirectMethodHandle$Holder.newInvokeSpecial(java.lang.Object, java.lang.Object, int, int)'> (0x000000071b339208) 
thrown [s\src\hotspot\share\interpreter\linkResolver.cpp, line 784]
Event: 20.577 Thread 0x0000025d45ef4690 Exception <a 'java/lang/NoSuchMethodError'{0x000000071b33dc98}: 'java.lang.Object java.lang.invoke.DirectMethodHandle$Holder.invokeSpecial(java.lang.Object, java.lang.Object, java.lang.Object, int, int)'> (0x000000071b33dc98) 
thrown [s\src\hotspot\share\interpreter\linkResolver.cpp, line 784]
Event: 20.577 Thread 0x0000025d45ef4690 Exception <a 'java/lang/NoSuchMethodError'{0x000000071b342080}: 'java.lang.Object java.lang.invoke.Invokers$Holder.linkToTargetMethod(java.lang.Object, int, int, java.lang.Object)'> (0x000000071b342080) 
thrown [s\src\hotspot\share\interpreter\linkResolver.cpp, line 784]
Event: 20.702 Thread 0x0000025d45ef4690 Exception <a 'java/lang/NoSuchMethodError'{0x000000071aeea640}: 'java.lang.Object java.lang.invoke.DirectMethodHandle$Holder.invokeStatic(java.lang.Object, java.lang.Object, java.lang.Object, int, int)'> (0x000000071aeea640) 
thrown [s\src\hotspot\share\interpreter\linkResolver.cpp, line 784]
Event: 21.139 Thread 0x0000025d45ef4690 Implicit null exception at 0x0000025d53bf545c to 0x0000025d53bf7614
Event: 21.508 Thread 0x0000025d45ef4690 Implicit null exception at 0x0000025d53c57b60 to 0x0000025d53c58564
Event: 22.149 Thread 0x0000025d45ef4690 Exception <a 'java/lang/NoSuchMethodError'{0x0000000719983228}: 'java.lang.Object java.lang.invoke.DirectMethodHandle$Holder.invokeStatic(java.lang.Object, java.lang.Object, int, java.lang.Object, java.lang.Object)'> (0x0000000719983228) 
thrown [s\src\hotspot\share\interpreter\linkResolver.cpp, line 784]
Event: 22.150 Thread 0x0000025d45ef4690 Exception <a 'java/lang/NoSuchMethodError'{0x000000071998a5c8}: 'java.lang.Object java.lang.invoke.DirectMethodHandle$Holder.newInvokeSpecial(java.lang.Object, java.lang.Object, int, java.lang.Object, java.lang.Object)'> (0x000000071998a5c8) 
thrown [s\src\hotspot\share\interpreter\linkResolver.cpp, line 784]
Event: 22.150 Thread 0x0000025d45ef4690 Exception <a 'java/lang/NoSuchMethodError'{0x000000071998eac0}: 'java.lang.Object java.lang.invoke.DirectMethodHandle$Holder.invokeSpecial(java.lang.Object, java.lang.Object, java.lang.Object, int, java.lang.Object, java.lang.Object)'> (0x000000071998eac0) 
thrown [s\src\hotspot\share\interpreter\linkResolver.cpp, line 784]
Event: 22.150 Thread 0x0000025d45ef4690 Exception <a 'java/lang/NoSuchMethodError'{0x00000007199925b8}: 'java.lang.Object java.lang.invoke.Invokers$Holder.linkToTargetMethod(java.lang.Object, int, java.lang.Object, java.lang.Object, java.lang.Object)'> (0x00000007199925b8) 
thrown [s\src\hotspot\share\interpreter\linkResolver.cpp, line 784]
Event: 22.355 Thread 0x0000025d45ef4690 Implicit null exception at 0x0000025d53c0e6ef to 0x0000025d53c10b54
Event: 22.355 Thread 0x0000025d45ef4690 Implicit null exception at 0x0000025d53bd2728 to 0x0000025d53bd295e
Event: 23.775 Thread 0x0000025d45ef4690 Implicit null exception at 0x0000025d53db91e0 to 0x0000025d53db92cd

ZGC Phase Switch (0 events):
No events

VM Operations (20 events):
Event: 23.131 Executing VM operation: G1CollectForAllocation (G1 Evacuation Pause) done
Event: 23.269 Executing VM operation: ICBufferFull
Event: 23.269 Executing VM operation: ICBufferFull done
Event: 23.408 Executing VM operation: HandshakeAllThreads (Deoptimize)
Event: 23.408 Executing VM operation: HandshakeAllThreads (Deoptimize) done
Event: 23.458 Executing VM operation: HandshakeAllThreads (Deoptimize)
Event: 23.458 Executing VM operation: HandshakeAllThreads (Deoptimize) done
Event: 23.461 Executing VM operation: HandshakeAllThreads (Deoptimize)
Event: 23.461 Executing VM operation: HandshakeAllThreads (Deoptimize) done
Event: 23.486 Executing VM operation: ICBufferFull
Event: 23.487 Executing VM operation: ICBufferFull done
Event: 23.830 Executing VM operation: ICBufferFull
Event: 23.831 Executing VM operation: ICBufferFull done
Event: 23.911 Executing VM operation: HandshakeAllThreads (Deoptimize)
Event: 23.911 Executing VM operation: HandshakeAllThreads (Deoptimize) done
Event: 23.982 Executing VM operation: ICBufferFull
Event: 23.982 Executing VM operation: ICBufferFull done
Event: 24.104 Executing VM operation: G1CollectForAllocation (G1 Evacuation Pause)
Event: 24.127 Executing VM operation: G1CollectForAllocation (G1 Evacuation Pause) done
Event: 24.262 Executing VM operation: G1PauseRemark

Memory protections (0 events):
No events

Nmethod flushes (20 events):
Event: 24.272 Thread 0x0000025d61e2e200 flushing  nmethod 0x0000025d4d69cf90
Event: 24.272 Thread 0x0000025d61e2e200 flushing  nmethod 0x0000025d4d6a1590
Event: 24.272 Thread 0x0000025d61e2e200 flushing  nmethod 0x0000025d4d921d10
Event: 24.272 Thread 0x0000025d61e2e200 flushing  nmethod 0x0000025d4d92f690
Event: 24.272 Thread 0x0000025d61e2e200 flushing  nmethod 0x0000025d4d931a10
Event: 24.272 Thread 0x0000025d61e2e200 flushing  nmethod 0x0000025d4d933790
Event: 24.272 Thread 0x0000025d61e2e200 flushing  nmethod 0x0000025d4d939690
Event: 24.272 Thread 0x0000025d61e2e200 flushing  nmethod 0x0000025d4d93c510
Event: 24.272 Thread 0x0000025d61e2e200 flushing  nmethod 0x0000025d4d941690
Event: 24.272 Thread 0x0000025d61e2e200 flushing  nmethod 0x0000025d4d943290
Event: 24.272 Thread 0x0000025d61e2e200 flushing  nmethod 0x0000025d4d943710
Event: 24.272 Thread 0x0000025d61e2e200 flushing  nmethod 0x0000025d4d948710
Event: 24.272 Thread 0x0000025d61e2e200 flushing  nmethod 0x0000025d4d94a510
Event: 24.272 Thread 0x0000025d61e2e200 flushing  nmethod 0x0000025d4da42b90
Event: 24.272 Thread 0x0000025d61e2e200 flushing  nmethod 0x0000025d4da4e410
Event: 24.272 Thread 0x0000025d61e2e200 flushing  nmethod 0x0000025d4da65e10
Event: 24.272 Thread 0x0000025d61e2e200 flushing  nmethod 0x0000025d4dc4ec90
Event: 24.272 Thread 0x0000025d61e2e200 flushing  nmethod 0x0000025d4dd6bb90
Event: 24.272 Thread 0x0000025d61e2e200 flushing  nmethod 0x0000025d4dd6dc90
Event: 24.272 Thread 0x0000025d61e2e200 flushing  nmethod 0x0000025d4de17890

Events (20 events):
Event: 0.182 Thread 0x0000025d62689f90 Thread added: 0x0000025d6288b840
Event: 0.182 Thread 0x0000025d62689f90 Thread added: 0x0000025d6288bef0
Event: 0.193 Loaded shared library C:\Program Files\Android\Android Studio\jbr\bin\zip.dll
Event: 0.245 Loaded shared library C:\Program Files\Android\Android Studio\jbr\bin\jimage.dll
Event: 0.345 Thread 0x0000025d6288bef0 Thread exited: 0x0000025d6288bef0
Event: 0.424 Thread 0x0000025d6288b840 Thread exited: 0x0000025d6288b840
Event: 0.601 Thread 0x0000025d62689f90 Thread added: 0x0000025d671ba380
Event: 0.606 Thread 0x0000025d62689f90 Thread added: 0x0000025d671baa30
Event: 0.720 Thread 0x0000025d671baa30 Thread exited: 0x0000025d671baa30
Event: 0.769 Thread 0x0000025d671ba380 Thread exited: 0x0000025d671ba380
Event: 2.334 Thread 0x0000025d62689f90 Thread added: 0x0000025d674042c0
Event: 2.871 Thread 0x0000025d674042c0 Thread added: 0x0000025d67403bf0
Event: 3.186 Thread 0x0000025d67403bf0 Thread exited: 0x0000025d67403bf0
Event: 3.458 Thread 0x0000025d674042c0 Thread exited: 0x0000025d674042c0
Event: 4.482 Thread 0x0000025d6268df30 Thread added: 0x0000025d674064d0
Event: 4.489 Thread 0x0000025d6268df30 Thread added: 0x0000025d67403bf0
Event: 6.041 Thread 0x0000025d67403bf0 Thread exited: 0x0000025d67403bf0
Event: 6.124 Thread 0x0000025d6268df30 Thread added: 0x0000025d67405730
Event: 6.277 Thread 0x0000025d67405730 Thread exited: 0x0000025d67405730
Event: 6.380 Thread 0x0000025d6268df30 Thread added: 0x0000025d67404990


Dynamic libraries:
0x00007ff608dd0000 - 0x00007ff608dda000 	C:\Program Files\Android\Android Studio\jbr\bin\java.exe
0x00007ff88f780000 - 0x00007ff88f9e8000 	C:\WINDOWS\SYSTEM32\ntdll.dll
0x00007ff88d6f0000 - 0x00007ff88d7b9000 	C:\WINDOWS\System32\KERNEL32.DLL
0x00007ff88cda0000 - 0x00007ff88d198000 	C:\WINDOWS\System32\KERNELBASE.dll
0x00007ff88d310000 - 0x00007ff88d45b000 	C:\WINDOWS\System32\ucrtbase.dll
0x00007ff876690000 - 0x00007ff8766a8000 	C:\Program Files\Android\Android Studio\jbr\bin\jli.dll
0x00007ff872e10000 - 0x00007ff872e2b000 	C:\Program Files\Android\Android Studio\jbr\bin\VCRUNTIME140.dll
0x00007ff88f1f0000 - 0x00007ff88f3b7000 	C:\WINDOWS\System32\USER32.dll
0x00007ff85f5a0000 - 0x00007ff85f834000 	C:\WINDOWS\WinSxS\amd64_microsoft.windows.common-controls_6595b64144ccf1df_6.0.26100.7019_none_3e06ffa0e335b8a8\COMCTL32.dll
0x00007ff88d4f0000 - 0x00007ff88d517000 	C:\WINDOWS\System32\win32u.dll
0x00007ff88eff0000 - 0x00007ff88f099000 	C:\WINDOWS\System32\msvcrt.dll
0x00007ff88f0c0000 - 0x00007ff88f0eb000 	C:\WINDOWS\System32\GDI32.dll
0x00007ff88cc70000 - 0x00007ff88cd9c000 	C:\WINDOWS\System32\gdi32full.dll
0x00007ff88c990000 - 0x00007ff88ca33000 	C:\WINDOWS\System32\msvcp_win.dll
0x00007ff88f3d0000 - 0x00007ff88f401000 	C:\WINDOWS\System32\IMM32.DLL
0x00007ff8767a0000 - 0x00007ff8767ac000 	C:\Program Files\Android\Android Studio\jbr\bin\vcruntime140_1.dll
0x00007ff8394e0000 - 0x00007ff83956d000 	C:\Program Files\Android\Android Studio\jbr\bin\msvcp140.dll
0x00007fffc5b40000 - 0x00007fffc67d6000 	C:\Program Files\Android\Android Studio\jbr\bin\server\jvm.dll
0x00007ff88eb10000 - 0x00007ff88ebc4000 	C:\WINDOWS\System32\ADVAPI32.dll
0x00007ff88ea60000 - 0x00007ff88eb06000 	C:\WINDOWS\System32\sechost.dll
0x00007ff88ee80000 - 0x00007ff88ef98000 	C:\WINDOWS\System32\RPCRT4.dll
0x00007ff88dcc0000 - 0x00007ff88dd34000 	C:\WINDOWS\System32\WS2_32.dll
0x00007ff88b4b0000 - 0x00007ff88b50e000 	C:\WINDOWS\SYSTEM32\POWRPROF.dll
0x00007ff881370000 - 0x00007ff8813a5000 	C:\WINDOWS\SYSTEM32\WINMM.dll
0x00007ff882b40000 - 0x00007ff882b4b000 	C:\WINDOWS\SYSTEM32\VERSION.dll
0x00007ff88b490000 - 0x00007ff88b4a4000 	C:\WINDOWS\SYSTEM32\UMPDC.dll
0x00007ff88b710000 - 0x00007ff88b72b000 	C:\WINDOWS\SYSTEM32\kernel.appcore.dll
0x00007ff876520000 - 0x00007ff87652a000 	C:\Program Files\Android\Android Studio\jbr\bin\jimage.dll
0x00007ff889b30000 - 0x00007ff889d72000 	C:\WINDOWS\SYSTEM32\DBGHELP.DLL
0x00007ff88e5d0000 - 0x00007ff88e95b000 	C:\WINDOWS\System32\combase.dll
0x00007ff88ebd0000 - 0x00007ff88eca7000 	C:\WINDOWS\System32\OLEAUT32.dll
0x00007ff870480000 - 0x00007ff8704bc000 	C:\WINDOWS\SYSTEM32\dbgcore.DLL
0x00007ff88ca40000 - 0x00007ff88cae5000 	C:\WINDOWS\System32\bcryptPrimitives.dll
0x00007ff872df0000 - 0x00007ff872e10000 	C:\Program Files\Android\Android Studio\jbr\bin\java.dll
0x00007ff859d10000 - 0x00007ff859d28000 	C:\Program Files\Android\Android Studio\jbr\bin\zip.dll
0x00007ff88ddd0000 - 0x00007ff88e51f000 	C:\WINDOWS\System32\SHELL32.dll
0x00007ff88d1a0000 - 0x00007ff88d30b000 	C:\WINDOWS\System32\wintypes.dll
0x00007ff88a4d0000 - 0x00007ff88ad2d000 	C:\WINDOWS\SYSTEM32\windows.storage.dll
0x00007ff88e960000 - 0x00007ff88ea52000 	C:\WINDOWS\System32\SHCORE.dll
0x00007ff88d7c0000 - 0x00007ff88d827000 	C:\WINDOWS\System32\shlwapi.dll
0x00007ff88c7f0000 - 0x00007ff88c819000 	C:\WINDOWS\SYSTEM32\profapi.dll
0x00007ff86f8e0000 - 0x00007ff86f8f0000 	C:\Program Files\Android\Android Studio\jbr\bin\net.dll
0x00007ff884350000 - 0x00007ff884478000 	C:\WINDOWS\SYSTEM32\WINHTTP.dll
0x00007ff88bcc0000 - 0x00007ff88bd2b000 	C:\WINDOWS\system32\mswsock.dll
0x00007ff852980000 - 0x00007ff852996000 	C:\Program Files\Android\Android Studio\jbr\bin\nio.dll
0x00007ff85a8e0000 - 0x00007ff85a8f0000 	C:\Program Files\Android\Android Studio\jbr\bin\verify.dll

JVMTI agents: none

dbghelp: loaded successfully - version: 4.0.5 - missing functions: none
symbol engine: initialized successfully - sym options: 0x614 - pdb path: .;C:\Program Files\Android\Android Studio\jbr\bin;C:\WINDOWS\SYSTEM32;C:\WINDOWS\WinSxS\amd64_microsoft.windows.common-controls_6595b64144ccf1df_6.0.26100.7019_none_3e06ffa0e335b8a8;C:\Program Files\Android\Android Studio\jbr\bin\server

VM Arguments:
java_command: org.jetbrains.kotlin.cli.jvm.K2JVMCompiler @C:\dev.mobile\tests-before-commits-save-points--main\app\build\20251127_8421586426685855703.compiler.options
java_class_path (initial): C:\Users\DELL\.gradle\caches\modules-2\files-2.1\org.jetbrains.kotlin\kotlin-compiler-embeddable\2.0.21\79346ed53db48b18312a472602eb5c057070c54d\kotlin-compiler-embeddable-2.0.21.jar;C:\Users\DELL\.gradle\caches\modules-2\files-2.1\org.jetbrains.kotlin\kotlin-stdlib\2.0.21\618b539767b4899b4660a83006e052b63f1db551\kotlin-stdlib-2.0.21.jar;C:\Users\DELL\.gradle\caches\modules-2\files-2.1\org.jetbrains.kotlin\kotlin-script-runtime\2.0.21\c9b044380ad41f89aa89aa896c2d32a8c0b2129d\kotlin-script-runtime-2.0.21.jar;C:\Users\DELL\.gradle\caches\modules-2\files-2.1\org.jetbrains.kotlin\kotlin-reflect\1.6.10\1cbe9c92c12a94eea200d23c2bbaedaf3daf5132\kotlin-reflect-1.6.10.jar;C:\Users\DELL\.gradle\caches\modules-2\files-2.1\org.jetbrains.kotlin\kotlin-daemon-embeddable\2.0.21\c9e933b23287de9b5a17e2116b4657bb91aea72c\kotlin-daemon-embeddable-2.0.21.jar;C:\Users\DELL\.gradle\caches\modules-2\files-2.1\org.jetbrains.intellij.deps\trove4j\1.0.20200330\3afb14d5f9ceb459d724e907a21145e8ff394f02\trove4j-1.0.20200330.jar;C:\Users\DELL\.gradle\caches\modules-2\files-2.1\org.jetbrains.kotlinx\kotlinx-coroutines-core-jvm\1.6.4\2c997cd1c0ef33f3e751d3831929aeff1390cb30\kotlinx-coroutines-core-jvm-1.6.4.jar;C:\Users\DELL\.gradle\caches\modules-2\files-2.1\org.jetbrains\annotations\13.0\919f0dfe192fb4e063e7dacadee7f8bb9a2672a9\annotations-13.0.jar
Launcher Type: SUN_STANDARD

[Global flags]
     intx CICompilerCount                          = 4                                         {product} {ergonomic}
     uint ConcGCThreads                            = 3                                         {product} {ergonomic}
     uint G1ConcRefinementThreads                  = 10                                        {product} {ergonomic}
   size_t G1HeapRegionSize                         = 2097152                                   {product} {ergonomic}
    uintx GCDrainStackTargetSize                   = 64                                        {product} {ergonomic}
   size_t InitialHeapSize                          = 264241152                                 {product} {ergonomic}
   size_t MarkStackSize                            = 4194304                                   {product} {ergonomic}
   size_t MaxHeapSize                              = 4225761280                                {product} {ergonomic}
   size_t MaxNewSize                               = 2535456768                                {product} {ergonomic}
   size_t MinHeapDeltaBytes                        = 2097152                                   {product} {ergonomic}
   size_t MinHeapSize                              = 8388608                                   {product} {ergonomic}
    uintx NonNMethodCodeHeapSize                   = 5839372                                {pd product} {ergonomic}
    uintx NonProfiledCodeHeapSize                  = 122909434                              {pd product} {ergonomic}
    uintx ProfiledCodeHeapSize                     = 122909434                              {pd product} {ergonomic}
    uintx ReservedCodeCacheSize                    = 251658240                              {pd product} {ergonomic}
     bool SegmentedCodeCache                       = true                                      {product} {ergonomic}
   size_t SoftMaxHeapSize                          = 4225761280                             {manageable} {ergonomic}
     bool UseCompressedOops                        = true                           {product lp64_product} {ergonomic}
     bool UseG1GC                                  = true                                      {product} {ergonomic}
     bool UseLargePagesIndividualAllocation        = false                                  {pd product} {ergonomic}

Logging:
Log output configuration:
 #0: stdout all=warning uptime,level,tags foldmultilines=false
 #1: stderr all=off uptime,level,tags foldmultilines=false

Environment Variables:
PATH=C:\Program Files (x86)\VMware\VMware Player\bin\;C:\app\DELL\product\23ai\dbhomeFree\bin;C:\Python312\Scripts\;C:\Python312\;C:\Program Files (x86)\Common Files\Oracle\Java\java8path;C:\Program Files (x86)\Common Files\Oracle\Java\javapath;C:\Windows\system32;C:\Windows;C:\Windows\System32\Wbem;C:\Windows\System32\WindowsPowerShell\v1.0\;C:\Windows\System32\OpenSSH\;C:\Program Files\Microsoft VS Code\bin;C:\srcflutter\flutter\bin;C:\ProgramData\chocolatey\bin;C:\Program Files (x86)\Git\cmd;C:\Program Files (x86)\NVIDIA Corporation\PhysX\Common;C:\Program Files\dotnet\;C:\xampp\php;C:\composer;C:\Program Files\NVIDIA Corporation\NVIDIA app\NvDLISR;;C:\WINDOWS\system32;C:\WINDOWS;C:\WINDOWS\System32\Wbem;C:\WINDOWS\System32\WindowsPowerShell\v1.0\;C:\WINDOWS\System32\OpenSSH\;C:\Program Files\nodejs\;C:\Users\DELL\scoop\shims;C:\srcflutter\flutter\bin;C:\tools\dart-sdk\bin;C:\Users\DELL\AppData\Roaming\Pub\Cache\bin;C:\Program Files\JetBrains\IntelliJ IDEA 2025.2.2\bin;C:\Users\DELL\AppData\Roaming\Composer\vendor\bin;C:\Program Files\JetBrains\PyCharm 2024.2.4\bin;;C:\Users\DELL\AppData\Local\Microsoft\WindowsApps;C:\Users\DELL\AppData\Roaming\npm;C:\Users\DELL\AppData\Local\GitHubDesktop\bin
USERNAME=DELL
OS=Windows_NT
PROCESSOR_IDENTIFIER=Intel64 Family 6 Model 141 Stepping 1, GenuineIntel
TMP=C:\Users\DELL\AppData\Local\Temp
TEMP=C:\Users\DELL\AppData\Local\Temp




Periodic native trim disabled

JNI global refs:
JNI global refs: 13, weak refs: 32

JNI global refs memory usage: 835, weak refs: 833

Process memory usage:
Resident Set Size: 793932K (4% of 16501540K total physical memory with 846916K free physical memory)

OOME stack traces (most recent first):
Classloader memory used:
Loader jdk.internal.loader.ClassLoaders$AppClassLoader                                 : 70195K
Loader bootstrap                                                                       : 11466K
Loader java.net.URLClassLoader                                                         : 2602K

---------------  S Y S T E M  ---------------

OS:
 Windows 11 , 64 bit Build 26100 (10.0.26100.7019)
OS uptime: 0 days 6:26 hours
Hyper-V role detected

CPU: total 12 (initial active 12) (6 cores per cpu, 2 threads per core) family 6 model 141 stepping 1 microcode 0x56, cx8, cmov, fxsr, ht, mmx, 3dnowpref, sse, sse2, sse3, ssse3, sse4.1, sse4.2, popcnt, lzcnt, tsc, tscinvbit, avx, avx2, aes, erms, clmul, bmi1, bmi2, adx, avx512f, avx512dq, avx512cd, avx512bw, avx512vl, sha, fma, vzeroupper, avx512_vpopcntdq, avx512_vpclmulqdq, avx512_vaes, avx512_vnni, clflush, clflushopt, clwb, avx512_vbmi2, avx512_vbmi, hv, rdtscp, rdpid, fsrm, gfni, avx512_bitalg, f16c, cet_ibt, cet_ss, avx512_ifma
Processor Information for the first 12 processors :
  Max Mhz: 2688, Current Mhz: 2688, Mhz Limit: 2688

Memory: 4k page, system-wide physical 16114M (829M free)
TotalPageFile size 24306M (AvailPageFile size 15M)
current process WorkingSet (physical memory assigned to process): 775M, peak: 776M
current process commit charge ("private bytes"): 773M, peak: 857M

vm_info: OpenJDK 64-Bit Server VM (21.0.8+-14196175-b1038.72) for windows-amd64 JRE (21.0.8+-14196175-b1038.72), built on 2025-10-01T10:24:33Z by "builder" with MS VC++ 16.10 / 16.11 (VS2019)

END.
